Jan 02 09:19:03|PEAR_LOG_SQL[info] E' stata eseguita la query: [ UPDATE index_fattura SET year='2015' ] dall'utente di dominio [  ]
Jan 02 09:19:03|PEAR_LOG_SQL[info] E' stata eseguita la query: [ UPDATE index_ddt SET year='2015' ] dall'utente di dominio [  ]
Jan 02 11:32:24|PEAR_LOG_SQL[info] E' stata eseguita la query: [ UPDATE index_fattura SET year='2015' ] dall'utente di dominio [  ]
Jan 02 11:32:24|PEAR_LOG_SQL[info] E' stata eseguita la query: [ UPDATE index_ddt SET year='2015' ] dall'utente di dominio [  ]
Jan 02 11:32:30|PEAR_LOG_SQL[info] E' stata eseguita la query: [ UPDATE index_fattura SET year='2015' ] dall'utente di dominio [  ]
Jan 02 11:32:30|PEAR_LOG_SQL[info] E' stata eseguita la query: [ UPDATE index_ddt SET year='2015' ] dall'utente di dominio [  ]
Jan 02 11:32:36|PEAR_LOG_SQL[info] E' stata eseguita la query: [ UPDATE index_fattura SET year='2015' ] dall'utente di dominio [  ]
Jan 02 11:32:36|PEAR_LOG_SQL[info] E' stata eseguita la query: [ UPDATE index_ddt SET year='2015' ] dall'utente di dominio [  ]
Jan 02 11:32:36|PEAR_LOG_SQL[info] E' stata eseguita la query: [ UPDATE users SET id_type = 1,id_anag = 7037,id_customer = 1,sconto_fornitori_nl = NULL,sconto_fornitori_de = NULL,username = 'paolo',password = 'e45db853fb2e1caa77398c3a16867d19a2afr24tg56r4r65wg',secret_question = 'Nome?',secret_response = 'Alessandro',confirmation_code = NULL,last_access = '2015-01-02 11:32:36',data_inserimento_riga = '2014-04-09',data_modifica_riga = '2015-01-02',is_newsletter_subscribed = '1',is_t_c_accepted = '1',is_active = 1,operatore = 'paolo' WHERE id = 7210 ] dall'utente di dominio [  ] Utente di dominio: [  ] REMOTE PORT: [ 51283 ] REMOTE IP: [ 95.225.163.88 ] FULL DATE [ 02-01-2015 ]
Jan 02 11:32:36|PEAR_LOG_SQL[info] E' stata eseguita la query: [ UPDATE index_fattura SET year='2015' ] dall'utente di dominio [ paolo ]
Jan 02 11:32:36|PEAR_LOG_SQL[info] E' stata eseguita la query: [ UPDATE index_ddt SET year='2015' ] dall'utente di dominio [ paolo ]
Jan 02 11:32:48|PEAR_LOG_SQL[info] E' stata eseguita la query: [ UPDATE index_fattura SET year='2015' ] dall'utente di dominio [ paolo ]
Jan 02 11:32:48|PEAR_LOG_SQL[info] E' stata eseguita la query: [ UPDATE index_ddt SET year='2015' ] dall'utente di dominio [ paolo ]
Jan 02 11:32:48|PEAR_LOG_SQL[info] E' stata eseguita la query: [ UPDATE index_fattura SET year='2015' ] dall'utente di dominio [ paolo ]
Jan 02 11:32:48|PEAR_LOG_SQL[info] E' stata eseguita la query: [ UPDATE index_ddt SET year='2015' ] dall'utente di dominio [ paolo ]
Jan 02 11:32:52|PEAR_LOG_SQL[info] E' stata eseguita la query: [ UPDATE index_fattura SET year='2015' ] dall'utente di dominio [ paolo ]
Jan 02 11:32:52|PEAR_LOG_SQL[info] E' stata eseguita la query: [ UPDATE index_ddt SET year='2015' ] dall'utente di dominio [ paolo ]
Jan 02 11:32:54|PEAR_LOG_SQL[info] E' stata eseguita la query: [ UPDATE index_fattura SET year='2015' ] dall'utente di dominio [ paolo ]
Jan 02 11:32:54|PEAR_LOG_SQL[info] E' stata eseguita la query: [ UPDATE index_ddt SET year='2015' ] dall'utente di dominio [ paolo ]
Jan 02 14:04:41|PEAR_LOG_SQL[info] E' stata eseguita la query: [ UPDATE index_fattura SET year='2015' ] dall'utente di dominio [  ]
Jan 02 14:04:41|PEAR_LOG_SQL[info] E' stata eseguita la query: [ UPDATE index_ddt SET year='2015' ] dall'utente di dominio [  ]
Jan 02 14:04:49|PEAR_LOG_SQL[info] E' stata eseguita la query: [ UPDATE index_fattura SET year='2015' ] dall'utente di dominio [  ]
Jan 02 14:04:49|PEAR_LOG_SQL[info] E' stata eseguita la query: [ UPDATE index_ddt SET year='2015' ] dall'utente di dominio [  ]
Jan 02 14:04:49|PEAR_LOG_SQL[info] E' stata eseguita la query: [ UPDATE users SET id_type = 1,id_anag = 7037,id_customer = 1,sconto_fornitori_nl = NULL,sconto_fornitori_de = NULL,username = 'paolo',password = 'e45db853fb2e1caa77398c3a16867d19a2afr24tg56r4r65wg',secret_question = 'Nome?',secret_response = 'Alessandro',confirmation_code = NULL,last_access = '2015-01-02 14:04:49',data_inserimento_riga = '2014-04-09',data_modifica_riga = '2015-01-02',is_newsletter_subscribed = '1',is_t_c_accepted = '1',is_active = 1,operatore = 'paolo' WHERE id = 7210 ] dall'utente di dominio [  ] Utente di dominio: [  ] REMOTE PORT: [ 53565 ] REMOTE IP: [ 95.225.163.88 ] FULL DATE [ 02-01-2015 ]
Jan 02 14:04:49|PEAR_LOG_SQL[info] E' stata eseguita la query: [ UPDATE index_fattura SET year='2015' ] dall'utente di dominio [ paolo ]
Jan 02 14:04:49|PEAR_LOG_SQL[info] E' stata eseguita la query: [ UPDATE index_ddt SET year='2015' ] dall'utente di dominio [ paolo ]
Jan 02 14:04:59|PEAR_LOG_SQL[info] E' stata eseguita la query: [ UPDATE index_fattura SET year='2015' ] dall'utente di dominio [ paolo ]
Jan 02 14:05:00|PEAR_LOG_SQL[info] E' stata eseguita la query: [ UPDATE index_ddt SET year='2015' ] dall'utente di dominio [ paolo ]
Jan 02 14:05:01|PEAR_LOG_SQL[info] E' stata eseguita la query: [ UPDATE index_fattura SET year='2015' ] dall'utente di dominio [ paolo ]
Jan 02 14:05:01|PEAR_LOG_SQL[info] E' stata eseguita la query: [ UPDATE index_ddt SET year='2015' ] dall'utente di dominio [ paolo ]
Jan 02 14:05:11|PEAR_LOG_SQL[info] E' stata eseguita la query: [ UPDATE index_fattura SET year='2015' ] dall'utente di dominio [ paolo ]
Jan 02 14:05:11|PEAR_LOG_SQL[info] E' stata eseguita la query: [ UPDATE index_ddt SET year='2015' ] dall'utente di dominio [ paolo ]
Jan 02 14:05:14|PEAR_LOG_SQL[info] E' stata eseguita la query: [ UPDATE index_fattura SET year='2015' ] dall'utente di dominio [ paolo ]
Jan 02 14:05:14|PEAR_LOG_SQL[info] E' stata eseguita la query: [ UPDATE index_ddt SET year='2015' ] dall'utente di dominio [ paolo ]
Jan 02 14:05:17|PEAR_LOG_SQL[info] E' stata eseguita la query: [ UPDATE index_fattura SET year='2015' ] dall'utente di dominio [ paolo ]
Jan 02 14:05:17|PEAR_LOG_SQL[info] E' stata eseguita la query: [ UPDATE index_ddt SET year='2015' ] dall'utente di dominio [ paolo ]
Jan 02 14:05:18|PEAR_LOG_SQL[info] E' stata eseguita la query: [ UPDATE index_fattura SET year='2015' ] dall'utente di dominio [ paolo ]
Jan 02 14:05:18|PEAR_LOG_SQL[info] E' stata eseguita la query: [ UPDATE index_ddt SET year='2015' ] dall'utente di dominio [ paolo ]
Jan 02 14:20:09|PEAR_LOG_SQL[info] E' stata eseguita la query: [ UPDATE index_fattura SET year='2015' ] dall'utente di dominio [ paolo ]
Jan 02 14:20:09|PEAR_LOG_SQL[info] E' stata eseguita la query: [ UPDATE index_ddt SET year='2015' ] dall'utente di dominio [ paolo ]
Jan 02 14:20:13|PEAR_LOG_SQL[info] E' stata eseguita la query: [ UPDATE index_fattura SET year='2015' ] dall'utente di dominio [ paolo ]
Jan 02 14:20:13|PEAR_LOG_SQL[info] E' stata eseguita la query: [ UPDATE index_ddt SET year='2015' ] dall'utente di dominio [ paolo ]
Jan 02 14:20:16|PEAR_LOG_SQL[info] E' stata eseguita la query: [ UPDATE index_fattura SET year='2015' ] dall'utente di dominio [ paolo ]
Jan 02 14:20:16|PEAR_LOG_SQL[info] E' stata eseguita la query: [ UPDATE index_ddt SET year='2015' ] dall'utente di dominio [ paolo ]
Jan 02 14:20:29|PEAR_LOG_SQL[info] E' stata eseguita la query: [ UPDATE index_fattura SET year='2015' ] dall'utente di dominio [ paolo ]
Jan 02 14:20:29|PEAR_LOG_SQL[info] E' stata eseguita la query: [ UPDATE index_ddt SET year='2015' ] dall'utente di dominio [ paolo ]
Jan 02 14:20:33|PEAR_LOG_SQL[info] E' stata eseguita la query: [ UPDATE index_fattura SET year='2015' ] dall'utente di dominio [ paolo ]
Jan 02 14:20:33|PEAR_LOG_SQL[info] E' stata eseguita la query: [ UPDATE index_ddt SET year='2015' ] dall'utente di dominio [ paolo ]
Jan 02 14:20:36|PEAR_LOG_SQL[info] E' stata eseguita la query: [ UPDATE index_fattura SET year='2015' ] dall'utente di dominio [ paolo ]
Jan 02 14:20:36|PEAR_LOG_SQL[info] E' stata eseguita la query: [ UPDATE index_ddt SET year='2015' ] dall'utente di dominio [ paolo ]
Jan 02 14:20:43|PEAR_LOG_SQL[info] E' stata eseguita la query: [ UPDATE index_fattura SET year='2015' ] dall'utente di dominio [ paolo ]
Jan 02 14:20:43|PEAR_LOG_SQL[info] E' stata eseguita la query: [ UPDATE index_ddt SET year='2015' ] dall'utente di dominio [ paolo ]
Jan 02 14:20:52|PEAR_LOG_SQL[info] E' stata eseguita la query: [ UPDATE index_fattura SET year='2015' ] dall'utente di dominio [ paolo ]
Jan 02 14:20:52|PEAR_LOG_SQL[info] E' stata eseguita la query: [ UPDATE index_ddt SET year='2015' ] dall'utente di dominio [ paolo ]
Jan 02 14:20:52|PEAR_LOG_SQL[info] E' stata eseguita la query: [ UPDATE giacenze SET id_gm = 15,bar_code = 'IBER14TA',id_content = 29,id_fornitore = 48,C1 = NULL,C2 = NULL,C3 = NULL,C4 = NULL,C5 = NULL,prezzo_0 = '1.95',prezzo_1 = NULL,prezzo_2 = NULL,prezzo_3 = NULL,prezzo_4 = NULL,prezzo_5 = NULL,prezzo_6 = NULL,prezzo_7 = NULL,prezzo_8 = NULL,prezzo_9 = NULL,quantita = 18,quantita_mazzo = 6,disponibilita = 100000,stato = 'E',promo = NULL,dimensione = NULL,scelta = NULL,fusto = NULL,produttore = '',openstage = NULL,data_inserimento_riga = '2014-12-24',data_modifica_riga = '2014-12-24',is_active = 1,operatore = 'paolo',prezzo_acquisto = '1.30',visibile = '0',in_home = '0',qta_minima = '6',qta_pianale = '36',qta_carrello = '252',qta_min_ordine = '18' WHERE id = 29 ] dall'utente di dominio [ paolo ]
Jan 02 14:20:52|PEAR_LOG_SQL[info] E' stata eseguita la query: [ UPDATE index_fattura SET year='2015' ] dall'utente di dominio [ paolo ]
Jan 02 14:20:52|PEAR_LOG_SQL[info] E' stata eseguita la query: [ UPDATE index_ddt SET year='2015' ] dall'utente di dominio [ paolo ]
Jan 02 14:20:52|PEAR_LOG_SQL[info] E' stata eseguita la query: [ UPDATE giacenze SET id_gm = 15,bar_code = 'IBER14TA',id_content = 29,id_fornitore = 48,C1 = NULL,C2 = NULL,C3 = NULL,C4 = NULL,C5 = NULL,prezzo_0 = '1.95',prezzo_1 = NULL,prezzo_2 = NULL,prezzo_3 = NULL,prezzo_4 = NULL,prezzo_5 = NULL,prezzo_6 = NULL,prezzo_7 = NULL,prezzo_8 = NULL,prezzo_9 = NULL,quantita = 18,quantita_mazzo = 6,disponibilita = 100000,stato = 'E',promo = NULL,dimensione = NULL,scelta = NULL,fusto = NULL,produttore = '',openstage = NULL,data_inserimento_riga = '2014-12-24',data_modifica_riga = '2014-12-24',is_active = 1,operatore = 'paolo',prezzo_acquisto = '1.30',visibile = '1',in_home = '0',qta_minima = '6',qta_pianale = '36',qta_carrello = '252',qta_min_ordine = '18' WHERE id = 29 ] dall'utente di dominio [ paolo ]
Jan 02 14:20:53|PEAR_LOG_SQL[info] E' stata eseguita la query: [ UPDATE index_fattura SET year='2015' ] dall'utente di dominio [ paolo ]
Jan 02 14:20:53|PEAR_LOG_SQL[info] E' stata eseguita la query: [ UPDATE index_ddt SET year='2015' ] dall'utente di dominio [ paolo ]
Jan 02 14:20:53|PEAR_LOG_SQL[info] E' stata eseguita la query: [ UPDATE giacenze SET id_gm = 37,bar_code = 'ROSM18',id_content = 21,id_fornitore = 295,C1 = NULL,C2 = NULL,C3 = NULL,C4 = NULL,C5 = NULL,prezzo_0 = '2.85',prezzo_1 = NULL,prezzo_2 = NULL,prezzo_3 = NULL,prezzo_4 = NULL,prezzo_5 = NULL,prezzo_6 = NULL,prezzo_7 = NULL,prezzo_8 = NULL,prezzo_9 = NULL,quantita = 11,quantita_mazzo = 1,disponibilita = 100000,stato = 'E',promo = NULL,dimensione = NULL,scelta = NULL,fusto = NULL,produttore = '',openstage = NULL,data_inserimento_riga = '2014-12-24',data_modifica_riga = '2014-12-24',is_active = 1,operatore = 'paolo',prezzo_acquisto = '1.90',visibile = '0',in_home = '1',qta_minima = '1',qta_pianale = '21',qta_carrello = '105',qta_min_ordine = '11' WHERE id = 21 ] dall'utente di dominio [ paolo ]
Jan 02 14:20:54|PEAR_LOG_SQL[info] E' stata eseguita la query: [ UPDATE index_fattura SET year='2015' ] dall'utente di dominio [ paolo ]
Jan 02 14:20:54|PEAR_LOG_SQL[info] E' stata eseguita la query: [ UPDATE index_ddt SET year='2015' ] dall'utente di dominio [ paolo ]
Jan 02 14:20:54|PEAR_LOG_SQL[info] E' stata eseguita la query: [ UPDATE giacenze SET id_gm = 37,bar_code = 'ROSM18',id_content = 21,id_fornitore = 295,C1 = NULL,C2 = NULL,C3 = NULL,C4 = NULL,C5 = NULL,prezzo_0 = '2.85',prezzo_1 = NULL,prezzo_2 = NULL,prezzo_3 = NULL,prezzo_4 = NULL,prezzo_5 = NULL,prezzo_6 = NULL,prezzo_7 = NULL,prezzo_8 = NULL,prezzo_9 = NULL,quantita = 11,quantita_mazzo = 1,disponibilita = 100000,stato = 'E',promo = NULL,dimensione = NULL,scelta = NULL,fusto = NULL,produttore = '',openstage = NULL,data_inserimento_riga = '2014-12-24',data_modifica_riga = '2014-12-24',is_active = 1,operatore = 'paolo',prezzo_acquisto = '1.90',visibile = '1',in_home = '1',qta_minima = '1',qta_pianale = '21',qta_carrello = '105',qta_min_ordine = '11' WHERE id = 21 ] dall'utente di dominio [ paolo ]
Jan 02 14:20:55|PEAR_LOG_SQL[info] E' stata eseguita la query: [ UPDATE index_fattura SET year='2015' ] dall'utente di dominio [ paolo ]
Jan 02 14:20:55|PEAR_LOG_SQL[info] E' stata eseguita la query: [ UPDATE index_ddt SET year='2015' ] dall'utente di dominio [ paolo ]
Jan 02 14:20:57|PEAR_LOG_SQL[info] E' stata eseguita la query: [ UPDATE index_fattura SET year='2015' ] dall'utente di dominio [ paolo ]
Jan 02 14:20:57|PEAR_LOG_SQL[info] E' stata eseguita la query: [ UPDATE index_ddt SET year='2015' ] dall'utente di dominio [ paolo ]
Jan 02 14:23:08|PEAR_LOG_SQL[info] E' stata eseguita la query: [ UPDATE index_fattura SET year='2015' ] dall'utente di dominio [ paolo ]
Jan 02 14:23:08|PEAR_LOG_SQL[info] E' stata eseguita la query: [ UPDATE index_ddt SET year='2015' ] dall'utente di dominio [ paolo ]
Jan 02 14:23:13|PEAR_LOG_SQL[info] E' stata eseguita la query: [ UPDATE index_fattura SET year='2015' ] dall'utente di dominio [ paolo ]
Jan 02 14:23:13|PEAR_LOG_SQL[info] E' stata eseguita la query: [ UPDATE index_ddt SET year='2015' ] dall'utente di dominio [ paolo ]
Jan 02 14:23:18|PEAR_LOG_SQL[info] E' stata eseguita la query: [ UPDATE index_fattura SET year='2015' ] dall'utente di dominio [ paolo ]
Jan 02 14:23:18|PEAR_LOG_SQL[info] E' stata eseguita la query: [ UPDATE index_ddt SET year='2015' ] dall'utente di dominio [ paolo ]
Jan 02 14:23:21|PEAR_LOG_SQL[info] E' stata eseguita la query: [ UPDATE index_fattura SET year='2015' ] dall'utente di dominio [ paolo ]
Jan 02 14:23:21|PEAR_LOG_SQL[info] E' stata eseguita la query: [ UPDATE index_ddt SET year='2015' ] dall'utente di dominio [ paolo ]
Jan 02 14:41:09|PEAR_LOG_SQL[info] E' stata eseguita la query: [ UPDATE index_fattura SET year='2015' ] dall'utente di dominio [  ]
Jan 02 14:41:09|PEAR_LOG_SQL[info] E' stata eseguita la query: [ UPDATE index_ddt SET year='2015' ] dall'utente di dominio [  ]
Jan 02 14:41:11|PEAR_LOG_SQL[info] E' stata eseguita la query: [ UPDATE index_fattura SET year='2015' ] dall'utente di dominio [  ]
Jan 02 14:41:11|PEAR_LOG_SQL[info] E' stata eseguita la query: [ UPDATE index_ddt SET year='2015' ] dall'utente di dominio [  ]
Jan 02 14:41:11|PEAR_LOG_SQL[info] E' stata eseguita la query: [ UPDATE users SET id_type = 1,id_anag = 7037,id_customer = 1,sconto_fornitori_nl = NULL,sconto_fornitori_de = NULL,username = 'paolo',password = 'e45db853fb2e1caa77398c3a16867d19a2afr24tg56r4r65wg',secret_question = 'Nome?',secret_response = 'Alessandro',confirmation_code = NULL,last_access = '2015-01-02 14:41:11',data_inserimento_riga = '2014-04-09',data_modifica_riga = '2015-01-02',is_newsletter_subscribed = '1',is_t_c_accepted = '1',is_active = 1,operatore = 'paolo' WHERE id = 7210 ] dall'utente di dominio [  ] Utente di dominio: [  ] REMOTE PORT: [ 55301 ] REMOTE IP: [ 95.225.163.88 ] FULL DATE [ 02-01-2015 ]
Jan 02 14:41:11|PEAR_LOG_SQL[info] E' stata eseguita la query: [ UPDATE index_fattura SET year='2015' ] dall'utente di dominio [ paolo ]
Jan 02 14:41:11|PEAR_LOG_SQL[info] E' stata eseguita la query: [ UPDATE index_ddt SET year='2015' ] dall'utente di dominio [ paolo ]
Jan 02 14:41:17|PEAR_LOG_SQL[info] E' stata eseguita la query: [ UPDATE index_fattura SET year='2015' ] dall'utente di dominio [ paolo ]
Jan 02 14:41:17|PEAR_LOG_SQL[info] E' stata eseguita la query: [ UPDATE index_ddt SET year='2015' ] dall'utente di dominio [ paolo ]
Jan 02 14:41:19|PEAR_LOG_SQL[info] E' stata eseguita la query: [ UPDATE index_fattura SET year='2015' ] dall'utente di dominio [ paolo ]
Jan 02 14:41:19|PEAR_LOG_SQL[info] E' stata eseguita la query: [ UPDATE index_ddt SET year='2015' ] dall'utente di dominio [ paolo ]
Jan 02 15:46:50|PEAR_LOG_SQL[info] E' stata eseguita la query: [ UPDATE index_fattura SET year='2015' ] dall'utente di dominio [  ]
Jan 02 15:46:50|PEAR_LOG_SQL[info] E' stata eseguita la query: [ UPDATE index_ddt SET year='2015' ] dall'utente di dominio [  ]
Jan 02 15:46:55|PEAR_LOG_SQL[info] E' stata eseguita la query: [ UPDATE index_fattura SET year='2015' ] dall'utente di dominio [  ]
Jan 02 15:46:55|PEAR_LOG_SQL[info] E' stata eseguita la query: [ UPDATE index_ddt SET year='2015' ] dall'utente di dominio [  ]
Jan 02 15:47:02|PEAR_LOG_SQL[info] E' stata eseguita la query: [ UPDATE index_fattura SET year='2015' ] dall'utente di dominio [  ]
Jan 02 15:47:02|PEAR_LOG_SQL[info] E' stata eseguita la query: [ UPDATE index_ddt SET year='2015' ] dall'utente di dominio [  ]
Jan 02 15:47:02|PEAR_LOG_SQL[info] E' stata eseguita la query: [ UPDATE users SET id_type = 1,id_anag = 7037,id_customer = 1,sconto_fornitori_nl = NULL,sconto_fornitori_de = NULL,username = 'paolo',password = 'e45db853fb2e1caa77398c3a16867d19a2afr24tg56r4r65wg',secret_question = 'Nome?',secret_response = 'Alessandro',confirmation_code = NULL,last_access = '2015-01-02 15:47:02',data_inserimento_riga = '2014-04-09',data_modifica_riga = '2015-01-02',is_newsletter_subscribed = '1',is_t_c_accepted = '1',is_active = 1,operatore = 'paolo' WHERE id = 7210 ] dall'utente di dominio [  ] Utente di dominio: [  ] REMOTE PORT: [ 56089 ] REMOTE IP: [ 95.225.163.88 ] FULL DATE [ 02-01-2015 ]
Jan 02 15:47:02|PEAR_LOG_SQL[info] E' stata eseguita la query: [ UPDATE index_fattura SET year='2015' ] dall'utente di dominio [ paolo ]
Jan 02 15:47:02|PEAR_LOG_SQL[info] E' stata eseguita la query: [ UPDATE index_ddt SET year='2015' ] dall'utente di dominio [ paolo ]
Jan 02 15:47:14|PEAR_LOG_SQL[info] E' stata eseguita la query: [ UPDATE index_fattura SET year='2015' ] dall'utente di dominio [ paolo ]
Jan 02 15:47:14|PEAR_LOG_SQL[info] E' stata eseguita la query: [ UPDATE index_ddt SET year='2015' ] dall'utente di dominio [ paolo ]
Jan 02 15:47:14|PEAR_LOG_SQL[info] E' stata eseguita la query: [ UPDATE index_fattura SET year='2015' ] dall'utente di dominio [ paolo ]
Jan 02 15:47:14|PEAR_LOG_SQL[info] E' stata eseguita la query: [ UPDATE index_ddt SET year='2015' ] dall'utente di dominio [ paolo ]
Jan 02 15:47:17|PEAR_LOG_SQL[info] E' stata eseguita la query: [ UPDATE index_fattura SET year='2015' ] dall'utente di dominio [ paolo ]
Jan 02 15:47:17|PEAR_LOG_SQL[info] E' stata eseguita la query: [ UPDATE index_ddt SET year='2015' ] dall'utente di dominio [ paolo ]
Jan 02 15:47:19|PEAR_LOG_SQL[info] E' stata eseguita la query: [ UPDATE index_fattura SET year='2015' ] dall'utente di dominio [ paolo ]
Jan 02 15:47:19|PEAR_LOG_SQL[info] E' stata eseguita la query: [ UPDATE index_ddt SET year='2015' ] dall'utente di dominio [ paolo ]
Jan 02 15:47:22|PEAR_LOG_SQL[info] E' stata eseguita la query: [ UPDATE index_fattura SET year='2015' ] dall'utente di dominio [ paolo ]
Jan 02 15:47:22|PEAR_LOG_SQL[info] E' stata eseguita la query: [ UPDATE index_ddt SET year='2015' ] dall'utente di dominio [ paolo ]
Jan 02 15:47:25|PEAR_LOG_SQL[info] E' stata eseguita la query: [ UPDATE index_fattura SET year='2015' ] dall'utente di dominio [ paolo ]
Jan 02 15:47:25|PEAR_LOG_SQL[info] E' stata eseguita la query: [ UPDATE index_ddt SET year='2015' ] dall'utente di dominio [ paolo ]
Jan 02 15:47:32|PEAR_LOG_SQL[info] E' stata eseguita la query: [ UPDATE index_fattura SET year='2015' ] dall'utente di dominio [ paolo ]
Jan 02 15:47:32|PEAR_LOG_SQL[info] E' stata eseguita la query: [ UPDATE index_ddt SET year='2015' ] dall'utente di dominio [ paolo ]
Jan 02 15:47:43|PEAR_LOG_SQL[info] E' stata eseguita la query: [ UPDATE index_fattura SET year='2015' ] dall'utente di dominio [ paolo ]
Jan 02 15:47:43|PEAR_LOG_SQL[info] E' stata eseguita la query: [ UPDATE index_ddt SET year='2015' ] dall'utente di dominio [ paolo ]
Jan 02 15:47:43|PEAR_LOG_SQL[info] E' stata eseguita la query: [ UPDATE index_fattura SET year='2015' ] dall'utente di dominio [ paolo ]
Jan 02 15:47:43|PEAR_LOG_SQL[info] E' stata eseguita la query: [ UPDATE index_ddt SET year='2015' ] dall'utente di dominio [ paolo ]
Jan 02 15:47:53|PEAR_LOG_SQL[info] E' stata eseguita la query: [ UPDATE index_fattura SET year='2015' ] dall'utente di dominio [ paolo ]
Jan 02 15:47:53|PEAR_LOG_SQL[info] E' stata eseguita la query: [ UPDATE index_ddt SET year='2015' ] dall'utente di dominio [ paolo ]
Jan 02 15:47:53|PEAR_LOG_SQL[info] E' stata eseguita la query: [ UPDATE index_fattura SET year='2015' ] dall'utente di dominio [ paolo ]
Jan 02 15:47:53|PEAR_LOG_SQL[info] E' stata eseguita la query: [ UPDATE index_ddt SET year='2015' ] dall'utente di dominio [ paolo ]
Jan 02 15:48:03|PEAR_LOG_SQL[info] E' stata eseguita la query: [ UPDATE index_fattura SET year='2015' ] dall'utente di dominio [ paolo ]
Jan 02 15:48:03|PEAR_LOG_SQL[info] E' stata eseguita la query: [ UPDATE index_ddt SET year='2015' ] dall'utente di dominio [ paolo ]
Jan 02 15:48:03|PEAR_LOG_SQL[info] E' stata eseguita la query: [ UPDATE index_fattura SET year='2015' ] dall'utente di dominio [ paolo ]
Jan 02 15:48:03|PEAR_LOG_SQL[info] E' stata eseguita la query: [ UPDATE index_ddt SET year='2015' ] dall'utente di dominio [ paolo ]
Jan 02 15:48:10|PEAR_LOG_SQL[info] E' stata eseguita la query: [ UPDATE index_fattura SET year='2015' ] dall'utente di dominio [ paolo ]
Jan 02 15:48:10|PEAR_LOG_SQL[info] E' stata eseguita la query: [ UPDATE index_ddt SET year='2015' ] dall'utente di dominio [ paolo ]
Jan 02 15:48:16|PEAR_LOG_SQL[info] E' stata eseguita la query: [ UPDATE index_fattura SET year='2015' ] dall'utente di dominio [  ]
Jan 02 15:48:16|PEAR_LOG_SQL[info] E' stata eseguita la query: [ UPDATE index_ddt SET year='2015' ] dall'utente di dominio [  ]
Jan 02 17:47:30|PEAR_LOG_SQL[info] E' stata eseguita la query: [ UPDATE index_fattura SET year='2015' ] dall'utente di dominio [  ]
Jan 02 17:47:30|PEAR_LOG_SQL[info] E' stata eseguita la query: [ UPDATE index_ddt SET year='2015' ] dall'utente di dominio [  ]
Jan 02 17:47:36|PEAR_LOG_SQL[info] E' stata eseguita la query: [ UPDATE index_fattura SET year='2015' ] dall'utente di dominio [  ]
Jan 02 17:47:36|PEAR_LOG_SQL[info] E' stata eseguita la query: [ UPDATE index_ddt SET year='2015' ] dall'utente di dominio [  ]
Jan 02 17:47:36|PEAR_LOG_SQL[info] E' stata eseguita la query: [ UPDATE users SET id_type = 1,id_anag = 7037,id_customer = 1,sconto_fornitori_nl = NULL,sconto_fornitori_de = NULL,username = 'paolo',password = 'e45db853fb2e1caa77398c3a16867d19a2afr24tg56r4r65wg',secret_question = 'Nome?',secret_response = 'Alessandro',confirmation_code = NULL,last_access = '2015-01-02 17:47:36',data_inserimento_riga = '2014-04-09',data_modifica_riga = '2015-01-02',is_newsletter_subscribed = '1',is_t_c_accepted = '1',is_active = 1,operatore = 'paolo' WHERE id = 7210 ] dall'utente di dominio [  ] Utente di dominio: [  ] REMOTE PORT: [ 57205 ] REMOTE IP: [ 95.225.163.88 ] FULL DATE [ 02-01-2015 ]
Jan 02 17:47:36|PEAR_LOG_SQL[info] E' stata eseguita la query: [ UPDATE index_fattura SET year='2015' ] dall'utente di dominio [ paolo ]
Jan 02 17:47:36|PEAR_LOG_SQL[info] E' stata eseguita la query: [ UPDATE index_ddt SET year='2015' ] dall'utente di dominio [ paolo ]
Jan 02 17:47:43|PEAR_LOG_SQL[info] E' stata eseguita la query: [ UPDATE index_fattura SET year='2015' ] dall'utente di dominio [ paolo ]
Jan 02 17:47:43|PEAR_LOG_SQL[info] E' stata eseguita la query: [ UPDATE index_ddt SET year='2015' ] dall'utente di dominio [ paolo ]
Jan 02 17:47:45|PEAR_LOG_SQL[info] E' stata eseguita la query: [ UPDATE index_fattura SET year='2015' ] dall'utente di dominio [ paolo ]
Jan 02 17:47:45|PEAR_LOG_SQL[info] E' stata eseguita la query: [ UPDATE index_ddt SET year='2015' ] dall'utente di dominio [ paolo ]
Jan 02 17:48:49|PEAR_LOG_SQL[info] E' stata eseguita la query: [ UPDATE index_fattura SET year='2015' ] dall'utente di dominio [ paolo ]
Jan 02 17:48:49|PEAR_LOG_SQL[info] E' stata eseguita la query: [ UPDATE index_ddt SET year='2015' ] dall'utente di dominio [ paolo ]
Jan 02 17:48:59|PEAR_LOG_SQL[info] E' stata eseguita la query: [ UPDATE index_fattura SET year='2015' ] dall'utente di dominio [ paolo ]
Jan 02 17:48:59|PEAR_LOG_SQL[info] E' stata eseguita la query: [ UPDATE index_ddt SET year='2015' ] dall'utente di dominio [ paolo ]
Jan 02 17:48:59|PEAR_LOG_SQL[info] E' stata eseguita la query: [ UPDATE index_fattura SET year='2015' ] dall'utente di dominio [ paolo ]
Jan 02 17:48:59|PEAR_LOG_SQL[info] E' stata eseguita la query: [ UPDATE index_ddt SET year='2015' ] dall'utente di dominio [ paolo ]
Jan 02 17:49:00|PEAR_LOG_SQL[info] E' stata eseguita la query: [ UPDATE index_fattura SET year='2015' ] dall'utente di dominio [ paolo ]
Jan 02 17:49:00|PEAR_LOG_SQL[info] E' stata eseguita la query: [ UPDATE index_ddt SET year='2015' ] dall'utente di dominio [ paolo ]
Jan 02 17:49:03|PEAR_LOG_SQL[info] E' stata eseguita la query: [ UPDATE index_fattura SET year='2015' ] dall'utente di dominio [ paolo ]
Jan 02 17:49:03|PEAR_LOG_SQL[info] E' stata eseguita la query: [ UPDATE index_ddt SET year='2015' ] dall'utente di dominio [ paolo ]
Jan 02 17:49:04|PEAR_LOG_SQL[info] E' stata eseguita la query: [ UPDATE index_fattura SET year='2015' ] dall'utente di dominio [ paolo ]
Jan 02 17:49:04|PEAR_LOG_SQL[info] E' stata eseguita la query: [ UPDATE index_ddt SET year='2015' ] dall'utente di dominio [ paolo ]
Jan 02 17:50:35|PEAR_LOG_SQL[info] E' stata eseguita la query: [ UPDATE index_fattura SET year='2015' ] dall'utente di dominio [ paolo ]
Jan 02 17:50:35|PEAR_LOG_SQL[info] E' stata eseguita la query: [ UPDATE index_ddt SET year='2015' ] dall'utente di dominio [ paolo ]
Jan 02 17:50:41|PEAR_LOG_SQL[info] E' stata eseguita la query: [ UPDATE index_fattura SET year='2015' ] dall'utente di dominio [ paolo ]
Jan 02 17:50:41|PEAR_LOG_SQL[info] E' stata eseguita la query: [ UPDATE index_ddt SET year='2015' ] dall'utente di dominio [ paolo ]
Jan 02 17:50:48|PEAR_LOG_SQL[info] E' stata eseguita la query: [ UPDATE index_fattura SET year='2015' ] dall'utente di dominio [ paolo ]
Jan 02 17:50:48|PEAR_LOG_SQL[info] E' stata eseguita la query: [ UPDATE index_ddt SET year='2015' ] dall'utente di dominio [ paolo ]
Jan 02 17:50:52|PEAR_LOG_SQL[info] E' stata eseguita la query: [ UPDATE index_fattura SET year='2015' ] dall'utente di dominio [ paolo ]
Jan 02 17:50:52|PEAR_LOG_SQL[info] E' stata eseguita la query: [ UPDATE index_ddt SET year='2015' ] dall'utente di dominio [ paolo ]
Jan 02 17:50:57|PEAR_LOG_SQL[info] E' stata eseguita la query: [ UPDATE index_fattura SET year='2015' ] dall'utente di dominio [ paolo ]
Jan 02 17:50:57|PEAR_LOG_SQL[info] E' stata eseguita la query: [ UPDATE index_ddt SET year='2015' ] dall'utente di dominio [ paolo ]
Jan 02 17:51:03|PEAR_LOG_SQL[info] E' stata eseguita la query: [ UPDATE index_fattura SET year='2015' ] dall'utente di dominio [ paolo ]
Jan 02 17:51:03|PEAR_LOG_SQL[info] E' stata eseguita la query: [ UPDATE index_ddt SET year='2015' ] dall'utente di dominio [ paolo ]
Jan 02 17:51:07|PEAR_LOG_SQL[info] E' stata eseguita la query: [ UPDATE index_fattura SET year='2015' ] dall'utente di dominio [ paolo ]
Jan 02 17:51:07|PEAR_LOG_SQL[info] E' stata eseguita la query: [ UPDATE index_ddt SET year='2015' ] dall'utente di dominio [ paolo ]
Jan 02 17:51:24|PEAR_LOG_SQL[info] E' stata eseguita la query: [ UPDATE index_fattura SET year='2015' ] dall'utente di dominio [ paolo ]
Jan 02 17:51:24|PEAR_LOG_SQL[info] E' stata eseguita la query: [ UPDATE index_ddt SET year='2015' ] dall'utente di dominio [ paolo ]
Jan 02 17:51:29|PEAR_LOG_SQL[info] E' stata eseguita la query: [ UPDATE index_fattura SET year='2015' ] dall'utente di dominio [ paolo ]
Jan 02 17:51:29|PEAR_LOG_SQL[info] E' stata eseguita la query: [ UPDATE index_ddt SET year='2015' ] dall'utente di dominio [ paolo ]
Jan 02 17:52:31|PEAR_LOG_SQL[info] E' stata eseguita la query: [ UPDATE index_fattura SET year='2015' ] dall'utente di dominio [ paolo ]
Jan 02 17:52:31|PEAR_LOG_SQL[info] E' stata eseguita la query: [ UPDATE index_ddt SET year='2015' ] dall'utente di dominio [ paolo ]
Jan 02 17:52:43|PEAR_LOG_SQL[info] E' stata eseguita la query: [ UPDATE index_fattura SET year='2015' ] dall'utente di dominio [ paolo ]
Jan 02 17:52:43|PEAR_LOG_SQL[info] E' stata eseguita la query: [ UPDATE index_ddt SET year='2015' ] dall'utente di dominio [ paolo ]
Jan 02 17:52:53|PEAR_LOG_SQL[info] E' stata eseguita la query: [ UPDATE index_fattura SET year='2015' ] dall'utente di dominio [ paolo ]
Jan 02 17:52:53|PEAR_LOG_SQL[info] E' stata eseguita la query: [ UPDATE index_ddt SET year='2015' ] dall'utente di dominio [ paolo ]
Jan 02 17:52:53|PEAR_LOG_SQL[info] E' stata eseguita la query: [ UPDATE index_fattura SET year='2015' ] dall'utente di dominio [ paolo ]
Jan 02 17:52:53|PEAR_LOG_SQL[info] E' stata eseguita la query: [ UPDATE index_ddt SET year='2015' ] dall'utente di dominio [ paolo ]
Jan 02 17:53:03|PEAR_LOG_SQL[info] E' stata eseguita la query: [ UPDATE index_fattura SET year='2015' ] dall'utente di dominio [ paolo ]
Jan 02 17:53:03|PEAR_LOG_SQL[info] E' stata eseguita la query: [ UPDATE index_ddt SET year='2015' ] dall'utente di dominio [ paolo ]
Jan 02 17:53:03|PEAR_LOG_SQL[info] E' stata eseguita la query: [ UPDATE index_fattura SET year='2015' ] dall'utente di dominio [ paolo ]
Jan 02 17:53:04|PEAR_LOG_SQL[info] E' stata eseguita la query: [ UPDATE index_ddt SET year='2015' ] dall'utente di dominio [ paolo ]
Jan 02 17:53:14|PEAR_LOG_SQL[info] E' stata eseguita la query: [ UPDATE index_fattura SET year='2015' ] dall'utente di dominio [ paolo ]
Jan 02 17:53:14|PEAR_LOG_SQL[info] E' stata eseguita la query: [ UPDATE index_ddt SET year='2015' ] dall'utente di dominio [ paolo ]
Jan 02 17:53:14|PEAR_LOG_SQL[info] E' stata eseguita la query: [ UPDATE index_fattura SET year='2015' ] dall'utente di dominio [ paolo ]
Jan 02 17:53:14|PEAR_LOG_SQL[info] E' stata eseguita la query: [ UPDATE index_ddt SET year='2015' ] dall'utente di dominio [ paolo ]
Jan 02 17:53:24|PEAR_LOG_SQL[info] E' stata eseguita la query: [ UPDATE index_fattura SET year='2015' ] dall'utente di dominio [ paolo ]
Jan 02 17:53:24|PEAR_LOG_SQL[info] E' stata eseguita la query: [ UPDATE index_ddt SET year='2015' ] dall'utente di dominio [ paolo ]
Jan 02 17:53:24|PEAR_LOG_SQL[info] E' stata eseguita la query: [ UPDATE index_fattura SET year='2015' ] dall'utente di dominio [ paolo ]
Jan 02 17:53:24|PEAR_LOG_SQL[info] E' stata eseguita la query: [ UPDATE index_ddt SET year='2015' ] dall'utente di dominio [ paolo ]
Jan 02 17:53:34|PEAR_LOG_SQL[info] E' stata eseguita la query: [ UPDATE index_fattura SET year='2015' ] dall'utente di dominio [ paolo ]
Jan 02 17:53:34|PEAR_LOG_SQL[info] E' stata eseguita la query: [ UPDATE index_ddt SET year='2015' ] dall'utente di dominio [ paolo ]
Jan 02 17:53:34|PEAR_LOG_SQL[info] E' stata eseguita la query: [ UPDATE index_fattura SET year='2015' ] dall'utente di dominio [ paolo ]
Jan 02 17:53:34|PEAR_LOG_SQL[info] E' stata eseguita la query: [ UPDATE index_ddt SET year='2015' ] dall'utente di dominio [ paolo ]
Jan 02 17:53:44|PEAR_LOG_SQL[info] E' stata eseguita la query: [ UPDATE index_fattura SET year='2015' ] dall'utente di dominio [ paolo ]
Jan 02 17:53:44|PEAR_LOG_SQL[info] E' stata eseguita la query: [ UPDATE index_ddt SET year='2015' ] dall'utente di dominio [ paolo ]
Jan 02 17:53:45|PEAR_LOG_SQL[info] E' stata eseguita la query: [ UPDATE index_fattura SET year='2015' ] dall'utente di dominio [ paolo ]
Jan 02 17:53:45|PEAR_LOG_SQL[info] E' stata eseguita la query: [ UPDATE index_ddt SET year='2015' ] dall'utente di dominio [ paolo ]
Jan 02 17:53:55|PEAR_LOG_SQL[info] E' stata eseguita la query: [ UPDATE index_fattura SET year='2015' ] dall'utente di dominio [ paolo ]
Jan 02 17:53:55|PEAR_LOG_SQL[info] E' stata eseguita la query: [ UPDATE index_ddt SET year='2015' ] dall'utente di dominio [ paolo ]
Jan 02 17:53:55|PEAR_LOG_SQL[info] E' stata eseguita la query: [ UPDATE index_fattura SET year='2015' ] dall'utente di dominio [ paolo ]
Jan 02 17:53:55|PEAR_LOG_SQL[info] E' stata eseguita la query: [ UPDATE index_ddt SET year='2015' ] dall'utente di dominio [ paolo ]
Jan 02 17:54:05|PEAR_LOG_SQL[info] E' stata eseguita la query: [ UPDATE index_fattura SET year='2015' ] dall'utente di dominio [ paolo ]
Jan 02 17:54:05|PEAR_LOG_SQL[info] E' stata eseguita la query: [ UPDATE index_ddt SET year='2015' ] dall'utente di dominio [ paolo ]
Jan 02 17:54:05|PEAR_LOG_SQL[info] E' stata eseguita la query: [ UPDATE index_fattura SET year='2015' ] dall'utente di dominio [ paolo ]
Jan 02 17:54:05|PEAR_LOG_SQL[info] E' stata eseguita la query: [ UPDATE index_ddt SET year='2015' ] dall'utente di dominio [ paolo ]
Jan 02 17:54:15|PEAR_LOG_SQL[info] E' stata eseguita la query: [ UPDATE index_fattura SET year='2015' ] dall'utente di dominio [ paolo ]
Jan 02 17:54:15|PEAR_LOG_SQL[info] E' stata eseguita la query: [ UPDATE index_ddt SET year='2015' ] dall'utente di dominio [ paolo ]
Jan 02 17:54:15|PEAR_LOG_SQL[info] E' stata eseguita la query: [ UPDATE index_fattura SET year='2015' ] dall'utente di dominio [ paolo ]
Jan 02 17:54:15|PEAR_LOG_SQL[info] E' stata eseguita la query: [ UPDATE index_ddt SET year='2015' ] dall'utente di dominio [ paolo ]
Jan 02 17:54:25|PEAR_LOG_SQL[info] E' stata eseguita la query: [ UPDATE index_fattura SET year='2015' ] dall'utente di dominio [ paolo ]
Jan 02 17:54:25|PEAR_LOG_SQL[info] E' stata eseguita la query: [ UPDATE index_ddt SET year='2015' ] dall'utente di dominio [ paolo ]
Jan 02 17:54:26|PEAR_LOG_SQL[info] E' stata eseguita la query: [ UPDATE index_fattura SET year='2015' ] dall'utente di dominio [ paolo ]
Jan 02 17:54:26|PEAR_LOG_SQL[info] E' stata eseguita la query: [ UPDATE index_ddt SET year='2015' ] dall'utente di dominio [ paolo ]
Jan 02 17:54:36|PEAR_LOG_SQL[info] E' stata eseguita la query: [ UPDATE index_fattura SET year='2015' ] dall'utente di dominio [ paolo ]
Jan 02 17:54:36|PEAR_LOG_SQL[info] E' stata eseguita la query: [ UPDATE index_ddt SET year='2015' ] dall'utente di dominio [ paolo ]
Jan 02 17:54:36|PEAR_LOG_SQL[info] E' stata eseguita la query: [ UPDATE index_fattura SET year='2015' ] dall'utente di dominio [ paolo ]
Jan 02 17:54:36|PEAR_LOG_SQL[info] E' stata eseguita la query: [ UPDATE index_ddt SET year='2015' ] dall'utente di dominio [ paolo ]
Jan 02 17:54:46|PEAR_LOG_SQL[info] E' stata eseguita la query: [ UPDATE index_fattura SET year='2015' ] dall'utente di dominio [ paolo ]
Jan 02 17:54:46|PEAR_LOG_SQL[info] E' stata eseguita la query: [ UPDATE index_ddt SET year='2015' ] dall'utente di dominio [ paolo ]
Jan 02 17:54:46|PEAR_LOG_SQL[info] E' stata eseguita la query: [ UPDATE index_fattura SET year='2015' ] dall'utente di dominio [ paolo ]
Jan 02 17:54:46|PEAR_LOG_SQL[info] E' stata eseguita la query: [ UPDATE index_ddt SET year='2015' ] dall'utente di dominio [ paolo ]
Jan 02 17:54:56|PEAR_LOG_SQL[info] E' stata eseguita la query: [ UPDATE index_fattura SET year='2015' ] dall'utente di dominio [ paolo ]
Jan 02 17:54:56|PEAR_LOG_SQL[info] E' stata eseguita la query: [ UPDATE index_ddt SET year='2015' ] dall'utente di dominio [ paolo ]
Jan 02 17:54:56|PEAR_LOG_SQL[info] E' stata eseguita la query: [ UPDATE index_fattura SET year='2015' ] dall'utente di dominio [ paolo ]
Jan 02 17:54:56|PEAR_LOG_SQL[info] E' stata eseguita la query: [ UPDATE index_ddt SET year='2015' ] dall'utente di dominio [ paolo ]
Jan 02 17:55:06|PEAR_LOG_SQL[info] E' stata eseguita la query: [ UPDATE index_fattura SET year='2015' ] dall'utente di dominio [ paolo ]
Jan 02 17:55:06|PEAR_LOG_SQL[info] E' stata eseguita la query: [ UPDATE index_ddt SET year='2015' ] dall'utente di dominio [ paolo ]
Jan 02 17:55:06|PEAR_LOG_SQL[info] E' stata eseguita la query: [ UPDATE index_fattura SET year='2015' ] dall'utente di dominio [ paolo ]
Jan 02 17:55:06|PEAR_LOG_SQL[info] E' stata eseguita la query: [ UPDATE index_ddt SET year='2015' ] dall'utente di dominio [ paolo ]
Jan 02 17:55:17|PEAR_LOG_SQL[info] E' stata eseguita la query: [ UPDATE index_fattura SET year='2015' ] dall'utente di dominio [ paolo ]
Jan 02 17:55:17|PEAR_LOG_SQL[info] E' stata eseguita la query: [ UPDATE index_ddt SET year='2015' ] dall'utente di dominio [ paolo ]
Jan 02 17:55:17|PEAR_LOG_SQL[info] E' stata eseguita la query: [ UPDATE index_fattura SET year='2015' ] dall'utente di dominio [ paolo ]
Jan 02 17:55:17|PEAR_LOG_SQL[info] E' stata eseguita la query: [ UPDATE index_ddt SET year='2015' ] dall'utente di dominio [ paolo ]
Jan 02 17:55:27|PEAR_LOG_SQL[info] E' stata eseguita la query: [ UPDATE index_fattura SET year='2015' ] dall'utente di dominio [ paolo ]
Jan 02 17:55:27|PEAR_LOG_SQL[info] E' stata eseguita la query: [ UPDATE index_ddt SET year='2015' ] dall'utente di dominio [ paolo ]
Jan 02 17:55:27|PEAR_LOG_SQL[info] E' stata eseguita la query: [ UPDATE index_fattura SET year='2015' ] dall'utente di dominio [ paolo ]
Jan 02 17:55:27|PEAR_LOG_SQL[info] E' stata eseguita la query: [ UPDATE index_ddt SET year='2015' ] dall'utente di dominio [ paolo ]
Jan 02 17:55:37|PEAR_LOG_SQL[info] E' stata eseguita la query: [ UPDATE index_fattura SET year='2015' ] dall'utente di dominio [ paolo ]
Jan 02 17:55:37|PEAR_LOG_SQL[info] E' stata eseguita la query: [ UPDATE index_ddt SET year='2015' ] dall'utente di dominio [ paolo ]
Jan 02 17:55:37|PEAR_LOG_SQL[info] E' stata eseguita la query: [ UPDATE index_fattura SET year='2015' ] dall'utente di dominio [ paolo ]
Jan 02 17:55:37|PEAR_LOG_SQL[info] E' stata eseguita la query: [ UPDATE index_ddt SET year='2015' ] dall'utente di dominio [ paolo ]
Jan 02 17:55:48|PEAR_LOG_SQL[info] E' stata eseguita la query: [ UPDATE index_fattura SET year='2015' ] dall'utente di dominio [ paolo ]
Jan 02 17:55:48|PEAR_LOG_SQL[info] E' stata eseguita la query: [ UPDATE index_ddt SET year='2015' ] dall'utente di dominio [ paolo ]
Jan 02 17:55:48|PEAR_LOG_SQL[info] E' stata eseguita la query: [ UPDATE index_fattura SET year='2015' ] dall'utente di dominio [ paolo ]
Jan 02 17:55:48|PEAR_LOG_SQL[info] E' stata eseguita la query: [ UPDATE index_ddt SET year='2015' ] dall'utente di dominio [ paolo ]
Jan 02 17:55:58|PEAR_LOG_SQL[info] E' stata eseguita la query: [ UPDATE index_fattura SET year='2015' ] dall'utente di dominio [ paolo ]
Jan 02 17:55:58|PEAR_LOG_SQL[info] E' stata eseguita la query: [ UPDATE index_ddt SET year='2015' ] dall'utente di dominio [ paolo ]
Jan 02 17:55:58|PEAR_LOG_SQL[info] E' stata eseguita la query: [ UPDATE index_fattura SET year='2015' ] dall'utente di dominio [ paolo ]
Jan 02 17:55:58|PEAR_LOG_SQL[info] E' stata eseguita la query: [ UPDATE index_ddt SET year='2015' ] dall'utente di dominio [ paolo ]
Jan 02 17:56:08|PEAR_LOG_SQL[info] E' stata eseguita la query: [ UPDATE index_fattura SET year='2015' ] dall'utente di dominio [ paolo ]
Jan 02 17:56:08|PEAR_LOG_SQL[info] E' stata eseguita la query: [ UPDATE index_ddt SET year='2015' ] dall'utente di dominio [ paolo ]
Jan 02 17:56:08|PEAR_LOG_SQL[info] E' stata eseguita la query: [ UPDATE index_fattura SET year='2015' ] dall'utente di dominio [ paolo ]
Jan 02 17:56:08|PEAR_LOG_SQL[info] E' stata eseguita la query: [ UPDATE index_ddt SET year='2015' ] dall'utente di dominio [ paolo ]
Jan 02 17:56:18|PEAR_LOG_SQL[info] E' stata eseguita la query: [ UPDATE index_fattura SET year='2015' ] dall'utente di dominio [ paolo ]
Jan 02 17:56:18|PEAR_LOG_SQL[info] E' stata eseguita la query: [ UPDATE index_ddt SET year='2015' ] dall'utente di dominio [ paolo ]
Jan 02 17:56:18|PEAR_LOG_SQL[info] E' stata eseguita la query: [ UPDATE index_fattura SET year='2015' ] dall'utente di dominio [ paolo ]
Jan 02 17:56:18|PEAR_LOG_SQL[info] E' stata eseguita la query: [ UPDATE index_ddt SET year='2015' ] dall'utente di dominio [ paolo ]
Jan 02 17:56:29|PEAR_LOG_SQL[info] E' stata eseguita la query: [ UPDATE index_fattura SET year='2015' ] dall'utente di dominio [ paolo ]
Jan 02 17:56:29|PEAR_LOG_SQL[info] E' stata eseguita la query: [ UPDATE index_ddt SET year='2015' ] dall'utente di dominio [ paolo ]
Jan 02 17:56:29|PEAR_LOG_SQL[info] E' stata eseguita la query: [ UPDATE index_fattura SET year='2015' ] dall'utente di dominio [ paolo ]
Jan 02 17:56:29|PEAR_LOG_SQL[info] E' stata eseguita la query: [ UPDATE index_ddt SET year='2015' ] dall'utente di dominio [ paolo ]
Jan 02 17:56:39|PEAR_LOG_SQL[info] E' stata eseguita la query: [ UPDATE index_fattura SET year='2015' ] dall'utente di dominio [ paolo ]
Jan 02 17:56:39|PEAR_LOG_SQL[info] E' stata eseguita la query: [ UPDATE index_ddt SET year='2015' ] dall'utente di dominio [ paolo ]
Jan 02 17:56:39|PEAR_LOG_SQL[info] E' stata eseguita la query: [ UPDATE index_fattura SET year='2015' ] dall'utente di dominio [ paolo ]
Jan 02 17:56:39|PEAR_LOG_SQL[info] E' stata eseguita la query: [ UPDATE index_ddt SET year='2015' ] dall'utente di dominio [ paolo ]
Jan 02 17:56:49|PEAR_LOG_SQL[info] E' stata eseguita la query: [ UPDATE index_fattura SET year='2015' ] dall'utente di dominio [ paolo ]
Jan 02 17:56:49|PEAR_LOG_SQL[info] E' stata eseguita la query: [ UPDATE index_ddt SET year='2015' ] dall'utente di dominio [ paolo ]
Jan 02 17:56:49|PEAR_LOG_SQL[info] E' stata eseguita la query: [ UPDATE index_fattura SET year='2015' ] dall'utente di dominio [ paolo ]
Jan 02 17:56:49|PEAR_LOG_SQL[info] E' stata eseguita la query: [ UPDATE index_ddt SET year='2015' ] dall'utente di dominio [ paolo ]
Jan 02 17:56:59|PEAR_LOG_SQL[info] E' stata eseguita la query: [ UPDATE index_fattura SET year='2015' ] dall'utente di dominio [ paolo ]
Jan 02 17:56:59|PEAR_LOG_SQL[info] E' stata eseguita la query: [ UPDATE index_ddt SET year='2015' ] dall'utente di dominio [ paolo ]
Jan 02 17:56:59|PEAR_LOG_SQL[info] E' stata eseguita la query: [ UPDATE index_fattura SET year='2015' ] dall'utente di dominio [ paolo ]
Jan 02 17:56:59|PEAR_LOG_SQL[info] E' stata eseguita la query: [ UPDATE index_ddt SET year='2015' ] dall'utente di dominio [ paolo ]
Jan 02 17:57:10|PEAR_LOG_SQL[info] E' stata eseguita la query: [ UPDATE index_fattura SET year='2015' ] dall'utente di dominio [ paolo ]
Jan 02 17:57:10|PEAR_LOG_SQL[info] E' stata eseguita la query: [ UPDATE index_ddt SET year='2015' ] dall'utente di dominio [ paolo ]
Jan 02 17:57:10|PEAR_LOG_SQL[info] E' stata eseguita la query: [ UPDATE index_fattura SET year='2015' ] dall'utente di dominio [ paolo ]
Jan 02 17:57:10|PEAR_LOG_SQL[info] E' stata eseguita la query: [ UPDATE index_ddt SET year='2015' ] dall'utente di dominio [ paolo ]
Jan 02 17:57:20|PEAR_LOG_SQL[info] E' stata eseguita la query: [ UPDATE index_fattura SET year='2015' ] dall'utente di dominio [ paolo ]
Jan 02 17:57:20|PEAR_LOG_SQL[info] E' stata eseguita la query: [ UPDATE index_ddt SET year='2015' ] dall'utente di dominio [ paolo ]
Jan 02 17:57:20|PEAR_LOG_SQL[info] E' stata eseguita la query: [ UPDATE index_fattura SET year='2015' ] dall'utente di dominio [ paolo ]
Jan 02 17:57:20|PEAR_LOG_SQL[info] E' stata eseguita la query: [ UPDATE index_ddt SET year='2015' ] dall'utente di dominio [ paolo ]
Jan 02 17:57:30|PEAR_LOG_SQL[info] E' stata eseguita la query: [ UPDATE index_fattura SET year='2015' ] dall'utente di dominio [ paolo ]
Jan 02 17:57:30|PEAR_LOG_SQL[info] E' stata eseguita la query: [ UPDATE index_ddt SET year='2015' ] dall'utente di dominio [ paolo ]
Jan 02 17:57:30|PEAR_LOG_SQL[info] E' stata eseguita la query: [ UPDATE index_fattura SET year='2015' ] dall'utente di dominio [ paolo ]
Jan 02 17:57:30|PEAR_LOG_SQL[info] E' stata eseguita la query: [ UPDATE index_ddt SET year='2015' ] dall'utente di dominio [ paolo ]
Jan 02 17:57:40|PEAR_LOG_SQL[info] E' stata eseguita la query: [ UPDATE index_fattura SET year='2015' ] dall'utente di dominio [ paolo ]
Jan 02 17:57:40|PEAR_LOG_SQL[info] E' stata eseguita la query: [ UPDATE index_ddt SET year='2015' ] dall'utente di dominio [ paolo ]
Jan 02 17:57:40|PEAR_LOG_SQL[info] E' stata eseguita la query: [ UPDATE index_fattura SET year='2015' ] dall'utente di dominio [ paolo ]
Jan 02 17:57:41|PEAR_LOG_SQL[info] E' stata eseguita la query: [ UPDATE index_ddt SET year='2015' ] dall'utente di dominio [ paolo ]
Jan 02 22:45:41|PEAR_LOG_SQL[info] E' stata eseguita la query: [ UPDATE index_fattura SET year='2015' ] dall'utente di dominio [  ]
Jan 02 22:45:41|PEAR_LOG_SQL[info] E' stata eseguita la query: [ UPDATE index_ddt SET year='2015' ] dall'utente di dominio [  ]
