Jan 05 09:04:33|PEAR_LOG_SQL[info] E' stata eseguita la query: [ UPDATE index_fattura SET year='2015' ] dall'utente di dominio [  ]
Jan 05 09:04:33|PEAR_LOG_SQL[info] E' stata eseguita la query: [ UPDATE index_ddt SET year='2015' ] dall'utente di dominio [  ]
Jan 05 09:04:46|PEAR_LOG_SQL[info] E' stata eseguita la query: [ UPDATE index_fattura SET year='2015' ] dall'utente di dominio [  ]
Jan 05 09:04:46|PEAR_LOG_SQL[info] E' stata eseguita la query: [ UPDATE index_ddt SET year='2015' ] dall'utente di dominio [  ]
Jan 05 09:04:46|PEAR_LOG_SQL[info] E' stata eseguita la query: [ UPDATE users SET id_type = 1,id_anag = 7037,id_customer = 1,sconto_fornitori_nl = NULL,sconto_fornitori_de = NULL,username = 'paolo',password = 'e45db853fb2e1caa77398c3a16867d19a2afr24tg56r4r65wg',secret_question = 'Nome?',secret_response = 'Alessandro',confirmation_code = NULL,last_access = '2015-01-05 09:04:46',data_inserimento_riga = '2014-04-09',data_modifica_riga = '2015-01-05',is_newsletter_subscribed = '1',is_t_c_accepted = '1',is_active = 1,operatore = 'paolo' WHERE id = 7210 ] dall'utente di dominio [  ] Utente di dominio: [  ] REMOTE PORT: [ 49999 ] REMOTE IP: [ 95.225.163.88 ] FULL DATE [ 05-01-2015 ]
Jan 05 09:04:46|PEAR_LOG_SQL[info] E' stata eseguita la query: [ UPDATE index_fattura SET year='2015' ] dall'utente di dominio [ paolo ]
Jan 05 09:04:46|PEAR_LOG_SQL[info] E' stata eseguita la query: [ UPDATE index_ddt SET year='2015' ] dall'utente di dominio [ paolo ]
Jan 05 09:04:54|PEAR_LOG_SQL[info] E' stata eseguita la query: [ UPDATE index_fattura SET year='2015' ] dall'utente di dominio [ paolo ]
Jan 05 09:04:54|PEAR_LOG_SQL[info] E' stata eseguita la query: [ UPDATE index_ddt SET year='2015' ] dall'utente di dominio [ paolo ]
Jan 05 09:04:56|PEAR_LOG_SQL[info] E' stata eseguita la query: [ UPDATE index_fattura SET year='2015' ] dall'utente di dominio [ paolo ]
Jan 05 09:04:56|PEAR_LOG_SQL[info] E' stata eseguita la query: [ UPDATE index_ddt SET year='2015' ] dall'utente di dominio [ paolo ]
Jan 05 09:05:07|PEAR_LOG_SQL[info] E' stata eseguita la query: [ UPDATE index_fattura SET year='2015' ] dall'utente di dominio [ paolo ]
Jan 05 09:05:07|PEAR_LOG_SQL[info] E' stata eseguita la query: [ UPDATE index_ddt SET year='2015' ] dall'utente di dominio [ paolo ]
Jan 05 09:05:12|PEAR_LOG_SQL[info] E' stata eseguita la query: [ UPDATE index_fattura SET year='2015' ] dall'utente di dominio [ paolo ]
Jan 05 09:05:12|PEAR_LOG_SQL[info] E' stata eseguita la query: [ UPDATE index_ddt SET year='2015' ] dall'utente di dominio [ paolo ]
Jan 05 09:05:17|PEAR_LOG_SQL[info] E' stata eseguita la query: [ UPDATE index_fattura SET year='2015' ] dall'utente di dominio [ paolo ]
Jan 05 09:05:17|PEAR_LOG_SQL[info] E' stata eseguita la query: [ UPDATE index_ddt SET year='2015' ] dall'utente di dominio [ paolo ]
Jan 05 09:05:21|PEAR_LOG_SQL[info] E' stata eseguita la query: [ UPDATE index_fattura SET year='2015' ] dall'utente di dominio [ paolo ]
Jan 05 09:05:21|PEAR_LOG_SQL[info] E' stata eseguita la query: [ UPDATE index_ddt SET year='2015' ] dall'utente di dominio [ paolo ]
Jan 05 09:05:24|PEAR_LOG_SQL[info] E' stata eseguita la query: [ UPDATE index_fattura SET year='2015' ] dall'utente di dominio [ paolo ]
Jan 05 09:05:24|PEAR_LOG_SQL[info] E' stata eseguita la query: [ UPDATE index_ddt SET year='2015' ] dall'utente di dominio [ paolo ]
Jan 05 10:33:14|PEAR_LOG_SQL[info] E' stata eseguita la query: [ UPDATE index_fattura SET year='2015' ] dall'utente di dominio [  ]
Jan 05 10:33:14|PEAR_LOG_SQL[info] E' stata eseguita la query: [ UPDATE index_ddt SET year='2015' ] dall'utente di dominio [  ]
Jan 05 10:33:20|PEAR_LOG_SQL[info] E' stata eseguita la query: [ UPDATE index_fattura SET year='2015' ] dall'utente di dominio [  ]
Jan 05 10:33:20|PEAR_LOG_SQL[info] E' stata eseguita la query: [ UPDATE index_ddt SET year='2015' ] dall'utente di dominio [  ]
Jan 05 10:33:20|PEAR_LOG_SQL[info] E' stata eseguita la query: [ UPDATE users SET id_type = 3,id_anag = 7070,id_customer = 133,sconto_fornitori_nl = NULL,sconto_fornitori_de = NULL,username = 'alberto',password = 'ce1f8c0b1d60a63d7e1ce61e8a538fd1a2afr24tg56r4r65wg',secret_question = NULL,secret_response = NULL,confirmation_code = NULL,last_access = '2015-01-05 10:33:20',data_inserimento_riga = '2014-11-26',data_modifica_riga = '2015-01-05',is_newsletter_subscribed = NULL,is_t_c_accepted = NULL,is_active = 1,operatore = 'paolo' WHERE id = 7218 ] dall'utente di dominio [  ] Utente di dominio: [  ] REMOTE PORT: [ 51188 ] REMOTE IP: [ 95.225.163.88 ] FULL DATE [ 05-01-2015 ]
Jan 05 10:43:23|PEAR_LOG_SQL[info] E' stata eseguita la query: [ UPDATE index_fattura SET year='2015' ] dall'utente di dominio [  ]
Jan 05 10:43:23|PEAR_LOG_SQL[info] E' stata eseguita la query: [ UPDATE index_ddt SET year='2015' ] dall'utente di dominio [  ]
Jan 05 11:38:24|PEAR_LOG_SQL[info] E' stata eseguita la query: [ UPDATE index_fattura SET year='2015' ] dall'utente di dominio [  ]
Jan 05 11:38:24|PEAR_LOG_SQL[info] E' stata eseguita la query: [ UPDATE index_ddt SET year='2015' ] dall'utente di dominio [  ]
Jan 05 11:38:29|PEAR_LOG_SQL[info] E' stata eseguita la query: [ UPDATE index_fattura SET year='2015' ] dall'utente di dominio [  ]
Jan 05 11:38:29|PEAR_LOG_SQL[info] E' stata eseguita la query: [ UPDATE index_ddt SET year='2015' ] dall'utente di dominio [  ]
Jan 05 11:38:29|PEAR_LOG_SQL[info] E' stata eseguita la query: [ UPDATE users SET id_type = 1,id_anag = 7037,id_customer = 1,sconto_fornitori_nl = NULL,sconto_fornitori_de = NULL,username = 'paolo',password = 'e45db853fb2e1caa77398c3a16867d19a2afr24tg56r4r65wg',secret_question = 'Nome?',secret_response = 'Alessandro',confirmation_code = NULL,last_access = '2015-01-05 11:38:29',data_inserimento_riga = '2014-04-09',data_modifica_riga = '2015-01-05',is_newsletter_subscribed = '1',is_t_c_accepted = '1',is_active = 1,operatore = 'paolo' WHERE id = 7210 ] dall'utente di dominio [  ] Utente di dominio: [  ] REMOTE PORT: [ 52979 ] REMOTE IP: [ 95.225.163.88 ] FULL DATE [ 05-01-2015 ]
Jan 05 11:38:29|PEAR_LOG_SQL[info] E' stata eseguita la query: [ UPDATE index_fattura SET year='2015' ] dall'utente di dominio [ paolo ]
Jan 05 11:38:29|PEAR_LOG_SQL[info] E' stata eseguita la query: [ UPDATE index_ddt SET year='2015' ] dall'utente di dominio [ paolo ]
Jan 05 11:38:39|PEAR_LOG_SQL[info] E' stata eseguita la query: [ UPDATE index_fattura SET year='2015' ] dall'utente di dominio [ paolo ]
Jan 05 11:38:39|PEAR_LOG_SQL[info] E' stata eseguita la query: [ UPDATE index_ddt SET year='2015' ] dall'utente di dominio [ paolo ]
Jan 05 14:48:09|PEAR_LOG_SQL[info] E' stata eseguita la query: [ UPDATE index_fattura SET year='2015' ] dall'utente di dominio [  ]
Jan 05 14:48:09|PEAR_LOG_SQL[info] E' stata eseguita la query: [ UPDATE index_ddt SET year='2015' ] dall'utente di dominio [  ]
Jan 05 14:48:14|PEAR_LOG_SQL[info] E' stata eseguita la query: [ UPDATE index_fattura SET year='2015' ] dall'utente di dominio [  ]
Jan 05 14:48:14|PEAR_LOG_SQL[info] E' stata eseguita la query: [ UPDATE index_ddt SET year='2015' ] dall'utente di dominio [  ]
Jan 05 14:48:14|PEAR_LOG_SQL[info] E' stata eseguita la query: [ UPDATE users SET id_type = 1,id_anag = 7037,id_customer = 1,sconto_fornitori_nl = NULL,sconto_fornitori_de = NULL,username = 'paolo',password = 'e45db853fb2e1caa77398c3a16867d19a2afr24tg56r4r65wg',secret_question = 'Nome?',secret_response = 'Alessandro',confirmation_code = NULL,last_access = '2015-01-05 14:48:14',data_inserimento_riga = '2014-04-09',data_modifica_riga = '2015-01-05',is_newsletter_subscribed = '1',is_t_c_accepted = '1',is_active = 1,operatore = 'paolo' WHERE id = 7210 ] dall'utente di dominio [  ] Utente di dominio: [  ] REMOTE PORT: [ 55036 ] REMOTE IP: [ 95.225.163.88 ] FULL DATE [ 05-01-2015 ]
Jan 05 14:48:15|PEAR_LOG_SQL[info] E' stata eseguita la query: [ UPDATE index_fattura SET year='2015' ] dall'utente di dominio [ paolo ]
Jan 05 14:48:15|PEAR_LOG_SQL[info] E' stata eseguita la query: [ UPDATE index_ddt SET year='2015' ] dall'utente di dominio [ paolo ]
Jan 05 14:48:26|PEAR_LOG_SQL[info] E' stata eseguita la query: [ UPDATE index_fattura SET year='2015' ] dall'utente di dominio [ paolo ]
Jan 05 14:48:26|PEAR_LOG_SQL[info] E' stata eseguita la query: [ UPDATE index_ddt SET year='2015' ] dall'utente di dominio [ paolo ]
Jan 05 14:48:27|PEAR_LOG_SQL[info] E' stata eseguita la query: [ UPDATE index_fattura SET year='2015' ] dall'utente di dominio [ paolo ]
Jan 05 14:48:27|PEAR_LOG_SQL[info] E' stata eseguita la query: [ UPDATE index_ddt SET year='2015' ] dall'utente di dominio [ paolo ]
Jan 05 14:48:37|PEAR_LOG_SQL[info] E' stata eseguita la query: [ UPDATE index_fattura SET year='2015' ] dall'utente di dominio [ paolo ]
Jan 05 14:48:37|PEAR_LOG_SQL[info] E' stata eseguita la query: [ UPDATE index_ddt SET year='2015' ] dall'utente di dominio [ paolo ]
Jan 05 14:48:37|PEAR_LOG_SQL[info] E' stata eseguita la query: [ UPDATE index_fattura SET year='2015' ] dall'utente di dominio [ paolo ]
Jan 05 14:48:37|PEAR_LOG_SQL[info] E' stata eseguita la query: [ UPDATE index_ddt SET year='2015' ] dall'utente di dominio [ paolo ]
Jan 05 14:48:37|PEAR_LOG_SQL[info] E' stata eseguita la query: [ UPDATE index_fattura SET year='2015' ] dall'utente di dominio [ paolo ]
Jan 05 14:48:37|PEAR_LOG_SQL[info] E' stata eseguita la query: [ UPDATE index_ddt SET year='2015' ] dall'utente di dominio [ paolo ]
Jan 05 14:48:42|PEAR_LOG_SQL[info] E' stata eseguita la query: [ UPDATE index_fattura SET year='2015' ] dall'utente di dominio [ paolo ]
Jan 05 14:48:42|PEAR_LOG_SQL[info] E' stata eseguita la query: [ UPDATE index_ddt SET year='2015' ] dall'utente di dominio [ paolo ]
Jan 05 14:48:44|PEAR_LOG_SQL[info] E' stata eseguita la query: [ UPDATE index_fattura SET year='2015' ] dall'utente di dominio [ paolo ]
Jan 05 14:48:44|PEAR_LOG_SQL[info] E' stata eseguita la query: [ UPDATE index_ddt SET year='2015' ] dall'utente di dominio [ paolo ]
Jan 05 18:10:15|PEAR_LOG_SQL[info] E' stata eseguita la query: [ UPDATE index_fattura SET year='2015' ] dall'utente di dominio [  ]
Jan 05 18:10:15|PEAR_LOG_SQL[info] E' stata eseguita la query: [ UPDATE index_ddt SET year='2015' ] dall'utente di dominio [  ]
Jan 05 18:10:23|PEAR_LOG_SQL[info] E' stata eseguita la query: [ UPDATE index_fattura SET year='2015' ] dall'utente di dominio [  ]
Jan 05 18:10:23|PEAR_LOG_SQL[info] E' stata eseguita la query: [ UPDATE index_ddt SET year='2015' ] dall'utente di dominio [  ]
Jan 05 18:10:23|PEAR_LOG_SQL[info] E' stata eseguita la query: [ UPDATE users SET id_type = 1,id_anag = 7037,id_customer = 1,sconto_fornitori_nl = NULL,sconto_fornitori_de = NULL,username = 'paolo',password = 'e45db853fb2e1caa77398c3a16867d19a2afr24tg56r4r65wg',secret_question = 'Nome?',secret_response = 'Alessandro',confirmation_code = NULL,last_access = '2015-01-05 18:10:23',data_inserimento_riga = '2014-04-09',data_modifica_riga = '2015-01-05',is_newsletter_subscribed = '1',is_t_c_accepted = '1',is_active = 1,operatore = 'paolo' WHERE id = 7210 ] dall'utente di dominio [  ] Utente di dominio: [  ] REMOTE PORT: [ 56436 ] REMOTE IP: [ 95.225.163.88 ] FULL DATE [ 05-01-2015 ]
Jan 05 18:10:24|PEAR_LOG_SQL[info] E' stata eseguita la query: [ UPDATE index_fattura SET year='2015' ] dall'utente di dominio [ paolo ]
Jan 05 18:10:24|PEAR_LOG_SQL[info] E' stata eseguita la query: [ UPDATE index_ddt SET year='2015' ] dall'utente di dominio [ paolo ]
Jan 05 18:10:25|PEAR_LOG_SQL[info] E' stata eseguita la query: [ UPDATE index_fattura SET year='2015' ] dall'utente di dominio [ paolo ]
Jan 05 18:10:25|PEAR_LOG_SQL[info] E' stata eseguita la query: [ UPDATE index_ddt SET year='2015' ] dall'utente di dominio [ paolo ]
Jan 05 18:10:25|PEAR_LOG_SQL[info] E' stata eseguita la query: [ UPDATE users SET id_type = 1,id_anag = 7037,id_customer = 1,sconto_fornitori_nl = NULL,sconto_fornitori_de = NULL,username = 'paolo',password = 'e45db853fb2e1caa77398c3a16867d19a2afr24tg56r4r65wg',secret_question = 'Nome?',secret_response = 'Alessandro',confirmation_code = NULL,last_access = '2015-01-05 18:10:25',data_inserimento_riga = '2014-04-09',data_modifica_riga = '2015-01-05',is_newsletter_subscribed = '1',is_t_c_accepted = '1',is_active = 1,operatore = 'paolo' WHERE id = 7210 ] dall'utente di dominio [ paolo ] Utente di dominio: [ paolo ] REMOTE PORT: [ 56436 ] REMOTE IP: [ 95.225.163.88 ] FULL DATE [ 05-01-2015 ]
Jan 05 18:10:26|PEAR_LOG_SQL[info] E' stata eseguita la query: [ UPDATE index_fattura SET year='2015' ] dall'utente di dominio [ paolo ]
Jan 05 18:10:26|PEAR_LOG_SQL[info] E' stata eseguita la query: [ UPDATE index_ddt SET year='2015' ] dall'utente di dominio [ paolo ]
Jan 05 19:03:17|PEAR_LOG_SQL[info] E' stata eseguita la query: [ UPDATE index_fattura SET year='2015' ] dall'utente di dominio [  ]
Jan 05 19:03:17|PEAR_LOG_SQL[info] E' stata eseguita la query: [ UPDATE index_ddt SET year='2015' ] dall'utente di dominio [  ]
Jan 05 22:21:28|PEAR_LOG_SQL[info] E' stata eseguita la query: [ UPDATE index_fattura SET year='2015' ] dall'utente di dominio [  ]
Jan 05 22:21:28|PEAR_LOG_SQL[info] E' stata eseguita la query: [ UPDATE index_ddt SET year='2015' ] dall'utente di dominio [  ]
Jan 05 22:21:43|PEAR_LOG_SQL[info] E' stata eseguita la query: [ UPDATE index_fattura SET year='2015' ] dall'utente di dominio [  ]
Jan 05 22:21:43|PEAR_LOG_SQL[info] E' stata eseguita la query: [ UPDATE index_ddt SET year='2015' ] dall'utente di dominio [  ]
Jan 05 22:21:49|PEAR_LOG_SQL[info] E' stata eseguita la query: [ UPDATE index_fattura SET year='2015' ] dall'utente di dominio [  ]
Jan 05 22:21:49|PEAR_LOG_SQL[info] E' stata eseguita la query: [ UPDATE index_ddt SET year='2015' ] dall'utente di dominio [  ]
Jan 05 22:21:49|PEAR_LOG_SQL[info] E' stata eseguita la query: [ UPDATE users SET id_type = 1,id_anag = 7037,id_customer = 1,sconto_fornitori_nl = NULL,sconto_fornitori_de = NULL,username = 'paolo',password = 'e45db853fb2e1caa77398c3a16867d19a2afr24tg56r4r65wg',secret_question = 'Nome?',secret_response = 'Alessandro',confirmation_code = NULL,last_access = '2015-01-05 22:21:49',data_inserimento_riga = '2014-04-09',data_modifica_riga = '2015-01-05',is_newsletter_subscribed = '1',is_t_c_accepted = '1',is_active = 1,operatore = 'paolo' WHERE id = 7210 ] dall'utente di dominio [  ] Utente di dominio: [  ] REMOTE PORT: [ 50655 ] REMOTE IP: [ 79.6.199.11 ] FULL DATE [ 05-01-2015 ]
Jan 05 22:21:49|PEAR_LOG_SQL[info] E' stata eseguita la query: [ UPDATE index_fattura SET year='2015' ] dall'utente di dominio [ paolo ]
Jan 05 22:21:49|PEAR_LOG_SQL[info] E' stata eseguita la query: [ UPDATE index_ddt SET year='2015' ] dall'utente di dominio [ paolo ]
Jan 05 22:21:56|PEAR_LOG_SQL[info] E' stata eseguita la query: [ UPDATE index_fattura SET year='2015' ] dall'utente di dominio [ paolo ]
Jan 05 22:21:56|PEAR_LOG_SQL[info] E' stata eseguita la query: [ UPDATE index_ddt SET year='2015' ] dall'utente di dominio [ paolo ]
Jan 05 22:22:09|PEAR_LOG_SQL[info] E' stata eseguita la query: [ UPDATE index_fattura SET year='2015' ] dall'utente di dominio [ paolo ]
Jan 05 22:22:09|PEAR_LOG_SQL[info] E' stata eseguita la query: [ UPDATE index_ddt SET year='2015' ] dall'utente di dominio [ paolo ]
Jan 05 22:22:14|PEAR_LOG_SQL[info] E' stata eseguita la query: [ UPDATE index_fattura SET year='2015' ] dall'utente di dominio [ paolo ]
Jan 05 22:22:14|PEAR_LOG_SQL[info] E' stata eseguita la query: [ UPDATE index_ddt SET year='2015' ] dall'utente di dominio [ paolo ]
