Jan 07 00:38:58|PEAR_LOG_SQL[info] E' stata eseguita la query: [ UPDATE index_fattura SET year='2015' ] dall'utente di dominio [  ]
Jan 07 00:38:58|PEAR_LOG_SQL[info] E' stata eseguita la query: [ UPDATE index_ddt SET year='2015' ] dall'utente di dominio [  ]
Jan 07 00:39:00|PEAR_LOG_SQL[info] E' stata eseguita la query: [ UPDATE index_fattura SET year='2015' ] dall'utente di dominio [  ]
Jan 07 00:39:00|PEAR_LOG_SQL[info] E' stata eseguita la query: [ UPDATE index_ddt SET year='2015' ] dall'utente di dominio [  ]
Jan 07 00:39:00|PEAR_LOG_SQL[info] E' stata eseguita la query: [ UPDATE users SET id_type = 1,id_anag = 7037,id_customer = 1,sconto_fornitori_nl = NULL,sconto_fornitori_de = NULL,username = 'paolo',password = 'e45db853fb2e1caa77398c3a16867d19a2afr24tg56r4r65wg',secret_question = 'Nome?',secret_response = 'Alessandro',confirmation_code = NULL,last_access = '2015-01-07 00:39:00',data_inserimento_riga = '2014-04-09',data_modifica_riga = '2015-01-07',is_newsletter_subscribed = '1',is_t_c_accepted = '1',is_active = 1,operatore = 'paolo' WHERE id = 7210 ] dall'utente di dominio [  ] Utente di dominio: [  ] REMOTE PORT: [ 64157 ] REMOTE IP: [ 95.232.197.223 ] FULL DATE [ 07-01-2015 ]
Jan 07 00:39:00|PEAR_LOG_SQL[info] E' stata eseguita la query: [ UPDATE index_fattura SET year='2015' ] dall'utente di dominio [ paolo ]
Jan 07 00:39:00|PEAR_LOG_SQL[info] E' stata eseguita la query: [ UPDATE index_ddt SET year='2015' ] dall'utente di dominio [ paolo ]
Jan 07 00:39:08|PEAR_LOG_SQL[info] E' stata eseguita la query: [ UPDATE index_fattura SET year='2015' ] dall'utente di dominio [ paolo ]
Jan 07 00:39:08|PEAR_LOG_SQL[info] E' stata eseguita la query: [ UPDATE index_ddt SET year='2015' ] dall'utente di dominio [ paolo ]
Jan 07 00:39:10|PEAR_LOG_SQL[info] E' stata eseguita la query: [ UPDATE index_fattura SET year='2015' ] dall'utente di dominio [ paolo ]
Jan 07 00:39:10|PEAR_LOG_SQL[info] E' stata eseguita la query: [ UPDATE index_ddt SET year='2015' ] dall'utente di dominio [ paolo ]
Jan 07 00:39:10|PEAR_LOG_SQL[info] E' stata eseguita la query: [ UPDATE giacenze SET id_gm = 14,bar_code = 'CYMB162ST',id_content = 23,id_fornitore = 117,C1 = NULL,C2 = NULL,C3 = NULL,C4 = NULL,C5 = NULL,prezzo_0 = '16.50',prezzo_1 = NULL,prezzo_2 = NULL,prezzo_3 = NULL,prezzo_4 = NULL,prezzo_5 = NULL,prezzo_6 = NULL,prezzo_7 = NULL,prezzo_8 = NULL,prezzo_9 = NULL,quantita = 2,quantita_mazzo = 6,disponibilita = 0,stato = 'E',promo = NULL,dimensione = NULL,scelta = NULL,fusto = NULL,produttore = '',openstage = NULL,data_inserimento_riga = '2015-01-06',data_modifica_riga = '2015-01-06',is_active = 1,operatore = 'paolo',prezzo_acquisto = '10.50',visibile = '0',in_home = '0',qta_minima = '6',qta_pianale = '24',qta_carrello = '48',qta_min_ordine = '2' WHERE id = 23 ] dall'utente di dominio [ paolo ]
Jan 07 00:39:10|PEAR_LOG_SQL[info] E' stata eseguita la query: [ UPDATE index_fattura SET year='2015' ] dall'utente di dominio [ paolo ]
Jan 07 00:39:10|PEAR_LOG_SQL[info] E' stata eseguita la query: [ UPDATE index_ddt SET year='2015' ] dall'utente di dominio [ paolo ]
Jan 07 00:39:11|PEAR_LOG_SQL[info] E' stata eseguita la query: [ UPDATE giacenze SET id_gm = 14,bar_code = 'CYMB162ST',id_content = 23,id_fornitore = 117,C1 = NULL,C2 = NULL,C3 = NULL,C4 = NULL,C5 = NULL,prezzo_0 = '16.50',prezzo_1 = NULL,prezzo_2 = NULL,prezzo_3 = NULL,prezzo_4 = NULL,prezzo_5 = NULL,prezzo_6 = NULL,prezzo_7 = NULL,prezzo_8 = NULL,prezzo_9 = NULL,quantita = 2,quantita_mazzo = 6,disponibilita = 0,stato = 'E',promo = NULL,dimensione = NULL,scelta = NULL,fusto = NULL,produttore = '',openstage = NULL,data_inserimento_riga = '2015-01-06',data_modifica_riga = '2015-01-06',is_active = 1,operatore = 'paolo',prezzo_acquisto = '10.50',visibile = '1',in_home = '0',qta_minima = '6',qta_pianale = '24',qta_carrello = '48',qta_min_ordine = '2' WHERE id = 23 ] dall'utente di dominio [ paolo ]
Jan 07 00:39:11|PEAR_LOG_SQL[info] E' stata eseguita la query: [ UPDATE index_fattura SET year='2015' ] dall'utente di dominio [ paolo ]
Jan 07 00:39:11|PEAR_LOG_SQL[info] E' stata eseguita la query: [ UPDATE index_ddt SET year='2015' ] dall'utente di dominio [ paolo ]
Jan 07 00:39:12|PEAR_LOG_SQL[info] E' stata eseguita la query: [ UPDATE index_fattura SET year='2015' ] dall'utente di dominio [ paolo ]
Jan 07 00:39:12|PEAR_LOG_SQL[info] E' stata eseguita la query: [ UPDATE index_ddt SET year='2015' ] dall'utente di dominio [ paolo ]
Jan 07 00:39:12|PEAR_LOG_SQL[info] E' stata eseguita la query: [ UPDATE index_fattura SET year='2015' ] dall'utente di dominio [ paolo ]
Jan 07 00:39:12|PEAR_LOG_SQL[info] E' stata eseguita la query: [ UPDATE index_ddt SET year='2015' ] dall'utente di dominio [ paolo ]
Jan 07 00:39:14|PEAR_LOG_SQL[info] E' stata eseguita la query: [ UPDATE index_fattura SET year='2015' ] dall'utente di dominio [ paolo ]
Jan 07 00:39:14|PEAR_LOG_SQL[info] E' stata eseguita la query: [ UPDATE index_ddt SET year='2015' ] dall'utente di dominio [ paolo ]
Jan 07 00:39:16|PEAR_LOG_SQL[info] E' stata eseguita la query: [ UPDATE index_fattura SET year='2015' ] dall'utente di dominio [ paolo ]
Jan 07 00:39:16|PEAR_LOG_SQL[info] E' stata eseguita la query: [ UPDATE index_ddt SET year='2015' ] dall'utente di dominio [ paolo ]
Jan 07 00:39:25|PEAR_LOG_SQL[info] E' stata eseguita la query: [ UPDATE index_fattura SET year='2015' ] dall'utente di dominio [ paolo ]
Jan 07 00:39:25|PEAR_LOG_SQL[info] E' stata eseguita la query: [ UPDATE index_ddt SET year='2015' ] dall'utente di dominio [ paolo ]
Jan 07 00:39:34|PEAR_LOG_SQL[info] E' stata eseguita la query: [ UPDATE index_fattura SET year='2015' ] dall'utente di dominio [ paolo ]
Jan 07 00:39:34|PEAR_LOG_SQL[info] E' stata eseguita la query: [ UPDATE index_ddt SET year='2015' ] dall'utente di dominio [ paolo ]
Jan 07 00:39:34|PEAR_LOG_SQL[info] E' stata eseguita la query: [ UPDATE content SET id_gm = 14,id_famiglia = NULL,nome_it = 'CINERARIA VASO 14',descrizione_it = '<p>Scelta pi&ugrave; piccola, ben fiorita, <strong><span style=\"color:#FF0000\">prezzo offerta!</span></strong></p>\r\n',nome_en = '',descrizione_en = '',vbn = NULL,note = '<p>Scelta pi&ugrave; piccola, ben fiorita, <strong><span style=\"color:#FF0000\">prezzo offerta!</span></strong></p>\r\n',peso = NULL,C1 = NULL,C2 = NULL,C3 = NULL,C4 = NULL,C5 = NULL,tipo_colore = NULL,prezzo_0 = '1.95',prezzo_1 = NULL,prezzo_2 = NULL,prezzo_3 = NULL,prezzo_4 = NULL,prezzo_5 = NULL,prezzo_6 = NULL,prezzo_7 = NULL,prezzo_8 = NULL,prezzo_9 = NULL,cod_iva = 10,have_image = NULL,vbn_image = NULL,data_inserimento_riga = '2015-01-07 00:39:34',data_modifica_riga = '2015-01-07 00:39:34',is_active = 1,is_vbn_updated = NULL,operatore = 'paolo',codice_articolo = NULL WHERE id = 43 ] dall'utente di dominio [ paolo ]
Jan 07 00:39:34|PEAR_LOG_SQL[info] E' stata eseguita la query: [ UPDATE giacenze SET id_gm = 14,bar_code = 'CINE14EC',id_content = 43,id_fornitore = 66,C1 = NULL,C2 = NULL,C3 = NULL,C4 = NULL,C5 = NULL,prezzo_0 = '1.95',prezzo_1 = NULL,prezzo_2 = NULL,prezzo_3 = NULL,prezzo_4 = NULL,prezzo_5 = NULL,prezzo_6 = NULL,prezzo_7 = NULL,prezzo_8 = NULL,prezzo_9 = NULL,quantita = 2,quantita_mazzo = 8,disponibilita = 0,stato = 'O',promo = NULL,dimensione = NULL,scelta = NULL,fusto = NULL,produttore = '',openstage = NULL,data_inserimento_riga = '2015-01-07 00:39:34',data_modifica_riga = '2015-01-07 00:39:34',is_active = 1,operatore = 'paolo',prezzo_acquisto = '1.25',visibile = '0',in_home = '1',qta_minima = '8',qta_pianale = '32',qta_carrello = '192',qta_min_ordine = '2' WHERE id = 967 ] dall'utente di dominio [ paolo ]
Jan 07 00:39:36|PEAR_LOG_SQL[info] E' stata eseguita la query: [ UPDATE index_fattura SET year='2015' ] dall'utente di dominio [ paolo ]
Jan 07 00:39:36|PEAR_LOG_SQL[info] E' stata eseguita la query: [ UPDATE index_ddt SET year='2015' ] dall'utente di dominio [ paolo ]
Jan 07 00:39:39|PEAR_LOG_SQL[info] E' stata eseguita la query: [ UPDATE index_fattura SET year='2015' ] dall'utente di dominio [ paolo ]
Jan 07 00:39:39|PEAR_LOG_SQL[info] E' stata eseguita la query: [ UPDATE index_ddt SET year='2015' ] dall'utente di dominio [ paolo ]
Jan 07 00:39:40|PEAR_LOG_SQL[info] E' stata eseguita la query: [ UPDATE index_fattura SET year='2015' ] dall'utente di dominio [ paolo ]
Jan 07 00:39:40|PEAR_LOG_SQL[info] E' stata eseguita la query: [ UPDATE index_ddt SET year='2015' ] dall'utente di dominio [ paolo ]
Jan 07 00:39:40|PEAR_LOG_SQL[info] E' stata eseguita la query: [ UPDATE index_fattura SET year='2015' ] dall'utente di dominio [ paolo ]
Jan 07 00:39:40|PEAR_LOG_SQL[info] E' stata eseguita la query: [ UPDATE index_ddt SET year='2015' ] dall'utente di dominio [ paolo ]
Jan 07 00:39:40|PEAR_LOG_SQL[info] E' stata eseguita la query: [ UPDATE index_fattura SET year='2015' ] dall'utente di dominio [ paolo ]
Jan 07 00:39:40|PEAR_LOG_SQL[info] E' stata eseguita la query: [ UPDATE index_ddt SET year='2015' ] dall'utente di dominio [ paolo ]
Jan 07 00:39:41|PEAR_LOG_SQL[info] E' stata eseguita la query: [ UPDATE index_fattura SET year='2015' ] dall'utente di dominio [ paolo ]
Jan 07 00:39:41|PEAR_LOG_SQL[info] E' stata eseguita la query: [ UPDATE index_ddt SET year='2015' ] dall'utente di dominio [ paolo ]
Jan 07 00:39:42|PEAR_LOG_SQL[info] E' stata eseguita la query: [ UPDATE index_fattura SET year='2015' ] dall'utente di dominio [ paolo ]
Jan 07 00:39:42|PEAR_LOG_SQL[info] E' stata eseguita la query: [ UPDATE index_ddt SET year='2015' ] dall'utente di dominio [ paolo ]
Jan 07 00:40:17|PEAR_LOG_SQL[info] E' stata eseguita la query: [ UPDATE index_fattura SET year='2015' ] dall'utente di dominio [ paolo ]
Jan 07 00:40:17|PEAR_LOG_SQL[info] E' stata eseguita la query: [ UPDATE index_ddt SET year='2015' ] dall'utente di dominio [ paolo ]
Jan 07 00:40:17|PEAR_LOG_SQL[info] E' stata eseguita la query: [ UPDATE content SET id_gm = 14,id_famiglia = NULL,nome_it = 'CINERARIA VASO 14',descrizione_it = '<p>Scelta pi&ugrave; piccola, ben fiorita, <strong><span style=\"color:#FF0000\">prezzo offerta!</span></strong></p>\r\n',nome_en = '',descrizione_en = '',vbn = NULL,note = '<p>Scelta pi&ugrave; piccola, ben fiorita, <strong><span style=\"color:#FF0000\">prezzo offerta!</span></strong></p>\r\n',peso = NULL,C1 = NULL,C2 = NULL,C3 = NULL,C4 = NULL,C5 = NULL,tipo_colore = NULL,prezzo_0 = '1.95',prezzo_1 = NULL,prezzo_2 = NULL,prezzo_3 = NULL,prezzo_4 = NULL,prezzo_5 = NULL,prezzo_6 = NULL,prezzo_7 = NULL,prezzo_8 = NULL,prezzo_9 = NULL,cod_iva = 10,have_image = NULL,vbn_image = NULL,data_inserimento_riga = '2015-01-07 00:40:17',data_modifica_riga = '2015-01-07 00:40:17',is_active = 1,is_vbn_updated = NULL,operatore = 'paolo',codice_articolo = NULL WHERE id = 43 ] dall'utente di dominio [ paolo ]
Jan 07 00:40:17|PEAR_LOG_SQL[info] E' stata eseguita la query: [ UPDATE giacenze SET id_gm = 14,bar_code = 'CINE14EC',id_content = 43,id_fornitore = 66,C1 = NULL,C2 = NULL,C3 = NULL,C4 = NULL,C5 = NULL,prezzo_0 = '1.95',prezzo_1 = NULL,prezzo_2 = NULL,prezzo_3 = NULL,prezzo_4 = NULL,prezzo_5 = NULL,prezzo_6 = NULL,prezzo_7 = NULL,prezzo_8 = NULL,prezzo_9 = NULL,quantita = 2,quantita_mazzo = 8,disponibilita = 0,stato = 'O',promo = NULL,dimensione = NULL,scelta = NULL,fusto = NULL,produttore = '',openstage = NULL,data_inserimento_riga = '2015-01-07 00:40:17',data_modifica_riga = '2015-01-07 00:40:17',is_active = 1,operatore = 'paolo',prezzo_acquisto = '1.25',visibile = '1',in_home = '1',qta_minima = '8',qta_pianale = '32',qta_carrello = '192',qta_min_ordine = '2' WHERE id = 967 ] dall'utente di dominio [ paolo ]
Jan 07 00:40:19|PEAR_LOG_SQL[info] E' stata eseguita la query: [ UPDATE index_fattura SET year='2015' ] dall'utente di dominio [ paolo ]
Jan 07 00:40:19|PEAR_LOG_SQL[info] E' stata eseguita la query: [ UPDATE index_ddt SET year='2015' ] dall'utente di dominio [ paolo ]
Jan 07 00:40:23|PEAR_LOG_SQL[info] E' stata eseguita la query: [ UPDATE index_fattura SET year='2015' ] dall'utente di dominio [ paolo ]
Jan 07 00:40:23|PEAR_LOG_SQL[info] E' stata eseguita la query: [ UPDATE index_ddt SET year='2015' ] dall'utente di dominio [ paolo ]
Jan 07 00:40:23|PEAR_LOG_SQL[info] E' stata eseguita la query: [ UPDATE index_fattura SET year='2015' ] dall'utente di dominio [ paolo ]
Jan 07 00:40:23|PEAR_LOG_SQL[info] E' stata eseguita la query: [ UPDATE index_ddt SET year='2015' ] dall'utente di dominio [ paolo ]
Jan 07 00:40:23|PEAR_LOG_SQL[info] E' stata eseguita la query: [ UPDATE index_fattura SET year='2015' ] dall'utente di dominio [ paolo ]
Jan 07 00:40:23|PEAR_LOG_SQL[info] E' stata eseguita la query: [ UPDATE index_ddt SET year='2015' ] dall'utente di dominio [ paolo ]
Jan 07 00:40:24|PEAR_LOG_SQL[info] E' stata eseguita la query: [ UPDATE index_fattura SET year='2015' ] dall'utente di dominio [ paolo ]
Jan 07 00:40:24|PEAR_LOG_SQL[info] E' stata eseguita la query: [ UPDATE index_ddt SET year='2015' ] dall'utente di dominio [ paolo ]
Jan 07 00:40:32|PEAR_LOG_SQL[info] E' stata eseguita la query: [ UPDATE index_fattura SET year='2015' ] dall'utente di dominio [ paolo ]
Jan 07 00:40:32|PEAR_LOG_SQL[info] E' stata eseguita la query: [ UPDATE index_ddt SET year='2015' ] dall'utente di dominio [ paolo ]
Jan 07 00:40:32|PEAR_LOG_SQL[info] E' stata eseguita la query: [ UPDATE index_fattura SET year='2015' ] dall'utente di dominio [ paolo ]
Jan 07 00:40:32|PEAR_LOG_SQL[info] E' stata eseguita la query: [ UPDATE index_ddt SET year='2015' ] dall'utente di dominio [ paolo ]
Jan 07 00:40:33|PEAR_LOG_SQL[info] E' stata eseguita la query: [ UPDATE index_fattura SET year='2015' ] dall'utente di dominio [ paolo ]
Jan 07 00:40:33|PEAR_LOG_SQL[info] E' stata eseguita la query: [ UPDATE index_ddt SET year='2015' ] dall'utente di dominio [ paolo ]
Jan 07 00:40:34|PEAR_LOG_SQL[info] E' stata eseguita la query: [ UPDATE index_fattura SET year='2015' ] dall'utente di dominio [ paolo ]
Jan 07 00:40:34|PEAR_LOG_SQL[info] E' stata eseguita la query: [ UPDATE index_ddt SET year='2015' ] dall'utente di dominio [ paolo ]
Jan 07 00:40:36|PEAR_LOG_SQL[info] E' stata eseguita la query: [ UPDATE index_fattura SET year='2015' ] dall'utente di dominio [ paolo ]
Jan 07 00:40:36|PEAR_LOG_SQL[info] E' stata eseguita la query: [ UPDATE index_ddt SET year='2015' ] dall'utente di dominio [ paolo ]
Jan 07 00:40:41|PEAR_LOG_SQL[info] E' stata eseguita la query: [ UPDATE index_fattura SET year='2015' ] dall'utente di dominio [ paolo ]
Jan 07 00:40:41|PEAR_LOG_SQL[info] E' stata eseguita la query: [ UPDATE index_ddt SET year='2015' ] dall'utente di dominio [ paolo ]
Jan 07 00:40:45|PEAR_LOG_SQL[info] E' stata eseguita la query: [ UPDATE index_fattura SET year='2015' ] dall'utente di dominio [ paolo ]
Jan 07 00:40:45|PEAR_LOG_SQL[info] E' stata eseguita la query: [ UPDATE index_ddt SET year='2015' ] dall'utente di dominio [ paolo ]
Jan 07 10:03:26|PEAR_LOG_SQL[info] E' stata eseguita la query: [ UPDATE index_fattura SET year='2015' ] dall'utente di dominio [  ]
Jan 07 10:03:26|PEAR_LOG_SQL[info] E' stata eseguita la query: [ UPDATE index_ddt SET year='2015' ] dall'utente di dominio [  ]
Jan 07 10:03:32|PEAR_LOG_SQL[info] E' stata eseguita la query: [ UPDATE index_fattura SET year='2015' ] dall'utente di dominio [  ]
Jan 07 10:03:32|PEAR_LOG_SQL[info] E' stata eseguita la query: [ UPDATE index_ddt SET year='2015' ] dall'utente di dominio [  ]
Jan 07 10:03:32|PEAR_LOG_SQL[info] E' stata eseguita la query: [ UPDATE users SET id_type = 1,id_anag = 7037,id_customer = 1,sconto_fornitori_nl = NULL,sconto_fornitori_de = NULL,username = 'paolo',password = 'e45db853fb2e1caa77398c3a16867d19a2afr24tg56r4r65wg',secret_question = 'Nome?',secret_response = 'Alessandro',confirmation_code = NULL,last_access = '2015-01-07 10:03:32',data_inserimento_riga = '2014-04-09',data_modifica_riga = '2015-01-07',is_newsletter_subscribed = '1',is_t_c_accepted = '1',is_active = 1,operatore = 'paolo' WHERE id = 7210 ] dall'utente di dominio [  ] Utente di dominio: [  ] REMOTE PORT: [ 49336 ] REMOTE IP: [ 95.225.163.88 ] FULL DATE [ 07-01-2015 ]
Jan 07 10:03:32|PEAR_LOG_SQL[info] E' stata eseguita la query: [ UPDATE index_fattura SET year='2015' ] dall'utente di dominio [ paolo ]
Jan 07 10:03:32|PEAR_LOG_SQL[info] E' stata eseguita la query: [ UPDATE index_ddt SET year='2015' ] dall'utente di dominio [ paolo ]
Jan 07 10:03:44|PEAR_LOG_SQL[info] E' stata eseguita la query: [ UPDATE index_fattura SET year='2015' ] dall'utente di dominio [ paolo ]
Jan 07 10:03:44|PEAR_LOG_SQL[info] E' stata eseguita la query: [ UPDATE index_ddt SET year='2015' ] dall'utente di dominio [ paolo ]
Jan 07 10:03:44|PEAR_LOG_SQL[info] E' stata eseguita la query: [ UPDATE index_fattura SET year='2015' ] dall'utente di dominio [ paolo ]
Jan 07 10:03:44|PEAR_LOG_SQL[info] E' stata eseguita la query: [ UPDATE index_ddt SET year='2015' ] dall'utente di dominio [ paolo ]
Jan 07 10:03:45|PEAR_LOG_SQL[info] E' stata eseguita la query: [ UPDATE index_fattura SET year='2015' ] dall'utente di dominio [ paolo ]
Jan 07 10:03:45|PEAR_LOG_SQL[info] E' stata eseguita la query: [ UPDATE index_ddt SET year='2015' ] dall'utente di dominio [ paolo ]
Jan 07 10:03:56|PEAR_LOG_SQL[info] E' stata eseguita la query: [ UPDATE index_fattura SET year='2015' ] dall'utente di dominio [ paolo ]
Jan 07 10:03:56|PEAR_LOG_SQL[info] E' stata eseguita la query: [ UPDATE index_ddt SET year='2015' ] dall'utente di dominio [ paolo ]
Jan 07 10:05:58|PEAR_LOG_SQL[info] E' stata eseguita la query: [ UPDATE index_fattura SET year='2015' ] dall'utente di dominio [ paolo ]
Jan 07 10:05:58|PEAR_LOG_SQL[info] E' stata eseguita la query: [ UPDATE index_ddt SET year='2015' ] dall'utente di dominio [ paolo ]
Jan 07 10:05:59|PEAR_LOG_SQL[info] E' stata eseguita la query: [ INSERT INTO content (id,id_gm,id_famiglia,nome_it,descrizione_it,nome_en,descrizione_en,vbn,note,peso,C1,C2,C3,C4,C5,tipo_colore,prezzo_0,prezzo_1,prezzo_2,prezzo_3,prezzo_4,prezzo_5,prezzo_6,prezzo_7,prezzo_8,prezzo_9,cod_iva,have_image,vbn_image,data_inserimento_riga,data_modifica_riga,is_active,is_vbn_updated,operatore,codice_articolo) VALUES (44,15,NULL,'CAMELIA JAPONICA VASO 14','<p>Ottima qualit&agrave;, robuste e ben bocciolate.</p>\r\n','','',NULL,'<p>Ottima qualit&agrave;, robuste e ben bocciolate.</p>\r\n',NULL,NULL,NULL,NULL,NULL,NULL,NULL,'4.35',NULL,NULL,NULL,NULL,NULL,NULL,NULL,NULL,NULL,10,NULL,NULL,'2015-01-07 10:05:58','2015-01-07 10:05:58',1,NULL,'paolo',NULL) ] dall'utente di dominio [ paolo ]
Jan 07 10:05:59|PEAR_LOG_SQL[info] E' stata eseguita la query: [ INSERT INTO giacenze (id,id_gm,bar_code,id_content,id_fornitore,C1,C2,C3,C4,C5,prezzo_0,prezzo_1,prezzo_2,prezzo_3,prezzo_4,prezzo_5,prezzo_6,prezzo_7,prezzo_8,prezzo_9,quantita,quantita_mazzo,disponibilita,stato,promo,dimensione,scelta,fusto,produttore,openstage,data_inserimento_riga,data_modifica_riga,is_active,operatore,prezzo_acquisto,visibile,in_home,qta_minima,qta_pianale,qta_carrello,qta_min_ordine) VALUES (968,15,'CAME14',44,10,NULL,NULL,NULL,NULL,NULL,'4.35',NULL,NULL,NULL,NULL,NULL,NULL,NULL,NULL,NULL,3,6,0,'N',NULL,NULL,NULL,NULL,'',NULL,'2015-01-07 10:05:59','2015-01-07 10:05:59',1,'paolo','2.80','0','0','6','36','180','3') ] dall'utente di dominio [ paolo ] Utente di dominio: [ paolo ] REMOTE PORT: [ 49360 ] REMOTE IP: [ 95.225.163.88 ] FULL DATE [ 07-01-2015 ]
Jan 07 10:05:59|PEAR_LOG_SQL[info] E' stata eseguita la query: [ INSERT INTO images (id,ext,id_content,name,local_path,www_path) VALUES (243,NULL,44,'default.jpg','/var/www/vhosts/shop-oddone.biz/httpdocs/admin/img/web/product','http://shop-oddone.biz/admin//img/web/product') ] dall'utente di dominio [ paolo ]
Jan 07 10:05:59|PEAR_LOG_SQL[info] E' stata eseguita la query: [ INSERT INTO images (id,ext,id_content,name,local_path,www_path) VALUES (244,NULL,44,'default.jpg','/var/www/vhosts/shop-oddone.biz/httpdocs/admin/img/web/product','http://shop-oddone.biz/admin//img/web/product') ] dall'utente di dominio [ paolo ]
Jan 07 10:05:59|PEAR_LOG_SQL[info] E' stata eseguita la query: [ INSERT INTO images (id,ext,id_content,name,local_path,www_path) VALUES (245,NULL,44,'default.jpg','/var/www/vhosts/shop-oddone.biz/httpdocs/admin/img/web/product','http://shop-oddone.biz/admin//img/web/product') ] dall'utente di dominio [ paolo ]
Jan 07 10:05:59|PEAR_LOG_SQL[info] E' stata eseguita la query: [ INSERT INTO images (id,ext,id_content,name,local_path,www_path) VALUES (246,NULL,44,'default.jpg','/var/www/vhosts/shop-oddone.biz/httpdocs/admin/img/web/product','http://shop-oddone.biz/admin//img/web/product') ] dall'utente di dominio [ paolo ]
Jan 07 10:06:23|PEAR_LOG_SQL[info] E' stata eseguita la query: [ UPDATE index_fattura SET year='2015' ] dall'utente di dominio [ paolo ]
Jan 07 10:06:23|PEAR_LOG_SQL[info] E' stata eseguita la query: [ UPDATE index_ddt SET year='2015' ] dall'utente di dominio [ paolo ]
Jan 07 10:06:23|PEAR_LOG_SQL[info] E' stata eseguita la query: [ UPDATE content SET id_gm = 15,id_famiglia = NULL,nome_it = 'CAMELIA JAPONICA VASO 14',descrizione_it = '<p>Ottima qualit&agrave;, robuste e ben bocciolate.</p>\r\n',nome_en = '',descrizione_en = '',vbn = NULL,note = '<p>Ottima qualit&agrave;, robuste e ben bocciolate.</p>\r\n',peso = NULL,C1 = NULL,C2 = NULL,C3 = NULL,C4 = NULL,C5 = NULL,tipo_colore = NULL,prezzo_0 = '4.35',prezzo_1 = NULL,prezzo_2 = NULL,prezzo_3 = NULL,prezzo_4 = NULL,prezzo_5 = NULL,prezzo_6 = NULL,prezzo_7 = NULL,prezzo_8 = NULL,prezzo_9 = NULL,cod_iva = 10,have_image = NULL,vbn_image = NULL,data_inserimento_riga = '2015-01-07 10:06:23',data_modifica_riga = '2015-01-07 10:06:23',is_active = 1,is_vbn_updated = NULL,operatore = 'paolo',codice_articolo = NULL WHERE id = 44 ] dall'utente di dominio [ paolo ]
Jan 07 10:06:23|PEAR_LOG_SQL[info] E' stata eseguita la query: [ UPDATE giacenze SET id_gm = 15,bar_code = 'CAME14',id_content = 44,id_fornitore = 10,C1 = NULL,C2 = NULL,C3 = NULL,C4 = NULL,C5 = NULL,prezzo_0 = '4.35',prezzo_1 = NULL,prezzo_2 = NULL,prezzo_3 = NULL,prezzo_4 = NULL,prezzo_5 = NULL,prezzo_6 = NULL,prezzo_7 = NULL,prezzo_8 = NULL,prezzo_9 = NULL,quantita = 3,quantita_mazzo = 6,disponibilita = 0,stato = 'N',promo = NULL,dimensione = NULL,scelta = NULL,fusto = NULL,produttore = '',openstage = NULL,data_inserimento_riga = '2015-01-07 10:06:23',data_modifica_riga = '2015-01-07 10:06:23',is_active = 1,operatore = 'paolo',prezzo_acquisto = '2.80',visibile = '0',in_home = '0',qta_minima = '6',qta_pianale = '36',qta_carrello = '180',qta_min_ordine = '3' WHERE id = 968 ] dall'utente di dominio [ paolo ]
Jan 07 10:06:24|PEAR_LOG_SQL[info] E' stata eseguita la query: [ INSERT INTO images (id,ext,id_content,name,local_path,www_path) VALUES (247,'.jpg',44,'CAME14_1','/var/www/vhosts/shop-oddone.biz/httpdocs/FlorSysIntegration/img/','http://shop-oddone.biz/FlorSysIntegration/img/') ] dall'utente di dominio [ paolo ] Utente di dominio: [ paolo ] REMOTE PORT: [ 49367 ] REMOTE IP: [ 95.225.163.88 ] FULL DATE [ 07-01-2015 ]
Jan 07 10:06:27|PEAR_LOG_SQL[info] E' stata eseguita la query: [ UPDATE index_fattura SET year='2015' ] dall'utente di dominio [ paolo ]
Jan 07 10:06:27|PEAR_LOG_SQL[info] E' stata eseguita la query: [ UPDATE index_ddt SET year='2015' ] dall'utente di dominio [ paolo ]
Jan 07 10:06:30|PEAR_LOG_SQL[info] E' stata eseguita la query: [ UPDATE index_fattura SET year='2015' ] dall'utente di dominio [ paolo ]
Jan 07 10:06:30|PEAR_LOG_SQL[info] E' stata eseguita la query: [ UPDATE index_ddt SET year='2015' ] dall'utente di dominio [ paolo ]
Jan 07 10:06:30|PEAR_LOG_SQL[info] E' stata eseguita la query: [ UPDATE index_fattura SET year='2015' ] dall'utente di dominio [ paolo ]
Jan 07 10:06:30|PEAR_LOG_SQL[info] E' stata eseguita la query: [ UPDATE index_ddt SET year='2015' ] dall'utente di dominio [ paolo ]
Jan 07 10:06:31|PEAR_LOG_SQL[info] E' stata eseguita la query: [ UPDATE index_fattura SET year='2015' ] dall'utente di dominio [ paolo ]
Jan 07 10:06:31|PEAR_LOG_SQL[info] E' stata eseguita la query: [ UPDATE index_ddt SET year='2015' ] dall'utente di dominio [ paolo ]
Jan 07 10:06:36|PEAR_LOG_SQL[info] E' stata eseguita la query: [ UPDATE index_fattura SET year='2015' ] dall'utente di dominio [ paolo ]
Jan 07 10:06:36|PEAR_LOG_SQL[info] E' stata eseguita la query: [ UPDATE index_ddt SET year='2015' ] dall'utente di dominio [ paolo ]
Jan 07 10:06:47|PEAR_LOG_SQL[info] E' stata eseguita la query: [ UPDATE index_fattura SET year='2015' ] dall'utente di dominio [ paolo ]
Jan 07 10:06:47|PEAR_LOG_SQL[info] E' stata eseguita la query: [ UPDATE index_ddt SET year='2015' ] dall'utente di dominio [ paolo ]
Jan 07 10:06:47|PEAR_LOG_SQL[info] E' stata eseguita la query: [ UPDATE content SET id_gm = 15,id_famiglia = NULL,nome_it = 'CAMELIA JAPONICA VASO 14',descrizione_it = '<p>Ottima qualit&agrave;, robuste e ben bocciolate.</p>\r\n',nome_en = '',descrizione_en = '',vbn = NULL,note = '<p>Ottima qualit&agrave;, robuste e ben bocciolate.</p>\r\n',peso = NULL,C1 = NULL,C2 = NULL,C3 = NULL,C4 = NULL,C5 = NULL,tipo_colore = NULL,prezzo_0 = '4.35',prezzo_1 = NULL,prezzo_2 = NULL,prezzo_3 = NULL,prezzo_4 = NULL,prezzo_5 = NULL,prezzo_6 = NULL,prezzo_7 = NULL,prezzo_8 = NULL,prezzo_9 = NULL,cod_iva = 10,have_image = NULL,vbn_image = NULL,data_inserimento_riga = '2015-01-07 10:06:47',data_modifica_riga = '2015-01-07 10:06:47',is_active = 1,is_vbn_updated = NULL,operatore = 'paolo',codice_articolo = NULL WHERE id = 44 ] dall'utente di dominio [ paolo ]
Jan 07 10:06:47|PEAR_LOG_SQL[info] E' stata eseguita la query: [ UPDATE giacenze SET id_gm = 15,bar_code = 'CAME14',id_content = 44,id_fornitore = 10,C1 = NULL,C2 = NULL,C3 = NULL,C4 = NULL,C5 = NULL,prezzo_0 = '4.35',prezzo_1 = NULL,prezzo_2 = NULL,prezzo_3 = NULL,prezzo_4 = NULL,prezzo_5 = NULL,prezzo_6 = NULL,prezzo_7 = NULL,prezzo_8 = NULL,prezzo_9 = NULL,quantita = 3,quantita_mazzo = 6,disponibilita = 0,stato = 'N',promo = NULL,dimensione = NULL,scelta = NULL,fusto = NULL,produttore = '',openstage = NULL,data_inserimento_riga = '2015-01-07 10:06:47',data_modifica_riga = '2015-01-07 10:06:47',is_active = 1,operatore = 'paolo',prezzo_acquisto = '2.80',visibile = '1',in_home = '0',qta_minima = '6',qta_pianale = '36',qta_carrello = '180',qta_min_ordine = '3' WHERE id = 968 ] dall'utente di dominio [ paolo ]
Jan 07 10:08:59|PEAR_LOG_SQL[info] E' stata eseguita la query: [ UPDATE index_fattura SET year='2015' ] dall'utente di dominio [ paolo ]
Jan 07 10:08:59|PEAR_LOG_SQL[info] E' stata eseguita la query: [ UPDATE index_ddt SET year='2015' ] dall'utente di dominio [ paolo ]
Jan 07 10:09:06|PEAR_LOG_SQL[info] E' stata eseguita la query: [ UPDATE index_fattura SET year='2015' ] dall'utente di dominio [ paolo ]
Jan 07 10:09:06|PEAR_LOG_SQL[info] E' stata eseguita la query: [ UPDATE index_ddt SET year='2015' ] dall'utente di dominio [ paolo ]
Jan 07 10:09:07|PEAR_LOG_SQL[info] E' stata eseguita la query: [ UPDATE index_fattura SET year='2015' ] dall'utente di dominio [ paolo ]
Jan 07 10:09:07|PEAR_LOG_SQL[info] E' stata eseguita la query: [ UPDATE index_ddt SET year='2015' ] dall'utente di dominio [ paolo ]
Jan 07 10:09:09|PEAR_LOG_SQL[info] E' stata eseguita la query: [ UPDATE index_fattura SET year='2015' ] dall'utente di dominio [ paolo ]
Jan 07 10:09:09|PEAR_LOG_SQL[info] E' stata eseguita la query: [ UPDATE index_ddt SET year='2015' ] dall'utente di dominio [ paolo ]
Jan 07 10:09:15|PEAR_LOG_SQL[info] E' stata eseguita la query: [ UPDATE index_fattura SET year='2015' ] dall'utente di dominio [ paolo ]
Jan 07 10:09:15|PEAR_LOG_SQL[info] E' stata eseguita la query: [ UPDATE index_ddt SET year='2015' ] dall'utente di dominio [ paolo ]
Jan 07 15:52:23|PEAR_LOG_SQL[info] E' stata eseguita la query: [ UPDATE index_fattura SET year='2015' ] dall'utente di dominio [  ]
Jan 07 15:52:23|PEAR_LOG_SQL[info] E' stata eseguita la query: [ UPDATE index_ddt SET year='2015' ] dall'utente di dominio [  ]
Jan 07 15:52:49|PEAR_LOG_SQL[info] E' stata eseguita la query: [ UPDATE index_fattura SET year='2015' ] dall'utente di dominio [  ]
Jan 07 15:52:49|PEAR_LOG_SQL[info] E' stata eseguita la query: [ UPDATE index_ddt SET year='2015' ] dall'utente di dominio [  ]
Jan 07 15:52:49|PEAR_LOG_SQL[info] E' stata eseguita la query: [ UPDATE users SET id_type = 1,id_anag = 7037,id_customer = 1,sconto_fornitori_nl = NULL,sconto_fornitori_de = NULL,username = 'paolo',password = 'e45db853fb2e1caa77398c3a16867d19a2afr24tg56r4r65wg',secret_question = 'Nome?',secret_response = 'Alessandro',confirmation_code = NULL,last_access = '2015-01-07 15:52:49',data_inserimento_riga = '2014-04-09',data_modifica_riga = '2015-01-07',is_newsletter_subscribed = '1',is_t_c_accepted = '1',is_active = 1,operatore = 'paolo' WHERE id = 7210 ] dall'utente di dominio [  ] Utente di dominio: [  ] REMOTE PORT: [ 51699 ] REMOTE IP: [ 95.225.163.88 ] FULL DATE [ 07-01-2015 ]
Jan 07 15:52:49|PEAR_LOG_SQL[info] E' stata eseguita la query: [ UPDATE index_fattura SET year='2015' ] dall'utente di dominio [ paolo ]
Jan 07 15:52:49|PEAR_LOG_SQL[info] E' stata eseguita la query: [ UPDATE index_ddt SET year='2015' ] dall'utente di dominio [ paolo ]
Jan 07 15:53:02|PEAR_LOG_SQL[info] E' stata eseguita la query: [ UPDATE index_fattura SET year='2015' ] dall'utente di dominio [ paolo ]
Jan 07 15:53:02|PEAR_LOG_SQL[info] E' stata eseguita la query: [ UPDATE index_ddt SET year='2015' ] dall'utente di dominio [ paolo ]
Jan 07 15:53:02|PEAR_LOG_SQL[info] E' stata eseguita la query: [ UPDATE index_fattura SET year='2015' ] dall'utente di dominio [ paolo ]
Jan 07 15:53:02|PEAR_LOG_SQL[info] E' stata eseguita la query: [ UPDATE index_ddt SET year='2015' ] dall'utente di dominio [ paolo ]
Jan 07 15:53:04|PEAR_LOG_SQL[info] E' stata eseguita la query: [ UPDATE index_fattura SET year='2015' ] dall'utente di dominio [ paolo ]
Jan 07 15:53:04|PEAR_LOG_SQL[info] E' stata eseguita la query: [ UPDATE index_ddt SET year='2015' ] dall'utente di dominio [ paolo ]
Jan 07 15:53:06|PEAR_LOG_SQL[info] E' stata eseguita la query: [ UPDATE index_fattura SET year='2015' ] dall'utente di dominio [ paolo ]
Jan 07 15:53:06|PEAR_LOG_SQL[info] E' stata eseguita la query: [ UPDATE index_ddt SET year='2015' ] dall'utente di dominio [ paolo ]
Jan 07 17:15:33|PEAR_LOG_SQL[info] E' stata eseguita la query: [ UPDATE index_fattura SET year='2015' ] dall'utente di dominio [  ]
Jan 07 17:15:33|PEAR_LOG_SQL[info] E' stata eseguita la query: [ UPDATE index_ddt SET year='2015' ] dall'utente di dominio [  ]
Jan 07 21:13:26|PEAR_LOG_SQL[info] E' stata eseguita la query: [ UPDATE index_fattura SET year='2015' ] dall'utente di dominio [  ]
Jan 07 21:13:26|PEAR_LOG_SQL[info] E' stata eseguita la query: [ UPDATE index_ddt SET year='2015' ] dall'utente di dominio [  ]
