Jan 08 00:18:50|PEAR_LOG_SQL[info] E' stata eseguita la query: [ UPDATE index_fattura SET year='2015' ] dall'utente di dominio [  ]
Jan 08 00:18:50|PEAR_LOG_SQL[info] E' stata eseguita la query: [ UPDATE index_ddt SET year='2015' ] dall'utente di dominio [  ]
Jan 08 00:18:56|PEAR_LOG_SQL[info] E' stata eseguita la query: [ UPDATE index_fattura SET year='2015' ] dall'utente di dominio [  ]
Jan 08 00:18:56|PEAR_LOG_SQL[info] E' stata eseguita la query: [ UPDATE index_ddt SET year='2015' ] dall'utente di dominio [  ]
Jan 08 00:18:56|PEAR_LOG_SQL[info] E' stata eseguita la query: [ UPDATE users SET id_type = 1,id_anag = 7037,id_customer = 1,sconto_fornitori_nl = NULL,sconto_fornitori_de = NULL,username = 'paolo',password = 'e45db853fb2e1caa77398c3a16867d19a2afr24tg56r4r65wg',secret_question = 'Nome?',secret_response = 'Alessandro',confirmation_code = NULL,last_access = '2015-01-08 00:18:56',data_inserimento_riga = '2014-04-09',data_modifica_riga = '2015-01-08',is_newsletter_subscribed = '1',is_t_c_accepted = '1',is_active = 1,operatore = 'paolo' WHERE id = 7210 ] dall'utente di dominio [  ] Utente di dominio: [  ] REMOTE PORT: [ 56974 ] REMOTE IP: [ 95.232.197.223 ] FULL DATE [ 08-01-2015 ]
Jan 08 00:18:57|PEAR_LOG_SQL[info] E' stata eseguita la query: [ UPDATE index_fattura SET year='2015' ] dall'utente di dominio [ paolo ]
Jan 08 00:18:57|PEAR_LOG_SQL[info] E' stata eseguita la query: [ UPDATE index_ddt SET year='2015' ] dall'utente di dominio [ paolo ]
Jan 08 00:19:09|PEAR_LOG_SQL[info] E' stata eseguita la query: [ UPDATE index_fattura SET year='2015' ] dall'utente di dominio [ paolo ]
Jan 08 00:19:09|PEAR_LOG_SQL[info] E' stata eseguita la query: [ UPDATE index_ddt SET year='2015' ] dall'utente di dominio [ paolo ]
Jan 08 00:19:09|PEAR_LOG_SQL[info] E' stata eseguita la query: [ UPDATE index_fattura SET year='2015' ] dall'utente di dominio [ paolo ]
Jan 08 00:19:09|PEAR_LOG_SQL[info] E' stata eseguita la query: [ UPDATE index_ddt SET year='2015' ] dall'utente di dominio [ paolo ]
Jan 08 00:19:09|PEAR_LOG_SQL[info] E' stata eseguita la query: [ UPDATE index_fattura SET year='2015' ] dall'utente di dominio [ paolo ]
Jan 08 00:19:09|PEAR_LOG_SQL[info] E' stata eseguita la query: [ UPDATE index_ddt SET year='2015' ] dall'utente di dominio [ paolo ]
Jan 08 00:19:11|PEAR_LOG_SQL[info] E' stata eseguita la query: [ UPDATE index_fattura SET year='2015' ] dall'utente di dominio [ paolo ]
Jan 08 00:19:11|PEAR_LOG_SQL[info] E' stata eseguita la query: [ UPDATE index_ddt SET year='2015' ] dall'utente di dominio [ paolo ]
Jan 08 00:19:12|PEAR_LOG_SQL[info] E' stata eseguita la query: [ UPDATE index_fattura SET year='2015' ] dall'utente di dominio [ paolo ]
Jan 08 00:19:12|PEAR_LOG_SQL[info] E' stata eseguita la query: [ UPDATE index_ddt SET year='2015' ] dall'utente di dominio [ paolo ]
Jan 08 00:19:17|PEAR_LOG_SQL[info] E' stata eseguita la query: [ UPDATE index_fattura SET year='2015' ] dall'utente di dominio [ paolo ]
Jan 08 00:19:17|PEAR_LOG_SQL[info] E' stata eseguita la query: [ UPDATE index_ddt SET year='2015' ] dall'utente di dominio [ paolo ]
Jan 08 00:19:22|PEAR_LOG_SQL[info] E' stata eseguita la query: [ UPDATE index_fattura SET year='2015' ] dall'utente di dominio [ paolo ]
Jan 08 00:19:22|PEAR_LOG_SQL[info] E' stata eseguita la query: [ UPDATE index_ddt SET year='2015' ] dall'utente di dominio [ paolo ]
Jan 08 00:19:31|PEAR_LOG_SQL[info] E' stata eseguita la query: [ UPDATE index_fattura SET year='2015' ] dall'utente di dominio [ paolo ]
Jan 08 00:19:31|PEAR_LOG_SQL[info] E' stata eseguita la query: [ UPDATE index_ddt SET year='2015' ] dall'utente di dominio [ paolo ]
Jan 08 00:19:42|PEAR_LOG_SQL[info] E' stata eseguita la query: [ UPDATE index_fattura SET year='2015' ] dall'utente di dominio [ paolo ]
Jan 08 00:19:42|PEAR_LOG_SQL[info] E' stata eseguita la query: [ UPDATE index_ddt SET year='2015' ] dall'utente di dominio [ paolo ]
Jan 08 00:19:42|PEAR_LOG_SQL[info] E' stata eseguita la query: [ UPDATE index_fattura SET year='2015' ] dall'utente di dominio [ paolo ]
Jan 08 00:19:42|PEAR_LOG_SQL[info] E' stata eseguita la query: [ UPDATE index_ddt SET year='2015' ] dall'utente di dominio [ paolo ]
Jan 08 00:19:52|PEAR_LOG_SQL[info] E' stata eseguita la query: [ UPDATE index_fattura SET year='2015' ] dall'utente di dominio [ paolo ]
Jan 08 00:19:52|PEAR_LOG_SQL[info] E' stata eseguita la query: [ UPDATE index_ddt SET year='2015' ] dall'utente di dominio [ paolo ]
Jan 08 00:19:52|PEAR_LOG_SQL[info] E' stata eseguita la query: [ UPDATE index_fattura SET year='2015' ] dall'utente di dominio [ paolo ]
Jan 08 00:19:52|PEAR_LOG_SQL[info] E' stata eseguita la query: [ UPDATE index_ddt SET year='2015' ] dall'utente di dominio [ paolo ]
Jan 08 00:20:02|PEAR_LOG_SQL[info] E' stata eseguita la query: [ UPDATE index_fattura SET year='2015' ] dall'utente di dominio [ paolo ]
Jan 08 00:20:02|PEAR_LOG_SQL[info] E' stata eseguita la query: [ UPDATE index_ddt SET year='2015' ] dall'utente di dominio [ paolo ]
Jan 08 00:20:02|PEAR_LOG_SQL[info] E' stata eseguita la query: [ UPDATE index_fattura SET year='2015' ] dall'utente di dominio [ paolo ]
Jan 08 00:20:02|PEAR_LOG_SQL[info] E' stata eseguita la query: [ UPDATE index_ddt SET year='2015' ] dall'utente di dominio [ paolo ]
Jan 08 00:20:12|PEAR_LOG_SQL[info] E' stata eseguita la query: [ UPDATE index_fattura SET year='2015' ] dall'utente di dominio [ paolo ]
Jan 08 00:20:12|PEAR_LOG_SQL[info] E' stata eseguita la query: [ UPDATE index_ddt SET year='2015' ] dall'utente di dominio [ paolo ]
Jan 08 00:20:12|PEAR_LOG_SQL[info] E' stata eseguita la query: [ UPDATE index_fattura SET year='2015' ] dall'utente di dominio [ paolo ]
Jan 08 00:20:12|PEAR_LOG_SQL[info] E' stata eseguita la query: [ UPDATE index_ddt SET year='2015' ] dall'utente di dominio [ paolo ]
Jan 08 00:20:22|PEAR_LOG_SQL[info] E' stata eseguita la query: [ UPDATE index_fattura SET year='2015' ] dall'utente di dominio [ paolo ]
Jan 08 00:20:22|PEAR_LOG_SQL[info] E' stata eseguita la query: [ UPDATE index_ddt SET year='2015' ] dall'utente di dominio [ paolo ]
Jan 08 00:20:22|PEAR_LOG_SQL[info] E' stata eseguita la query: [ UPDATE index_fattura SET year='2015' ] dall'utente di dominio [ paolo ]
Jan 08 00:20:22|PEAR_LOG_SQL[info] E' stata eseguita la query: [ UPDATE index_ddt SET year='2015' ] dall'utente di dominio [ paolo ]
Jan 08 00:20:33|PEAR_LOG_SQL[info] E' stata eseguita la query: [ UPDATE index_fattura SET year='2015' ] dall'utente di dominio [ paolo ]
Jan 08 00:20:33|PEAR_LOG_SQL[info] E' stata eseguita la query: [ UPDATE index_ddt SET year='2015' ] dall'utente di dominio [ paolo ]
Jan 08 00:20:33|PEAR_LOG_SQL[info] E' stata eseguita la query: [ UPDATE index_fattura SET year='2015' ] dall'utente di dominio [ paolo ]
Jan 08 00:20:33|PEAR_LOG_SQL[info] E' stata eseguita la query: [ UPDATE index_ddt SET year='2015' ] dall'utente di dominio [ paolo ]
Jan 08 00:20:43|PEAR_LOG_SQL[info] E' stata eseguita la query: [ UPDATE index_fattura SET year='2015' ] dall'utente di dominio [ paolo ]
Jan 08 00:20:43|PEAR_LOG_SQL[info] E' stata eseguita la query: [ UPDATE index_ddt SET year='2015' ] dall'utente di dominio [ paolo ]
Jan 08 00:20:43|PEAR_LOG_SQL[info] E' stata eseguita la query: [ UPDATE index_fattura SET year='2015' ] dall'utente di dominio [ paolo ]
Jan 08 00:20:43|PEAR_LOG_SQL[info] E' stata eseguita la query: [ UPDATE index_ddt SET year='2015' ] dall'utente di dominio [ paolo ]
Jan 08 00:20:53|PEAR_LOG_SQL[info] E' stata eseguita la query: [ UPDATE index_fattura SET year='2015' ] dall'utente di dominio [ paolo ]
Jan 08 00:20:53|PEAR_LOG_SQL[info] E' stata eseguita la query: [ UPDATE index_ddt SET year='2015' ] dall'utente di dominio [ paolo ]
Jan 08 00:20:53|PEAR_LOG_SQL[info] E' stata eseguita la query: [ UPDATE index_fattura SET year='2015' ] dall'utente di dominio [ paolo ]
Jan 08 00:20:53|PEAR_LOG_SQL[info] E' stata eseguita la query: [ UPDATE index_ddt SET year='2015' ] dall'utente di dominio [ paolo ]
Jan 08 00:21:03|PEAR_LOG_SQL[info] E' stata eseguita la query: [ UPDATE index_fattura SET year='2015' ] dall'utente di dominio [ paolo ]
Jan 08 00:21:03|PEAR_LOG_SQL[info] E' stata eseguita la query: [ UPDATE index_ddt SET year='2015' ] dall'utente di dominio [ paolo ]
Jan 08 00:21:03|PEAR_LOG_SQL[info] E' stata eseguita la query: [ UPDATE index_fattura SET year='2015' ] dall'utente di dominio [ paolo ]
Jan 08 00:21:03|PEAR_LOG_SQL[info] E' stata eseguita la query: [ UPDATE index_ddt SET year='2015' ] dall'utente di dominio [ paolo ]
Jan 08 00:21:13|PEAR_LOG_SQL[info] E' stata eseguita la query: [ UPDATE index_fattura SET year='2015' ] dall'utente di dominio [ paolo ]
Jan 08 00:21:13|PEAR_LOG_SQL[info] E' stata eseguita la query: [ UPDATE index_ddt SET year='2015' ] dall'utente di dominio [ paolo ]
Jan 08 00:21:13|PEAR_LOG_SQL[info] E' stata eseguita la query: [ UPDATE index_fattura SET year='2015' ] dall'utente di dominio [ paolo ]
Jan 08 00:21:13|PEAR_LOG_SQL[info] E' stata eseguita la query: [ UPDATE index_ddt SET year='2015' ] dall'utente di dominio [ paolo ]
Jan 08 00:21:24|PEAR_LOG_SQL[info] E' stata eseguita la query: [ UPDATE index_fattura SET year='2015' ] dall'utente di dominio [ paolo ]
Jan 08 00:21:24|PEAR_LOG_SQL[info] E' stata eseguita la query: [ UPDATE index_ddt SET year='2015' ] dall'utente di dominio [ paolo ]
Jan 08 00:21:24|PEAR_LOG_SQL[info] E' stata eseguita la query: [ UPDATE index_fattura SET year='2015' ] dall'utente di dominio [ paolo ]
Jan 08 00:21:24|PEAR_LOG_SQL[info] E' stata eseguita la query: [ UPDATE index_ddt SET year='2015' ] dall'utente di dominio [ paolo ]
Jan 08 00:21:34|PEAR_LOG_SQL[info] E' stata eseguita la query: [ UPDATE index_fattura SET year='2015' ] dall'utente di dominio [ paolo ]
Jan 08 00:21:34|PEAR_LOG_SQL[info] E' stata eseguita la query: [ UPDATE index_ddt SET year='2015' ] dall'utente di dominio [ paolo ]
Jan 08 00:21:34|PEAR_LOG_SQL[info] E' stata eseguita la query: [ UPDATE index_fattura SET year='2015' ] dall'utente di dominio [ paolo ]
Jan 08 00:21:34|PEAR_LOG_SQL[info] E' stata eseguita la query: [ UPDATE index_ddt SET year='2015' ] dall'utente di dominio [ paolo ]
Jan 08 00:21:44|PEAR_LOG_SQL[info] E' stata eseguita la query: [ UPDATE index_fattura SET year='2015' ] dall'utente di dominio [ paolo ]
Jan 08 00:21:44|PEAR_LOG_SQL[info] E' stata eseguita la query: [ UPDATE index_ddt SET year='2015' ] dall'utente di dominio [ paolo ]
Jan 08 00:21:44|PEAR_LOG_SQL[info] E' stata eseguita la query: [ UPDATE index_fattura SET year='2015' ] dall'utente di dominio [ paolo ]
Jan 08 00:21:44|PEAR_LOG_SQL[info] E' stata eseguita la query: [ UPDATE index_ddt SET year='2015' ] dall'utente di dominio [ paolo ]
Jan 08 00:21:54|PEAR_LOG_SQL[info] E' stata eseguita la query: [ UPDATE index_fattura SET year='2015' ] dall'utente di dominio [ paolo ]
Jan 08 00:21:54|PEAR_LOG_SQL[info] E' stata eseguita la query: [ UPDATE index_ddt SET year='2015' ] dall'utente di dominio [ paolo ]
Jan 08 00:21:54|PEAR_LOG_SQL[info] E' stata eseguita la query: [ UPDATE index_fattura SET year='2015' ] dall'utente di dominio [ paolo ]
Jan 08 00:21:54|PEAR_LOG_SQL[info] E' stata eseguita la query: [ UPDATE index_ddt SET year='2015' ] dall'utente di dominio [ paolo ]
Jan 08 00:22:04|PEAR_LOG_SQL[info] E' stata eseguita la query: [ UPDATE index_fattura SET year='2015' ] dall'utente di dominio [ paolo ]
Jan 08 00:22:04|PEAR_LOG_SQL[info] E' stata eseguita la query: [ UPDATE index_ddt SET year='2015' ] dall'utente di dominio [ paolo ]
Jan 08 00:22:04|PEAR_LOG_SQL[info] E' stata eseguita la query: [ UPDATE index_fattura SET year='2015' ] dall'utente di dominio [ paolo ]
Jan 08 00:22:04|PEAR_LOG_SQL[info] E' stata eseguita la query: [ UPDATE index_ddt SET year='2015' ] dall'utente di dominio [ paolo ]
Jan 08 00:22:15|PEAR_LOG_SQL[info] E' stata eseguita la query: [ UPDATE index_fattura SET year='2015' ] dall'utente di dominio [ paolo ]
Jan 08 00:22:15|PEAR_LOG_SQL[info] E' stata eseguita la query: [ UPDATE index_ddt SET year='2015' ] dall'utente di dominio [ paolo ]
Jan 08 00:22:15|PEAR_LOG_SQL[info] E' stata eseguita la query: [ UPDATE index_fattura SET year='2015' ] dall'utente di dominio [ paolo ]
Jan 08 00:22:15|PEAR_LOG_SQL[info] E' stata eseguita la query: [ UPDATE index_ddt SET year='2015' ] dall'utente di dominio [ paolo ]
Jan 08 00:22:25|PEAR_LOG_SQL[info] E' stata eseguita la query: [ UPDATE index_fattura SET year='2015' ] dall'utente di dominio [ paolo ]
Jan 08 00:22:25|PEAR_LOG_SQL[info] E' stata eseguita la query: [ UPDATE index_ddt SET year='2015' ] dall'utente di dominio [ paolo ]
Jan 08 00:22:25|PEAR_LOG_SQL[info] E' stata eseguita la query: [ UPDATE index_fattura SET year='2015' ] dall'utente di dominio [ paolo ]
Jan 08 00:22:25|PEAR_LOG_SQL[info] E' stata eseguita la query: [ UPDATE index_ddt SET year='2015' ] dall'utente di dominio [ paolo ]
Jan 08 00:22:35|PEAR_LOG_SQL[info] E' stata eseguita la query: [ UPDATE index_fattura SET year='2015' ] dall'utente di dominio [ paolo ]
Jan 08 00:22:35|PEAR_LOG_SQL[info] E' stata eseguita la query: [ UPDATE index_ddt SET year='2015' ] dall'utente di dominio [ paolo ]
Jan 08 00:22:35|PEAR_LOG_SQL[info] E' stata eseguita la query: [ UPDATE index_fattura SET year='2015' ] dall'utente di dominio [ paolo ]
Jan 08 00:22:35|PEAR_LOG_SQL[info] E' stata eseguita la query: [ UPDATE index_ddt SET year='2015' ] dall'utente di dominio [ paolo ]
Jan 08 00:22:45|PEAR_LOG_SQL[info] E' stata eseguita la query: [ UPDATE index_fattura SET year='2015' ] dall'utente di dominio [ paolo ]
Jan 08 00:22:45|PEAR_LOG_SQL[info] E' stata eseguita la query: [ UPDATE index_ddt SET year='2015' ] dall'utente di dominio [ paolo ]
Jan 08 00:22:45|PEAR_LOG_SQL[info] E' stata eseguita la query: [ UPDATE index_fattura SET year='2015' ] dall'utente di dominio [ paolo ]
Jan 08 00:22:45|PEAR_LOG_SQL[info] E' stata eseguita la query: [ UPDATE index_ddt SET year='2015' ] dall'utente di dominio [ paolo ]
Jan 08 00:22:55|PEAR_LOG_SQL[info] E' stata eseguita la query: [ UPDATE index_fattura SET year='2015' ] dall'utente di dominio [ paolo ]
Jan 08 00:22:55|PEAR_LOG_SQL[info] E' stata eseguita la query: [ UPDATE index_ddt SET year='2015' ] dall'utente di dominio [ paolo ]
Jan 08 00:22:55|PEAR_LOG_SQL[info] E' stata eseguita la query: [ UPDATE index_fattura SET year='2015' ] dall'utente di dominio [ paolo ]
Jan 08 00:22:55|PEAR_LOG_SQL[info] E' stata eseguita la query: [ UPDATE index_ddt SET year='2015' ] dall'utente di dominio [ paolo ]
Jan 08 00:23:06|PEAR_LOG_SQL[info] E' stata eseguita la query: [ UPDATE index_fattura SET year='2015' ] dall'utente di dominio [ paolo ]
Jan 08 00:23:06|PEAR_LOG_SQL[info] E' stata eseguita la query: [ UPDATE index_ddt SET year='2015' ] dall'utente di dominio [ paolo ]
Jan 08 00:23:06|PEAR_LOG_SQL[info] E' stata eseguita la query: [ UPDATE index_fattura SET year='2015' ] dall'utente di dominio [ paolo ]
Jan 08 00:23:06|PEAR_LOG_SQL[info] E' stata eseguita la query: [ UPDATE index_ddt SET year='2015' ] dall'utente di dominio [ paolo ]
Jan 08 00:23:16|PEAR_LOG_SQL[info] E' stata eseguita la query: [ UPDATE index_fattura SET year='2015' ] dall'utente di dominio [ paolo ]
Jan 08 00:23:16|PEAR_LOG_SQL[info] E' stata eseguita la query: [ UPDATE index_ddt SET year='2015' ] dall'utente di dominio [ paolo ]
Jan 08 00:23:16|PEAR_LOG_SQL[info] E' stata eseguita la query: [ UPDATE index_fattura SET year='2015' ] dall'utente di dominio [ paolo ]
Jan 08 00:23:16|PEAR_LOG_SQL[info] E' stata eseguita la query: [ UPDATE index_ddt SET year='2015' ] dall'utente di dominio [ paolo ]
Jan 08 00:23:26|PEAR_LOG_SQL[info] E' stata eseguita la query: [ UPDATE index_fattura SET year='2015' ] dall'utente di dominio [ paolo ]
Jan 08 00:23:26|PEAR_LOG_SQL[info] E' stata eseguita la query: [ UPDATE index_ddt SET year='2015' ] dall'utente di dominio [ paolo ]
Jan 08 14:56:12|PEAR_LOG_SQL[info] E' stata eseguita la query: [ UPDATE index_fattura SET year='2015' ] dall'utente di dominio [  ]
Jan 08 14:56:12|PEAR_LOG_SQL[info] E' stata eseguita la query: [ UPDATE index_ddt SET year='2015' ] dall'utente di dominio [  ]
Jan 08 14:56:17|PEAR_LOG_SQL[info] E' stata eseguita la query: [ UPDATE index_fattura SET year='2015' ] dall'utente di dominio [  ]
Jan 08 14:56:17|PEAR_LOG_SQL[info] E' stata eseguita la query: [ UPDATE index_ddt SET year='2015' ] dall'utente di dominio [  ]
Jan 08 14:56:22|PEAR_LOG_SQL[info] E' stata eseguita la query: [ UPDATE index_fattura SET year='2015' ] dall'utente di dominio [  ]
Jan 08 14:56:22|PEAR_LOG_SQL[info] E' stata eseguita la query: [ UPDATE index_ddt SET year='2015' ] dall'utente di dominio [  ]
Jan 08 14:56:22|PEAR_LOG_SQL[info] E' stata eseguita la query: [ UPDATE users SET id_type = 1,id_anag = 18,id_customer = 1,sconto_fornitori_nl = 20,sconto_fornitori_de = 20,username = 'siso',password = '78db288208c027abd8d6fce4b368c62da2afr24tg56r4r65wg',secret_question = NULL,secret_response = NULL,confirmation_code = NULL,last_access = '2015-01-08 14:56:22',data_inserimento_riga = '2011-06-14',data_modifica_riga = '2015-01-08',is_newsletter_subscribed = 0,is_t_c_accepted = '0',is_active = 1,operatore = 'siso' WHERE id = 1 ] dall'utente di dominio [  ] Utente di dominio: [  ] REMOTE PORT: [ 51274 ] REMOTE IP: [ 95.238.33.244 ] FULL DATE [ 08-01-2015 ]
Jan 08 14:56:22|PEAR_LOG_SQL[info] E' stata eseguita la query: [ UPDATE index_fattura SET year='2015' ] dall'utente di dominio [  ]
Jan 08 14:56:22|PEAR_LOG_SQL[info] E' stata eseguita la query: [ UPDATE index_ddt SET year='2015' ] dall'utente di dominio [  ]
Jan 08 14:56:23|PEAR_LOG_SQL[info] E' stata eseguita la query: [ UPDATE index_fattura SET year='2015' ] dall'utente di dominio [ siso ]
Jan 08 14:56:23|PEAR_LOG_SQL[info] E' stata eseguita la query: [ UPDATE index_ddt SET year='2015' ] dall'utente di dominio [ siso ]
Jan 08 14:56:25|PEAR_LOG_SQL[info] E' stata eseguita la query: [ UPDATE index_fattura SET year='2015' ] dall'utente di dominio [ siso ]
Jan 08 14:56:25|PEAR_LOG_SQL[info] E' stata eseguita la query: [ UPDATE index_ddt SET year='2015' ] dall'utente di dominio [ siso ]
Jan 08 14:56:25|PEAR_LOG_SQL[info] E' stata eseguita la query: [ UPDATE users SET id_type = 1,id_anag = 18,id_customer = 1,sconto_fornitori_nl = 20,sconto_fornitori_de = 20,username = 'siso',password = '78db288208c027abd8d6fce4b368c62da2afr24tg56r4r65wg',secret_question = NULL,secret_response = NULL,confirmation_code = NULL,last_access = '2015-01-08 14:56:25',data_inserimento_riga = '2011-06-14',data_modifica_riga = '2015-01-08',is_newsletter_subscribed = 0,is_t_c_accepted = '0',is_active = 1,operatore = 'siso' WHERE id = 1 ] dall'utente di dominio [ siso ] Utente di dominio: [ siso ] REMOTE PORT: [ 49433 ] REMOTE IP: [ 95.238.33.244 ] FULL DATE [ 08-01-2015 ]
Jan 08 14:56:27|PEAR_LOG_SQL[info] E' stata eseguita la query: [ UPDATE index_fattura SET year='2015' ] dall'utente di dominio [ siso ]
Jan 08 14:56:27|PEAR_LOG_SQL[info] E' stata eseguita la query: [ UPDATE index_ddt SET year='2015' ] dall'utente di dominio [ siso ]
Jan 08 14:56:30|PEAR_LOG_SQL[info] E' stata eseguita la query: [ UPDATE index_fattura SET year='2015' ] dall'utente di dominio [  ]
Jan 08 14:56:30|PEAR_LOG_SQL[info] E' stata eseguita la query: [ UPDATE index_ddt SET year='2015' ] dall'utente di dominio [  ]
Jan 08 14:56:33|PEAR_LOG_SQL[info] E' stata eseguita la query: [ UPDATE index_fattura SET year='2015' ] dall'utente di dominio [ siso ]
Jan 08 14:56:33|PEAR_LOG_SQL[info] E' stata eseguita la query: [ UPDATE index_ddt SET year='2015' ] dall'utente di dominio [ siso ]
Jan 08 14:56:38|PEAR_LOG_SQL[info] E' stata eseguita la query: [ UPDATE index_fattura SET year='2015' ] dall'utente di dominio [  ]
Jan 08 14:56:38|PEAR_LOG_SQL[info] E' stata eseguita la query: [ UPDATE index_ddt SET year='2015' ] dall'utente di dominio [  ]
Jan 08 14:56:38|PEAR_LOG_SQL[info] E' stata eseguita la query: [ UPDATE users SET id_type = 1,id_anag = 7037,id_customer = 1,sconto_fornitori_nl = NULL,sconto_fornitori_de = NULL,username = 'paolo',password = 'e45db853fb2e1caa77398c3a16867d19a2afr24tg56r4r65wg',secret_question = 'Nome?',secret_response = 'Alessandro',confirmation_code = NULL,last_access = '2015-01-08 14:56:38',data_inserimento_riga = '2014-04-09',data_modifica_riga = '2015-01-08',is_newsletter_subscribed = '1',is_t_c_accepted = '1',is_active = 1,operatore = 'paolo' WHERE id = 7210 ] dall'utente di dominio [  ] Utente di dominio: [  ] REMOTE PORT: [ 50745 ] REMOTE IP: [ 95.225.163.88 ] FULL DATE [ 08-01-2015 ]
Jan 08 14:56:39|PEAR_LOG_SQL[info] E' stata eseguita la query: [ UPDATE index_fattura SET year='2015' ] dall'utente di dominio [ paolo ]
Jan 08 14:56:39|PEAR_LOG_SQL[info] E' stata eseguita la query: [ UPDATE index_ddt SET year='2015' ] dall'utente di dominio [ paolo ]
Jan 08 14:56:40|PEAR_LOG_SQL[info] E' stata eseguita la query: [ UPDATE index_fattura SET year='2015' ] dall'utente di dominio [ siso ]
Jan 08 14:56:40|PEAR_LOG_SQL[info] E' stata eseguita la query: [ UPDATE index_ddt SET year='2015' ] dall'utente di dominio [ siso ]
Jan 08 14:56:51|PEAR_LOG_SQL[info] E' stata eseguita la query: [ UPDATE index_fattura SET year='2015' ] dall'utente di dominio [ paolo ]
Jan 08 14:56:51|PEAR_LOG_SQL[info] E' stata eseguita la query: [ UPDATE index_ddt SET year='2015' ] dall'utente di dominio [ paolo ]
Jan 08 14:56:51|PEAR_LOG_SQL[info] E' stata eseguita la query: [ UPDATE index_fattura SET year='2015' ] dall'utente di dominio [ paolo ]
Jan 08 14:56:51|PEAR_LOG_SQL[info] E' stata eseguita la query: [ UPDATE index_ddt SET year='2015' ] dall'utente di dominio [ paolo ]
Jan 08 14:56:51|PEAR_LOG_SQL[info] E' stata eseguita la query: [ UPDATE index_fattura SET year='2015' ] dall'utente di dominio [ paolo ]
Jan 08 14:56:51|PEAR_LOG_SQL[info] E' stata eseguita la query: [ UPDATE index_ddt SET year='2015' ] dall'utente di dominio [ paolo ]
Jan 08 14:57:03|PEAR_LOG_SQL[info] E' stata eseguita la query: [ UPDATE index_fattura SET year='2015' ] dall'utente di dominio [ paolo ]
Jan 08 14:57:03|PEAR_LOG_SQL[info] E' stata eseguita la query: [ UPDATE index_ddt SET year='2015' ] dall'utente di dominio [ paolo ]
Jan 08 14:57:13|PEAR_LOG_SQL[info] E' stata eseguita la query: [ UPDATE index_fattura SET year='2015' ] dall'utente di dominio [ paolo ]
Jan 08 14:57:13|PEAR_LOG_SQL[info] E' stata eseguita la query: [ UPDATE index_ddt SET year='2015' ] dall'utente di dominio [ paolo ]
Jan 08 14:57:15|PEAR_LOG_SQL[info] E' stata eseguita la query: [ UPDATE index_fattura SET year='2015' ] dall'utente di dominio [ paolo ]
Jan 08 14:57:15|PEAR_LOG_SQL[info] E' stata eseguita la query: [ UPDATE index_ddt SET year='2015' ] dall'utente di dominio [ paolo ]
Jan 08 14:57:22|PEAR_LOG_SQL[info] E' stata eseguita la query: [ UPDATE index_fattura SET year='2015' ] dall'utente di dominio [ siso ]
Jan 08 14:57:22|PEAR_LOG_SQL[info] E' stata eseguita la query: [ UPDATE index_ddt SET year='2015' ] dall'utente di dominio [ siso ]
Jan 08 14:57:31|PEAR_LOG_SQL[info] E' stata eseguita la query: [ UPDATE index_fattura SET year='2015' ] dall'utente di dominio [ siso ]
Jan 08 14:57:31|PEAR_LOG_SQL[info] E' stata eseguita la query: [ UPDATE index_ddt SET year='2015' ] dall'utente di dominio [ siso ]
Jan 08 14:57:37|PEAR_LOG_SQL[info] E' stata eseguita la query: [ UPDATE index_fattura SET year='2015' ] dall'utente di dominio [ paolo ]
Jan 08 14:57:37|PEAR_LOG_SQL[info] E' stata eseguita la query: [ UPDATE index_ddt SET year='2015' ] dall'utente di dominio [ paolo ]
Jan 08 14:57:38|PEAR_LOG_SQL[info] E' stata eseguita la query: [ UPDATE index_fattura SET year='2015' ] dall'utente di dominio [ paolo ]
Jan 08 14:57:38|PEAR_LOG_SQL[info] E' stata eseguita la query: [ UPDATE index_ddt SET year='2015' ] dall'utente di dominio [ paolo ]
Jan 08 14:57:41|PEAR_LOG_SQL[info] E' stata eseguita la query: [ UPDATE index_fattura SET year='2015' ] dall'utente di dominio [ siso ]
Jan 08 14:57:41|PEAR_LOG_SQL[info] E' stata eseguita la query: [ UPDATE index_ddt SET year='2015' ] dall'utente di dominio [ siso ]
Jan 08 14:57:43|PEAR_LOG_SQL[info] E' stata eseguita la query: [ UPDATE index_fattura SET year='2015' ] dall'utente di dominio [ siso ]
Jan 08 14:57:43|PEAR_LOG_SQL[info] E' stata eseguita la query: [ UPDATE index_ddt SET year='2015' ] dall'utente di dominio [ siso ]
Jan 08 14:57:44|PEAR_LOG_SQL[info] E' stata eseguita la query: [ UPDATE index_fattura SET year='2015' ] dall'utente di dominio [ siso ]
Jan 08 14:57:44|PEAR_LOG_SQL[info] E' stata eseguita la query: [ UPDATE index_ddt SET year='2015' ] dall'utente di dominio [ siso ]
Jan 08 14:57:44|PEAR_LOG_SQL[info] E' stata eseguita la query: [ UPDATE index_fattura SET year='2015' ] dall'utente di dominio [ siso ]
Jan 08 14:57:44|PEAR_LOG_SQL[info] E' stata eseguita la query: [ UPDATE index_ddt SET year='2015' ] dall'utente di dominio [ siso ]
Jan 08 14:57:44|PEAR_LOG_SQL[info] E' stata eseguita la query: [ UPDATE index_fattura SET year='2015' ] dall'utente di dominio [ paolo ]
Jan 08 14:57:44|PEAR_LOG_SQL[info] E' stata eseguita la query: [ UPDATE index_ddt SET year='2015' ] dall'utente di dominio [ paolo ]
Jan 08 14:57:44|PEAR_LOG_SQL[info] E' stata eseguita la query: [ UPDATE index_fattura SET year='2015' ] dall'utente di dominio [ siso ]
Jan 08 14:57:44|PEAR_LOG_SQL[info] E' stata eseguita la query: [ UPDATE index_ddt SET year='2015' ] dall'utente di dominio [ siso ]
Jan 08 14:57:45|PEAR_LOG_SQL[info] E' stata eseguita la query: [ UPDATE index_fattura SET year='2015' ] dall'utente di dominio [ siso ]
Jan 08 14:57:45|PEAR_LOG_SQL[info] E' stata eseguita la query: [ UPDATE index_ddt SET year='2015' ] dall'utente di dominio [ siso ]
Jan 08 14:57:48|PEAR_LOG_SQL[info] E' stata eseguita la query: [ UPDATE index_fattura SET year='2015' ] dall'utente di dominio [ siso ]
Jan 08 14:57:48|PEAR_LOG_SQL[info] E' stata eseguita la query: [ UPDATE index_ddt SET year='2015' ] dall'utente di dominio [ siso ]
Jan 08 14:57:51|PEAR_LOG_SQL[info] E' stata eseguita la query: [ UPDATE index_fattura SET year='2015' ] dall'utente di dominio [ paolo ]
Jan 08 14:57:51|PEAR_LOG_SQL[info] E' stata eseguita la query: [ UPDATE index_ddt SET year='2015' ] dall'utente di dominio [ paolo ]
Jan 08 14:58:03|PEAR_LOG_SQL[info] E' stata eseguita la query: [ UPDATE index_fattura SET year='2015' ] dall'utente di dominio [ paolo ]
Jan 08 14:58:03|PEAR_LOG_SQL[info] E' stata eseguita la query: [ UPDATE index_ddt SET year='2015' ] dall'utente di dominio [ paolo ]
Jan 08 14:58:05|PEAR_LOG_SQL[info] E' stata eseguita la query: [ UPDATE index_fattura SET year='2015' ] dall'utente di dominio [ paolo ]
Jan 08 14:58:05|PEAR_LOG_SQL[info] E' stata eseguita la query: [ UPDATE index_ddt SET year='2015' ] dall'utente di dominio [ paolo ]
Jan 08 14:58:08|PEAR_LOG_SQL[info] E' stata eseguita la query: [ UPDATE index_fattura SET year='2015' ] dall'utente di dominio [ paolo ]
Jan 08 14:58:08|PEAR_LOG_SQL[info] E' stata eseguita la query: [ UPDATE index_ddt SET year='2015' ] dall'utente di dominio [ paolo ]
Jan 08 14:58:08|PEAR_LOG_SQL[info] E' stata eseguita la query: [ UPDATE giacenze SET id_gm = 15,bar_code = 'CICL26',id_content = 30,id_fornitore = 82,C1 = NULL,C2 = NULL,C3 = NULL,C4 = NULL,C5 = NULL,prezzo_0 = '6.90',prezzo_1 = NULL,prezzo_2 = NULL,prezzo_3 = NULL,prezzo_4 = NULL,prezzo_5 = NULL,prezzo_6 = NULL,prezzo_7 = NULL,prezzo_8 = NULL,prezzo_9 = NULL,quantita = 5,quantita_mazzo = 1,disponibilita = 539974,stato = 'E',promo = NULL,dimensione = NULL,scelta = NULL,fusto = NULL,produttore = '',openstage = NULL,data_inserimento_riga = '2014-12-05',data_modifica_riga = '2014-12-05',is_active = 1,operatore = 'paolo',prezzo_acquisto = '4.60',visibile = '0',in_home = '1',qta_minima = '1',qta_pianale = '10',qta_carrello = '40',qta_min_ordine = '5' WHERE id = 30 ] dall'utente di dominio [ paolo ]
Jan 08 14:58:10|PEAR_LOG_SQL[info] E' stata eseguita la query: [ UPDATE index_fattura SET year='2015' ] dall'utente di dominio [ paolo ]
Jan 08 14:58:10|PEAR_LOG_SQL[info] E' stata eseguita la query: [ UPDATE index_ddt SET year='2015' ] dall'utente di dominio [ paolo ]
Jan 08 14:58:10|PEAR_LOG_SQL[info] E' stata eseguita la query: [ UPDATE giacenze SET id_gm = 15,bar_code = 'CICL26',id_content = 30,id_fornitore = 82,C1 = NULL,C2 = NULL,C3 = NULL,C4 = NULL,C5 = NULL,prezzo_0 = '6.90',prezzo_1 = NULL,prezzo_2 = NULL,prezzo_3 = NULL,prezzo_4 = NULL,prezzo_5 = NULL,prezzo_6 = NULL,prezzo_7 = NULL,prezzo_8 = NULL,prezzo_9 = NULL,quantita = 5,quantita_mazzo = 1,disponibilita = 539974,stato = 'E',promo = NULL,dimensione = NULL,scelta = NULL,fusto = NULL,produttore = '',openstage = NULL,data_inserimento_riga = '2014-12-05',data_modifica_riga = '2014-12-05',is_active = 1,operatore = 'paolo',prezzo_acquisto = '4.60',visibile = '1',in_home = '1',qta_minima = '1',qta_pianale = '10',qta_carrello = '40',qta_min_ordine = '5' WHERE id = 30 ] dall'utente di dominio [ paolo ]
Jan 08 14:58:13|PEAR_LOG_SQL[info] E' stata eseguita la query: [ UPDATE index_fattura SET year='2015' ] dall'utente di dominio [ paolo ]
Jan 08 14:58:13|PEAR_LOG_SQL[info] E' stata eseguita la query: [ UPDATE index_ddt SET year='2015' ] dall'utente di dominio [ paolo ]
Jan 08 14:58:17|PEAR_LOG_SQL[info] E' stata eseguita la query: [ UPDATE index_fattura SET year='2015' ] dall'utente di dominio [ paolo ]
Jan 08 14:58:17|PEAR_LOG_SQL[info] E' stata eseguita la query: [ UPDATE index_ddt SET year='2015' ] dall'utente di dominio [ paolo ]
Jan 08 14:58:17|PEAR_LOG_SQL[info] E' stata eseguita la query: [ UPDATE giacenze SET id_gm = 14,bar_code = 'CYMB162ST',id_content = 23,id_fornitore = 117,C1 = NULL,C2 = NULL,C3 = NULL,C4 = NULL,C5 = NULL,prezzo_0 = '16.50',prezzo_1 = NULL,prezzo_2 = NULL,prezzo_3 = NULL,prezzo_4 = NULL,prezzo_5 = NULL,prezzo_6 = NULL,prezzo_7 = NULL,prezzo_8 = NULL,prezzo_9 = NULL,quantita = 2,quantita_mazzo = 6,disponibilita = 0,stato = 'E',promo = NULL,dimensione = NULL,scelta = NULL,fusto = NULL,produttore = '',openstage = NULL,data_inserimento_riga = '2015-01-06',data_modifica_riga = '2015-01-06',is_active = 1,operatore = 'paolo',prezzo_acquisto = '10.50',visibile = '0',in_home = '0',qta_minima = '6',qta_pianale = '24',qta_carrello = '48',qta_min_ordine = '2' WHERE id = 23 ] dall'utente di dominio [ paolo ]
Jan 08 14:58:17|PEAR_LOG_SQL[info] E' stata eseguita la query: [ UPDATE index_fattura SET year='2015' ] dall'utente di dominio [ paolo ]
Jan 08 14:58:17|PEAR_LOG_SQL[info] E' stata eseguita la query: [ UPDATE index_ddt SET year='2015' ] dall'utente di dominio [ paolo ]
Jan 08 14:58:17|PEAR_LOG_SQL[info] E' stata eseguita la query: [ UPDATE giacenze SET id_gm = 14,bar_code = 'CYMB162ST',id_content = 23,id_fornitore = 117,C1 = NULL,C2 = NULL,C3 = NULL,C4 = NULL,C5 = NULL,prezzo_0 = '16.50',prezzo_1 = NULL,prezzo_2 = NULL,prezzo_3 = NULL,prezzo_4 = NULL,prezzo_5 = NULL,prezzo_6 = NULL,prezzo_7 = NULL,prezzo_8 = NULL,prezzo_9 = NULL,quantita = 2,quantita_mazzo = 6,disponibilita = 0,stato = 'E',promo = NULL,dimensione = NULL,scelta = NULL,fusto = NULL,produttore = '',openstage = NULL,data_inserimento_riga = '2015-01-06',data_modifica_riga = '2015-01-06',is_active = 1,operatore = 'paolo',prezzo_acquisto = '10.50',visibile = '1',in_home = '0',qta_minima = '6',qta_pianale = '24',qta_carrello = '48',qta_min_ordine = '2' WHERE id = 23 ] dall'utente di dominio [ paolo ]
Jan 08 14:58:32|PEAR_LOG_SQL[info] E' stata eseguita la query: [ UPDATE index_fattura SET year='2015' ] dall'utente di dominio [ paolo ]
Jan 08 14:58:32|PEAR_LOG_SQL[info] E' stata eseguita la query: [ UPDATE index_ddt SET year='2015' ] dall'utente di dominio [ paolo ]
Jan 08 14:58:41|PEAR_LOG_SQL[info] E' stata eseguita la query: [ UPDATE index_fattura SET year='2015' ] dall'utente di dominio [ paolo ]
Jan 08 14:58:41|PEAR_LOG_SQL[info] E' stata eseguita la query: [ UPDATE index_ddt SET year='2015' ] dall'utente di dominio [ paolo ]
Jan 08 14:58:50|PEAR_LOG_SQL[info] E' stata eseguita la query: [ UPDATE index_fattura SET year='2015' ] dall'utente di dominio [ paolo ]
Jan 08 14:58:50|PEAR_LOG_SQL[info] E' stata eseguita la query: [ UPDATE index_ddt SET year='2015' ] dall'utente di dominio [ paolo ]
Jan 08 14:58:54|PEAR_LOG_SQL[info] E' stata eseguita la query: [ UPDATE index_fattura SET year='2015' ] dall'utente di dominio [ siso ]
Jan 08 14:58:54|PEAR_LOG_SQL[info] E' stata eseguita la query: [ UPDATE index_ddt SET year='2015' ] dall'utente di dominio [ siso ]
Jan 08 14:58:54|PEAR_LOG_SQL[info] E' stata eseguita la query: [ UPDATE index_fattura SET year='2015' ] dall'utente di dominio [ siso ]
Jan 08 14:58:54|PEAR_LOG_SQL[info] E' stata eseguita la query: [ UPDATE index_ddt SET year='2015' ] dall'utente di dominio [ siso ]
Jan 08 14:58:57|PEAR_LOG_SQL[info] E' stata eseguita la query: [ UPDATE index_fattura SET year='2015' ] dall'utente di dominio [ paolo ]
Jan 08 14:58:57|PEAR_LOG_SQL[info] E' stata eseguita la query: [ UPDATE index_ddt SET year='2015' ] dall'utente di dominio [ paolo ]
Jan 08 14:59:00|PEAR_LOG_SQL[info] E' stata eseguita la query: [ UPDATE index_fattura SET year='2015' ] dall'utente di dominio [ siso ]
Jan 08 14:59:00|PEAR_LOG_SQL[info] E' stata eseguita la query: [ UPDATE index_ddt SET year='2015' ] dall'utente di dominio [ siso ]
Jan 08 14:59:06|PEAR_LOG_SQL[info] E' stata eseguita la query: [ UPDATE index_fattura SET year='2015' ] dall'utente di dominio [ paolo ]
Jan 08 14:59:06|PEAR_LOG_SQL[info] E' stata eseguita la query: [ UPDATE index_ddt SET year='2015' ] dall'utente di dominio [ paolo ]
Jan 08 14:59:10|PEAR_LOG_SQL[info] E' stata eseguita la query: [ UPDATE index_fattura SET year='2015' ] dall'utente di dominio [ siso ]
Jan 08 14:59:10|PEAR_LOG_SQL[info] E' stata eseguita la query: [ UPDATE index_ddt SET year='2015' ] dall'utente di dominio [ siso ]
Jan 08 14:59:10|PEAR_LOG_SQL[info] E' stata eseguita la query: [ UPDATE index_fattura SET year='2015' ] dall'utente di dominio [ siso ]
Jan 08 14:59:10|PEAR_LOG_SQL[info] E' stata eseguita la query: [ UPDATE index_ddt SET year='2015' ] dall'utente di dominio [ siso ]
Jan 08 14:59:10|PEAR_LOG_SQL[info] E' stata eseguita la query: [ UPDATE index_fattura SET year='2015' ] dall'utente di dominio [ siso ]
Jan 08 14:59:10|PEAR_LOG_SQL[info] E' stata eseguita la query: [ UPDATE index_ddt SET year='2015' ] dall'utente di dominio [ siso ]
Jan 08 14:59:11|PEAR_LOG_SQL[info] E' stata eseguita la query: [ UPDATE index_fattura SET year='2015' ] dall'utente di dominio [ siso ]
Jan 08 14:59:11|PEAR_LOG_SQL[info] E' stata eseguita la query: [ UPDATE index_ddt SET year='2015' ] dall'utente di dominio [ siso ]
Jan 08 14:59:11|PEAR_LOG_SQL[info] E' stata eseguita la query: [ UPDATE index_fattura SET year='2015' ] dall'utente di dominio [ siso ]
Jan 08 14:59:11|PEAR_LOG_SQL[info] E' stata eseguita la query: [ UPDATE index_ddt SET year='2015' ] dall'utente di dominio [ siso ]
Jan 08 14:59:58|PEAR_LOG_SQL[info] E' stata eseguita la query: [ UPDATE index_fattura SET year='2015' ] dall'utente di dominio [ paolo ]
Jan 08 14:59:58|PEAR_LOG_SQL[info] E' stata eseguita la query: [ UPDATE index_ddt SET year='2015' ] dall'utente di dominio [ paolo ]
Jan 08 15:01:54|PEAR_LOG_SQL[info] E' stata eseguita la query: [ UPDATE index_fattura SET year='2015' ] dall'utente di dominio [ paolo ]
Jan 08 15:01:54|PEAR_LOG_SQL[info] E' stata eseguita la query: [ UPDATE index_ddt SET year='2015' ] dall'utente di dominio [ paolo ]
Jan 08 15:02:09|PEAR_LOG_SQL[info] E' stata eseguita la query: [ UPDATE index_fattura SET year='2015' ] dall'utente di dominio [ siso ]
Jan 08 15:02:09|PEAR_LOG_SQL[info] E' stata eseguita la query: [ UPDATE index_ddt SET year='2015' ] dall'utente di dominio [ siso ]
Jan 08 15:02:15|PEAR_LOG_SQL[info] E' stata eseguita la query: [ UPDATE index_fattura SET year='2015' ] dall'utente di dominio [ siso ]
Jan 08 15:02:15|PEAR_LOG_SQL[info] E' stata eseguita la query: [ UPDATE index_ddt SET year='2015' ] dall'utente di dominio [ siso ]
Jan 08 15:02:21|PEAR_LOG_SQL[info] E' stata eseguita la query: [ UPDATE index_fattura SET year='2015' ] dall'utente di dominio [ paolo ]
Jan 08 15:02:21|PEAR_LOG_SQL[info] E' stata eseguita la query: [ UPDATE index_ddt SET year='2015' ] dall'utente di dominio [ paolo ]
Jan 08 15:02:23|PEAR_LOG_SQL[info] E' stata eseguita la query: [ UPDATE index_fattura SET year='2015' ] dall'utente di dominio [ siso ]
Jan 08 15:02:23|PEAR_LOG_SQL[info] E' stata eseguita la query: [ UPDATE index_ddt SET year='2015' ] dall'utente di dominio [ siso ]
Jan 08 15:02:43|PEAR_LOG_SQL[info] E' stata eseguita la query: [ UPDATE index_fattura SET year='2015' ] dall'utente di dominio [ siso ]
Jan 08 15:02:43|PEAR_LOG_SQL[info] E' stata eseguita la query: [ UPDATE index_ddt SET year='2015' ] dall'utente di dominio [ siso ]
Jan 08 15:02:54|PEAR_LOG_SQL[info] E' stata eseguita la query: [ UPDATE index_fattura SET year='2015' ] dall'utente di dominio [ siso ]
Jan 08 15:02:54|PEAR_LOG_SQL[info] E' stata eseguita la query: [ UPDATE index_ddt SET year='2015' ] dall'utente di dominio [ siso ]
Jan 08 15:03:01|PEAR_LOG_SQL[info] E' stata eseguita la query: [ UPDATE index_fattura SET year='2015' ] dall'utente di dominio [ siso ]
Jan 08 15:03:01|PEAR_LOG_SQL[info] E' stata eseguita la query: [ UPDATE index_ddt SET year='2015' ] dall'utente di dominio [ siso ]
Jan 08 15:03:01|PEAR_LOG_SQL[info] E' stata eseguita la query: [ UPDATE users SET id_type = 1,id_anag = 18,id_customer = 133,sconto_fornitori_nl = 20,sconto_fornitori_de = 20,username = 'siso',password = '78db288208c027abd8d6fce4b368c62da2afr24tg56r4r65wg',secret_question = NULL,secret_response = NULL,confirmation_code = NULL,last_access = '2015-01-08 15:03:01',data_inserimento_riga = '2011-06-14',data_modifica_riga = '2015-01-08',is_newsletter_subscribed = 0,is_t_c_accepted = '0',is_active = 1,operatore = 'siso' WHERE id = 1 ] dall'utente di dominio [ siso ]
Jan 08 15:03:08|PEAR_LOG_SQL[info] E' stata eseguita la query: [ UPDATE index_fattura SET year='2015' ] dall'utente di dominio [ siso ]
Jan 08 15:03:08|PEAR_LOG_SQL[info] E' stata eseguita la query: [ UPDATE index_ddt SET year='2015' ] dall'utente di dominio [ siso ]
Jan 08 15:03:14|PEAR_LOG_SQL[info] E' stata eseguita la query: [ UPDATE index_fattura SET year='2015' ] dall'utente di dominio [ siso ]
Jan 08 15:03:14|PEAR_LOG_SQL[info] E' stata eseguita la query: [ UPDATE index_ddt SET year='2015' ] dall'utente di dominio [ siso ]
Jan 08 15:16:26|PEAR_LOG_SQL[info] E' stata eseguita la query: [ UPDATE index_fattura SET year='2015' ] dall'utente di dominio [ paolo ]
Jan 08 15:16:26|PEAR_LOG_SQL[info] E' stata eseguita la query: [ UPDATE index_ddt SET year='2015' ] dall'utente di dominio [ paolo ]
Jan 08 15:18:24|PEAR_LOG_SQL[info] E' stata eseguita la query: [ UPDATE index_fattura SET year='2015' ] dall'utente di dominio [ paolo ]
Jan 08 15:18:24|PEAR_LOG_SQL[info] E' stata eseguita la query: [ UPDATE index_ddt SET year='2015' ] dall'utente di dominio [ paolo ]
Jan 08 15:18:41|PEAR_LOG_SQL[info] E' stata eseguita la query: [ UPDATE index_fattura SET year='2015' ] dall'utente di dominio [ paolo ]
Jan 08 15:18:41|PEAR_LOG_SQL[info] E' stata eseguita la query: [ UPDATE index_ddt SET year='2015' ] dall'utente di dominio [ paolo ]
Jan 08 15:18:52|PEAR_LOG_SQL[info] E' stata eseguita la query: [ UPDATE index_fattura SET year='2015' ] dall'utente di dominio [ paolo ]
Jan 08 15:18:52|PEAR_LOG_SQL[info] E' stata eseguita la query: [ UPDATE index_ddt SET year='2015' ] dall'utente di dominio [ paolo ]
Jan 08 15:18:52|PEAR_LOG_SQL[info] E' stata eseguita la query: [ UPDATE index_fattura SET year='2015' ] dall'utente di dominio [ paolo ]
Jan 08 15:18:52|PEAR_LOG_SQL[info] E' stata eseguita la query: [ UPDATE index_ddt SET year='2015' ] dall'utente di dominio [ paolo ]
Jan 08 15:19:03|PEAR_LOG_SQL[info] E' stata eseguita la query: [ UPDATE index_fattura SET year='2015' ] dall'utente di dominio [ paolo ]
Jan 08 15:19:03|PEAR_LOG_SQL[info] E' stata eseguita la query: [ UPDATE index_ddt SET year='2015' ] dall'utente di dominio [ paolo ]
Jan 08 15:19:03|PEAR_LOG_SQL[info] E' stata eseguita la query: [ UPDATE index_fattura SET year='2015' ] dall'utente di dominio [ paolo ]
Jan 08 15:19:03|PEAR_LOG_SQL[info] E' stata eseguita la query: [ UPDATE index_ddt SET year='2015' ] dall'utente di dominio [ paolo ]
Jan 08 15:19:03|PEAR_LOG_SQL[info] E' stata eseguita la query: [ UPDATE index_fattura SET year='2015' ] dall'utente di dominio [ paolo ]
Jan 08 15:19:03|PEAR_LOG_SQL[info] E' stata eseguita la query: [ UPDATE index_ddt SET year='2015' ] dall'utente di dominio [ paolo ]
Jan 08 15:19:05|PEAR_LOG_SQL[info] E' stata eseguita la query: [ UPDATE index_fattura SET year='2015' ] dall'utente di dominio [ paolo ]
Jan 08 15:19:05|PEAR_LOG_SQL[info] E' stata eseguita la query: [ UPDATE index_ddt SET year='2015' ] dall'utente di dominio [ paolo ]
Jan 08 15:19:10|PEAR_LOG_SQL[info] E' stata eseguita la query: [ UPDATE index_fattura SET year='2015' ] dall'utente di dominio [ paolo ]
Jan 08 15:19:10|PEAR_LOG_SQL[info] E' stata eseguita la query: [ UPDATE index_ddt SET year='2015' ] dall'utente di dominio [ paolo ]
Jan 08 15:19:14|PEAR_LOG_SQL[info] E' stata eseguita la query: [ UPDATE index_fattura SET year='2015' ] dall'utente di dominio [ paolo ]
Jan 08 15:19:14|PEAR_LOG_SQL[info] E' stata eseguita la query: [ UPDATE index_ddt SET year='2015' ] dall'utente di dominio [ paolo ]
Jan 08 17:27:25|PEAR_LOG_SQL[info] E' stata eseguita la query: [ UPDATE index_fattura SET year='2015' ] dall'utente di dominio [  ]
Jan 08 17:27:25|PEAR_LOG_SQL[info] E' stata eseguita la query: [ UPDATE index_ddt SET year='2015' ] dall'utente di dominio [  ]
Jan 08 23:14:53|PEAR_LOG_SQL[info] E' stata eseguita la query: [ UPDATE index_fattura SET year='2015' ] dall'utente di dominio [  ]
Jan 08 23:14:53|PEAR_LOG_SQL[info] E' stata eseguita la query: [ UPDATE index_ddt SET year='2015' ] dall'utente di dominio [  ]
Jan 08 23:15:01|PEAR_LOG_SQL[info] E' stata eseguita la query: [ UPDATE index_fattura SET year='2015' ] dall'utente di dominio [  ]
Jan 08 23:15:02|PEAR_LOG_SQL[info] E' stata eseguita la query: [ UPDATE index_ddt SET year='2015' ] dall'utente di dominio [  ]
Jan 08 23:15:02|PEAR_LOG_SQL[info] E' stata eseguita la query: [ UPDATE users SET id_type = 1,id_anag = 7037,id_customer = 1,sconto_fornitori_nl = NULL,sconto_fornitori_de = NULL,username = 'paolo',password = 'e45db853fb2e1caa77398c3a16867d19a2afr24tg56r4r65wg',secret_question = 'Nome?',secret_response = 'Alessandro',confirmation_code = NULL,last_access = '2015-01-08 23:15:02',data_inserimento_riga = '2014-04-09',data_modifica_riga = '2015-01-08',is_newsletter_subscribed = '1',is_t_c_accepted = '1',is_active = 1,operatore = 'paolo' WHERE id = 7210 ] dall'utente di dominio [  ] Utente di dominio: [  ] REMOTE PORT: [ 50315 ] REMOTE IP: [ 95.232.196.211 ] FULL DATE [ 08-01-2015 ]
Jan 08 23:15:02|PEAR_LOG_SQL[info] E' stata eseguita la query: [ UPDATE index_fattura SET year='2015' ] dall'utente di dominio [ paolo ]
Jan 08 23:15:02|PEAR_LOG_SQL[info] E' stata eseguita la query: [ UPDATE index_ddt SET year='2015' ] dall'utente di dominio [ paolo ]
Jan 08 23:15:14|PEAR_LOG_SQL[info] E' stata eseguita la query: [ UPDATE index_fattura SET year='2015' ] dall'utente di dominio [ paolo ]
Jan 08 23:15:14|PEAR_LOG_SQL[info] E' stata eseguita la query: [ UPDATE index_ddt SET year='2015' ] dall'utente di dominio [ paolo ]
Jan 08 23:15:16|PEAR_LOG_SQL[info] E' stata eseguita la query: [ UPDATE index_fattura SET year='2015' ] dall'utente di dominio [ paolo ]
Jan 08 23:15:16|PEAR_LOG_SQL[info] E' stata eseguita la query: [ UPDATE index_ddt SET year='2015' ] dall'utente di dominio [ paolo ]
Jan 08 23:15:17|PEAR_LOG_SQL[info] E' stata eseguita la query: [ UPDATE index_fattura SET year='2015' ] dall'utente di dominio [ paolo ]
Jan 08 23:15:17|PEAR_LOG_SQL[info] E' stata eseguita la query: [ UPDATE index_ddt SET year='2015' ] dall'utente di dominio [ paolo ]
Jan 08 23:15:30|PEAR_LOG_SQL[info] E' stata eseguita la query: [ UPDATE index_fattura SET year='2015' ] dall'utente di dominio [ paolo ]
Jan 08 23:15:30|PEAR_LOG_SQL[info] E' stata eseguita la query: [ UPDATE index_ddt SET year='2015' ] dall'utente di dominio [ paolo ]
Jan 08 23:15:33|PEAR_LOG_SQL[info] E' stata eseguita la query: [ UPDATE index_fattura SET year='2015' ] dall'utente di dominio [ paolo ]
Jan 08 23:15:33|PEAR_LOG_SQL[info] E' stata eseguita la query: [ UPDATE index_ddt SET year='2015' ] dall'utente di dominio [ paolo ]
Jan 08 23:15:33|PEAR_LOG_SQL[info] E' stata eseguita la query: [ UPDATE setup SET is_active = 0 WHERE id = 32 ] dall'utente di dominio [ paolo ]
Jan 08 23:15:33|PEAR_LOG_SQL[info] E' stata eseguita la query: [ UPDATE index_fattura SET year='2015' ] dall'utente di dominio [ paolo ]
Jan 08 23:15:33|PEAR_LOG_SQL[info] E' stata eseguita la query: [ UPDATE index_ddt SET year='2015' ] dall'utente di dominio [ paolo ]
Jan 08 23:15:40|PEAR_LOG_SQL[info] E' stata eseguita la query: [ UPDATE index_fattura SET year='2015' ] dall'utente di dominio [ paolo ]
Jan 08 23:15:40|PEAR_LOG_SQL[info] E' stata eseguita la query: [ UPDATE index_ddt SET year='2015' ] dall'utente di dominio [ paolo ]
Jan 08 23:15:40|PEAR_LOG_SQL[info] E' stata eseguita la query: [ UPDATE setup SET is_active = 0 WHERE id = 33 ] dall'utente di dominio [ paolo ]
Jan 08 23:15:40|PEAR_LOG_SQL[info] E' stata eseguita la query: [ UPDATE index_fattura SET year='2015' ] dall'utente di dominio [ paolo ]
Jan 08 23:15:40|PEAR_LOG_SQL[info] E' stata eseguita la query: [ UPDATE index_ddt SET year='2015' ] dall'utente di dominio [ paolo ]
Jan 08 23:16:11|PEAR_LOG_SQL[info] E' stata eseguita la query: [ UPDATE index_fattura SET year='2015' ] dall'utente di dominio [ paolo ]
Jan 08 23:16:11|PEAR_LOG_SQL[info] E' stata eseguita la query: [ UPDATE index_ddt SET year='2015' ] dall'utente di dominio [ paolo ]
Jan 08 23:16:14|PEAR_LOG_SQL[info] E' stata eseguita la query: [ UPDATE index_fattura SET year='2015' ] dall'utente di dominio [ paolo ]
Jan 08 23:16:14|PEAR_LOG_SQL[info] E' stata eseguita la query: [ UPDATE index_ddt SET year='2015' ] dall'utente di dominio [ paolo ]
Jan 08 23:16:14|PEAR_LOG_SQL[info] E' stata eseguita la query: [ UPDATE setup SET is_active = 0 WHERE id = 2 ] dall'utente di dominio [ paolo ]
Jan 08 23:16:14|PEAR_LOG_SQL[info] E' stata eseguita la query: [ UPDATE index_fattura SET year='2015' ] dall'utente di dominio [ paolo ]
Jan 08 23:16:14|PEAR_LOG_SQL[info] E' stata eseguita la query: [ UPDATE index_ddt SET year='2015' ] dall'utente di dominio [ paolo ]
Jan 08 23:16:16|PEAR_LOG_SQL[info] E' stata eseguita la query: [ UPDATE index_fattura SET year='2015' ] dall'utente di dominio [ paolo ]
Jan 08 23:16:16|PEAR_LOG_SQL[info] E' stata eseguita la query: [ UPDATE index_ddt SET year='2015' ] dall'utente di dominio [ paolo ]
Jan 08 23:16:30|PEAR_LOG_SQL[info] E' stata eseguita la query: [ UPDATE index_fattura SET year='2015' ] dall'utente di dominio [ paolo ]
Jan 08 23:16:30|PEAR_LOG_SQL[info] E' stata eseguita la query: [ UPDATE index_ddt SET year='2015' ] dall'utente di dominio [ paolo ]
Jan 08 23:16:48|PEAR_LOG_SQL[info] E' stata eseguita la query: [ UPDATE index_fattura SET year='2015' ] dall'utente di dominio [ paolo ]
Jan 08 23:16:48|PEAR_LOG_SQL[info] E' stata eseguita la query: [ UPDATE index_ddt SET year='2015' ] dall'utente di dominio [ paolo ]
Jan 08 23:18:38|PEAR_LOG_SQL[info] E' stata eseguita la query: [ UPDATE index_fattura SET year='2015' ] dall'utente di dominio [ paolo ]
Jan 08 23:18:38|PEAR_LOG_SQL[info] E' stata eseguita la query: [ UPDATE index_ddt SET year='2015' ] dall'utente di dominio [ paolo ]
Jan 08 23:19:12|PEAR_LOG_SQL[info] E' stata eseguita la query: [ UPDATE index_fattura SET year='2015' ] dall'utente di dominio [ paolo ]
Jan 08 23:19:12|PEAR_LOG_SQL[info] E' stata eseguita la query: [ UPDATE index_ddt SET year='2015' ] dall'utente di dominio [ paolo ]
Jan 08 23:20:12|PEAR_LOG_SQL[info] E' stata eseguita la query: [ UPDATE index_fattura SET year='2015' ] dall'utente di dominio [ paolo ]
Jan 08 23:20:12|PEAR_LOG_SQL[info] E' stata eseguita la query: [ UPDATE index_ddt SET year='2015' ] dall'utente di dominio [ paolo ]
Jan 08 23:20:12|PEAR_LOG_SQL[info] E' stata eseguita la query: [ UPDATE setup SET name = '10',description = NULL,field_name = 'iva',is_active = '1',operatore = 'paolo' WHERE id = 51 ] dall'utente di dominio [ paolo ]
Jan 08 23:20:12|PEAR_LOG_SQL[info] E' stata eseguita la query: [ UPDATE setup SET name = '22',description = NULL,field_name = 'iva',is_active = '1',operatore = 'paolo' WHERE id = 29 ] dall'utente di dominio [ paolo ]
Jan 08 23:20:12|PEAR_LOG_SQL[info] E' stata eseguita la query: [ UPDATE setup SET name = '4',description = NULL,field_name = 'iva',is_active = '1',operatore = 'paolo' WHERE id = 92 ] dall'utente di dominio [ paolo ]
Jan 08 23:20:12|PEAR_LOG_SQL[info] E' stata eseguita la query: [ INSERT INTO setup (id,name,description,field_name,is_active,operatore) VALUES (96,'SOLITO / CONCORDATO',NULL,'payment_type','1','paolo') ] dall'utente di dominio [ paolo ] Utente di dominio: [ paolo ] REMOTE PORT: [ 50400 ] REMOTE IP: [ 95.232.196.211 ] FULL DATE [ 08-01-2015 ]
Jan 08 23:20:12|PEAR_LOG_SQL[info] E' stata eseguita la query: [ INSERT INTO setup (id,name,description,field_name,is_active,operatore) VALUES (97,'ALLA CONSEGNA',NULL,'payment_type','1','paolo') ] dall'utente di dominio [ paolo ] Utente di dominio: [ paolo ] REMOTE PORT: [ 50400 ] REMOTE IP: [ 95.232.196.211 ] FULL DATE [ 08-01-2015 ]
Jan 08 23:20:12|PEAR_LOG_SQL[info] E' stata eseguita la query: [ INSERT INTO setup (id,name,description,field_name,is_active,operatore) VALUES (98,'BONFICO ANTICIPATO',NULL,'payment_type','1','paolo') ] dall'utente di dominio [ paolo ] Utente di dominio: [ paolo ] REMOTE PORT: [ 50400 ] REMOTE IP: [ 95.232.196.211 ] FULL DATE [ 08-01-2015 ]
Jan 08 23:20:12|PEAR_LOG_SQL[info] E' stata eseguita la query: [ INSERT INTO setup (id,name,description,field_name,is_active,operatore) VALUES (99,'DA DEFINIRE',NULL,'payment_type','1','paolo') ] dall'utente di dominio [ paolo ] Utente di dominio: [ paolo ] REMOTE PORT: [ 50400 ] REMOTE IP: [ 95.232.196.211 ] FULL DATE [ 08-01-2015 ]
Jan 08 23:20:12|PEAR_LOG_SQL[info] E' stata eseguita la query: [ UPDATE setup SET name = 'Porto Assegnato',description = NULL,field_name = 'tipo_consegna',is_active = '1',operatore = 'paolo' WHERE id = 94 ] dall'utente di dominio [ paolo ]
Jan 08 23:20:12|PEAR_LOG_SQL[info] E' stata eseguita la query: [ UPDATE setup SET name = 'Porto Franco',description = NULL,field_name = 'tipo_consegna',is_active = '1',operatore = 'paolo' WHERE id = 95 ] dall'utente di dominio [ paolo ]
Jan 08 23:20:12|PEAR_LOG_SQL[info] E' stata eseguita la query: [ UPDATE users_type SET name = 'Amministratore',description = 'Amministratore',permessi = 'ecommerce@1|CambioLogo@1|Setup@1|Utenti@1|Clienti@1|Fornitori@1' WHERE id = 1 ] dall'utente di dominio [ paolo ]
Jan 08 23:20:12|PEAR_LOG_SQL[info] E' stata eseguita la query: [ UPDATE users_type SET name = 'Operatore',description = 'Operatore',permessi = 'ecommerce@0|CambioLogo@0|Setup@0|Utenti@0|Clienti@0|Fornitori@0' WHERE id = 2 ] dall'utente di dominio [ paolo ]
Jan 08 23:20:12|PEAR_LOG_SQL[info] E' stata eseguita la query: [ UPDATE users_type SET name = 'Pubblico',description = 'Pubblico',permessi = 'ecommerce@0|CambioLogo@0|Setup@0|Utenti@0|Clienti@0|Fornitori@0' WHERE id = 3 ] dall'utente di dominio [ paolo ]
Jan 08 23:20:12|PEAR_LOG_SQL[info] E' stata eseguita la query: [ UPDATE users_type SET name = 'Rappresentante',description = 'Rappresentante',permessi = 'ecommerce@0|CambioLogo@0|Setup@0|Utenti@0|Clienti@0|Fornitori@0' WHERE id = 4 ] dall'utente di dominio [ paolo ]
Jan 08 23:20:13|PEAR_LOG_SQL[info] E' stata eseguita la query: [ UPDATE index_fattura SET year='2015' ] dall'utente di dominio [ paolo ]
Jan 08 23:20:13|PEAR_LOG_SQL[info] E' stata eseguita la query: [ UPDATE index_ddt SET year='2015' ] dall'utente di dominio [ paolo ]
Jan 08 23:23:38|PEAR_LOG_SQL[info] E' stata eseguita la query: [ UPDATE index_fattura SET year='2015' ] dall'utente di dominio [ paolo ]
Jan 08 23:23:38|PEAR_LOG_SQL[info] E' stata eseguita la query: [ UPDATE index_ddt SET year='2015' ] dall'utente di dominio [ paolo ]
Jan 08 23:23:38|PEAR_LOG_SQL[info] E' stata eseguita la query: [ UPDATE setup SET name = '10',description = NULL,field_name = 'iva',is_active = '1',operatore = 'paolo' WHERE id = 51 ] dall'utente di dominio [ paolo ]
Jan 08 23:23:38|PEAR_LOG_SQL[info] E' stata eseguita la query: [ UPDATE setup SET name = '22',description = NULL,field_name = 'iva',is_active = '1',operatore = 'paolo' WHERE id = 29 ] dall'utente di dominio [ paolo ]
Jan 08 23:23:38|PEAR_LOG_SQL[info] E' stata eseguita la query: [ UPDATE setup SET name = '4',description = NULL,field_name = 'iva',is_active = '1',operatore = 'paolo' WHERE id = 92 ] dall'utente di dominio [ paolo ]
Jan 08 23:23:38|PEAR_LOG_SQL[info] E' stata eseguita la query: [ UPDATE setup SET name = 'SOLITO / CONCORDATO',description = NULL,field_name = 'payment_type',is_active = '1',operatore = 'paolo' WHERE id = 97 ] dall'utente di dominio [ paolo ]
Jan 08 23:23:38|PEAR_LOG_SQL[info] E' stata eseguita la query: [ UPDATE setup SET name = 'ALLA CONSEGNA',description = NULL,field_name = 'payment_type',is_active = '1',operatore = 'paolo' WHERE id = 98 ] dall'utente di dominio [ paolo ]
Jan 08 23:23:38|PEAR_LOG_SQL[info] E' stata eseguita la query: [ UPDATE setup SET name = 'BONFICO ANTICIPATO',description = NULL,field_name = 'payment_type',is_active = '1',operatore = 'paolo' WHERE id = 99 ] dall'utente di dominio [ paolo ]
Jan 08 23:23:38|PEAR_LOG_SQL[info] E' stata eseguita la query: [ UPDATE setup SET name = 'DA DEFINIRE',description = NULL,field_name = 'payment_type',is_active = '1',operatore = 'paolo' WHERE id = 96 ] dall'utente di dominio [ paolo ]
Jan 08 23:23:38|PEAR_LOG_SQL[info] E' stata eseguita la query: [ UPDATE setup SET name = 'Porto Assegnato',description = NULL,field_name = 'tipo_consegna',is_active = '1',operatore = 'paolo' WHERE id = 94 ] dall'utente di dominio [ paolo ]
Jan 08 23:23:38|PEAR_LOG_SQL[info] E' stata eseguita la query: [ UPDATE setup SET name = 'Porto Franco',description = NULL,field_name = 'tipo_consegna',is_active = '1',operatore = 'paolo' WHERE id = 95 ] dall'utente di dominio [ paolo ]
Jan 08 23:23:38|PEAR_LOG_SQL[info] E' stata eseguita la query: [ UPDATE users_type SET name = 'Amministratore',description = 'Amministratore',permessi = 'ecommerce@1|CambioLogo@1|Setup@1|Utenti@1|Clienti@1|Fornitori@1' WHERE id = 1 ] dall'utente di dominio [ paolo ]
Jan 08 23:23:38|PEAR_LOG_SQL[info] E' stata eseguita la query: [ UPDATE users_type SET name = 'Operatore',description = 'Operatore',permessi = 'ecommerce@0|CambioLogo@0|Setup@0|Utenti@0|Clienti@0|Fornitori@0' WHERE id = 2 ] dall'utente di dominio [ paolo ]
Jan 08 23:23:38|PEAR_LOG_SQL[info] E' stata eseguita la query: [ UPDATE users_type SET name = 'Pubblico',description = 'Pubblico',permessi = 'ecommerce@0|CambioLogo@0|Setup@0|Utenti@0|Clienti@0|Fornitori@0' WHERE id = 3 ] dall'utente di dominio [ paolo ]
Jan 08 23:23:38|PEAR_LOG_SQL[info] E' stata eseguita la query: [ UPDATE users_type SET name = 'Rappresentante',description = 'Rappresentante',permessi = 'ecommerce@0|CambioLogo@0|Setup@0|Utenti@0|Clienti@0|Fornitori@0' WHERE id = 4 ] dall'utente di dominio [ paolo ]
Jan 08 23:23:38|PEAR_LOG_SQL[info] E' stata eseguita la query: [ UPDATE index_fattura SET year='2015' ] dall'utente di dominio [ paolo ]
Jan 08 23:23:38|PEAR_LOG_SQL[info] E' stata eseguita la query: [ UPDATE index_ddt SET year='2015' ] dall'utente di dominio [ paolo ]
Jan 08 23:23:41|PEAR_LOG_SQL[info] E' stata eseguita la query: [ UPDATE index_fattura SET year='2015' ] dall'utente di dominio [ paolo ]
Jan 08 23:23:41|PEAR_LOG_SQL[info] E' stata eseguita la query: [ UPDATE index_ddt SET year='2015' ] dall'utente di dominio [ paolo ]
Jan 08 23:23:41|PEAR_LOG_SQL[info] E' stata eseguita la query: [ UPDATE setup SET name = '10',description = NULL,field_name = 'iva',is_active = '1',operatore = 'paolo' WHERE id = 51 ] dall'utente di dominio [ paolo ]
Jan 08 23:23:41|PEAR_LOG_SQL[info] E' stata eseguita la query: [ UPDATE setup SET name = '22',description = NULL,field_name = 'iva',is_active = '1',operatore = 'paolo' WHERE id = 29 ] dall'utente di dominio [ paolo ]
Jan 08 23:23:41|PEAR_LOG_SQL[info] E' stata eseguita la query: [ UPDATE setup SET name = '4',description = NULL,field_name = 'iva',is_active = '1',operatore = 'paolo' WHERE id = 92 ] dall'utente di dominio [ paolo ]
Jan 08 23:23:41|PEAR_LOG_SQL[info] E' stata eseguita la query: [ UPDATE setup SET name = 'ALLA CONSEGNA',description = NULL,field_name = 'payment_type',is_active = '1',operatore = 'paolo' WHERE id = 98 ] dall'utente di dominio [ paolo ]
Jan 08 23:23:41|PEAR_LOG_SQL[info] E' stata eseguita la query: [ UPDATE setup SET name = 'BONFICO ANTICIPATO',description = NULL,field_name = 'payment_type',is_active = '1',operatore = 'paolo' WHERE id = 99 ] dall'utente di dominio [ paolo ]
Jan 08 23:23:41|PEAR_LOG_SQL[info] E' stata eseguita la query: [ UPDATE setup SET name = 'DA DEFINIRE',description = NULL,field_name = 'payment_type',is_active = '1',operatore = 'paolo' WHERE id = 96 ] dall'utente di dominio [ paolo ]
Jan 08 23:23:41|PEAR_LOG_SQL[info] E' stata eseguita la query: [ UPDATE setup SET name = 'SOLITO / CONCORDATO',description = NULL,field_name = 'payment_type',is_active = '1',operatore = 'paolo' WHERE id = 97 ] dall'utente di dominio [ paolo ]
Jan 08 23:23:41|PEAR_LOG_SQL[info] E' stata eseguita la query: [ UPDATE setup SET name = 'Porto Assegnato',description = NULL,field_name = 'tipo_consegna',is_active = '1',operatore = 'paolo' WHERE id = 94 ] dall'utente di dominio [ paolo ]
Jan 08 23:23:41|PEAR_LOG_SQL[info] E' stata eseguita la query: [ UPDATE setup SET name = 'Porto Franco',description = NULL,field_name = 'tipo_consegna',is_active = '1',operatore = 'paolo' WHERE id = 95 ] dall'utente di dominio [ paolo ]
Jan 08 23:23:41|PEAR_LOG_SQL[info] E' stata eseguita la query: [ UPDATE users_type SET name = 'Amministratore',description = 'Amministratore',permessi = 'ecommerce@1|CambioLogo@1|Setup@1|Utenti@1|Clienti@1|Fornitori@1' WHERE id = 1 ] dall'utente di dominio [ paolo ]
Jan 08 23:23:41|PEAR_LOG_SQL[info] E' stata eseguita la query: [ UPDATE users_type SET name = 'Operatore',description = 'Operatore',permessi = 'ecommerce@0|CambioLogo@0|Setup@0|Utenti@0|Clienti@0|Fornitori@0' WHERE id = 2 ] dall'utente di dominio [ paolo ]
Jan 08 23:23:41|PEAR_LOG_SQL[info] E' stata eseguita la query: [ UPDATE users_type SET name = 'Pubblico',description = 'Pubblico',permessi = 'ecommerce@0|CambioLogo@0|Setup@0|Utenti@0|Clienti@0|Fornitori@0' WHERE id = 3 ] dall'utente di dominio [ paolo ]
Jan 08 23:23:41|PEAR_LOG_SQL[info] E' stata eseguita la query: [ UPDATE users_type SET name = 'Rappresentante',description = 'Rappresentante',permessi = 'ecommerce@0|CambioLogo@0|Setup@0|Utenti@0|Clienti@0|Fornitori@0' WHERE id = 4 ] dall'utente di dominio [ paolo ]
Jan 08 23:23:41|PEAR_LOG_SQL[info] E' stata eseguita la query: [ UPDATE index_fattura SET year='2015' ] dall'utente di dominio [ paolo ]
Jan 08 23:23:41|PEAR_LOG_SQL[info] E' stata eseguita la query: [ UPDATE index_ddt SET year='2015' ] dall'utente di dominio [ paolo ]
Jan 08 23:24:04|PEAR_LOG_SQL[info] E' stata eseguita la query: [ UPDATE index_fattura SET year='2015' ] dall'utente di dominio [ paolo ]
Jan 08 23:24:04|PEAR_LOG_SQL[info] E' stata eseguita la query: [ UPDATE index_ddt SET year='2015' ] dall'utente di dominio [ paolo ]
Jan 08 23:24:04|PEAR_LOG_SQL[info] E' stata eseguita la query: [ UPDATE setup SET name = '10',description = NULL,field_name = 'iva',is_active = '1',operatore = 'paolo' WHERE id = 51 ] dall'utente di dominio [ paolo ]
Jan 08 23:24:04|PEAR_LOG_SQL[info] E' stata eseguita la query: [ UPDATE setup SET name = '22',description = NULL,field_name = 'iva',is_active = '1',operatore = 'paolo' WHERE id = 29 ] dall'utente di dominio [ paolo ]
Jan 08 23:24:04|PEAR_LOG_SQL[info] E' stata eseguita la query: [ UPDATE setup SET name = '4',description = NULL,field_name = 'iva',is_active = '1',operatore = 'paolo' WHERE id = 92 ] dall'utente di dominio [ paolo ]
Jan 08 23:24:04|PEAR_LOG_SQL[info] E' stata eseguita la query: [ UPDATE setup SET name = 'ALLA CONSEGNA',description = NULL,field_name = 'payment_type',is_active = '1',operatore = 'paolo' WHERE id = 98 ] dall'utente di dominio [ paolo ]
Jan 08 23:24:04|PEAR_LOG_SQL[info] E' stata eseguita la query: [ UPDATE setup SET name = 'BONFICO ANTICIPATO',description = NULL,field_name = 'payment_type',is_active = '1',operatore = 'paolo' WHERE id = 99 ] dall'utente di dominio [ paolo ]
Jan 08 23:24:04|PEAR_LOG_SQL[info] E' stata eseguita la query: [ UPDATE setup SET name = 'DA DEFINIRE',description = NULL,field_name = 'payment_type',is_active = '1',operatore = 'paolo' WHERE id = 96 ] dall'utente di dominio [ paolo ]
Jan 08 23:24:04|PEAR_LOG_SQL[info] E' stata eseguita la query: [ UPDATE setup SET name = 'SOLITO / CONCORDATO',description = NULL,field_name = 'payment_type',is_active = '1',operatore = 'paolo' WHERE id = 97 ] dall'utente di dominio [ paolo ]
Jan 08 23:24:04|PEAR_LOG_SQL[info] E' stata eseguita la query: [ UPDATE setup SET name = 'Porto Assegnato',description = NULL,field_name = 'tipo_consegna',is_active = '1',operatore = 'paolo' WHERE id = 94 ] dall'utente di dominio [ paolo ]
Jan 08 23:24:04|PEAR_LOG_SQL[info] E' stata eseguita la query: [ UPDATE setup SET name = 'Porto Franco',description = NULL,field_name = 'tipo_consegna',is_active = '1',operatore = 'paolo' WHERE id = 95 ] dall'utente di dominio [ paolo ]
Jan 08 23:24:04|PEAR_LOG_SQL[info] E' stata eseguita la query: [ UPDATE users_type SET name = 'Amministratore',description = 'Amministratore',permessi = 'ecommerce@1|CambioLogo@1|Setup@1|Utenti@1|Clienti@1|Fornitori@1' WHERE id = 1 ] dall'utente di dominio [ paolo ]
Jan 08 23:24:04|PEAR_LOG_SQL[info] E' stata eseguita la query: [ UPDATE users_type SET name = 'Operatore',description = 'Operatore',permessi = 'ecommerce@0|CambioLogo@0|Setup@0|Utenti@0|Clienti@0|Fornitori@0' WHERE id = 2 ] dall'utente di dominio [ paolo ]
Jan 08 23:24:04|PEAR_LOG_SQL[info] E' stata eseguita la query: [ UPDATE users_type SET name = 'Pubblico',description = 'Pubblico',permessi = 'ecommerce@0|CambioLogo@0|Setup@0|Utenti@0|Clienti@0|Fornitori@0' WHERE id = 3 ] dall'utente di dominio [ paolo ]
Jan 08 23:24:04|PEAR_LOG_SQL[info] E' stata eseguita la query: [ UPDATE users_type SET name = 'Rappresentante',description = 'Rappresentante',permessi = 'ecommerce@0|CambioLogo@0|Setup@0|Utenti@0|Clienti@0|Fornitori@0' WHERE id = 4 ] dall'utente di dominio [ paolo ]
Jan 08 23:24:04|PEAR_LOG_SQL[info] E' stata eseguita la query: [ UPDATE index_fattura SET year='2015' ] dall'utente di dominio [ paolo ]
Jan 08 23:24:04|PEAR_LOG_SQL[info] E' stata eseguita la query: [ UPDATE index_ddt SET year='2015' ] dall'utente di dominio [ paolo ]
Jan 08 23:25:51|PEAR_LOG_SQL[info] E' stata eseguita la query: [ UPDATE index_fattura SET year='2015' ] dall'utente di dominio [ paolo ]
Jan 08 23:25:51|PEAR_LOG_SQL[info] E' stata eseguita la query: [ UPDATE index_ddt SET year='2015' ] dall'utente di dominio [ paolo ]
Jan 08 23:25:59|PEAR_LOG_SQL[info] E' stata eseguita la query: [ UPDATE index_fattura SET year='2015' ] dall'utente di dominio [ paolo ]
Jan 08 23:25:59|PEAR_LOG_SQL[info] E' stata eseguita la query: [ UPDATE index_ddt SET year='2015' ] dall'utente di dominio [ paolo ]
Jan 08 23:26:00|PEAR_LOG_SQL[info] E' stata eseguita la query: [ UPDATE index_fattura SET year='2015' ] dall'utente di dominio [ paolo ]
Jan 08 23:26:00|PEAR_LOG_SQL[info] E' stata eseguita la query: [ UPDATE index_ddt SET year='2015' ] dall'utente di dominio [ paolo ]
Jan 08 23:26:06|PEAR_LOG_SQL[info] E' stata eseguita la query: [ UPDATE index_fattura SET year='2015' ] dall'utente di dominio [ paolo ]
Jan 08 23:26:06|PEAR_LOG_SQL[info] E' stata eseguita la query: [ UPDATE index_ddt SET year='2015' ] dall'utente di dominio [ paolo ]
