Jan 15 18:10:45|PEAR_LOG_SQL[info] E' stata eseguita la query: [ UPDATE index_fattura SET year='2015' ] dall'utente di dominio [  ]
Jan 15 18:10:45|PEAR_LOG_SQL[info] E' stata eseguita la query: [ UPDATE index_ddt SET year='2015' ] dall'utente di dominio [  ]
Jan 15 23:17:20|PEAR_LOG_SQL[info] E' stata eseguita la query: [ UPDATE index_fattura SET year='2015' ] dall'utente di dominio [  ]
Jan 15 23:17:20|PEAR_LOG_SQL[info] E' stata eseguita la query: [ UPDATE index_ddt SET year='2015' ] dall'utente di dominio [  ]
Jan 15 23:17:24|PEAR_LOG_SQL[info] E' stata eseguita la query: [ UPDATE index_fattura SET year='2015' ] dall'utente di dominio [  ]
Jan 15 23:17:24|PEAR_LOG_SQL[info] E' stata eseguita la query: [ UPDATE index_ddt SET year='2015' ] dall'utente di dominio [  ]
Jan 15 23:17:24|PEAR_LOG_SQL[info] E' stata eseguita la query: [ UPDATE users SET id_type = 1,id_anag = 18,id_customer = 133,sconto_fornitori_nl = 20,sconto_fornitori_de = 20,username = 'siso',password = '78db288208c027abd8d6fce4b368c62da2afr24tg56r4r65wg',secret_question = NULL,secret_response = NULL,confirmation_code = NULL,last_access = '2015-01-15 23:17:24',data_inserimento_riga = '2011-06-14',data_modifica_riga = '2015-01-15',is_newsletter_subscribed = 0,is_t_c_accepted = '0',is_active = 1,operatore = 'siso' WHERE id = 1 ] dall'utente di dominio [  ] Utente di dominio: [  ] REMOTE PORT: [ 63432 ] REMOTE IP: [ 151.24.101.10 ] FULL DATE [ 15-01-2015 ]
Jan 15 23:17:24|PEAR_LOG_SQL[info] E' stata eseguita la query: [ UPDATE index_fattura SET year='2015' ] dall'utente di dominio [ siso ]
Jan 15 23:17:24|PEAR_LOG_SQL[info] E' stata eseguita la query: [ UPDATE index_ddt SET year='2015' ] dall'utente di dominio [ siso ]
Jan 15 23:17:29|PEAR_LOG_SQL[info] E' stata eseguita la query: [ UPDATE index_fattura SET year='2015' ] dall'utente di dominio [ siso ]
Jan 15 23:17:29|PEAR_LOG_SQL[info] E' stata eseguita la query: [ UPDATE index_ddt SET year='2015' ] dall'utente di dominio [ siso ]
Jan 15 23:18:18|PEAR_LOG_SQL[info] E' stata eseguita la query: [ UPDATE index_fattura SET year='2015' ] dall'utente di dominio [ siso ]
Jan 15 23:18:18|PEAR_LOG_SQL[info] E' stata eseguita la query: [ UPDATE index_ddt SET year='2015' ] dall'utente di dominio [ siso ]
Jan 15 23:18:18|PEAR_LOG_SQL[info] E' stata eseguita la query: [ INSERT INTO users_anag (id,name,surname,email,address,address_secondary,city,province,nation,cap,phone,mobile,sex) VALUES (7085,'Silvio','Sorrentino','webagent@florsistemi.it',NULL,NULL,NULL,NULL,NULL,NULL,NULL,NULL,NULL) ] dall'utente di dominio [ siso ] Utente di dominio: [ siso ] REMOTE PORT: [ 63438 ] REMOTE IP: [ 151.24.101.10 ] FULL DATE [ 15-01-2015 ]
Jan 15 23:18:18|PEAR_LOG_SQL[info] E' stata eseguita la query: [ INSERT INTO users (id,id_type,id_anag,id_customer,sconto_fornitori_nl,sconto_fornitori_de,username,password,secret_question,secret_response,confirmation_code,last_access,data_inserimento_riga,data_modifica_riga,is_newsletter_subscribed,is_t_c_accepted,is_active,operatore) VALUES (7223,3,7085,NULL,NULL,NULL,'sisetto','a8977294b5b1fbdca51c93cde7a33f13a2afr24tg56r4r65wg',NULL,NULL,NULL,NULL,'2015-01-15','2015-01-15',NULL,NULL,0,'siso') ] dall'utente di dominio [ siso ]
Jan 15 23:18:18|PEAR_LOG_SQL[info] E' stata eseguita la query: [ UPDATE users SET id_type = 3,id_anag = 7085,id_customer = NULL,sconto_fornitori_nl = NULL,sconto_fornitori_de = NULL,username = 'sisetto',password = 'a8977294b5b1fbdca51c93cde7a33f13a2afr24tg56r4r65wg',secret_question = NULL,secret_response = NULL,confirmation_code = NULL,last_access = NULL,data_inserimento_riga = '2015-01-15',data_modifica_riga = '2015-01-15',is_newsletter_subscribed = NULL,is_t_c_accepted = NULL,is_active = 1,operatore = 'siso' WHERE id = 7223 ] dall'utente di dominio [ siso ]
Jan 15 23:18:18|PEAR_LOG_SQL[info] E' stata eseguita la query: [ UPDATE index_fattura SET year='2015' ] dall'utente di dominio [ siso ]
Jan 15 23:18:18|PEAR_LOG_SQL[info] E' stata eseguita la query: [ UPDATE index_ddt SET year='2015' ] dall'utente di dominio [ siso ]
Jan 15 23:34:05|PEAR_LOG_SQL[info] E' stata eseguita la query: [ UPDATE index_fattura SET year='2015' ] dall'utente di dominio [ siso ]
Jan 15 23:34:05|PEAR_LOG_SQL[info] E' stata eseguita la query: [ UPDATE index_ddt SET year='2015' ] dall'utente di dominio [ siso ]
Jan 15 23:34:06|PEAR_LOG_SQL[info] E' stata eseguita la query: [ UPDATE index_fattura SET year='2015' ] dall'utente di dominio [ siso ]
Jan 15 23:34:06|PEAR_LOG_SQL[info] E' stata eseguita la query: [ UPDATE index_ddt SET year='2015' ] dall'utente di dominio [ siso ]
Jan 15 23:34:12|PEAR_LOG_SQL[info] E' stata eseguita la query: [ UPDATE index_fattura SET year='2015' ] dall'utente di dominio [ siso ]
Jan 15 23:34:12|PEAR_LOG_SQL[info] E' stata eseguita la query: [ UPDATE index_ddt SET year='2015' ] dall'utente di dominio [ siso ]
Jan 15 23:34:42|PEAR_LOG_SQL[info] E' stata eseguita la query: [ UPDATE index_fattura SET year='2015' ] dall'utente di dominio [ siso ]
Jan 15 23:34:42|PEAR_LOG_SQL[info] E' stata eseguita la query: [ UPDATE index_ddt SET year='2015' ] dall'utente di dominio [ siso ]
Jan 15 23:43:55|PEAR_LOG_SQL[info] E' stata eseguita la query: [ UPDATE index_fattura SET year='2015' ] dall'utente di dominio [ siso ]
Jan 15 23:43:55|PEAR_LOG_SQL[info] E' stata eseguita la query: [ UPDATE index_ddt SET year='2015' ] dall'utente di dominio [ siso ]
Jan 15 23:44:09|PEAR_LOG_SQL[info] E' stata eseguita la query: [ UPDATE index_fattura SET year='2015' ] dall'utente di dominio [ siso ]
Jan 15 23:44:09|PEAR_LOG_SQL[info] E' stata eseguita la query: [ UPDATE index_ddt SET year='2015' ] dall'utente di dominio [ siso ]
Jan 15 23:44:09|PEAR_LOG_SQL[info] E' stata eseguita la query: [ UPDATE users_anag SET name = 'Silvio',surname = 'Sorrentino',email = 'siso77@gmail.com',address = 'Via Roma',address_secondary = 'Via Monza',city = 'Roma',province = 'RM',nation = 'Italy',cap = '00100',phone = '060606',mobile = '333999999',sex = 'Maschio' WHERE id = 18 ] dall'utente di dominio [ siso ]
Jan 15 23:44:09|PEAR_LOG_SQL[info] E' stata eseguita la query: [ UPDATE users SET id_type = 1,id_anag = 18,id_customer = 133,sconto_fornitori_nl = 20,sconto_fornitori_de = 20,username = 'siso',password = '78db288208c027abd8d6fce4b368c62da2afr24tg56r4r65wg',secret_question = NULL,secret_response = NULL,confirmation_code = NULL,last_access = '2015-01-15 23:44:09',data_inserimento_riga = '2011-06-14',data_modifica_riga = '2015-01-15',is_newsletter_subscribed = 0,is_t_c_accepted = '0',is_active = 1,operatore = 'siso' WHERE id = 1 ] dall'utente di dominio [ siso ]
Jan 15 23:44:09|PEAR_LOG_SQL[info] E' stata eseguita la query: [ INSERT INTO users (id,id_type,id_anag,id_customer,sconto_fornitori_nl,sconto_fornitori_de,username,password,secret_question,secret_response,confirmation_code,last_access,data_inserimento_riga,data_modifica_riga,is_newsletter_subscribed,is_t_c_accepted,is_active,operatore) VALUES (7243,NULL,NULL,NULL,NULL,NULL,NULL,NULL,NULL,NULL,NULL,NULL,'2015-01-15','2015-01-15',NULL,NULL,0,NULL) ] dall'utente di dominio [ siso ] Utente di dominio: [ siso ] REMOTE PORT: [ 63722 ] REMOTE IP: [ 151.24.101.10 ] FULL DATE [ 15-01-2015 ]
Jan 15 23:44:09|PEAR_LOG_SQL[info] E' stata eseguita la query: [ UPDATE index_fattura SET year='2015' ] dall'utente di dominio [ siso ]
Jan 15 23:44:09|PEAR_LOG_SQL[info] E' stata eseguita la query: [ UPDATE index_ddt SET year='2015' ] dall'utente di dominio [ siso ]
