Jan 18 15:58:01|PEAR_LOG_SQL[info] E' stata eseguita la query: [ UPDATE index_fattura SET year='2015' ] dall'utente di dominio [  ]
Jan 18 15:58:01|PEAR_LOG_SQL[info] E' stata eseguita la query: [ UPDATE index_ddt SET year='2015' ] dall'utente di dominio [  ]
Jan 18 21:55:35|PEAR_LOG_SQL[info] E' stata eseguita la query: [ UPDATE index_fattura SET year='2015' ] dall'utente di dominio [  ]
Jan 18 21:55:35|PEAR_LOG_SQL[info] E' stata eseguita la query: [ UPDATE index_ddt SET year='2015' ] dall'utente di dominio [  ]
Jan 18 21:55:41|PEAR_LOG_SQL[info] E' stata eseguita la query: [ UPDATE index_fattura SET year='2015' ] dall'utente di dominio [  ]
Jan 18 21:55:41|PEAR_LOG_SQL[info] E' stata eseguita la query: [ UPDATE index_ddt SET year='2015' ] dall'utente di dominio [  ]
Jan 18 21:55:41|PEAR_LOG_SQL[info] E' stata eseguita la query: [ UPDATE users SET id_type = 1,id_anag = 7037,id_customer = 35,sconto_fornitori_nl = NULL,sconto_fornitori_de = NULL,username = 'paolo',password = 'e45db853fb2e1caa77398c3a16867d19a2afr24tg56r4r65wg',secret_question = 'Nome?',secret_response = 'Alessandro',confirmation_code = NULL,last_access = '2015-01-18 21:55:41',data_inserimento_riga = '2014-04-09',data_modifica_riga = '2015-01-18',is_newsletter_subscribed = '1',is_t_c_accepted = '1',is_active = 1,operatore = 'paolo' WHERE id = 7210 ] dall'utente di dominio [  ] Utente di dominio: [  ] REMOTE PORT: [ 49988 ] REMOTE IP: [ 87.4.195.2 ] FULL DATE [ 18-01-2015 ]
Jan 18 21:55:41|PEAR_LOG_SQL[info] E' stata eseguita la query: [ UPDATE index_fattura SET year='2015' ] dall'utente di dominio [ paolo ]
Jan 18 21:55:41|PEAR_LOG_SQL[info] E' stata eseguita la query: [ UPDATE index_ddt SET year='2015' ] dall'utente di dominio [ paolo ]
Jan 18 21:55:42|PEAR_LOG_SQL[info] E' stata eseguita la query: [ UPDATE index_fattura SET year='2015' ] dall'utente di dominio [ paolo ]
Jan 18 21:55:42|PEAR_LOG_SQL[info] E' stata eseguita la query: [ UPDATE index_ddt SET year='2015' ] dall'utente di dominio [ paolo ]
Jan 18 21:55:52|PEAR_LOG_SQL[info] E' stata eseguita la query: [ UPDATE index_fattura SET year='2015' ] dall'utente di dominio [ paolo ]
Jan 18 21:55:52|PEAR_LOG_SQL[info] E' stata eseguita la query: [ UPDATE index_ddt SET year='2015' ] dall'utente di dominio [ paolo ]
Jan 18 21:55:52|PEAR_LOG_SQL[info] E' stata eseguita la query: [ UPDATE index_fattura SET year='2015' ] dall'utente di dominio [ paolo ]
Jan 18 21:55:52|PEAR_LOG_SQL[info] E' stata eseguita la query: [ UPDATE index_ddt SET year='2015' ] dall'utente di dominio [ paolo ]
Jan 18 21:55:53|PEAR_LOG_SQL[info] E' stata eseguita la query: [ UPDATE index_fattura SET year='2015' ] dall'utente di dominio [ paolo ]
Jan 18 21:55:53|PEAR_LOG_SQL[info] E' stata eseguita la query: [ UPDATE index_ddt SET year='2015' ] dall'utente di dominio [ paolo ]
Jan 18 21:55:57|PEAR_LOG_SQL[info] E' stata eseguita la query: [ UPDATE index_fattura SET year='2015' ] dall'utente di dominio [ paolo ]
Jan 18 21:55:57|PEAR_LOG_SQL[info] E' stata eseguita la query: [ UPDATE index_ddt SET year='2015' ] dall'utente di dominio [ paolo ]
Jan 18 21:56:20|PEAR_LOG_SQL[info] E' stata eseguita la query: [ UPDATE index_fattura SET year='2015' ] dall'utente di dominio [ paolo ]
Jan 18 21:56:20|PEAR_LOG_SQL[info] E' stata eseguita la query: [ UPDATE index_ddt SET year='2015' ] dall'utente di dominio [ paolo ]
Jan 18 21:56:31|PEAR_LOG_SQL[info] E' stata eseguita la query: [ UPDATE index_fattura SET year='2015' ] dall'utente di dominio [ paolo ]
Jan 18 21:56:31|PEAR_LOG_SQL[info] E' stata eseguita la query: [ UPDATE index_ddt SET year='2015' ] dall'utente di dominio [ paolo ]
Jan 18 21:56:35|PEAR_LOG_SQL[info] E' stata eseguita la query: [ UPDATE index_fattura SET year='2015' ] dall'utente di dominio [ paolo ]
Jan 18 21:56:35|PEAR_LOG_SQL[info] E' stata eseguita la query: [ UPDATE index_ddt SET year='2015' ] dall'utente di dominio [ paolo ]
Jan 18 21:56:43|PEAR_LOG_SQL[info] E' stata eseguita la query: [ UPDATE index_fattura SET year='2015' ] dall'utente di dominio [ paolo ]
Jan 18 21:56:43|PEAR_LOG_SQL[info] E' stata eseguita la query: [ UPDATE index_ddt SET year='2015' ] dall'utente di dominio [ paolo ]
Jan 18 21:56:48|PEAR_LOG_SQL[info] E' stata eseguita la query: [ UPDATE index_fattura SET year='2015' ] dall'utente di dominio [ paolo ]
Jan 18 21:56:48|PEAR_LOG_SQL[info] E' stata eseguita la query: [ UPDATE index_ddt SET year='2015' ] dall'utente di dominio [ paolo ]
Jan 18 21:56:52|PEAR_LOG_SQL[info] E' stata eseguita la query: [ UPDATE index_fattura SET year='2015' ] dall'utente di dominio [ paolo ]
Jan 18 21:56:52|PEAR_LOG_SQL[info] E' stata eseguita la query: [ UPDATE index_ddt SET year='2015' ] dall'utente di dominio [ paolo ]
Jan 18 21:57:10|PEAR_LOG_SQL[info] E' stata eseguita la query: [ UPDATE index_fattura SET year='2015' ] dall'utente di dominio [ paolo ]
Jan 18 21:57:10|PEAR_LOG_SQL[info] E' stata eseguita la query: [ UPDATE index_ddt SET year='2015' ] dall'utente di dominio [ paolo ]
Jan 18 21:57:15|PEAR_LOG_SQL[info] E' stata eseguita la query: [ UPDATE index_fattura SET year='2015' ] dall'utente di dominio [ paolo ]
Jan 18 21:57:15|PEAR_LOG_SQL[info] E' stata eseguita la query: [ UPDATE index_ddt SET year='2015' ] dall'utente di dominio [ paolo ]
Jan 18 21:57:22|PEAR_LOG_SQL[info] E' stata eseguita la query: [ UPDATE index_fattura SET year='2015' ] dall'utente di dominio [ paolo ]
Jan 18 21:57:22|PEAR_LOG_SQL[info] E' stata eseguita la query: [ UPDATE index_ddt SET year='2015' ] dall'utente di dominio [ paolo ]
Jan 18 21:57:30|PEAR_LOG_SQL[info] E' stata eseguita la query: [ UPDATE index_fattura SET year='2015' ] dall'utente di dominio [ paolo ]
Jan 18 21:57:30|PEAR_LOG_SQL[info] E' stata eseguita la query: [ UPDATE index_ddt SET year='2015' ] dall'utente di dominio [ paolo ]
Jan 18 21:57:38|PEAR_LOG_SQL[info] E' stata eseguita la query: [ UPDATE index_fattura SET year='2015' ] dall'utente di dominio [ paolo ]
Jan 18 21:57:38|PEAR_LOG_SQL[info] E' stata eseguita la query: [ UPDATE index_ddt SET year='2015' ] dall'utente di dominio [ paolo ]
Jan 18 21:57:38|PEAR_LOG_SQL[info] E' stata eseguita la query: [ UPDATE content SET id_gm = 14,id_famiglia = NULL,nome_it = 'POINSETTIA (Stella di Natale) Alberello Vaso 30',descrizione_it = '<p>Colore Glitter-rosato</p>\r\n',nome_en = '',descrizione_en = '',vbn = NULL,note = '<p>Colore Glitter-rosato</p>\r\n',peso = NULL,C1 = NULL,C2 = NULL,C3 = NULL,C4 = NULL,C5 = NULL,tipo_colore = NULL,prezzo_0 = '15.50',prezzo_1 = NULL,prezzo_2 = NULL,prezzo_3 = NULL,prezzo_4 = NULL,prezzo_5 = NULL,prezzo_6 = NULL,prezzo_7 = NULL,prezzo_8 = NULL,prezzo_9 = NULL,cod_iva = 10,have_image = NULL,vbn_image = NULL,data_inserimento_riga = '2015-01-18 21:57:38',data_modifica_riga = '2015-01-18 21:57:38',is_active = 1,is_vbn_updated = NULL,operatore = 'paolo',codice_articolo = NULL WHERE id = 27 ] dall'utente di dominio [ paolo ]
Jan 18 21:57:38|PEAR_LOG_SQL[info] E' stata eseguita la query: [ UPDATE giacenze SET id_gm = 14,bar_code = 'POIN30AL',id_content = 27,id_fornitore = 2,C1 = NULL,C2 = NULL,C3 = NULL,C4 = NULL,C5 = NULL,prezzo_0 = '15.50',prezzo_1 = NULL,prezzo_2 = NULL,prezzo_3 = NULL,prezzo_4 = NULL,prezzo_5 = NULL,prezzo_6 = NULL,prezzo_7 = NULL,prezzo_8 = NULL,prezzo_9 = NULL,quantita = 4,quantita_mazzo = 1,disponibilita = 0,stato = 'E',promo = NULL,dimensione = NULL,scelta = NULL,fusto = NULL,produttore = '',openstage = NULL,data_inserimento_riga = '2015-01-18 21:57:38',data_modifica_riga = '2015-01-18 21:57:38',is_active = 1,operatore = 'paolo',prezzo_acquisto = '10.00',visibile = '0',in_home = '0',qta_minima = '1',qta_pianale = '8',qta_carrello = '16',qta_min_ordine = '4' WHERE id = 27 ] dall'utente di dominio [ paolo ]
Jan 18 21:58:40|PEAR_LOG_SQL[info] E' stata eseguita la query: [ UPDATE index_fattura SET year='2015' ] dall'utente di dominio [ paolo ]
Jan 18 21:58:40|PEAR_LOG_SQL[info] E' stata eseguita la query: [ UPDATE index_ddt SET year='2015' ] dall'utente di dominio [ paolo ]
Jan 18 22:01:31|PEAR_LOG_SQL[info] E' stata eseguita la query: [ UPDATE index_fattura SET year='2015' ] dall'utente di dominio [ paolo ]
Jan 18 22:01:31|PEAR_LOG_SQL[info] E' stata eseguita la query: [ UPDATE index_ddt SET year='2015' ] dall'utente di dominio [ paolo ]
Jan 18 22:01:31|PEAR_LOG_SQL[info] E' stata eseguita la query: [ INSERT INTO users_anag (id,name,surname,email,address,address_secondary,city,province,nation,cap,phone,mobile,sex) VALUES (7086,'Paolo','Oddone','paolo@oddoneflor.com',NULL,NULL,NULL,NULL,NULL,NULL,NULL,NULL,NULL) ] dall'utente di dominio [ paolo ] Utente di dominio: [ paolo ] REMOTE PORT: [ 50221 ] REMOTE IP: [ 87.4.195.2 ] FULL DATE [ 18-01-2015 ]
Jan 18 22:01:31|PEAR_LOG_SQL[info] E' stata eseguita la query: [ INSERT INTO users (id,id_type,id_anag,id_customer,sconto_fornitori_nl,sconto_fornitori_de,username,password,secret_question,secret_response,confirmation_code,last_access,data_inserimento_riga,data_modifica_riga,is_newsletter_subscribed,is_t_c_accepted,is_active,operatore) VALUES (7244,3,7086,NULL,NULL,NULL,'paolooddone','ce1f8c0b1d60a63d7e1ce61e8a538fd1a2afr24tg56r4r65wg',NULL,NULL,NULL,NULL,'2015-01-18','2015-01-18',NULL,NULL,0,'paolo') ] dall'utente di dominio [ paolo ]
Jan 18 22:01:31|PEAR_LOG_SQL[info] E' stata eseguita la query: [ UPDATE users SET id_type = 3,id_anag = 7086,id_customer = NULL,sconto_fornitori_nl = NULL,sconto_fornitori_de = NULL,username = 'paolooddone',password = 'ce1f8c0b1d60a63d7e1ce61e8a538fd1a2afr24tg56r4r65wg',secret_question = NULL,secret_response = NULL,confirmation_code = NULL,last_access = NULL,data_inserimento_riga = '2015-01-18',data_modifica_riga = '2015-01-18',is_newsletter_subscribed = NULL,is_t_c_accepted = NULL,is_active = 1,operatore = 'paolo' WHERE id = 7244 ] dall'utente di dominio [ paolo ]
Jan 18 22:01:32|PEAR_LOG_SQL[info] E' stata eseguita la query: [ UPDATE index_fattura SET year='2015' ] dall'utente di dominio [ paolo ]
Jan 18 22:01:32|PEAR_LOG_SQL[info] E' stata eseguita la query: [ UPDATE index_ddt SET year='2015' ] dall'utente di dominio [ paolo ]
Jan 18 22:01:34|PEAR_LOG_SQL[info] E' stata eseguita la query: [ UPDATE index_fattura SET year='2015' ] dall'utente di dominio [ paolo ]
Jan 18 22:01:34|PEAR_LOG_SQL[info] E' stata eseguita la query: [ UPDATE index_ddt SET year='2015' ] dall'utente di dominio [ paolo ]
Jan 18 22:01:40|PEAR_LOG_SQL[info] E' stata eseguita la query: [ UPDATE index_fattura SET year='2015' ] dall'utente di dominio [ paolo ]
Jan 18 22:01:40|PEAR_LOG_SQL[info] E' stata eseguita la query: [ UPDATE index_ddt SET year='2015' ] dall'utente di dominio [ paolo ]
Jan 18 22:01:46|PEAR_LOG_SQL[info] E' stata eseguita la query: [ UPDATE index_fattura SET year='2015' ] dall'utente di dominio [ paolo ]
Jan 18 22:01:46|PEAR_LOG_SQL[info] E' stata eseguita la query: [ UPDATE index_ddt SET year='2015' ] dall'utente di dominio [ paolo ]
Jan 18 22:01:46|PEAR_LOG_SQL[info] E' stata eseguita la query: [ UPDATE users SET id_type = 3,id_anag = 7086,id_customer = 353,sconto_fornitori_nl = NULL,sconto_fornitori_de = NULL,username = 'paolooddone',password = 'ce1f8c0b1d60a63d7e1ce61e8a538fd1a2afr24tg56r4r65wg',secret_question = NULL,secret_response = NULL,confirmation_code = NULL,last_access = NULL,data_inserimento_riga = '2015-01-18',data_modifica_riga = '2015-01-18',is_newsletter_subscribed = NULL,is_t_c_accepted = NULL,is_active = 1,operatore = 'paolo' WHERE id = 7244 ] dall'utente di dominio [ paolo ]
Jan 18 22:01:51|PEAR_LOG_SQL[info] E' stata eseguita la query: [ UPDATE index_fattura SET year='2015' ] dall'utente di dominio [ paolo ]
Jan 18 22:01:51|PEAR_LOG_SQL[info] E' stata eseguita la query: [ UPDATE index_ddt SET year='2015' ] dall'utente di dominio [ paolo ]
Jan 18 22:02:02|PEAR_LOG_SQL[info] E' stata eseguita la query: [ UPDATE index_fattura SET year='2015' ] dall'utente di dominio [ paolo ]
Jan 18 22:02:02|PEAR_LOG_SQL[info] E' stata eseguita la query: [ UPDATE index_ddt SET year='2015' ] dall'utente di dominio [ paolo ]
Jan 18 22:02:02|PEAR_LOG_SQL[info] E' stata eseguita la query: [ UPDATE index_fattura SET year='2015' ] dall'utente di dominio [ paolo ]
Jan 18 22:02:02|PEAR_LOG_SQL[info] E' stata eseguita la query: [ UPDATE index_ddt SET year='2015' ] dall'utente di dominio [ paolo ]
Jan 18 22:02:12|PEAR_LOG_SQL[info] E' stata eseguita la query: [ UPDATE index_fattura SET year='2015' ] dall'utente di dominio [ paolo ]
Jan 18 22:02:12|PEAR_LOG_SQL[info] E' stata eseguita la query: [ UPDATE index_ddt SET year='2015' ] dall'utente di dominio [ paolo ]
Jan 18 22:02:12|PEAR_LOG_SQL[info] E' stata eseguita la query: [ UPDATE index_fattura SET year='2015' ] dall'utente di dominio [ paolo ]
Jan 18 22:02:12|PEAR_LOG_SQL[info] E' stata eseguita la query: [ UPDATE index_ddt SET year='2015' ] dall'utente di dominio [ paolo ]
Jan 18 22:02:23|PEAR_LOG_SQL[info] E' stata eseguita la query: [ UPDATE index_fattura SET year='2015' ] dall'utente di dominio [ paolo ]
Jan 18 22:02:23|PEAR_LOG_SQL[info] E' stata eseguita la query: [ UPDATE index_ddt SET year='2015' ] dall'utente di dominio [ paolo ]
Jan 18 22:02:23|PEAR_LOG_SQL[info] E' stata eseguita la query: [ UPDATE index_fattura SET year='2015' ] dall'utente di dominio [ paolo ]
Jan 18 22:02:23|PEAR_LOG_SQL[info] E' stata eseguita la query: [ UPDATE index_ddt SET year='2015' ] dall'utente di dominio [ paolo ]
Jan 18 22:02:33|PEAR_LOG_SQL[info] E' stata eseguita la query: [ UPDATE index_fattura SET year='2015' ] dall'utente di dominio [ paolo ]
Jan 18 22:02:33|PEAR_LOG_SQL[info] E' stata eseguita la query: [ UPDATE index_ddt SET year='2015' ] dall'utente di dominio [ paolo ]
Jan 18 22:02:33|PEAR_LOG_SQL[info] E' stata eseguita la query: [ UPDATE index_fattura SET year='2015' ] dall'utente di dominio [ paolo ]
Jan 18 22:02:33|PEAR_LOG_SQL[info] E' stata eseguita la query: [ UPDATE index_ddt SET year='2015' ] dall'utente di dominio [ paolo ]
Jan 18 22:02:44|PEAR_LOG_SQL[info] E' stata eseguita la query: [ UPDATE index_fattura SET year='2015' ] dall'utente di dominio [ paolo ]
Jan 18 22:02:44|PEAR_LOG_SQL[info] E' stata eseguita la query: [ UPDATE index_ddt SET year='2015' ] dall'utente di dominio [ paolo ]
Jan 18 22:02:44|PEAR_LOG_SQL[info] E' stata eseguita la query: [ UPDATE index_fattura SET year='2015' ] dall'utente di dominio [ paolo ]
Jan 18 22:02:44|PEAR_LOG_SQL[info] E' stata eseguita la query: [ UPDATE index_ddt SET year='2015' ] dall'utente di dominio [ paolo ]
Jan 18 22:02:54|PEAR_LOG_SQL[info] E' stata eseguita la query: [ UPDATE index_fattura SET year='2015' ] dall'utente di dominio [ paolo ]
Jan 18 22:02:54|PEAR_LOG_SQL[info] E' stata eseguita la query: [ UPDATE index_ddt SET year='2015' ] dall'utente di dominio [ paolo ]
Jan 18 22:02:54|PEAR_LOG_SQL[info] E' stata eseguita la query: [ UPDATE index_fattura SET year='2015' ] dall'utente di dominio [ paolo ]
Jan 18 22:02:54|PEAR_LOG_SQL[info] E' stata eseguita la query: [ UPDATE index_ddt SET year='2015' ] dall'utente di dominio [ paolo ]
Jan 18 22:03:04|PEAR_LOG_SQL[info] E' stata eseguita la query: [ UPDATE index_fattura SET year='2015' ] dall'utente di dominio [ paolo ]
Jan 18 22:03:04|PEAR_LOG_SQL[info] E' stata eseguita la query: [ UPDATE index_ddt SET year='2015' ] dall'utente di dominio [ paolo ]
Jan 18 22:03:04|PEAR_LOG_SQL[info] E' stata eseguita la query: [ UPDATE index_fattura SET year='2015' ] dall'utente di dominio [ paolo ]
Jan 18 22:03:04|PEAR_LOG_SQL[info] E' stata eseguita la query: [ UPDATE index_ddt SET year='2015' ] dall'utente di dominio [ paolo ]
Jan 18 22:48:32|PEAR_LOG_SQL[info] E' stata eseguita la query: [ UPDATE index_fattura SET year='2015' ] dall'utente di dominio [  ]
Jan 18 22:48:32|PEAR_LOG_SQL[info] E' stata eseguita la query: [ UPDATE index_ddt SET year='2015' ] dall'utente di dominio [  ]
Jan 18 22:48:38|PEAR_LOG_SQL[info] E' stata eseguita la query: [ UPDATE index_fattura SET year='2015' ] dall'utente di dominio [  ]
Jan 18 22:48:38|PEAR_LOG_SQL[info] E' stata eseguita la query: [ UPDATE index_ddt SET year='2015' ] dall'utente di dominio [  ]
Jan 18 22:48:38|PEAR_LOG_SQL[info] E' stata eseguita la query: [ UPDATE users SET id_type = 1,id_anag = 7037,id_customer = 35,sconto_fornitori_nl = NULL,sconto_fornitori_de = NULL,username = 'paolo',password = 'e45db853fb2e1caa77398c3a16867d19a2afr24tg56r4r65wg',secret_question = 'Nome?',secret_response = 'Alessandro',confirmation_code = NULL,last_access = '2015-01-18 22:48:38',data_inserimento_riga = '2014-04-09',data_modifica_riga = '2015-01-18',is_newsletter_subscribed = '1',is_t_c_accepted = '1',is_active = 1,operatore = 'paolo' WHERE id = 7210 ] dall'utente di dominio [  ] Utente di dominio: [  ] REMOTE PORT: [ 51211 ] REMOTE IP: [ 87.4.195.2 ] FULL DATE [ 18-01-2015 ]
Jan 18 22:48:38|PEAR_LOG_SQL[info] E' stata eseguita la query: [ UPDATE index_fattura SET year='2015' ] dall'utente di dominio [ paolo ]
Jan 18 22:48:38|PEAR_LOG_SQL[info] E' stata eseguita la query: [ UPDATE index_ddt SET year='2015' ] dall'utente di dominio [ paolo ]
Jan 18 22:48:50|PEAR_LOG_SQL[info] E' stata eseguita la query: [ UPDATE index_fattura SET year='2015' ] dall'utente di dominio [ paolo ]
Jan 18 22:48:50|PEAR_LOG_SQL[info] E' stata eseguita la query: [ UPDATE index_ddt SET year='2015' ] dall'utente di dominio [ paolo ]
Jan 18 22:49:00|PEAR_LOG_SQL[info] E' stata eseguita la query: [ UPDATE index_fattura SET year='2015' ] dall'utente di dominio [ paolo ]
Jan 18 22:49:00|PEAR_LOG_SQL[info] E' stata eseguita la query: [ UPDATE index_ddt SET year='2015' ] dall'utente di dominio [ paolo ]
Jan 18 22:49:00|PEAR_LOG_SQL[info] E' stata eseguita la query: [ UPDATE users_anag SET name = 'Adriano',surname = 'Tonoli',email = 'vendite@gs.com',address = NULL,address_secondary = NULL,city = NULL,province = NULL,nation = NULL,cap = NULL,phone = NULL,mobile = NULL,sex = NULL WHERE id = 7083 ] dall'utente di dominio [ paolo ]
Jan 18 22:49:00|PEAR_LOG_SQL[info] E' stata eseguita la query: [ UPDATE users SET id_type = 3,id_anag = 7083,id_customer = 584,sconto_fornitori_nl = NULL,sconto_fornitori_de = NULL,username = 'adtonol',password = 'ce1f8c0b1d60a63d7e1ce61e8a538fd1a2afr24tg56r4r65wg',secret_question = NULL,secret_response = NULL,confirmation_code = NULL,last_access = '2015-01-18 22:49:00',data_inserimento_riga = '2014-12-22',data_modifica_riga = '2015-01-18',is_newsletter_subscribed = NULL,is_t_c_accepted = NULL,is_active = 1,operatore = 'paolo' WHERE id = 7220 ] dall'utente di dominio [ paolo ]
Jan 18 22:49:00|PEAR_LOG_SQL[info] E' stata eseguita la query: [ INSERT INTO users (id,id_type,id_anag,id_customer,sconto_fornitori_nl,sconto_fornitori_de,username,password,secret_question,secret_response,confirmation_code,last_access,data_inserimento_riga,data_modifica_riga,is_newsletter_subscribed,is_t_c_accepted,is_active,operatore) VALUES (7245,NULL,NULL,NULL,NULL,NULL,NULL,NULL,NULL,NULL,NULL,NULL,'2015-01-18','2015-01-18',NULL,NULL,0,NULL) ] dall'utente di dominio [ paolo ] Utente di dominio: [ paolo ] REMOTE PORT: [ 51223 ] REMOTE IP: [ 87.4.195.2 ] FULL DATE [ 18-01-2015 ]
Jan 18 22:49:01|PEAR_LOG_SQL[info] E' stata eseguita la query: [ UPDATE index_fattura SET year='2015' ] dall'utente di dominio [ paolo ]
Jan 18 22:49:01|PEAR_LOG_SQL[info] E' stata eseguita la query: [ UPDATE index_ddt SET year='2015' ] dall'utente di dominio [ paolo ]
Jan 18 23:32:58|PEAR_LOG_SQL[info] E' stata eseguita la query: [ UPDATE index_fattura SET year='2015' ] dall'utente di dominio [  ]
Jan 18 23:32:58|PEAR_LOG_SQL[info] E' stata eseguita la query: [ UPDATE index_ddt SET year='2015' ] dall'utente di dominio [  ]
Jan 18 23:33:04|PEAR_LOG_SQL[info] E' stata eseguita la query: [ UPDATE index_fattura SET year='2015' ] dall'utente di dominio [  ]
Jan 18 23:33:04|PEAR_LOG_SQL[info] E' stata eseguita la query: [ UPDATE index_ddt SET year='2015' ] dall'utente di dominio [  ]
Jan 18 23:33:04|PEAR_LOG_SQL[info] E' stata eseguita la query: [ UPDATE users SET id_type = 1,id_anag = 7037,id_customer = 35,sconto_fornitori_nl = NULL,sconto_fornitori_de = NULL,username = 'paolo',password = 'e45db853fb2e1caa77398c3a16867d19a2afr24tg56r4r65wg',secret_question = 'Nome?',secret_response = 'Alessandro',confirmation_code = NULL,last_access = '2015-01-18 23:33:04',data_inserimento_riga = '2014-04-09',data_modifica_riga = '2015-01-18',is_newsletter_subscribed = '1',is_t_c_accepted = '1',is_active = 1,operatore = 'paolo' WHERE id = 7210 ] dall'utente di dominio [  ] Utente di dominio: [  ] REMOTE PORT: [ 51519 ] REMOTE IP: [ 87.4.195.2 ] FULL DATE [ 18-01-2015 ]
Jan 18 23:33:04|PEAR_LOG_SQL[info] E' stata eseguita la query: [ UPDATE index_fattura SET year='2015' ] dall'utente di dominio [ paolo ]
Jan 18 23:33:04|PEAR_LOG_SQL[info] E' stata eseguita la query: [ UPDATE index_ddt SET year='2015' ] dall'utente di dominio [ paolo ]
Jan 18 23:33:09|PEAR_LOG_SQL[info] E' stata eseguita la query: [ UPDATE index_fattura SET year='2015' ] dall'utente di dominio [ paolo ]
Jan 18 23:33:09|PEAR_LOG_SQL[info] E' stata eseguita la query: [ UPDATE index_ddt SET year='2015' ] dall'utente di dominio [ paolo ]
Jan 18 23:33:26|PEAR_LOG_SQL[info] E' stata eseguita la query: [ UPDATE index_fattura SET year='2015' ] dall'utente di dominio [ paolo ]
Jan 18 23:33:26|PEAR_LOG_SQL[info] E' stata eseguita la query: [ UPDATE index_ddt SET year='2015' ] dall'utente di dominio [ paolo ]
Jan 18 23:33:26|PEAR_LOG_SQL[info] E' stata eseguita la query: [ UPDATE users_anag SET name = 'Adriano',surname = 'Tonoli',email = 'vendite@gs.com',address = NULL,address_secondary = NULL,city = NULL,province = NULL,nation = NULL,cap = NULL,phone = NULL,mobile = NULL,sex = NULL WHERE id = 7083 ] dall'utente di dominio [ paolo ]
Jan 18 23:33:26|PEAR_LOG_SQL[info] E' stata eseguita la query: [ UPDATE users SET id_type = 3,id_anag = 7083,id_customer = 584,sconto_fornitori_nl = NULL,sconto_fornitori_de = NULL,username = 'adtonol',password = 'ce1f8c0b1d60a63d7e1ce61e8a538fd1a2afr24tg56r4r65wg',secret_question = NULL,secret_response = NULL,confirmation_code = NULL,last_access = '2015-01-18 23:33:26',data_inserimento_riga = '2014-12-22',data_modifica_riga = '2015-01-18',is_newsletter_subscribed = NULL,is_t_c_accepted = NULL,is_active = 1,operatore = 'paolo' WHERE id = 7220 ] dall'utente di dominio [ paolo ]
Jan 18 23:33:26|PEAR_LOG_SQL[info] E' stata eseguita la query: [ INSERT INTO users (id,id_type,id_anag,id_customer,sconto_fornitori_nl,sconto_fornitori_de,username,password,secret_question,secret_response,confirmation_code,last_access,data_inserimento_riga,data_modifica_riga,is_newsletter_subscribed,is_t_c_accepted,is_active,operatore) VALUES (7246,NULL,NULL,NULL,NULL,NULL,NULL,NULL,NULL,NULL,NULL,NULL,'2015-01-18','2015-01-18',NULL,NULL,0,NULL) ] dall'utente di dominio [ paolo ] Utente di dominio: [ paolo ] REMOTE PORT: [ 51531 ] REMOTE IP: [ 87.4.195.2 ] FULL DATE [ 18-01-2015 ]
Jan 18 23:33:26|PEAR_LOG_SQL[info] E' stata eseguita la query: [ UPDATE index_fattura SET year='2015' ] dall'utente di dominio [ paolo ]
Jan 18 23:33:26|PEAR_LOG_SQL[info] E' stata eseguita la query: [ UPDATE index_ddt SET year='2015' ] dall'utente di dominio [ paolo ]
Jan 18 23:34:18|PEAR_LOG_SQL[info] E' stata eseguita la query: [ UPDATE index_fattura SET year='2015' ] dall'utente di dominio [ paolo ]
Jan 18 23:34:18|PEAR_LOG_SQL[info] E' stata eseguita la query: [ UPDATE index_ddt SET year='2015' ] dall'utente di dominio [ paolo ]
Jan 18 23:34:18|PEAR_LOG_SQL[info] E' stata eseguita la query: [ UPDATE users_anag SET name = 'Adriano',surname = 'Tonoli',email = 'paolo@oddone.biz',address = NULL,address_secondary = NULL,city = NULL,province = NULL,nation = NULL,cap = NULL,phone = NULL,mobile = NULL,sex = NULL WHERE id = 7083 ] dall'utente di dominio [ paolo ]
Jan 18 23:34:18|PEAR_LOG_SQL[info] E' stata eseguita la query: [ UPDATE users SET id_type = 3,id_anag = 7083,id_customer = 584,sconto_fornitori_nl = NULL,sconto_fornitori_de = NULL,username = 'adtonol',password = 'ce1f8c0b1d60a63d7e1ce61e8a538fd1a2afr24tg56r4r65wg',secret_question = NULL,secret_response = NULL,confirmation_code = NULL,last_access = '2015-01-18 23:34:18',data_inserimento_riga = '2014-12-22',data_modifica_riga = '2015-01-18',is_newsletter_subscribed = NULL,is_t_c_accepted = NULL,is_active = 1,operatore = 'paolo' WHERE id = 7220 ] dall'utente di dominio [ paolo ]
Jan 18 23:34:18|PEAR_LOG_SQL[info] E' stata eseguita la query: [ INSERT INTO users (id,id_type,id_anag,id_customer,sconto_fornitori_nl,sconto_fornitori_de,username,password,secret_question,secret_response,confirmation_code,last_access,data_inserimento_riga,data_modifica_riga,is_newsletter_subscribed,is_t_c_accepted,is_active,operatore) VALUES (7247,NULL,NULL,NULL,NULL,NULL,NULL,NULL,NULL,NULL,NULL,NULL,'2015-01-18','2015-01-18',NULL,NULL,0,NULL) ] dall'utente di dominio [ paolo ] Utente di dominio: [ paolo ] REMOTE PORT: [ 51581 ] REMOTE IP: [ 87.4.195.2 ] FULL DATE [ 18-01-2015 ]
Jan 18 23:34:18|PEAR_LOG_SQL[info] E' stata eseguita la query: [ UPDATE index_fattura SET year='2015' ] dall'utente di dominio [ paolo ]
Jan 18 23:34:18|PEAR_LOG_SQL[info] E' stata eseguita la query: [ UPDATE index_ddt SET year='2015' ] dall'utente di dominio [ paolo ]
Jan 18 23:38:25|PEAR_LOG_SQL[info] E' stata eseguita la query: [ UPDATE index_fattura SET year='2015' ] dall'utente di dominio [ paolo ]
Jan 18 23:38:25|PEAR_LOG_SQL[info] E' stata eseguita la query: [ UPDATE index_ddt SET year='2015' ] dall'utente di dominio [ paolo ]
Jan 18 23:38:25|PEAR_LOG_SQL[info] E' stata eseguita la query: [ UPDATE users_anag SET name = 'Alberto',surname = '',email = 'alberto@prova.it',address = NULL,address_secondary = NULL,city = NULL,province = NULL,nation = NULL,cap = NULL,phone = NULL,mobile = NULL,sex = NULL WHERE id = 7070 ] dall'utente di dominio [ paolo ]
Jan 18 23:38:25|PEAR_LOG_SQL[info] E' stata eseguita la query: [ UPDATE users SET id_type = 3,id_anag = 7070,id_customer = 133,sconto_fornitori_nl = NULL,sconto_fornitori_de = NULL,username = 'alberto',password = 'ce1f8c0b1d60a63d7e1ce61e8a538fd1a2afr24tg56r4r65wg',secret_question = NULL,secret_response = NULL,confirmation_code = NULL,last_access = '2015-01-18 23:38:25',data_inserimento_riga = '2014-11-26',data_modifica_riga = '2015-01-18',is_newsletter_subscribed = NULL,is_t_c_accepted = NULL,is_active = 1,operatore = 'paolo' WHERE id = 7218 ] dall'utente di dominio [ paolo ]
Jan 18 23:38:25|PEAR_LOG_SQL[info] E' stata eseguita la query: [ INSERT INTO users (id,id_type,id_anag,id_customer,sconto_fornitori_nl,sconto_fornitori_de,username,password,secret_question,secret_response,confirmation_code,last_access,data_inserimento_riga,data_modifica_riga,is_newsletter_subscribed,is_t_c_accepted,is_active,operatore) VALUES (7248,NULL,NULL,NULL,NULL,NULL,NULL,NULL,NULL,NULL,NULL,NULL,'2015-01-18','2015-01-18',NULL,NULL,0,NULL) ] dall'utente di dominio [ paolo ] Utente di dominio: [ paolo ] REMOTE PORT: [ 51739 ] REMOTE IP: [ 87.4.195.2 ] FULL DATE [ 18-01-2015 ]
Jan 18 23:38:25|PEAR_LOG_SQL[info] E' stata eseguita la query: [ UPDATE index_fattura SET year='2015' ] dall'utente di dominio [ paolo ]
Jan 18 23:38:25|PEAR_LOG_SQL[info] E' stata eseguita la query: [ UPDATE index_ddt SET year='2015' ] dall'utente di dominio [ paolo ]
