Jan 19 00:06:01|PEAR_LOG_SQL[info] E' stata eseguita la query: [ UPDATE index_fattura SET year='2015' ] dall'utente di dominio [  ]
Jan 19 00:06:01|PEAR_LOG_SQL[info] E' stata eseguita la query: [ UPDATE index_ddt SET year='2015' ] dall'utente di dominio [  ]
Jan 19 00:06:10|PEAR_LOG_SQL[info] E' stata eseguita la query: [ UPDATE index_fattura SET year='2015' ] dall'utente di dominio [  ]
Jan 19 00:06:10|PEAR_LOG_SQL[info] E' stata eseguita la query: [ UPDATE index_ddt SET year='2015' ] dall'utente di dominio [  ]
Jan 19 00:06:16|PEAR_LOG_SQL[info] E' stata eseguita la query: [ UPDATE index_fattura SET year='2015' ] dall'utente di dominio [  ]
Jan 19 00:06:16|PEAR_LOG_SQL[info] E' stata eseguita la query: [ UPDATE index_ddt SET year='2015' ] dall'utente di dominio [  ]
Jan 19 00:06:16|PEAR_LOG_SQL[info] E' stata eseguita la query: [ UPDATE users SET id_type = 1,id_anag = 7037,id_customer = 35,sconto_fornitori_nl = NULL,sconto_fornitori_de = NULL,username = 'paolo',password = 'e45db853fb2e1caa77398c3a16867d19a2afr24tg56r4r65wg',secret_question = 'Nome?',secret_response = 'Alessandro',confirmation_code = NULL,last_access = '2015-01-19 00:06:16',data_inserimento_riga = '2014-04-09',data_modifica_riga = '2015-01-19',is_newsletter_subscribed = '1',is_t_c_accepted = '1',is_active = 1,operatore = 'paolo' WHERE id = 7210 ] dall'utente di dominio [  ] Utente di dominio: [  ] REMOTE PORT: [ 52306 ] REMOTE IP: [ 87.4.195.2 ] FULL DATE [ 19-01-2015 ]
Jan 19 00:06:16|PEAR_LOG_SQL[info] E' stata eseguita la query: [ UPDATE index_fattura SET year='2015' ] dall'utente di dominio [ paolo ]
Jan 19 00:06:16|PEAR_LOG_SQL[info] E' stata eseguita la query: [ UPDATE index_ddt SET year='2015' ] dall'utente di dominio [ paolo ]
Jan 19 00:06:36|PEAR_LOG_SQL[info] E' stata eseguita la query: [ UPDATE index_fattura SET year='2015' ] dall'utente di dominio [ paolo ]
Jan 19 00:06:36|PEAR_LOG_SQL[info] E' stata eseguita la query: [ UPDATE index_ddt SET year='2015' ] dall'utente di dominio [ paolo ]
Jan 19 00:06:52|PEAR_LOG_SQL[info] E' stata eseguita la query: [ UPDATE index_fattura SET year='2015' ] dall'utente di dominio [ paolo ]
Jan 19 00:06:52|PEAR_LOG_SQL[info] E' stata eseguita la query: [ UPDATE index_ddt SET year='2015' ] dall'utente di dominio [ paolo ]
Jan 19 00:06:55|PEAR_LOG_SQL[info] E' stata eseguita la query: [ UPDATE index_fattura SET year='2015' ] dall'utente di dominio [ paolo ]
Jan 19 00:06:55|PEAR_LOG_SQL[info] E' stata eseguita la query: [ UPDATE index_ddt SET year='2015' ] dall'utente di dominio [ paolo ]
Jan 19 00:06:58|PEAR_LOG_SQL[info] E' stata eseguita la query: [ UPDATE index_fattura SET year='2015' ] dall'utente di dominio [ paolo ]
Jan 19 00:06:58|PEAR_LOG_SQL[info] E' stata eseguita la query: [ UPDATE index_ddt SET year='2015' ] dall'utente di dominio [ paolo ]
Jan 19 00:07:05|PEAR_LOG_SQL[info] E' stata eseguita la query: [ UPDATE index_fattura SET year='2015' ] dall'utente di dominio [ paolo ]
Jan 19 00:07:05|PEAR_LOG_SQL[info] E' stata eseguita la query: [ UPDATE index_ddt SET year='2015' ] dall'utente di dominio [ paolo ]
Jan 19 00:07:08|PEAR_LOG_SQL[info] E' stata eseguita la query: [ UPDATE index_fattura SET year='2015' ] dall'utente di dominio [ paolo ]
Jan 19 00:07:08|PEAR_LOG_SQL[info] E' stata eseguita la query: [ UPDATE index_ddt SET year='2015' ] dall'utente di dominio [ paolo ]
Jan 19 00:07:10|PEAR_LOG_SQL[info] E' stata eseguita la query: [ UPDATE index_fattura SET year='2015' ] dall'utente di dominio [ paolo ]
Jan 19 00:07:10|PEAR_LOG_SQL[info] E' stata eseguita la query: [ UPDATE index_ddt SET year='2015' ] dall'utente di dominio [ paolo ]
Jan 19 00:07:15|PEAR_LOG_SQL[info] E' stata eseguita la query: [ UPDATE index_fattura SET year='2015' ] dall'utente di dominio [ paolo ]
Jan 19 00:07:15|PEAR_LOG_SQL[info] E' stata eseguita la query: [ UPDATE index_ddt SET year='2015' ] dall'utente di dominio [ paolo ]
Jan 19 00:07:18|PEAR_LOG_SQL[info] E' stata eseguita la query: [ UPDATE index_fattura SET year='2015' ] dall'utente di dominio [ paolo ]
Jan 19 00:07:18|PEAR_LOG_SQL[info] E' stata eseguita la query: [ UPDATE index_ddt SET year='2015' ] dall'utente di dominio [ paolo ]
Jan 19 00:07:18|PEAR_LOG_SQL[info] E' stata eseguita la query: [ UPDATE users SET id_type = 3,id_anag = 7086,id_customer = 1040,sconto_fornitori_nl = NULL,sconto_fornitori_de = NULL,username = 'paolooddone',password = 'eed656739f99662d809d13da1c4c4fa6a2afr24tg56r4r65wg',secret_question = NULL,secret_response = NULL,confirmation_code = NULL,last_access = '2015-01-19 00:07:18',data_inserimento_riga = '2015-01-18',data_modifica_riga = '2015-01-19',is_newsletter_subscribed = NULL,is_t_c_accepted = NULL,is_active = 1,operatore = 'paolo' WHERE id = 7244 ] dall'utente di dominio [ paolo ]
Jan 19 00:07:36|PEAR_LOG_SQL[info] E' stata eseguita la query: [ UPDATE index_fattura SET year='2015' ] dall'utente di dominio [ paolo ]
Jan 19 00:07:36|PEAR_LOG_SQL[info] E' stata eseguita la query: [ UPDATE index_ddt SET year='2015' ] dall'utente di dominio [ paolo ]
Jan 19 00:10:24|PEAR_LOG_SQL[info] E' stata eseguita la query: [ UPDATE index_fattura SET year='2015' ] dall'utente di dominio [ paolo ]
Jan 19 00:10:24|PEAR_LOG_SQL[info] E' stata eseguita la query: [ UPDATE index_ddt SET year='2015' ] dall'utente di dominio [ paolo ]
Jan 19 00:10:24|PEAR_LOG_SQL[info] E' stata eseguita la query: [ UPDATE users_anag SET name = 'Paolo',surname = 'Oddone',email = 'paolo@oddoneflor.com',address = NULL,address_secondary = NULL,city = NULL,province = NULL,nation = NULL,cap = NULL,phone = NULL,mobile = NULL,sex = NULL WHERE id = 7086 ] dall'utente di dominio [ paolo ]
Jan 19 00:10:24|PEAR_LOG_SQL[info] E' stata eseguita la query: [ UPDATE users SET id_type = 3,id_anag = 7086,id_customer = 1040,sconto_fornitori_nl = NULL,sconto_fornitori_de = NULL,username = 'paolooddone',password = 'ce1f8c0b1d60a63d7e1ce61e8a538fd1a2afr24tg56r4r65wg',secret_question = NULL,secret_response = NULL,confirmation_code = NULL,last_access = '2015-01-19 00:10:24',data_inserimento_riga = '2015-01-18',data_modifica_riga = '2015-01-19',is_newsletter_subscribed = NULL,is_t_c_accepted = NULL,is_active = 1,operatore = 'paolo' WHERE id = 7244 ] dall'utente di dominio [ paolo ]
Jan 19 00:10:24|PEAR_LOG_SQL[info] E' stata eseguita la query: [ INSERT INTO users (id,id_type,id_anag,id_customer,sconto_fornitori_nl,sconto_fornitori_de,username,password,secret_question,secret_response,confirmation_code,last_access,data_inserimento_riga,data_modifica_riga,is_newsletter_subscribed,is_t_c_accepted,is_active,operatore) VALUES (7249,NULL,NULL,NULL,NULL,NULL,NULL,NULL,NULL,NULL,NULL,NULL,'2015-01-19','2015-01-19',NULL,NULL,0,NULL) ] dall'utente di dominio [ paolo ] Utente di dominio: [ paolo ] REMOTE PORT: [ 52540 ] REMOTE IP: [ 87.4.195.2 ] FULL DATE [ 19-01-2015 ]
Jan 19 00:10:24|PEAR_LOG_SQL[info] E' stata eseguita la query: [ UPDATE index_fattura SET year='2015' ] dall'utente di dominio [ paolo ]
Jan 19 00:10:24|PEAR_LOG_SQL[info] E' stata eseguita la query: [ UPDATE index_ddt SET year='2015' ] dall'utente di dominio [ paolo ]
Jan 19 00:15:04|PEAR_LOG_SQL[info] E' stata eseguita la query: [ UPDATE index_fattura SET year='2015' ] dall'utente di dominio [ paolo ]
Jan 19 00:15:04|PEAR_LOG_SQL[info] E' stata eseguita la query: [ UPDATE index_ddt SET year='2015' ] dall'utente di dominio [ paolo ]
Jan 19 00:15:09|PEAR_LOG_SQL[info] E' stata eseguita la query: [ UPDATE index_fattura SET year='2015' ] dall'utente di dominio [ paolo ]
Jan 19 00:15:09|PEAR_LOG_SQL[info] E' stata eseguita la query: [ UPDATE index_ddt SET year='2015' ] dall'utente di dominio [ paolo ]
Jan 19 00:15:15|PEAR_LOG_SQL[info] E' stata eseguita la query: [ UPDATE index_fattura SET year='2015' ] dall'utente di dominio [ paolo ]
Jan 19 00:15:15|PEAR_LOG_SQL[info] E' stata eseguita la query: [ UPDATE index_ddt SET year='2015' ] dall'utente di dominio [ paolo ]
Jan 19 00:15:17|PEAR_LOG_SQL[info] E' stata eseguita la query: [ UPDATE index_fattura SET year='2015' ] dall'utente di dominio [ paolo ]
Jan 19 00:15:17|PEAR_LOG_SQL[info] E' stata eseguita la query: [ UPDATE index_ddt SET year='2015' ] dall'utente di dominio [ paolo ]
Jan 19 15:49:56|PEAR_LOG_SQL[info] E' stata eseguita la query: [ UPDATE index_fattura SET year='2015' ] dall'utente di dominio [  ]
Jan 19 15:49:56|PEAR_LOG_SQL[info] E' stata eseguita la query: [ UPDATE index_ddt SET year='2015' ] dall'utente di dominio [  ]
Jan 19 15:50:03|PEAR_LOG_SQL[info] E' stata eseguita la query: [ UPDATE index_fattura SET year='2015' ] dall'utente di dominio [  ]
Jan 19 15:50:03|PEAR_LOG_SQL[info] E' stata eseguita la query: [ UPDATE index_ddt SET year='2015' ] dall'utente di dominio [  ]
Jan 19 15:50:09|PEAR_LOG_SQL[info] E' stata eseguita la query: [ UPDATE index_fattura SET year='2015' ] dall'utente di dominio [  ]
Jan 19 15:50:09|PEAR_LOG_SQL[info] E' stata eseguita la query: [ UPDATE index_ddt SET year='2015' ] dall'utente di dominio [  ]
Jan 19 15:50:09|PEAR_LOG_SQL[info] E' stata eseguita la query: [ UPDATE users SET id_type = 1,id_anag = 7037,id_customer = 35,sconto_fornitori_nl = NULL,sconto_fornitori_de = NULL,username = 'paolo',password = 'e45db853fb2e1caa77398c3a16867d19a2afr24tg56r4r65wg',secret_question = 'Nome?',secret_response = 'Alessandro',confirmation_code = NULL,last_access = '2015-01-19 15:50:09',data_inserimento_riga = '2014-04-09',data_modifica_riga = '2015-01-19',is_newsletter_subscribed = '1',is_t_c_accepted = '1',is_active = 1,operatore = 'paolo' WHERE id = 7210 ] dall'utente di dominio [  ] Utente di dominio: [  ] REMOTE PORT: [ 57351 ] REMOTE IP: [ 95.225.163.88 ] FULL DATE [ 19-01-2015 ]
Jan 19 15:50:09|PEAR_LOG_SQL[info] E' stata eseguita la query: [ UPDATE index_fattura SET year='2015' ] dall'utente di dominio [ paolo ]
Jan 19 15:50:09|PEAR_LOG_SQL[info] E' stata eseguita la query: [ UPDATE index_ddt SET year='2015' ] dall'utente di dominio [ paolo ]
Jan 19 15:50:21|PEAR_LOG_SQL[info] E' stata eseguita la query: [ UPDATE index_fattura SET year='2015' ] dall'utente di dominio [ paolo ]
Jan 19 15:50:21|PEAR_LOG_SQL[info] E' stata eseguita la query: [ UPDATE index_ddt SET year='2015' ] dall'utente di dominio [ paolo ]
Jan 19 15:50:21|PEAR_LOG_SQL[info] E' stata eseguita la query: [ UPDATE index_fattura SET year='2015' ] dall'utente di dominio [ paolo ]
Jan 19 15:50:21|PEAR_LOG_SQL[info] E' stata eseguita la query: [ UPDATE index_ddt SET year='2015' ] dall'utente di dominio [ paolo ]
Jan 19 15:50:21|PEAR_LOG_SQL[info] E' stata eseguita la query: [ UPDATE index_fattura SET year='2015' ] dall'utente di dominio [ paolo ]
Jan 19 15:50:21|PEAR_LOG_SQL[info] E' stata eseguita la query: [ UPDATE index_ddt SET year='2015' ] dall'utente di dominio [ paolo ]
Jan 19 15:50:27|PEAR_LOG_SQL[info] E' stata eseguita la query: [ UPDATE index_fattura SET year='2015' ] dall'utente di dominio [ paolo ]
Jan 19 15:50:27|PEAR_LOG_SQL[info] E' stata eseguita la query: [ UPDATE index_ddt SET year='2015' ] dall'utente di dominio [ paolo ]
Jan 19 15:50:29|PEAR_LOG_SQL[info] E' stata eseguita la query: [ UPDATE index_fattura SET year='2015' ] dall'utente di dominio [ paolo ]
Jan 19 15:50:29|PEAR_LOG_SQL[info] E' stata eseguita la query: [ UPDATE index_ddt SET year='2015' ] dall'utente di dominio [ paolo ]
Jan 19 15:50:29|PEAR_LOG_SQL[info] E' stata eseguita la query: [ UPDATE giacenze SET id_gm = 14,bar_code = 'POIN30AL',id_content = 27,id_fornitore = 2,C1 = NULL,C2 = NULL,C3 = NULL,C4 = NULL,C5 = NULL,prezzo_0 = '15.50',prezzo_1 = NULL,prezzo_2 = NULL,prezzo_3 = NULL,prezzo_4 = NULL,prezzo_5 = NULL,prezzo_6 = NULL,prezzo_7 = NULL,prezzo_8 = NULL,prezzo_9 = NULL,quantita = 4,quantita_mazzo = 1,disponibilita = 0,stato = 'E',promo = NULL,dimensione = NULL,scelta = NULL,fusto = NULL,produttore = '',openstage = NULL,data_inserimento_riga = '2015-01-18',data_modifica_riga = '2015-01-18',is_active = 1,operatore = 'paolo',prezzo_acquisto = '10.00',visibile = '1',in_home = '0',qta_minima = '1',qta_pianale = '8',qta_carrello = '16',qta_min_ordine = '4' WHERE id = 27 ] dall'utente di dominio [ paolo ]
Jan 19 15:50:30|PEAR_LOG_SQL[info] E' stata eseguita la query: [ UPDATE index_fattura SET year='2015' ] dall'utente di dominio [ paolo ]
Jan 19 15:50:30|PEAR_LOG_SQL[info] E' stata eseguita la query: [ UPDATE index_ddt SET year='2015' ] dall'utente di dominio [ paolo ]
Jan 19 15:50:30|PEAR_LOG_SQL[info] E' stata eseguita la query: [ UPDATE giacenze SET id_gm = 14,bar_code = 'POIN30AL',id_content = 27,id_fornitore = 2,C1 = NULL,C2 = NULL,C3 = NULL,C4 = NULL,C5 = NULL,prezzo_0 = '15.50',prezzo_1 = NULL,prezzo_2 = NULL,prezzo_3 = NULL,prezzo_4 = NULL,prezzo_5 = NULL,prezzo_6 = NULL,prezzo_7 = NULL,prezzo_8 = NULL,prezzo_9 = NULL,quantita = 4,quantita_mazzo = 1,disponibilita = 0,stato = 'E',promo = NULL,dimensione = NULL,scelta = NULL,fusto = NULL,produttore = '',openstage = NULL,data_inserimento_riga = '2015-01-18',data_modifica_riga = '2015-01-18',is_active = 1,operatore = 'paolo',prezzo_acquisto = '10.00',visibile = '0',in_home = '0',qta_minima = '1',qta_pianale = '8',qta_carrello = '16',qta_min_ordine = '4' WHERE id = 27 ] dall'utente di dominio [ paolo ]
Jan 19 15:50:32|PEAR_LOG_SQL[info] E' stata eseguita la query: [ UPDATE index_fattura SET year='2015' ] dall'utente di dominio [ paolo ]
Jan 19 15:50:32|PEAR_LOG_SQL[info] E' stata eseguita la query: [ UPDATE index_ddt SET year='2015' ] dall'utente di dominio [ paolo ]
Jan 19 15:50:40|PEAR_LOG_SQL[info] E' stata eseguita la query: [ UPDATE index_fattura SET year='2015' ] dall'utente di dominio [ paolo ]
Jan 19 15:50:40|PEAR_LOG_SQL[info] E' stata eseguita la query: [ UPDATE index_ddt SET year='2015' ] dall'utente di dominio [ paolo ]
Jan 19 15:50:50|PEAR_LOG_SQL[info] E' stata eseguita la query: [ UPDATE index_fattura SET year='2015' ] dall'utente di dominio [ paolo ]
Jan 19 15:50:50|PEAR_LOG_SQL[info] E' stata eseguita la query: [ UPDATE index_ddt SET year='2015' ] dall'utente di dominio [ paolo ]
Jan 19 15:50:51|PEAR_LOG_SQL[info] E' stata eseguita la query: [ UPDATE index_fattura SET year='2015' ] dall'utente di dominio [ paolo ]
Jan 19 15:50:51|PEAR_LOG_SQL[info] E' stata eseguita la query: [ UPDATE index_ddt SET year='2015' ] dall'utente di dominio [ paolo ]
Jan 19 15:51:08|PEAR_LOG_SQL[info] E' stata eseguita la query: [ UPDATE index_fattura SET year='2015' ] dall'utente di dominio [ paolo ]
Jan 19 15:51:08|PEAR_LOG_SQL[info] E' stata eseguita la query: [ UPDATE index_ddt SET year='2015' ] dall'utente di dominio [ paolo ]
Jan 19 15:51:09|PEAR_LOG_SQL[info] E' stata eseguita la query: [ UPDATE index_fattura SET year='2015' ] dall'utente di dominio [ paolo ]
Jan 19 15:51:09|PEAR_LOG_SQL[info] E' stata eseguita la query: [ UPDATE index_ddt SET year='2015' ] dall'utente di dominio [ paolo ]
Jan 19 15:51:19|PEAR_LOG_SQL[info] E' stata eseguita la query: [ UPDATE index_fattura SET year='2015' ] dall'utente di dominio [ paolo ]
Jan 19 15:51:19|PEAR_LOG_SQL[info] E' stata eseguita la query: [ UPDATE index_ddt SET year='2015' ] dall'utente di dominio [ paolo ]
Jan 19 15:51:20|PEAR_LOG_SQL[info] E' stata eseguita la query: [ UPDATE index_fattura SET year='2015' ] dall'utente di dominio [ paolo ]
Jan 19 15:51:20|PEAR_LOG_SQL[info] E' stata eseguita la query: [ UPDATE index_ddt SET year='2015' ] dall'utente di dominio [ paolo ]
Jan 19 15:51:29|PEAR_LOG_SQL[info] E' stata eseguita la query: [ UPDATE index_fattura SET year='2015' ] dall'utente di dominio [ paolo ]
Jan 19 15:51:29|PEAR_LOG_SQL[info] E' stata eseguita la query: [ UPDATE index_ddt SET year='2015' ] dall'utente di dominio [ paolo ]
Jan 19 15:51:30|PEAR_LOG_SQL[info] E' stata eseguita la query: [ UPDATE index_fattura SET year='2015' ] dall'utente di dominio [ paolo ]
Jan 19 15:51:30|PEAR_LOG_SQL[info] E' stata eseguita la query: [ UPDATE index_ddt SET year='2015' ] dall'utente di dominio [ paolo ]
Jan 19 15:51:39|PEAR_LOG_SQL[info] E' stata eseguita la query: [ UPDATE index_fattura SET year='2015' ] dall'utente di dominio [ paolo ]
Jan 19 15:51:39|PEAR_LOG_SQL[info] E' stata eseguita la query: [ UPDATE index_ddt SET year='2015' ] dall'utente di dominio [ paolo ]
Jan 19 15:51:40|PEAR_LOG_SQL[info] E' stata eseguita la query: [ UPDATE index_fattura SET year='2015' ] dall'utente di dominio [ paolo ]
Jan 19 15:51:40|PEAR_LOG_SQL[info] E' stata eseguita la query: [ UPDATE index_ddt SET year='2015' ] dall'utente di dominio [ paolo ]
Jan 19 15:51:50|PEAR_LOG_SQL[info] E' stata eseguita la query: [ UPDATE index_fattura SET year='2015' ] dall'utente di dominio [ paolo ]
Jan 19 15:51:50|PEAR_LOG_SQL[info] E' stata eseguita la query: [ UPDATE index_ddt SET year='2015' ] dall'utente di dominio [ paolo ]
Jan 19 15:51:50|PEAR_LOG_SQL[info] E' stata eseguita la query: [ UPDATE index_fattura SET year='2015' ] dall'utente di dominio [ paolo ]
Jan 19 15:51:50|PEAR_LOG_SQL[info] E' stata eseguita la query: [ UPDATE index_ddt SET year='2015' ] dall'utente di dominio [ paolo ]
Jan 19 15:52:00|PEAR_LOG_SQL[info] E' stata eseguita la query: [ UPDATE index_fattura SET year='2015' ] dall'utente di dominio [ paolo ]
Jan 19 15:52:00|PEAR_LOG_SQL[info] E' stata eseguita la query: [ UPDATE index_ddt SET year='2015' ] dall'utente di dominio [ paolo ]
Jan 19 15:52:01|PEAR_LOG_SQL[info] E' stata eseguita la query: [ UPDATE index_fattura SET year='2015' ] dall'utente di dominio [ paolo ]
Jan 19 15:52:01|PEAR_LOG_SQL[info] E' stata eseguita la query: [ UPDATE index_ddt SET year='2015' ] dall'utente di dominio [ paolo ]
Jan 19 15:52:10|PEAR_LOG_SQL[info] E' stata eseguita la query: [ UPDATE index_fattura SET year='2015' ] dall'utente di dominio [ paolo ]
Jan 19 15:52:10|PEAR_LOG_SQL[info] E' stata eseguita la query: [ UPDATE index_ddt SET year='2015' ] dall'utente di dominio [ paolo ]
Jan 19 15:52:11|PEAR_LOG_SQL[info] E' stata eseguita la query: [ UPDATE index_fattura SET year='2015' ] dall'utente di dominio [ paolo ]
Jan 19 15:52:11|PEAR_LOG_SQL[info] E' stata eseguita la query: [ UPDATE index_ddt SET year='2015' ] dall'utente di dominio [ paolo ]
Jan 19 15:52:20|PEAR_LOG_SQL[info] E' stata eseguita la query: [ UPDATE index_fattura SET year='2015' ] dall'utente di dominio [ paolo ]
Jan 19 15:52:20|PEAR_LOG_SQL[info] E' stata eseguita la query: [ UPDATE index_ddt SET year='2015' ] dall'utente di dominio [ paolo ]
Jan 19 15:52:21|PEAR_LOG_SQL[info] E' stata eseguita la query: [ UPDATE index_fattura SET year='2015' ] dall'utente di dominio [ paolo ]
Jan 19 15:52:21|PEAR_LOG_SQL[info] E' stata eseguita la query: [ UPDATE index_ddt SET year='2015' ] dall'utente di dominio [ paolo ]
Jan 19 15:52:31|PEAR_LOG_SQL[info] E' stata eseguita la query: [ UPDATE index_fattura SET year='2015' ] dall'utente di dominio [ paolo ]
Jan 19 15:52:31|PEAR_LOG_SQL[info] E' stata eseguita la query: [ UPDATE index_ddt SET year='2015' ] dall'utente di dominio [ paolo ]
Jan 19 15:52:31|PEAR_LOG_SQL[info] E' stata eseguita la query: [ UPDATE index_fattura SET year='2015' ] dall'utente di dominio [ paolo ]
Jan 19 15:52:31|PEAR_LOG_SQL[info] E' stata eseguita la query: [ UPDATE index_ddt SET year='2015' ] dall'utente di dominio [ paolo ]
Jan 19 15:52:41|PEAR_LOG_SQL[info] E' stata eseguita la query: [ UPDATE index_fattura SET year='2015' ] dall'utente di dominio [ paolo ]
Jan 19 15:52:41|PEAR_LOG_SQL[info] E' stata eseguita la query: [ UPDATE index_ddt SET year='2015' ] dall'utente di dominio [ paolo ]
Jan 19 15:52:41|PEAR_LOG_SQL[info] E' stata eseguita la query: [ UPDATE index_fattura SET year='2015' ] dall'utente di dominio [ paolo ]
Jan 19 15:52:41|PEAR_LOG_SQL[info] E' stata eseguita la query: [ UPDATE index_ddt SET year='2015' ] dall'utente di dominio [ paolo ]
Jan 19 15:52:51|PEAR_LOG_SQL[info] E' stata eseguita la query: [ UPDATE index_fattura SET year='2015' ] dall'utente di dominio [ paolo ]
Jan 19 15:52:51|PEAR_LOG_SQL[info] E' stata eseguita la query: [ UPDATE index_ddt SET year='2015' ] dall'utente di dominio [ paolo ]
Jan 19 15:52:51|PEAR_LOG_SQL[info] E' stata eseguita la query: [ UPDATE index_fattura SET year='2015' ] dall'utente di dominio [ paolo ]
Jan 19 15:52:51|PEAR_LOG_SQL[info] E' stata eseguita la query: [ UPDATE index_ddt SET year='2015' ] dall'utente di dominio [ paolo ]
Jan 19 15:53:02|PEAR_LOG_SQL[info] E' stata eseguita la query: [ UPDATE index_fattura SET year='2015' ] dall'utente di dominio [ paolo ]
Jan 19 15:53:02|PEAR_LOG_SQL[info] E' stata eseguita la query: [ UPDATE index_ddt SET year='2015' ] dall'utente di dominio [ paolo ]
Jan 19 15:53:03|PEAR_LOG_SQL[info] E' stata eseguita la query: [ UPDATE index_fattura SET year='2015' ] dall'utente di dominio [ paolo ]
Jan 19 15:53:03|PEAR_LOG_SQL[info] E' stata eseguita la query: [ UPDATE index_ddt SET year='2015' ] dall'utente di dominio [ paolo ]
Jan 19 15:53:13|PEAR_LOG_SQL[info] E' stata eseguita la query: [ UPDATE index_fattura SET year='2015' ] dall'utente di dominio [ paolo ]
Jan 19 15:53:13|PEAR_LOG_SQL[info] E' stata eseguita la query: [ UPDATE index_ddt SET year='2015' ] dall'utente di dominio [ paolo ]
Jan 19 15:53:13|PEAR_LOG_SQL[info] E' stata eseguita la query: [ UPDATE index_fattura SET year='2015' ] dall'utente di dominio [ paolo ]
Jan 19 15:53:13|PEAR_LOG_SQL[info] E' stata eseguita la query: [ UPDATE index_ddt SET year='2015' ] dall'utente di dominio [ paolo ]
Jan 19 15:53:23|PEAR_LOG_SQL[info] E' stata eseguita la query: [ UPDATE index_fattura SET year='2015' ] dall'utente di dominio [ paolo ]
Jan 19 15:53:23|PEAR_LOG_SQL[info] E' stata eseguita la query: [ UPDATE index_ddt SET year='2015' ] dall'utente di dominio [ paolo ]
Jan 19 15:53:23|PEAR_LOG_SQL[info] E' stata eseguita la query: [ UPDATE index_fattura SET year='2015' ] dall'utente di dominio [ paolo ]
Jan 19 15:53:23|PEAR_LOG_SQL[info] E' stata eseguita la query: [ UPDATE index_ddt SET year='2015' ] dall'utente di dominio [ paolo ]
Jan 19 15:53:33|PEAR_LOG_SQL[info] E' stata eseguita la query: [ UPDATE index_fattura SET year='2015' ] dall'utente di dominio [ paolo ]
Jan 19 15:53:33|PEAR_LOG_SQL[info] E' stata eseguita la query: [ UPDATE index_ddt SET year='2015' ] dall'utente di dominio [ paolo ]
Jan 19 15:53:33|PEAR_LOG_SQL[info] E' stata eseguita la query: [ UPDATE index_fattura SET year='2015' ] dall'utente di dominio [ paolo ]
Jan 19 15:53:33|PEAR_LOG_SQL[info] E' stata eseguita la query: [ UPDATE index_ddt SET year='2015' ] dall'utente di dominio [ paolo ]
Jan 19 15:53:43|PEAR_LOG_SQL[info] E' stata eseguita la query: [ UPDATE index_fattura SET year='2015' ] dall'utente di dominio [ paolo ]
Jan 19 15:53:43|PEAR_LOG_SQL[info] E' stata eseguita la query: [ UPDATE index_ddt SET year='2015' ] dall'utente di dominio [ paolo ]
Jan 19 15:53:43|PEAR_LOG_SQL[info] E' stata eseguita la query: [ UPDATE index_fattura SET year='2015' ] dall'utente di dominio [ paolo ]
Jan 19 15:53:43|PEAR_LOG_SQL[info] E' stata eseguita la query: [ UPDATE index_ddt SET year='2015' ] dall'utente di dominio [ paolo ]
Jan 19 15:53:54|PEAR_LOG_SQL[info] E' stata eseguita la query: [ UPDATE index_fattura SET year='2015' ] dall'utente di dominio [ paolo ]
Jan 19 15:53:54|PEAR_LOG_SQL[info] E' stata eseguita la query: [ UPDATE index_ddt SET year='2015' ] dall'utente di dominio [ paolo ]
Jan 19 15:53:54|PEAR_LOG_SQL[info] E' stata eseguita la query: [ UPDATE index_fattura SET year='2015' ] dall'utente di dominio [ paolo ]
Jan 19 15:53:54|PEAR_LOG_SQL[info] E' stata eseguita la query: [ UPDATE index_ddt SET year='2015' ] dall'utente di dominio [ paolo ]
Jan 19 15:54:04|PEAR_LOG_SQL[info] E' stata eseguita la query: [ UPDATE index_fattura SET year='2015' ] dall'utente di dominio [ paolo ]
Jan 19 15:54:04|PEAR_LOG_SQL[info] E' stata eseguita la query: [ UPDATE index_ddt SET year='2015' ] dall'utente di dominio [ paolo ]
Jan 19 15:54:04|PEAR_LOG_SQL[info] E' stata eseguita la query: [ UPDATE index_fattura SET year='2015' ] dall'utente di dominio [ paolo ]
Jan 19 15:54:04|PEAR_LOG_SQL[info] E' stata eseguita la query: [ UPDATE index_ddt SET year='2015' ] dall'utente di dominio [ paolo ]
Jan 19 15:54:14|PEAR_LOG_SQL[info] E' stata eseguita la query: [ UPDATE index_fattura SET year='2015' ] dall'utente di dominio [ paolo ]
Jan 19 15:54:14|PEAR_LOG_SQL[info] E' stata eseguita la query: [ UPDATE index_ddt SET year='2015' ] dall'utente di dominio [ paolo ]
Jan 19 15:54:14|PEAR_LOG_SQL[info] E' stata eseguita la query: [ UPDATE index_fattura SET year='2015' ] dall'utente di dominio [ paolo ]
Jan 19 15:54:14|PEAR_LOG_SQL[info] E' stata eseguita la query: [ UPDATE index_ddt SET year='2015' ] dall'utente di dominio [ paolo ]
Jan 19 15:54:25|PEAR_LOG_SQL[info] E' stata eseguita la query: [ UPDATE index_fattura SET year='2015' ] dall'utente di dominio [ paolo ]
Jan 19 15:54:25|PEAR_LOG_SQL[info] E' stata eseguita la query: [ UPDATE index_ddt SET year='2015' ] dall'utente di dominio [ paolo ]
Jan 19 15:54:25|PEAR_LOG_SQL[info] E' stata eseguita la query: [ UPDATE index_fattura SET year='2015' ] dall'utente di dominio [ paolo ]
Jan 19 15:54:25|PEAR_LOG_SQL[info] E' stata eseguita la query: [ UPDATE index_ddt SET year='2015' ] dall'utente di dominio [ paolo ]
Jan 19 15:54:35|PEAR_LOG_SQL[info] E' stata eseguita la query: [ UPDATE index_fattura SET year='2015' ] dall'utente di dominio [ paolo ]
Jan 19 15:54:35|PEAR_LOG_SQL[info] E' stata eseguita la query: [ UPDATE index_ddt SET year='2015' ] dall'utente di dominio [ paolo ]
Jan 19 15:54:35|PEAR_LOG_SQL[info] E' stata eseguita la query: [ UPDATE index_fattura SET year='2015' ] dall'utente di dominio [ paolo ]
Jan 19 15:54:35|PEAR_LOG_SQL[info] E' stata eseguita la query: [ UPDATE index_ddt SET year='2015' ] dall'utente di dominio [ paolo ]
Jan 19 15:54:45|PEAR_LOG_SQL[info] E' stata eseguita la query: [ UPDATE index_fattura SET year='2015' ] dall'utente di dominio [ paolo ]
Jan 19 15:54:45|PEAR_LOG_SQL[info] E' stata eseguita la query: [ UPDATE index_ddt SET year='2015' ] dall'utente di dominio [ paolo ]
Jan 19 15:54:45|PEAR_LOG_SQL[info] E' stata eseguita la query: [ UPDATE index_fattura SET year='2015' ] dall'utente di dominio [ paolo ]
Jan 19 15:54:45|PEAR_LOG_SQL[info] E' stata eseguita la query: [ UPDATE index_ddt SET year='2015' ] dall'utente di dominio [ paolo ]
Jan 19 15:54:55|PEAR_LOG_SQL[info] E' stata eseguita la query: [ UPDATE index_fattura SET year='2015' ] dall'utente di dominio [ paolo ]
Jan 19 15:54:55|PEAR_LOG_SQL[info] E' stata eseguita la query: [ UPDATE index_ddt SET year='2015' ] dall'utente di dominio [ paolo ]
Jan 19 15:54:55|PEAR_LOG_SQL[info] E' stata eseguita la query: [ UPDATE index_fattura SET year='2015' ] dall'utente di dominio [ paolo ]
Jan 19 15:54:55|PEAR_LOG_SQL[info] E' stata eseguita la query: [ UPDATE index_ddt SET year='2015' ] dall'utente di dominio [ paolo ]
Jan 19 15:55:06|PEAR_LOG_SQL[info] E' stata eseguita la query: [ UPDATE index_fattura SET year='2015' ] dall'utente di dominio [ paolo ]
Jan 19 15:55:06|PEAR_LOG_SQL[info] E' stata eseguita la query: [ UPDATE index_ddt SET year='2015' ] dall'utente di dominio [ paolo ]
Jan 19 15:55:06|PEAR_LOG_SQL[info] E' stata eseguita la query: [ UPDATE index_fattura SET year='2015' ] dall'utente di dominio [ paolo ]
Jan 19 15:55:06|PEAR_LOG_SQL[info] E' stata eseguita la query: [ UPDATE index_ddt SET year='2015' ] dall'utente di dominio [ paolo ]
Jan 19 15:55:16|PEAR_LOG_SQL[info] E' stata eseguita la query: [ UPDATE index_fattura SET year='2015' ] dall'utente di dominio [ paolo ]
Jan 19 15:55:16|PEAR_LOG_SQL[info] E' stata eseguita la query: [ UPDATE index_ddt SET year='2015' ] dall'utente di dominio [ paolo ]
Jan 19 15:55:16|PEAR_LOG_SQL[info] E' stata eseguita la query: [ UPDATE index_fattura SET year='2015' ] dall'utente di dominio [ paolo ]
Jan 19 15:55:16|PEAR_LOG_SQL[info] E' stata eseguita la query: [ UPDATE index_ddt SET year='2015' ] dall'utente di dominio [ paolo ]
Jan 19 15:55:26|PEAR_LOG_SQL[info] E' stata eseguita la query: [ UPDATE index_fattura SET year='2015' ] dall'utente di dominio [ paolo ]
Jan 19 15:55:26|PEAR_LOG_SQL[info] E' stata eseguita la query: [ UPDATE index_ddt SET year='2015' ] dall'utente di dominio [ paolo ]
Jan 19 15:55:26|PEAR_LOG_SQL[info] E' stata eseguita la query: [ UPDATE index_fattura SET year='2015' ] dall'utente di dominio [ paolo ]
Jan 19 15:55:26|PEAR_LOG_SQL[info] E' stata eseguita la query: [ UPDATE index_ddt SET year='2015' ] dall'utente di dominio [ paolo ]
Jan 19 15:55:36|PEAR_LOG_SQL[info] E' stata eseguita la query: [ UPDATE index_fattura SET year='2015' ] dall'utente di dominio [ paolo ]
Jan 19 15:55:36|PEAR_LOG_SQL[info] E' stata eseguita la query: [ UPDATE index_ddt SET year='2015' ] dall'utente di dominio [ paolo ]
Jan 19 15:55:36|PEAR_LOG_SQL[info] E' stata eseguita la query: [ UPDATE index_fattura SET year='2015' ] dall'utente di dominio [ paolo ]
Jan 19 15:55:36|PEAR_LOG_SQL[info] E' stata eseguita la query: [ UPDATE index_ddt SET year='2015' ] dall'utente di dominio [ paolo ]
Jan 19 15:55:47|PEAR_LOG_SQL[info] E' stata eseguita la query: [ UPDATE index_fattura SET year='2015' ] dall'utente di dominio [ paolo ]
Jan 19 15:55:47|PEAR_LOG_SQL[info] E' stata eseguita la query: [ UPDATE index_ddt SET year='2015' ] dall'utente di dominio [ paolo ]
Jan 19 15:55:47|PEAR_LOG_SQL[info] E' stata eseguita la query: [ UPDATE index_fattura SET year='2015' ] dall'utente di dominio [ paolo ]
Jan 19 15:55:47|PEAR_LOG_SQL[info] E' stata eseguita la query: [ UPDATE index_ddt SET year='2015' ] dall'utente di dominio [ paolo ]
Jan 19 15:55:57|PEAR_LOG_SQL[info] E' stata eseguita la query: [ UPDATE index_fattura SET year='2015' ] dall'utente di dominio [ paolo ]
Jan 19 15:55:57|PEAR_LOG_SQL[info] E' stata eseguita la query: [ UPDATE index_ddt SET year='2015' ] dall'utente di dominio [ paolo ]
Jan 19 15:55:57|PEAR_LOG_SQL[info] E' stata eseguita la query: [ UPDATE index_fattura SET year='2015' ] dall'utente di dominio [ paolo ]
Jan 19 15:55:57|PEAR_LOG_SQL[info] E' stata eseguita la query: [ UPDATE index_ddt SET year='2015' ] dall'utente di dominio [ paolo ]
Jan 19 15:56:07|PEAR_LOG_SQL[info] E' stata eseguita la query: [ UPDATE index_fattura SET year='2015' ] dall'utente di dominio [ paolo ]
Jan 19 15:56:07|PEAR_LOG_SQL[info] E' stata eseguita la query: [ UPDATE index_ddt SET year='2015' ] dall'utente di dominio [ paolo ]
Jan 19 15:56:07|PEAR_LOG_SQL[info] E' stata eseguita la query: [ UPDATE index_fattura SET year='2015' ] dall'utente di dominio [ paolo ]
Jan 19 15:56:07|PEAR_LOG_SQL[info] E' stata eseguita la query: [ UPDATE index_ddt SET year='2015' ] dall'utente di dominio [ paolo ]
Jan 19 15:56:17|PEAR_LOG_SQL[info] E' stata eseguita la query: [ UPDATE index_fattura SET year='2015' ] dall'utente di dominio [ paolo ]
Jan 19 15:56:17|PEAR_LOG_SQL[info] E' stata eseguita la query: [ UPDATE index_ddt SET year='2015' ] dall'utente di dominio [ paolo ]
Jan 19 15:56:17|PEAR_LOG_SQL[info] E' stata eseguita la query: [ UPDATE index_fattura SET year='2015' ] dall'utente di dominio [ paolo ]
Jan 19 15:56:17|PEAR_LOG_SQL[info] E' stata eseguita la query: [ UPDATE index_ddt SET year='2015' ] dall'utente di dominio [ paolo ]
Jan 19 15:56:28|PEAR_LOG_SQL[info] E' stata eseguita la query: [ UPDATE index_fattura SET year='2015' ] dall'utente di dominio [ paolo ]
Jan 19 15:56:28|PEAR_LOG_SQL[info] E' stata eseguita la query: [ UPDATE index_ddt SET year='2015' ] dall'utente di dominio [ paolo ]
Jan 19 15:56:28|PEAR_LOG_SQL[info] E' stata eseguita la query: [ UPDATE index_fattura SET year='2015' ] dall'utente di dominio [ paolo ]
Jan 19 15:56:28|PEAR_LOG_SQL[info] E' stata eseguita la query: [ UPDATE index_ddt SET year='2015' ] dall'utente di dominio [ paolo ]
Jan 19 15:56:38|PEAR_LOG_SQL[info] E' stata eseguita la query: [ UPDATE index_fattura SET year='2015' ] dall'utente di dominio [ paolo ]
Jan 19 15:56:38|PEAR_LOG_SQL[info] E' stata eseguita la query: [ UPDATE index_ddt SET year='2015' ] dall'utente di dominio [ paolo ]
Jan 19 15:56:38|PEAR_LOG_SQL[info] E' stata eseguita la query: [ UPDATE index_fattura SET year='2015' ] dall'utente di dominio [ paolo ]
Jan 19 15:56:38|PEAR_LOG_SQL[info] E' stata eseguita la query: [ UPDATE index_ddt SET year='2015' ] dall'utente di dominio [ paolo ]
Jan 19 15:56:48|PEAR_LOG_SQL[info] E' stata eseguita la query: [ UPDATE index_fattura SET year='2015' ] dall'utente di dominio [ paolo ]
Jan 19 15:56:48|PEAR_LOG_SQL[info] E' stata eseguita la query: [ UPDATE index_ddt SET year='2015' ] dall'utente di dominio [ paolo ]
Jan 19 15:56:48|PEAR_LOG_SQL[info] E' stata eseguita la query: [ UPDATE index_fattura SET year='2015' ] dall'utente di dominio [ paolo ]
Jan 19 15:56:48|PEAR_LOG_SQL[info] E' stata eseguita la query: [ UPDATE index_ddt SET year='2015' ] dall'utente di dominio [ paolo ]
Jan 19 15:56:58|PEAR_LOG_SQL[info] E' stata eseguita la query: [ UPDATE index_fattura SET year='2015' ] dall'utente di dominio [ paolo ]
Jan 19 15:56:58|PEAR_LOG_SQL[info] E' stata eseguita la query: [ UPDATE index_ddt SET year='2015' ] dall'utente di dominio [ paolo ]
Jan 19 15:56:58|PEAR_LOG_SQL[info] E' stata eseguita la query: [ UPDATE index_fattura SET year='2015' ] dall'utente di dominio [ paolo ]
Jan 19 15:56:58|PEAR_LOG_SQL[info] E' stata eseguita la query: [ UPDATE index_ddt SET year='2015' ] dall'utente di dominio [ paolo ]
Jan 19 15:57:09|PEAR_LOG_SQL[info] E' stata eseguita la query: [ UPDATE index_fattura SET year='2015' ] dall'utente di dominio [ paolo ]
Jan 19 15:57:09|PEAR_LOG_SQL[info] E' stata eseguita la query: [ UPDATE index_ddt SET year='2015' ] dall'utente di dominio [ paolo ]
Jan 19 15:57:09|PEAR_LOG_SQL[info] E' stata eseguita la query: [ UPDATE index_fattura SET year='2015' ] dall'utente di dominio [ paolo ]
Jan 19 15:57:09|PEAR_LOG_SQL[info] E' stata eseguita la query: [ UPDATE index_ddt SET year='2015' ] dall'utente di dominio [ paolo ]
Jan 19 15:57:19|PEAR_LOG_SQL[info] E' stata eseguita la query: [ UPDATE index_fattura SET year='2015' ] dall'utente di dominio [ paolo ]
Jan 19 15:57:19|PEAR_LOG_SQL[info] E' stata eseguita la query: [ UPDATE index_ddt SET year='2015' ] dall'utente di dominio [ paolo ]
Jan 19 15:57:19|PEAR_LOG_SQL[info] E' stata eseguita la query: [ UPDATE index_fattura SET year='2015' ] dall'utente di dominio [ paolo ]
Jan 19 15:57:19|PEAR_LOG_SQL[info] E' stata eseguita la query: [ UPDATE index_ddt SET year='2015' ] dall'utente di dominio [ paolo ]
Jan 19 15:57:29|PEAR_LOG_SQL[info] E' stata eseguita la query: [ UPDATE index_fattura SET year='2015' ] dall'utente di dominio [ paolo ]
Jan 19 15:57:29|PEAR_LOG_SQL[info] E' stata eseguita la query: [ UPDATE index_ddt SET year='2015' ] dall'utente di dominio [ paolo ]
Jan 19 15:57:29|PEAR_LOG_SQL[info] E' stata eseguita la query: [ UPDATE index_fattura SET year='2015' ] dall'utente di dominio [ paolo ]
Jan 19 15:57:29|PEAR_LOG_SQL[info] E' stata eseguita la query: [ UPDATE index_ddt SET year='2015' ] dall'utente di dominio [ paolo ]
Jan 19 15:57:39|PEAR_LOG_SQL[info] E' stata eseguita la query: [ UPDATE index_fattura SET year='2015' ] dall'utente di dominio [ paolo ]
Jan 19 15:57:39|PEAR_LOG_SQL[info] E' stata eseguita la query: [ UPDATE index_ddt SET year='2015' ] dall'utente di dominio [ paolo ]
Jan 19 15:57:39|PEAR_LOG_SQL[info] E' stata eseguita la query: [ UPDATE index_fattura SET year='2015' ] dall'utente di dominio [ paolo ]
Jan 19 15:57:39|PEAR_LOG_SQL[info] E' stata eseguita la query: [ UPDATE index_ddt SET year='2015' ] dall'utente di dominio [ paolo ]
Jan 19 15:57:50|PEAR_LOG_SQL[info] E' stata eseguita la query: [ UPDATE index_fattura SET year='2015' ] dall'utente di dominio [ paolo ]
Jan 19 15:57:50|PEAR_LOG_SQL[info] E' stata eseguita la query: [ UPDATE index_ddt SET year='2015' ] dall'utente di dominio [ paolo ]
Jan 19 15:57:50|PEAR_LOG_SQL[info] E' stata eseguita la query: [ UPDATE index_fattura SET year='2015' ] dall'utente di dominio [ paolo ]
Jan 19 15:57:50|PEAR_LOG_SQL[info] E' stata eseguita la query: [ UPDATE index_ddt SET year='2015' ] dall'utente di dominio [ paolo ]
Jan 19 15:58:00|PEAR_LOG_SQL[info] E' stata eseguita la query: [ UPDATE index_fattura SET year='2015' ] dall'utente di dominio [ paolo ]
Jan 19 15:58:00|PEAR_LOG_SQL[info] E' stata eseguita la query: [ UPDATE index_ddt SET year='2015' ] dall'utente di dominio [ paolo ]
Jan 19 15:58:00|PEAR_LOG_SQL[info] E' stata eseguita la query: [ UPDATE index_fattura SET year='2015' ] dall'utente di dominio [ paolo ]
Jan 19 15:58:00|PEAR_LOG_SQL[info] E' stata eseguita la query: [ UPDATE index_ddt SET year='2015' ] dall'utente di dominio [ paolo ]
Jan 19 15:58:10|PEAR_LOG_SQL[info] E' stata eseguita la query: [ UPDATE index_fattura SET year='2015' ] dall'utente di dominio [ paolo ]
Jan 19 15:58:10|PEAR_LOG_SQL[info] E' stata eseguita la query: [ UPDATE index_ddt SET year='2015' ] dall'utente di dominio [ paolo ]
Jan 19 15:58:10|PEAR_LOG_SQL[info] E' stata eseguita la query: [ UPDATE index_fattura SET year='2015' ] dall'utente di dominio [ paolo ]
Jan 19 15:58:10|PEAR_LOG_SQL[info] E' stata eseguita la query: [ UPDATE index_ddt SET year='2015' ] dall'utente di dominio [ paolo ]
Jan 19 15:58:20|PEAR_LOG_SQL[info] E' stata eseguita la query: [ UPDATE index_fattura SET year='2015' ] dall'utente di dominio [ paolo ]
Jan 19 15:58:20|PEAR_LOG_SQL[info] E' stata eseguita la query: [ UPDATE index_ddt SET year='2015' ] dall'utente di dominio [ paolo ]
Jan 19 15:58:21|PEAR_LOG_SQL[info] E' stata eseguita la query: [ UPDATE index_fattura SET year='2015' ] dall'utente di dominio [ paolo ]
Jan 19 15:58:21|PEAR_LOG_SQL[info] E' stata eseguita la query: [ UPDATE index_ddt SET year='2015' ] dall'utente di dominio [ paolo ]
Jan 19 15:58:31|PEAR_LOG_SQL[info] E' stata eseguita la query: [ UPDATE index_fattura SET year='2015' ] dall'utente di dominio [ paolo ]
Jan 19 15:58:31|PEAR_LOG_SQL[info] E' stata eseguita la query: [ UPDATE index_ddt SET year='2015' ] dall'utente di dominio [ paolo ]
Jan 19 15:58:31|PEAR_LOG_SQL[info] E' stata eseguita la query: [ UPDATE index_fattura SET year='2015' ] dall'utente di dominio [ paolo ]
Jan 19 15:58:31|PEAR_LOG_SQL[info] E' stata eseguita la query: [ UPDATE index_ddt SET year='2015' ] dall'utente di dominio [ paolo ]
Jan 19 15:58:41|PEAR_LOG_SQL[info] E' stata eseguita la query: [ UPDATE index_fattura SET year='2015' ] dall'utente di dominio [ paolo ]
Jan 19 15:58:41|PEAR_LOG_SQL[info] E' stata eseguita la query: [ UPDATE index_ddt SET year='2015' ] dall'utente di dominio [ paolo ]
Jan 19 15:58:41|PEAR_LOG_SQL[info] E' stata eseguita la query: [ UPDATE index_fattura SET year='2015' ] dall'utente di dominio [ paolo ]
Jan 19 15:58:41|PEAR_LOG_SQL[info] E' stata eseguita la query: [ UPDATE index_ddt SET year='2015' ] dall'utente di dominio [ paolo ]
Jan 19 15:58:51|PEAR_LOG_SQL[info] E' stata eseguita la query: [ UPDATE index_fattura SET year='2015' ] dall'utente di dominio [ paolo ]
Jan 19 15:58:51|PEAR_LOG_SQL[info] E' stata eseguita la query: [ UPDATE index_ddt SET year='2015' ] dall'utente di dominio [ paolo ]
Jan 19 15:58:51|PEAR_LOG_SQL[info] E' stata eseguita la query: [ UPDATE index_fattura SET year='2015' ] dall'utente di dominio [ paolo ]
Jan 19 15:58:51|PEAR_LOG_SQL[info] E' stata eseguita la query: [ UPDATE index_ddt SET year='2015' ] dall'utente di dominio [ paolo ]
Jan 19 15:59:01|PEAR_LOG_SQL[info] E' stata eseguita la query: [ UPDATE index_fattura SET year='2015' ] dall'utente di dominio [ paolo ]
Jan 19 15:59:01|PEAR_LOG_SQL[info] E' stata eseguita la query: [ UPDATE index_ddt SET year='2015' ] dall'utente di dominio [ paolo ]
Jan 19 16:18:43|PEAR_LOG_SQL[info] E' stata eseguita la query: [ UPDATE index_fattura SET year='2015' ] dall'utente di dominio [ paolo ]
Jan 19 16:18:43|PEAR_LOG_SQL[info] E' stata eseguita la query: [ UPDATE index_ddt SET year='2015' ] dall'utente di dominio [ paolo ]
Jan 19 16:18:44|PEAR_LOG_SQL[info] E' stata eseguita la query: [ INSERT INTO content (id,id_gm,id_famiglia,nome_it,descrizione_it,nome_en,descrizione_en,vbn,note,peso,C1,C2,C3,C4,C5,tipo_colore,prezzo_0,prezzo_1,prezzo_2,prezzo_3,prezzo_4,prezzo_5,prezzo_6,prezzo_7,prezzo_8,prezzo_9,cod_iva,have_image,vbn_image,data_inserimento_riga,data_modifica_riga,is_active,is_vbn_updated,operatore,codice_articolo) VALUES (53,15,NULL,'EURYOPS PECTINATUS VASO 14','<p>Con vaso tono su tono, compatto e <span style=\"color:#FF0000\"><strong>gi&agrave; ben fiorito</strong></span>.</p>\r\n','','',NULL,'<p>Con vaso tono su tono, compatto e <span style=\"color:#FF0000\"><strong>gi&agrave; ben fiorito</strong></span>.</p>\r\n',NULL,NULL,NULL,NULL,NULL,NULL,NULL,'2.10',NULL,NULL,NULL,NULL,NULL,NULL,NULL,NULL,NULL,10,NULL,NULL,'2015-01-19 16:18:43','2015-01-19 16:18:43',1,NULL,'paolo',NULL) ] dall'utente di dominio [ paolo ]
Jan 19 16:18:44|PEAR_LOG_SQL[info] E' stata eseguita la query: [ INSERT INTO giacenze (id,id_gm,bar_code,id_content,id_fornitore,C1,C2,C3,C4,C5,prezzo_0,prezzo_1,prezzo_2,prezzo_3,prezzo_4,prezzo_5,prezzo_6,prezzo_7,prezzo_8,prezzo_9,quantita,quantita_mazzo,disponibilita,stato,promo,dimensione,scelta,fusto,produttore,openstage,data_inserimento_riga,data_modifica_riga,is_active,operatore,prezzo_acquisto,visibile,in_home,qta_minima,qta_pianale,qta_carrello,qta_min_ordine) VALUES (977,15,'EURY14',53,250,NULL,NULL,NULL,NULL,NULL,'2.10',NULL,NULL,NULL,NULL,NULL,NULL,NULL,NULL,NULL,3,6,0,'N',NULL,NULL,NULL,NULL,'',NULL,'2015-01-19 16:18:44','2015-01-19 16:18:44',1,'paolo','1.35','1','0','6','36','252','3') ] dall'utente di dominio [ paolo ] Utente di dominio: [ paolo ] REMOTE PORT: [ 57709 ] REMOTE IP: [ 95.225.163.88 ] FULL DATE [ 19-01-2015 ]
Jan 19 16:18:44|PEAR_LOG_SQL[info] E' stata eseguita la query: [ INSERT INTO images (id,ext,id_content,name,local_path,www_path) VALUES (281,'.jpg',53,'EURY14_1','/var/www/vhosts/shop-oddone.biz/httpdocs/FlorSysIntegration/img/','http://shop-oddone.biz/FlorSysIntegration/img/') ] dall'utente di dominio [ paolo ] Utente di dominio: [ paolo ] REMOTE PORT: [ 57709 ] REMOTE IP: [ 95.225.163.88 ] FULL DATE [ 19-01-2015 ]
Jan 19 18:30:14|PEAR_LOG_SQL[info] E' stata eseguita la query: [ UPDATE index_fattura SET year='2015' ] dall'utente di dominio [  ]
Jan 19 18:30:14|PEAR_LOG_SQL[info] E' stata eseguita la query: [ UPDATE index_ddt SET year='2015' ] dall'utente di dominio [  ]
Jan 19 18:30:19|PEAR_LOG_SQL[info] E' stata eseguita la query: [ UPDATE index_fattura SET year='2015' ] dall'utente di dominio [  ]
Jan 19 18:30:19|PEAR_LOG_SQL[info] E' stata eseguita la query: [ UPDATE index_ddt SET year='2015' ] dall'utente di dominio [  ]
Jan 19 18:30:19|PEAR_LOG_SQL[info] E' stata eseguita la query: [ UPDATE users SET id_type = 1,id_anag = 7037,id_customer = 35,sconto_fornitori_nl = NULL,sconto_fornitori_de = NULL,username = 'paolo',password = 'e45db853fb2e1caa77398c3a16867d19a2afr24tg56r4r65wg',secret_question = 'Nome?',secret_response = 'Alessandro',confirmation_code = NULL,last_access = '2015-01-19 18:30:19',data_inserimento_riga = '2014-04-09',data_modifica_riga = '2015-01-19',is_newsletter_subscribed = '1',is_t_c_accepted = '1',is_active = 1,operatore = 'paolo' WHERE id = 7210 ] dall'utente di dominio [  ] Utente di dominio: [  ] REMOTE PORT: [ 59298 ] REMOTE IP: [ 95.225.163.88 ] FULL DATE [ 19-01-2015 ]
Jan 19 18:30:19|PEAR_LOG_SQL[info] E' stata eseguita la query: [ UPDATE index_fattura SET year='2015' ] dall'utente di dominio [ paolo ]
Jan 19 18:30:19|PEAR_LOG_SQL[info] E' stata eseguita la query: [ UPDATE index_ddt SET year='2015' ] dall'utente di dominio [ paolo ]
Jan 19 18:30:31|PEAR_LOG_SQL[info] E' stata eseguita la query: [ UPDATE index_fattura SET year='2015' ] dall'utente di dominio [ paolo ]
Jan 19 18:30:31|PEAR_LOG_SQL[info] E' stata eseguita la query: [ UPDATE index_ddt SET year='2015' ] dall'utente di dominio [ paolo ]
Jan 19 18:30:31|PEAR_LOG_SQL[info] E' stata eseguita la query: [ UPDATE index_fattura SET year='2015' ] dall'utente di dominio [ paolo ]
Jan 19 18:30:31|PEAR_LOG_SQL[info] E' stata eseguita la query: [ UPDATE index_ddt SET year='2015' ] dall'utente di dominio [ paolo ]
Jan 19 18:30:33|PEAR_LOG_SQL[info] E' stata eseguita la query: [ UPDATE index_fattura SET year='2015' ] dall'utente di dominio [ paolo ]
Jan 19 18:30:33|PEAR_LOG_SQL[info] E' stata eseguita la query: [ UPDATE index_ddt SET year='2015' ] dall'utente di dominio [ paolo ]
Jan 19 18:30:45|PEAR_LOG_SQL[info] E' stata eseguita la query: [ UPDATE index_fattura SET year='2015' ] dall'utente di dominio [ paolo ]
Jan 19 18:30:45|PEAR_LOG_SQL[info] E' stata eseguita la query: [ UPDATE index_ddt SET year='2015' ] dall'utente di dominio [ paolo ]
Jan 19 18:30:45|PEAR_LOG_SQL[info] E' stata eseguita la query: [ UPDATE users_anag SET name = 'Paolo',surname = 'Oddone',email = 'paolo@oddoneflor.com',address = NULL,address_secondary = NULL,city = NULL,province = NULL,nation = NULL,cap = NULL,phone = NULL,mobile = NULL,sex = NULL WHERE id = 7086 ] dall'utente di dominio [ paolo ]
Jan 19 18:30:45|PEAR_LOG_SQL[info] E' stata eseguita la query: [ UPDATE users SET id_type = 3,id_anag = 7086,id_customer = 1040,sconto_fornitori_nl = NULL,sconto_fornitori_de = NULL,username = 'paolooddone',password = 'ce1f8c0b1d60a63d7e1ce61e8a538fd1a2afr24tg56r4r65wg',secret_question = NULL,secret_response = NULL,confirmation_code = NULL,last_access = '2015-01-19 18:30:45',data_inserimento_riga = '2015-01-18',data_modifica_riga = '2015-01-19',is_newsletter_subscribed = NULL,is_t_c_accepted = NULL,is_active = 1,operatore = 'paolo' WHERE id = 7244 ] dall'utente di dominio [ paolo ]
Jan 19 18:30:45|PEAR_LOG_SQL[info] E' stata eseguita la query: [ INSERT INTO users (id,id_type,id_anag,id_customer,sconto_fornitori_nl,sconto_fornitori_de,username,password,secret_question,secret_response,confirmation_code,last_access,data_inserimento_riga,data_modifica_riga,is_newsletter_subscribed,is_t_c_accepted,is_active,operatore) VALUES (7251,NULL,NULL,NULL,NULL,NULL,NULL,NULL,NULL,NULL,NULL,NULL,'2015-01-19','2015-01-19',NULL,NULL,0,NULL) ] dall'utente di dominio [ paolo ] Utente di dominio: [ paolo ] REMOTE PORT: [ 59316 ] REMOTE IP: [ 95.225.163.88 ] FULL DATE [ 19-01-2015 ]
Jan 19 18:30:45|PEAR_LOG_SQL[info] E' stata eseguita la query: [ UPDATE index_fattura SET year='2015' ] dall'utente di dominio [ paolo ]
Jan 19 18:30:45|PEAR_LOG_SQL[info] E' stata eseguita la query: [ UPDATE index_ddt SET year='2015' ] dall'utente di dominio [ paolo ]
Jan 19 18:30:50|PEAR_LOG_SQL[info] E' stata eseguita la query: [ UPDATE index_fattura SET year='2015' ] dall'utente di dominio [ paolo ]
Jan 19 18:30:50|PEAR_LOG_SQL[info] E' stata eseguita la query: [ UPDATE index_ddt SET year='2015' ] dall'utente di dominio [ paolo ]
Jan 19 18:30:54|PEAR_LOG_SQL[info] E' stata eseguita la query: [ UPDATE index_fattura SET year='2015' ] dall'utente di dominio [ paolo ]
Jan 19 18:30:54|PEAR_LOG_SQL[info] E' stata eseguita la query: [ UPDATE index_ddt SET year='2015' ] dall'utente di dominio [ paolo ]
Jan 19 18:30:56|PEAR_LOG_SQL[info] E' stata eseguita la query: [ UPDATE index_fattura SET year='2015' ] dall'utente di dominio [ paolo ]
Jan 19 18:30:56|PEAR_LOG_SQL[info] E' stata eseguita la query: [ UPDATE index_ddt SET year='2015' ] dall'utente di dominio [ paolo ]
Jan 19 18:35:46|PEAR_LOG_SQL[info] E' stata eseguita la query: [ UPDATE index_fattura SET year='2015' ] dall'utente di dominio [ paolo ]
Jan 19 18:35:46|PEAR_LOG_SQL[info] E' stata eseguita la query: [ UPDATE index_ddt SET year='2015' ] dall'utente di dominio [ paolo ]
Jan 19 18:35:51|PEAR_LOG_SQL[info] E' stata eseguita la query: [ UPDATE index_fattura SET year='2015' ] dall'utente di dominio [ paolo ]
Jan 19 18:35:51|PEAR_LOG_SQL[info] E' stata eseguita la query: [ UPDATE index_ddt SET year='2015' ] dall'utente di dominio [ paolo ]
Jan 19 18:36:13|PEAR_LOG_SQL[info] E' stata eseguita la query: [ UPDATE index_fattura SET year='2015' ] dall'utente di dominio [ paolo ]
Jan 19 18:36:13|PEAR_LOG_SQL[info] E' stata eseguita la query: [ UPDATE index_ddt SET year='2015' ] dall'utente di dominio [ paolo ]
Jan 19 18:36:38|PEAR_LOG_SQL[info] E' stata eseguita la query: [ UPDATE index_fattura SET year='2015' ] dall'utente di dominio [ paolo ]
Jan 19 18:36:38|PEAR_LOG_SQL[info] E' stata eseguita la query: [ UPDATE index_ddt SET year='2015' ] dall'utente di dominio [ paolo ]
Jan 19 18:36:44|PEAR_LOG_SQL[info] E' stata eseguita la query: [ UPDATE index_fattura SET year='2015' ] dall'utente di dominio [ paolo ]
Jan 19 18:36:44|PEAR_LOG_SQL[info] E' stata eseguita la query: [ UPDATE index_ddt SET year='2015' ] dall'utente di dominio [ paolo ]
Jan 19 18:36:49|PEAR_LOG_SQL[info] E' stata eseguita la query: [ UPDATE index_fattura SET year='2015' ] dall'utente di dominio [ paolo ]
Jan 19 18:36:49|PEAR_LOG_SQL[info] E' stata eseguita la query: [ UPDATE index_ddt SET year='2015' ] dall'utente di dominio [ paolo ]
Jan 19 18:37:42|PEAR_LOG_SQL[info] E' stata eseguita la query: [ UPDATE index_fattura SET year='2015' ] dall'utente di dominio [ paolo ]
Jan 19 18:37:42|PEAR_LOG_SQL[info] E' stata eseguita la query: [ UPDATE index_ddt SET year='2015' ] dall'utente di dominio [ paolo ]
Jan 19 18:37:42|PEAR_LOG_SQL[info] E' stata eseguita la query: [ UPDATE index_fattura SET year='2015' ] dall'utente di dominio [ paolo ]
Jan 19 18:37:42|PEAR_LOG_SQL[info] E' stata eseguita la query: [ UPDATE index_ddt SET year='2015' ] dall'utente di dominio [ paolo ]
Jan 19 18:37:53|PEAR_LOG_SQL[info] E' stata eseguita la query: [ UPDATE index_fattura SET year='2015' ] dall'utente di dominio [ paolo ]
Jan 19 18:37:53|PEAR_LOG_SQL[info] E' stata eseguita la query: [ UPDATE index_ddt SET year='2015' ] dall'utente di dominio [ paolo ]
Jan 19 18:37:53|PEAR_LOG_SQL[info] E' stata eseguita la query: [ UPDATE index_fattura SET year='2015' ] dall'utente di dominio [ paolo ]
Jan 19 18:37:53|PEAR_LOG_SQL[info] E' stata eseguita la query: [ UPDATE index_ddt SET year='2015' ] dall'utente di dominio [ paolo ]
Jan 19 18:38:03|PEAR_LOG_SQL[info] E' stata eseguita la query: [ UPDATE index_fattura SET year='2015' ] dall'utente di dominio [ paolo ]
Jan 19 18:38:03|PEAR_LOG_SQL[info] E' stata eseguita la query: [ UPDATE index_ddt SET year='2015' ] dall'utente di dominio [ paolo ]
Jan 19 18:38:03|PEAR_LOG_SQL[info] E' stata eseguita la query: [ UPDATE index_fattura SET year='2015' ] dall'utente di dominio [ paolo ]
Jan 19 18:38:03|PEAR_LOG_SQL[info] E' stata eseguita la query: [ UPDATE index_ddt SET year='2015' ] dall'utente di dominio [ paolo ]
Jan 19 18:38:13|PEAR_LOG_SQL[info] E' stata eseguita la query: [ UPDATE index_fattura SET year='2015' ] dall'utente di dominio [ paolo ]
Jan 19 18:38:13|PEAR_LOG_SQL[info] E' stata eseguita la query: [ UPDATE index_ddt SET year='2015' ] dall'utente di dominio [ paolo ]
Jan 19 18:38:13|PEAR_LOG_SQL[info] E' stata eseguita la query: [ UPDATE index_fattura SET year='2015' ] dall'utente di dominio [ paolo ]
Jan 19 18:38:13|PEAR_LOG_SQL[info] E' stata eseguita la query: [ UPDATE index_ddt SET year='2015' ] dall'utente di dominio [ paolo ]
Jan 19 18:40:05|PEAR_LOG_SQL[info] E' stata eseguita la query: [ UPDATE index_fattura SET year='2015' ] dall'utente di dominio [  ]
Jan 19 18:40:05|PEAR_LOG_SQL[info] E' stata eseguita la query: [ UPDATE index_ddt SET year='2015' ] dall'utente di dominio [  ]
Jan 19 18:40:12|PEAR_LOG_SQL[info] E' stata eseguita la query: [ UPDATE index_fattura SET year='2015' ] dall'utente di dominio [  ]
Jan 19 18:40:12|PEAR_LOG_SQL[info] E' stata eseguita la query: [ UPDATE index_ddt SET year='2015' ] dall'utente di dominio [  ]
Jan 19 18:40:12|PEAR_LOG_SQL[info] E' stata eseguita la query: [ UPDATE users SET id_type = 1,id_anag = 7037,id_customer = 35,sconto_fornitori_nl = NULL,sconto_fornitori_de = NULL,username = 'paolo',password = 'e45db853fb2e1caa77398c3a16867d19a2afr24tg56r4r65wg',secret_question = 'Nome?',secret_response = 'Alessandro',confirmation_code = NULL,last_access = '2015-01-19 18:40:12',data_inserimento_riga = '2014-04-09',data_modifica_riga = '2015-01-19',is_newsletter_subscribed = '1',is_t_c_accepted = '1',is_active = 1,operatore = 'paolo' WHERE id = 7210 ] dall'utente di dominio [  ] Utente di dominio: [  ] REMOTE PORT: [ 59518 ] REMOTE IP: [ 95.225.163.88 ] FULL DATE [ 19-01-2015 ]
Jan 19 18:40:12|PEAR_LOG_SQL[info] E' stata eseguita la query: [ UPDATE index_fattura SET year='2015' ] dall'utente di dominio [ paolo ]
Jan 19 18:40:12|PEAR_LOG_SQL[info] E' stata eseguita la query: [ UPDATE index_ddt SET year='2015' ] dall'utente di dominio [ paolo ]
Jan 19 18:40:17|PEAR_LOG_SQL[info] E' stata eseguita la query: [ UPDATE index_fattura SET year='2015' ] dall'utente di dominio [ paolo ]
Jan 19 18:40:17|PEAR_LOG_SQL[info] E' stata eseguita la query: [ UPDATE index_ddt SET year='2015' ] dall'utente di dominio [ paolo ]
Jan 19 18:40:36|PEAR_LOG_SQL[info] E' stata eseguita la query: [ UPDATE index_fattura SET year='2015' ] dall'utente di dominio [ paolo ]
Jan 19 18:40:36|PEAR_LOG_SQL[info] E' stata eseguita la query: [ UPDATE index_ddt SET year='2015' ] dall'utente di dominio [ paolo ]
Jan 19 18:40:47|PEAR_LOG_SQL[info] E' stata eseguita la query: [ UPDATE index_fattura SET year='2015' ] dall'utente di dominio [ paolo ]
Jan 19 18:40:47|PEAR_LOG_SQL[info] E' stata eseguita la query: [ UPDATE index_ddt SET year='2015' ] dall'utente di dominio [ paolo ]
Jan 19 18:48:14|PEAR_LOG_SQL[info] E' stata eseguita la query: [ UPDATE index_fattura SET year='2015' ] dall'utente di dominio [ paolo ]
Jan 19 18:48:14|PEAR_LOG_SQL[info] E' stata eseguita la query: [ UPDATE index_ddt SET year='2015' ] dall'utente di dominio [ paolo ]
Jan 19 18:48:16|PEAR_LOG_SQL[info] E' stata eseguita la query: [ UPDATE index_fattura SET year='2015' ] dall'utente di dominio [ paolo ]
Jan 19 18:48:16|PEAR_LOG_SQL[info] E' stata eseguita la query: [ UPDATE index_ddt SET year='2015' ] dall'utente di dominio [ paolo ]
Jan 19 18:48:48|PEAR_LOG_SQL[info] E' stata eseguita la query: [ UPDATE index_fattura SET year='2015' ] dall'utente di dominio [ paolo ]
Jan 19 18:48:48|PEAR_LOG_SQL[info] E' stata eseguita la query: [ UPDATE index_ddt SET year='2015' ] dall'utente di dominio [ paolo ]
Jan 19 18:49:04|PEAR_LOG_SQL[info] E' stata eseguita la query: [ UPDATE index_fattura SET year='2015' ] dall'utente di dominio [ paolo ]
Jan 19 18:49:04|PEAR_LOG_SQL[info] E' stata eseguita la query: [ UPDATE index_ddt SET year='2015' ] dall'utente di dominio [ paolo ]
Jan 19 18:49:06|PEAR_LOG_SQL[info] E' stata eseguita la query: [ UPDATE index_fattura SET year='2015' ] dall'utente di dominio [ paolo ]
Jan 19 18:49:06|PEAR_LOG_SQL[info] E' stata eseguita la query: [ UPDATE index_ddt SET year='2015' ] dall'utente di dominio [ paolo ]
Jan 19 18:49:07|PEAR_LOG_SQL[info] E' stata eseguita la query: [ UPDATE index_fattura SET year='2015' ] dall'utente di dominio [ paolo ]
Jan 19 18:49:07|PEAR_LOG_SQL[info] E' stata eseguita la query: [ UPDATE index_ddt SET year='2015' ] dall'utente di dominio [ paolo ]
Jan 19 18:49:10|PEAR_LOG_SQL[info] E' stata eseguita la query: [ UPDATE index_fattura SET year='2015' ] dall'utente di dominio [ paolo ]
Jan 19 18:49:10|PEAR_LOG_SQL[info] E' stata eseguita la query: [ UPDATE index_ddt SET year='2015' ] dall'utente di dominio [ paolo ]
Jan 19 23:04:04|PEAR_LOG_SQL[info] E' stata eseguita la query: [ UPDATE index_fattura SET year='2015' ] dall'utente di dominio [  ]
Jan 19 23:04:04|PEAR_LOG_SQL[info] E' stata eseguita la query: [ UPDATE index_ddt SET year='2015' ] dall'utente di dominio [  ]
Jan 19 23:04:09|PEAR_LOG_SQL[info] E' stata eseguita la query: [ UPDATE index_fattura SET year='2015' ] dall'utente di dominio [  ]
Jan 19 23:04:09|PEAR_LOG_SQL[info] E' stata eseguita la query: [ UPDATE index_ddt SET year='2015' ] dall'utente di dominio [  ]
Jan 19 23:04:09|PEAR_LOG_SQL[info] E' stata eseguita la query: [ UPDATE users SET id_type = 1,id_anag = 18,id_customer = 133,sconto_fornitori_nl = 20,sconto_fornitori_de = 20,username = 'siso',password = '78db288208c027abd8d6fce4b368c62da2afr24tg56r4r65wg',secret_question = NULL,secret_response = NULL,confirmation_code = NULL,last_access = '2015-01-19 23:04:09',data_inserimento_riga = '2011-06-14',data_modifica_riga = '2015-01-19',is_newsletter_subscribed = 0,is_t_c_accepted = '0',is_active = 1,operatore = 'siso' WHERE id = 1 ] dall'utente di dominio [  ] Utente di dominio: [  ] REMOTE PORT: [ 54803 ] REMOTE IP: [ 151.25.186.130 ] FULL DATE [ 19-01-2015 ]
Jan 19 23:04:10|PEAR_LOG_SQL[info] E' stata eseguita la query: [ UPDATE index_fattura SET year='2015' ] dall'utente di dominio [ siso ]
Jan 19 23:04:10|PEAR_LOG_SQL[info] E' stata eseguita la query: [ UPDATE index_ddt SET year='2015' ] dall'utente di dominio [ siso ]
Jan 19 23:04:19|PEAR_LOG_SQL[info] E' stata eseguita la query: [ UPDATE index_fattura SET year='2015' ] dall'utente di dominio [ siso ]
Jan 19 23:04:19|PEAR_LOG_SQL[info] E' stata eseguita la query: [ UPDATE index_ddt SET year='2015' ] dall'utente di dominio [ siso ]
Jan 19 23:04:26|PEAR_LOG_SQL[info] E' stata eseguita la query: [ UPDATE index_fattura SET year='2015' ] dall'utente di dominio [ siso ]
Jan 19 23:04:26|PEAR_LOG_SQL[info] E' stata eseguita la query: [ UPDATE index_ddt SET year='2015' ] dall'utente di dominio [ siso ]
Jan 19 23:05:05|PEAR_LOG_SQL[info] E' stata eseguita la query: [ UPDATE index_fattura SET year='2015' ] dall'utente di dominio [ siso ]
Jan 19 23:05:05|PEAR_LOG_SQL[info] E' stata eseguita la query: [ UPDATE index_ddt SET year='2015' ] dall'utente di dominio [ siso ]
Jan 19 23:05:08|PEAR_LOG_SQL[info] E' stata eseguita la query: [ UPDATE index_fattura SET year='2015' ] dall'utente di dominio [ siso ]
Jan 19 23:05:08|PEAR_LOG_SQL[info] E' stata eseguita la query: [ UPDATE index_ddt SET year='2015' ] dall'utente di dominio [ siso ]
Jan 19 23:05:20|PEAR_LOG_SQL[info] E' stata eseguita la query: [ UPDATE index_fattura SET year='2015' ] dall'utente di dominio [ siso ]
Jan 19 23:05:20|PEAR_LOG_SQL[info] E' stata eseguita la query: [ UPDATE index_ddt SET year='2015' ] dall'utente di dominio [ siso ]
Jan 19 23:05:30|PEAR_LOG_SQL[info] E' stata eseguita la query: [ UPDATE index_fattura SET year='2015' ] dall'utente di dominio [ siso ]
Jan 19 23:05:30|PEAR_LOG_SQL[info] E' stata eseguita la query: [ UPDATE index_ddt SET year='2015' ] dall'utente di dominio [ siso ]
Jan 19 23:06:50|PEAR_LOG_SQL[info] E' stata eseguita la query: [ UPDATE index_fattura SET year='2015' ] dall'utente di dominio [ siso ]
Jan 19 23:06:50|PEAR_LOG_SQL[info] E' stata eseguita la query: [ UPDATE index_ddt SET year='2015' ] dall'utente di dominio [ siso ]
Jan 19 23:06:50|PEAR_LOG_SQL[info] E' stata eseguita la query: [ INSERT INTO content (id,id_gm,id_famiglia,nome_it,descrizione_it,nome_en,descrizione_en,vbn,note,peso,C1,C2,C3,C4,C5,tipo_colore,prezzo_0,prezzo_1,prezzo_2,prezzo_3,prezzo_4,prezzo_5,prezzo_6,prezzo_7,prezzo_8,prezzo_9,cod_iva,have_image,vbn_image,data_inserimento_riga,data_modifica_riga,is_active,is_vbn_updated,operatore,codice_articolo) VALUES (54,36,NULL,'siso','<p>Descrizione per il prodotto siso</p>\r\n','','',NULL,'<p>Descrizione per il prodotto siso</p>\r\n',NULL,NULL,NULL,NULL,NULL,NULL,NULL,'1,20',NULL,NULL,NULL,NULL,NULL,NULL,NULL,NULL,NULL,10,NULL,NULL,'2015-01-19 23:06:50','2015-01-19 23:06:50',1,NULL,'siso',NULL) ] dall'utente di dominio [ siso ]
Jan 19 23:06:50|PEAR_LOG_SQL[info] E' stata eseguita la query: [ INSERT INTO giacenze (id,id_gm,bar_code,id_content,id_fornitore,C1,C2,C3,C4,C5,prezzo_0,prezzo_1,prezzo_2,prezzo_3,prezzo_4,prezzo_5,prezzo_6,prezzo_7,prezzo_8,prezzo_9,quantita,quantita_mazzo,disponibilita,stato,promo,dimensione,scelta,fusto,produttore,openstage,data_inserimento_riga,data_modifica_riga,is_active,operatore,prezzo_acquisto,visibile,in_home,qta_minima,qta_pianale,qta_carrello,qta_min_ordine) VALUES (978,36,'siso1',54,29,NULL,NULL,NULL,NULL,NULL,'1,20',NULL,NULL,NULL,NULL,NULL,NULL,NULL,NULL,NULL,2,1,0,'N',NULL,NULL,NULL,NULL,'SIso',NULL,'2015-01-19 23:06:50','2015-01-19 23:06:50',1,'siso','0,90','1','1','1','12','80','2') ] dall'utente di dominio [ siso ] Utente di dominio: [ siso ] REMOTE PORT: [ 54826 ] REMOTE IP: [ 151.25.186.130 ] FULL DATE [ 19-01-2015 ]
Jan 19 23:06:50|PEAR_LOG_SQL[info] E' stata eseguita la query: [ INSERT INTO images (id,ext,id_content,name,local_path,www_path) VALUES (282,NULL,54,'default.jpg','/var/www/vhosts/shop-oddone.biz/httpdocs/admin/img/web/product','http://shop-oddone.biz/admin//img/web/product') ] dall'utente di dominio [ siso ]
Jan 19 23:06:50|PEAR_LOG_SQL[info] E' stata eseguita la query: [ INSERT INTO images (id,ext,id_content,name,local_path,www_path) VALUES (283,NULL,54,'default.jpg','/var/www/vhosts/shop-oddone.biz/httpdocs/admin/img/web/product','http://shop-oddone.biz/admin//img/web/product') ] dall'utente di dominio [ siso ]
Jan 19 23:06:50|PEAR_LOG_SQL[info] E' stata eseguita la query: [ INSERT INTO images (id,ext,id_content,name,local_path,www_path) VALUES (284,NULL,54,'default.jpg','/var/www/vhosts/shop-oddone.biz/httpdocs/admin/img/web/product','http://shop-oddone.biz/admin//img/web/product') ] dall'utente di dominio [ siso ]
Jan 19 23:06:50|PEAR_LOG_SQL[info] E' stata eseguita la query: [ INSERT INTO images (id,ext,id_content,name,local_path,www_path) VALUES (285,NULL,54,'default.jpg','/var/www/vhosts/shop-oddone.biz/httpdocs/admin/img/web/product','http://shop-oddone.biz/admin//img/web/product') ] dall'utente di dominio [ siso ]
Jan 19 23:07:45|PEAR_LOG_SQL[info] E' stata eseguita la query: [ UPDATE index_fattura SET year='2015' ] dall'utente di dominio [ siso ]
Jan 19 23:07:45|PEAR_LOG_SQL[info] E' stata eseguita la query: [ UPDATE index_ddt SET year='2015' ] dall'utente di dominio [ siso ]
Jan 19 23:07:45|PEAR_LOG_SQL[info] E' stata eseguita la query: [ UPDATE content SET id_gm = 36,id_famiglia = NULL,nome_it = 'siso',descrizione_it = '<p>Descrizione per il prodotto siso</p>\r\n',nome_en = '',descrizione_en = '',vbn = NULL,note = '<p>Descrizione per il prodotto siso</p>\r\n',peso = NULL,C1 = NULL,C2 = NULL,C3 = NULL,C4 = NULL,C5 = NULL,tipo_colore = NULL,prezzo_0 = '1.00',prezzo_1 = NULL,prezzo_2 = NULL,prezzo_3 = NULL,prezzo_4 = NULL,prezzo_5 = NULL,prezzo_6 = NULL,prezzo_7 = NULL,prezzo_8 = NULL,prezzo_9 = NULL,cod_iva = 10,have_image = NULL,vbn_image = NULL,data_inserimento_riga = '2015-01-19 23:07:45',data_modifica_riga = '2015-01-19 23:07:45',is_active = 1,is_vbn_updated = NULL,operatore = 'siso',codice_articolo = NULL WHERE id = 54 ] dall'utente di dominio [ siso ]
Jan 19 23:07:45|PEAR_LOG_SQL[info] E' stata eseguita la query: [ UPDATE giacenze SET id_gm = 36,bar_code = 'siso1',id_content = 54,id_fornitore = 29,C1 = NULL,C2 = NULL,C3 = NULL,C4 = NULL,C5 = NULL,prezzo_0 = '1.00',prezzo_1 = NULL,prezzo_2 = NULL,prezzo_3 = NULL,prezzo_4 = NULL,prezzo_5 = NULL,prezzo_6 = NULL,prezzo_7 = NULL,prezzo_8 = NULL,prezzo_9 = NULL,quantita = 2,quantita_mazzo = 1,disponibilita = 0,stato = 'N',promo = NULL,dimensione = NULL,scelta = NULL,fusto = NULL,produttore = 'SIso',openstage = NULL,data_inserimento_riga = '2015-01-19 23:07:45',data_modifica_riga = '2015-01-19 23:07:45',is_active = 1,operatore = 'siso',prezzo_acquisto = '0.00',visibile = '1',in_home = '1',qta_minima = '1',qta_pianale = '12',qta_carrello = '80',qta_min_ordine = '2' WHERE id = 978 ] dall'utente di dominio [ siso ]
Jan 19 23:07:46|PEAR_LOG_SQL[info] E' stata eseguita la query: [ INSERT INTO images (id,ext,id_content,name,local_path,www_path) VALUES (286,'.jpg',54,'siso1_1','/var/www/vhosts/shop-oddone.biz/httpdocs/FlorSysIntegration/img/','http://shop-oddone.biz/FlorSysIntegration/img/') ] dall'utente di dominio [ siso ] Utente di dominio: [ siso ] REMOTE PORT: [ 54830 ] REMOTE IP: [ 151.25.186.130 ] FULL DATE [ 19-01-2015 ]
Jan 19 23:07:46|PEAR_LOG_SQL[info] E' stata eseguita la query: [ INSERT INTO images (id,ext,id_content,name,local_path,www_path) VALUES (287,'.jpg',54,'siso1_2','/var/www/vhosts/shop-oddone.biz/httpdocs/FlorSysIntegration/img/','http://shop-oddone.biz/FlorSysIntegration/img/') ] dall'utente di dominio [ siso ] Utente di dominio: [ siso ] REMOTE PORT: [ 54830 ] REMOTE IP: [ 151.25.186.130 ] FULL DATE [ 19-01-2015 ]
Jan 19 23:07:46|PEAR_LOG_SQL[info] E' stata eseguita la query: [ INSERT INTO images (id,ext,id_content,name,local_path,www_path) VALUES (288,'.jpg',54,'siso1_3','/var/www/vhosts/shop-oddone.biz/httpdocs/FlorSysIntegration/img/','http://shop-oddone.biz/FlorSysIntegration/img/') ] dall'utente di dominio [ siso ] Utente di dominio: [ siso ] REMOTE PORT: [ 54830 ] REMOTE IP: [ 151.25.186.130 ] FULL DATE [ 19-01-2015 ]
Jan 19 23:29:17|PEAR_LOG_SQL[info] E' stata eseguita la query: [ UPDATE index_fattura SET year='2015' ] dall'utente di dominio [  ]
Jan 19 23:29:17|PEAR_LOG_SQL[info] E' stata eseguita la query: [ UPDATE index_ddt SET year='2015' ] dall'utente di dominio [  ]
Jan 19 23:29:24|PEAR_LOG_SQL[info] E' stata eseguita la query: [ UPDATE index_fattura SET year='2015' ] dall'utente di dominio [  ]
Jan 19 23:29:24|PEAR_LOG_SQL[info] E' stata eseguita la query: [ UPDATE index_ddt SET year='2015' ] dall'utente di dominio [  ]
Jan 19 23:29:24|PEAR_LOG_SQL[info] E' stata eseguita la query: [ UPDATE users SET id_type = 1,id_anag = 7037,id_customer = 35,sconto_fornitori_nl = NULL,sconto_fornitori_de = NULL,username = 'paolo',password = 'e45db853fb2e1caa77398c3a16867d19a2afr24tg56r4r65wg',secret_question = 'Nome?',secret_response = 'Alessandro',confirmation_code = NULL,last_access = '2015-01-19 23:29:24',data_inserimento_riga = '2014-04-09',data_modifica_riga = '2015-01-19',is_newsletter_subscribed = '1',is_t_c_accepted = '1',is_active = 1,operatore = 'paolo' WHERE id = 7210 ] dall'utente di dominio [  ] Utente di dominio: [  ] REMOTE PORT: [ 49622 ] REMOTE IP: [ 87.4.195.2 ] FULL DATE [ 19-01-2015 ]
Jan 19 23:29:24|PEAR_LOG_SQL[info] E' stata eseguita la query: [ UPDATE index_fattura SET year='2015' ] dall'utente di dominio [ paolo ]
Jan 19 23:29:24|PEAR_LOG_SQL[info] E' stata eseguita la query: [ UPDATE index_ddt SET year='2015' ] dall'utente di dominio [ paolo ]
Jan 19 23:29:35|PEAR_LOG_SQL[info] E' stata eseguita la query: [ UPDATE index_fattura SET year='2015' ] dall'utente di dominio [ paolo ]
Jan 19 23:29:35|PEAR_LOG_SQL[info] E' stata eseguita la query: [ UPDATE index_ddt SET year='2015' ] dall'utente di dominio [ paolo ]
Jan 19 23:29:49|PEAR_LOG_SQL[info] E' stata eseguita la query: [ UPDATE index_fattura SET year='2015' ] dall'utente di dominio [ paolo ]
Jan 19 23:29:49|PEAR_LOG_SQL[info] E' stata eseguita la query: [ UPDATE index_ddt SET year='2015' ] dall'utente di dominio [ paolo ]
Jan 19 23:29:52|PEAR_LOG_SQL[info] E' stata eseguita la query: [ UPDATE index_fattura SET year='2015' ] dall'utente di dominio [ paolo ]
Jan 19 23:29:52|PEAR_LOG_SQL[info] E' stata eseguita la query: [ UPDATE index_ddt SET year='2015' ] dall'utente di dominio [ paolo ]
Jan 19 23:29:53|PEAR_LOG_SQL[info] E' stata eseguita la query: [ UPDATE index_fattura SET year='2015' ] dall'utente di dominio [ paolo ]
Jan 19 23:29:53|PEAR_LOG_SQL[info] E' stata eseguita la query: [ UPDATE index_ddt SET year='2015' ] dall'utente di dominio [ paolo ]
Jan 19 23:29:55|PEAR_LOG_SQL[info] E' stata eseguita la query: [ UPDATE index_fattura SET year='2015' ] dall'utente di dominio [ paolo ]
Jan 19 23:29:55|PEAR_LOG_SQL[info] E' stata eseguita la query: [ UPDATE index_ddt SET year='2015' ] dall'utente di dominio [ paolo ]
Jan 19 23:29:57|PEAR_LOG_SQL[info] E' stata eseguita la query: [ UPDATE index_fattura SET year='2015' ] dall'utente di dominio [ paolo ]
Jan 19 23:29:57|PEAR_LOG_SQL[info] E' stata eseguita la query: [ UPDATE index_ddt SET year='2015' ] dall'utente di dominio [ paolo ]
Jan 19 23:29:58|PEAR_LOG_SQL[info] E' stata eseguita la query: [ UPDATE index_fattura SET year='2015' ] dall'utente di dominio [ paolo ]
Jan 19 23:29:58|PEAR_LOG_SQL[info] E' stata eseguita la query: [ UPDATE index_ddt SET year='2015' ] dall'utente di dominio [ paolo ]
Jan 19 23:29:58|PEAR_LOG_SQL[info] E' stata eseguita la query: [ UPDATE index_fattura SET year='2015' ] dall'utente di dominio [ paolo ]
Jan 19 23:29:58|PEAR_LOG_SQL[info] E' stata eseguita la query: [ UPDATE index_ddt SET year='2015' ] dall'utente di dominio [ paolo ]
Jan 19 23:29:59|PEAR_LOG_SQL[info] E' stata eseguita la query: [ UPDATE index_fattura SET year='2015' ] dall'utente di dominio [ paolo ]
Jan 19 23:29:59|PEAR_LOG_SQL[info] E' stata eseguita la query: [ UPDATE index_ddt SET year='2015' ] dall'utente di dominio [ paolo ]
Jan 19 23:30:00|PEAR_LOG_SQL[info] E' stata eseguita la query: [ UPDATE index_fattura SET year='2015' ] dall'utente di dominio [ paolo ]
Jan 19 23:30:00|PEAR_LOG_SQL[info] E' stata eseguita la query: [ UPDATE index_ddt SET year='2015' ] dall'utente di dominio [ paolo ]
Jan 19 23:30:13|PEAR_LOG_SQL[info] E' stata eseguita la query: [ UPDATE index_fattura SET year='2015' ] dall'utente di dominio [ paolo ]
Jan 19 23:30:13|PEAR_LOG_SQL[info] E' stata eseguita la query: [ UPDATE index_ddt SET year='2015' ] dall'utente di dominio [ paolo ]
Jan 19 23:30:22|PEAR_LOG_SQL[info] E' stata eseguita la query: [ UPDATE index_fattura SET year='2015' ] dall'utente di dominio [ paolo ]
Jan 19 23:30:22|PEAR_LOG_SQL[info] E' stata eseguita la query: [ UPDATE index_ddt SET year='2015' ] dall'utente di dominio [ paolo ]
Jan 19 23:30:28|PEAR_LOG_SQL[info] E' stata eseguita la query: [ UPDATE index_fattura SET year='2015' ] dall'utente di dominio [ paolo ]
Jan 19 23:30:28|PEAR_LOG_SQL[info] E' stata eseguita la query: [ UPDATE index_ddt SET year='2015' ] dall'utente di dominio [ paolo ]
Jan 19 23:30:48|PEAR_LOG_SQL[info] E' stata eseguita la query: [ UPDATE index_fattura SET year='2015' ] dall'utente di dominio [ paolo ]
Jan 19 23:30:48|PEAR_LOG_SQL[info] E' stata eseguita la query: [ UPDATE index_ddt SET year='2015' ] dall'utente di dominio [ paolo ]
Jan 19 23:30:50|PEAR_LOG_SQL[info] E' stata eseguita la query: [ UPDATE index_fattura SET year='2015' ] dall'utente di dominio [ paolo ]
Jan 19 23:30:50|PEAR_LOG_SQL[info] E' stata eseguita la query: [ UPDATE index_ddt SET year='2015' ] dall'utente di dominio [ paolo ]
Jan 19 23:31:00|PEAR_LOG_SQL[info] E' stata eseguita la query: [ UPDATE index_fattura SET year='2015' ] dall'utente di dominio [ paolo ]
Jan 19 23:31:00|PEAR_LOG_SQL[info] E' stata eseguita la query: [ UPDATE index_ddt SET year='2015' ] dall'utente di dominio [ paolo ]
Jan 19 23:31:00|PEAR_LOG_SQL[info] E' stata eseguita la query: [ UPDATE index_fattura SET year='2015' ] dall'utente di dominio [ paolo ]
Jan 19 23:31:00|PEAR_LOG_SQL[info] E' stata eseguita la query: [ UPDATE index_ddt SET year='2015' ] dall'utente di dominio [ paolo ]
Jan 19 23:31:10|PEAR_LOG_SQL[info] E' stata eseguita la query: [ UPDATE index_fattura SET year='2015' ] dall'utente di dominio [ paolo ]
Jan 19 23:31:10|PEAR_LOG_SQL[info] E' stata eseguita la query: [ UPDATE index_ddt SET year='2015' ] dall'utente di dominio [ paolo ]
Jan 19 23:31:10|PEAR_LOG_SQL[info] E' stata eseguita la query: [ UPDATE index_fattura SET year='2015' ] dall'utente di dominio [ paolo ]
Jan 19 23:31:10|PEAR_LOG_SQL[info] E' stata eseguita la query: [ UPDATE index_ddt SET year='2015' ] dall'utente di dominio [ paolo ]
Jan 19 23:31:20|PEAR_LOG_SQL[info] E' stata eseguita la query: [ UPDATE index_fattura SET year='2015' ] dall'utente di dominio [ paolo ]
Jan 19 23:31:20|PEAR_LOG_SQL[info] E' stata eseguita la query: [ UPDATE index_ddt SET year='2015' ] dall'utente di dominio [ paolo ]
Jan 19 23:31:21|PEAR_LOG_SQL[info] E' stata eseguita la query: [ UPDATE index_fattura SET year='2015' ] dall'utente di dominio [ paolo ]
Jan 19 23:31:21|PEAR_LOG_SQL[info] E' stata eseguita la query: [ UPDATE index_ddt SET year='2015' ] dall'utente di dominio [ paolo ]
Jan 19 23:37:47|PEAR_LOG_SQL[info] E' stata eseguita la query: [ UPDATE index_fattura SET year='2015' ] dall'utente di dominio [  ]
Jan 19 23:37:47|PEAR_LOG_SQL[info] E' stata eseguita la query: [ UPDATE index_ddt SET year='2015' ] dall'utente di dominio [  ]
Jan 19 23:52:58|PEAR_LOG_SQL[info] E' stata eseguita la query: [ UPDATE index_fattura SET year='2015' ] dall'utente di dominio [  ]
Jan 19 23:52:58|PEAR_LOG_SQL[info] E' stata eseguita la query: [ UPDATE index_ddt SET year='2015' ] dall'utente di dominio [  ]
Jan 19 23:53:00|PEAR_LOG_SQL[info] E' stata eseguita la query: [ UPDATE index_fattura SET year='2015' ] dall'utente di dominio [  ]
Jan 19 23:53:00|PEAR_LOG_SQL[info] E' stata eseguita la query: [ UPDATE index_ddt SET year='2015' ] dall'utente di dominio [  ]
Jan 19 23:53:00|PEAR_LOG_SQL[info] E' stata eseguita la query: [ UPDATE users SET id_type = 1,id_anag = 7037,id_customer = 35,sconto_fornitori_nl = NULL,sconto_fornitori_de = NULL,username = 'paolo',password = 'e45db853fb2e1caa77398c3a16867d19a2afr24tg56r4r65wg',secret_question = 'Nome?',secret_response = 'Alessandro',confirmation_code = NULL,last_access = '2015-01-19 23:53:00',data_inserimento_riga = '2014-04-09',data_modifica_riga = '2015-01-19',is_newsletter_subscribed = '1',is_t_c_accepted = '1',is_active = 1,operatore = 'paolo' WHERE id = 7210 ] dall'utente di dominio [  ] Utente di dominio: [  ] REMOTE PORT: [ 50195 ] REMOTE IP: [ 87.4.195.2 ] FULL DATE [ 19-01-2015 ]
Jan 19 23:53:00|PEAR_LOG_SQL[info] E' stata eseguita la query: [ UPDATE index_fattura SET year='2015' ] dall'utente di dominio [ paolo ]
Jan 19 23:53:00|PEAR_LOG_SQL[info] E' stata eseguita la query: [ UPDATE index_ddt SET year='2015' ] dall'utente di dominio [ paolo ]
Jan 19 23:53:11|PEAR_LOG_SQL[info] E' stata eseguita la query: [ UPDATE index_fattura SET year='2015' ] dall'utente di dominio [ paolo ]
Jan 19 23:53:11|PEAR_LOG_SQL[info] E' stata eseguita la query: [ UPDATE index_ddt SET year='2015' ] dall'utente di dominio [ paolo ]
Jan 19 23:53:23|PEAR_LOG_SQL[info] E' stata eseguita la query: [ UPDATE index_fattura SET year='2015' ] dall'utente di dominio [ paolo ]
Jan 19 23:53:23|PEAR_LOG_SQL[info] E' stata eseguita la query: [ UPDATE index_ddt SET year='2015' ] dall'utente di dominio [ paolo ]
Jan 19 23:53:48|PEAR_LOG_SQL[info] E' stata eseguita la query: [ UPDATE index_fattura SET year='2015' ] dall'utente di dominio [ paolo ]
Jan 19 23:53:48|PEAR_LOG_SQL[info] E' stata eseguita la query: [ UPDATE index_ddt SET year='2015' ] dall'utente di dominio [ paolo ]
Jan 19 23:53:59|PEAR_LOG_SQL[info] E' stata eseguita la query: [ UPDATE index_fattura SET year='2015' ] dall'utente di dominio [ paolo ]
Jan 19 23:53:59|PEAR_LOG_SQL[info] E' stata eseguita la query: [ UPDATE index_ddt SET year='2015' ] dall'utente di dominio [ paolo ]
Jan 19 23:53:59|PEAR_LOG_SQL[info] E' stata eseguita la query: [ UPDATE index_fattura SET year='2015' ] dall'utente di dominio [ paolo ]
Jan 19 23:53:59|PEAR_LOG_SQL[info] E' stata eseguita la query: [ UPDATE index_ddt SET year='2015' ] dall'utente di dominio [ paolo ]
Jan 19 23:54:11|PEAR_LOG_SQL[info] E' stata eseguita la query: [ UPDATE index_fattura SET year='2015' ] dall'utente di dominio [ paolo ]
Jan 19 23:54:11|PEAR_LOG_SQL[info] E' stata eseguita la query: [ UPDATE index_ddt SET year='2015' ] dall'utente di dominio [ paolo ]
Jan 19 23:54:11|PEAR_LOG_SQL[info] E' stata eseguita la query: [ UPDATE index_fattura SET year='2015' ] dall'utente di dominio [ paolo ]
Jan 19 23:54:11|PEAR_LOG_SQL[info] E' stata eseguita la query: [ UPDATE index_ddt SET year='2015' ] dall'utente di dominio [ paolo ]
Jan 19 23:54:22|PEAR_LOG_SQL[info] E' stata eseguita la query: [ UPDATE index_fattura SET year='2015' ] dall'utente di dominio [ paolo ]
Jan 19 23:54:22|PEAR_LOG_SQL[info] E' stata eseguita la query: [ UPDATE index_ddt SET year='2015' ] dall'utente di dominio [ paolo ]
Jan 19 23:54:22|PEAR_LOG_SQL[info] E' stata eseguita la query: [ UPDATE index_fattura SET year='2015' ] dall'utente di dominio [ paolo ]
Jan 19 23:54:22|PEAR_LOG_SQL[info] E' stata eseguita la query: [ UPDATE index_ddt SET year='2015' ] dall'utente di dominio [ paolo ]
Jan 19 23:54:37|PEAR_LOG_SQL[info] E' stata eseguita la query: [ UPDATE index_fattura SET year='2015' ] dall'utente di dominio [ paolo ]
Jan 19 23:54:37|PEAR_LOG_SQL[info] E' stata eseguita la query: [ UPDATE index_ddt SET year='2015' ] dall'utente di dominio [ paolo ]
Jan 19 23:54:37|PEAR_LOG_SQL[info] E' stata eseguita la query: [ UPDATE index_fattura SET year='2015' ] dall'utente di dominio [ paolo ]
Jan 19 23:54:37|PEAR_LOG_SQL[info] E' stata eseguita la query: [ UPDATE index_ddt SET year='2015' ] dall'utente di dominio [ paolo ]
Jan 19 23:54:49|PEAR_LOG_SQL[info] E' stata eseguita la query: [ UPDATE index_fattura SET year='2015' ] dall'utente di dominio [ paolo ]
Jan 19 23:54:49|PEAR_LOG_SQL[info] E' stata eseguita la query: [ UPDATE index_ddt SET year='2015' ] dall'utente di dominio [ paolo ]
Jan 19 23:54:49|PEAR_LOG_SQL[info] E' stata eseguita la query: [ UPDATE index_fattura SET year='2015' ] dall'utente di dominio [ paolo ]
Jan 19 23:54:49|PEAR_LOG_SQL[info] E' stata eseguita la query: [ UPDATE index_ddt SET year='2015' ] dall'utente di dominio [ paolo ]
Jan 19 23:55:00|PEAR_LOG_SQL[info] E' stata eseguita la query: [ UPDATE index_fattura SET year='2015' ] dall'utente di dominio [ paolo ]
Jan 19 23:55:00|PEAR_LOG_SQL[info] E' stata eseguita la query: [ UPDATE index_ddt SET year='2015' ] dall'utente di dominio [ paolo ]
Jan 19 23:55:00|PEAR_LOG_SQL[info] E' stata eseguita la query: [ UPDATE index_fattura SET year='2015' ] dall'utente di dominio [ paolo ]
Jan 19 23:55:00|PEAR_LOG_SQL[info] E' stata eseguita la query: [ UPDATE index_ddt SET year='2015' ] dall'utente di dominio [ paolo ]
Jan 19 23:55:11|PEAR_LOG_SQL[info] E' stata eseguita la query: [ UPDATE index_fattura SET year='2015' ] dall'utente di dominio [ paolo ]
Jan 19 23:55:11|PEAR_LOG_SQL[info] E' stata eseguita la query: [ UPDATE index_ddt SET year='2015' ] dall'utente di dominio [ paolo ]
Jan 19 23:55:11|PEAR_LOG_SQL[info] E' stata eseguita la query: [ UPDATE index_fattura SET year='2015' ] dall'utente di dominio [ paolo ]
Jan 19 23:55:11|PEAR_LOG_SQL[info] E' stata eseguita la query: [ UPDATE index_ddt SET year='2015' ] dall'utente di dominio [ paolo ]
Jan 19 23:55:23|PEAR_LOG_SQL[info] E' stata eseguita la query: [ UPDATE index_fattura SET year='2015' ] dall'utente di dominio [ paolo ]
Jan 19 23:55:23|PEAR_LOG_SQL[info] E' stata eseguita la query: [ UPDATE index_ddt SET year='2015' ] dall'utente di dominio [ paolo ]
Jan 19 23:55:23|PEAR_LOG_SQL[info] E' stata eseguita la query: [ UPDATE index_fattura SET year='2015' ] dall'utente di dominio [ paolo ]
Jan 19 23:55:23|PEAR_LOG_SQL[info] E' stata eseguita la query: [ UPDATE index_ddt SET year='2015' ] dall'utente di dominio [ paolo ]
Jan 19 23:55:36|PEAR_LOG_SQL[info] E' stata eseguita la query: [ UPDATE index_fattura SET year='2015' ] dall'utente di dominio [ paolo ]
Jan 19 23:55:36|PEAR_LOG_SQL[info] E' stata eseguita la query: [ UPDATE index_ddt SET year='2015' ] dall'utente di dominio [ paolo ]
Jan 19 23:55:36|PEAR_LOG_SQL[info] E' stata eseguita la query: [ UPDATE index_fattura SET year='2015' ] dall'utente di dominio [ paolo ]
Jan 19 23:55:36|PEAR_LOG_SQL[info] E' stata eseguita la query: [ UPDATE index_ddt SET year='2015' ] dall'utente di dominio [ paolo ]
Jan 19 23:55:48|PEAR_LOG_SQL[info] E' stata eseguita la query: [ UPDATE index_fattura SET year='2015' ] dall'utente di dominio [ paolo ]
Jan 19 23:55:48|PEAR_LOG_SQL[info] E' stata eseguita la query: [ UPDATE index_ddt SET year='2015' ] dall'utente di dominio [ paolo ]
Jan 19 23:55:48|PEAR_LOG_SQL[info] E' stata eseguita la query: [ UPDATE index_fattura SET year='2015' ] dall'utente di dominio [ paolo ]
Jan 19 23:55:48|PEAR_LOG_SQL[info] E' stata eseguita la query: [ UPDATE index_ddt SET year='2015' ] dall'utente di dominio [ paolo ]
Jan 19 23:55:59|PEAR_LOG_SQL[info] E' stata eseguita la query: [ UPDATE index_fattura SET year='2015' ] dall'utente di dominio [ paolo ]
Jan 19 23:55:59|PEAR_LOG_SQL[info] E' stata eseguita la query: [ UPDATE index_ddt SET year='2015' ] dall'utente di dominio [ paolo ]
Jan 19 23:55:59|PEAR_LOG_SQL[info] E' stata eseguita la query: [ UPDATE index_fattura SET year='2015' ] dall'utente di dominio [ paolo ]
Jan 19 23:55:59|PEAR_LOG_SQL[info] E' stata eseguita la query: [ UPDATE index_ddt SET year='2015' ] dall'utente di dominio [ paolo ]
Jan 19 23:56:11|PEAR_LOG_SQL[info] E' stata eseguita la query: [ UPDATE index_fattura SET year='2015' ] dall'utente di dominio [ paolo ]
Jan 19 23:56:11|PEAR_LOG_SQL[info] E' stata eseguita la query: [ UPDATE index_ddt SET year='2015' ] dall'utente di dominio [ paolo ]
Jan 19 23:56:11|PEAR_LOG_SQL[info] E' stata eseguita la query: [ UPDATE index_fattura SET year='2015' ] dall'utente di dominio [ paolo ]
Jan 19 23:56:11|PEAR_LOG_SQL[info] E' stata eseguita la query: [ UPDATE index_ddt SET year='2015' ] dall'utente di dominio [ paolo ]
Jan 19 23:56:23|PEAR_LOG_SQL[info] E' stata eseguita la query: [ UPDATE index_fattura SET year='2015' ] dall'utente di dominio [ paolo ]
Jan 19 23:56:23|PEAR_LOG_SQL[info] E' stata eseguita la query: [ UPDATE index_ddt SET year='2015' ] dall'utente di dominio [ paolo ]
Jan 19 23:56:23|PEAR_LOG_SQL[info] E' stata eseguita la query: [ UPDATE index_fattura SET year='2015' ] dall'utente di dominio [ paolo ]
Jan 19 23:56:23|PEAR_LOG_SQL[info] E' stata eseguita la query: [ UPDATE index_ddt SET year='2015' ] dall'utente di dominio [ paolo ]
Jan 19 23:56:37|PEAR_LOG_SQL[info] E' stata eseguita la query: [ UPDATE index_fattura SET year='2015' ] dall'utente di dominio [ paolo ]
Jan 19 23:56:37|PEAR_LOG_SQL[info] E' stata eseguita la query: [ UPDATE index_ddt SET year='2015' ] dall'utente di dominio [ paolo ]
Jan 19 23:56:37|PEAR_LOG_SQL[info] E' stata eseguita la query: [ UPDATE index_fattura SET year='2015' ] dall'utente di dominio [ paolo ]
Jan 19 23:56:37|PEAR_LOG_SQL[info] E' stata eseguita la query: [ UPDATE index_ddt SET year='2015' ] dall'utente di dominio [ paolo ]
Jan 19 23:56:49|PEAR_LOG_SQL[info] E' stata eseguita la query: [ UPDATE index_fattura SET year='2015' ] dall'utente di dominio [ paolo ]
Jan 19 23:56:49|PEAR_LOG_SQL[info] E' stata eseguita la query: [ UPDATE index_ddt SET year='2015' ] dall'utente di dominio [ paolo ]
Jan 19 23:56:49|PEAR_LOG_SQL[info] E' stata eseguita la query: [ UPDATE index_fattura SET year='2015' ] dall'utente di dominio [ paolo ]
Jan 19 23:56:49|PEAR_LOG_SQL[info] E' stata eseguita la query: [ UPDATE index_ddt SET year='2015' ] dall'utente di dominio [ paolo ]
Jan 19 23:57:00|PEAR_LOG_SQL[info] E' stata eseguita la query: [ UPDATE index_fattura SET year='2015' ] dall'utente di dominio [ paolo ]
Jan 19 23:57:00|PEAR_LOG_SQL[info] E' stata eseguita la query: [ UPDATE index_ddt SET year='2015' ] dall'utente di dominio [ paolo ]
Jan 19 23:57:00|PEAR_LOG_SQL[info] E' stata eseguita la query: [ UPDATE index_fattura SET year='2015' ] dall'utente di dominio [ paolo ]
Jan 19 23:57:00|PEAR_LOG_SQL[info] E' stata eseguita la query: [ UPDATE index_ddt SET year='2015' ] dall'utente di dominio [ paolo ]
Jan 19 23:57:12|PEAR_LOG_SQL[info] E' stata eseguita la query: [ UPDATE index_fattura SET year='2015' ] dall'utente di dominio [ paolo ]
Jan 19 23:57:12|PEAR_LOG_SQL[info] E' stata eseguita la query: [ UPDATE index_ddt SET year='2015' ] dall'utente di dominio [ paolo ]
Jan 19 23:57:12|PEAR_LOG_SQL[info] E' stata eseguita la query: [ UPDATE index_fattura SET year='2015' ] dall'utente di dominio [ paolo ]
Jan 19 23:57:12|PEAR_LOG_SQL[info] E' stata eseguita la query: [ UPDATE index_ddt SET year='2015' ] dall'utente di dominio [ paolo ]
Jan 19 23:57:24|PEAR_LOG_SQL[info] E' stata eseguita la query: [ UPDATE index_fattura SET year='2015' ] dall'utente di dominio [ paolo ]
Jan 19 23:57:24|PEAR_LOG_SQL[info] E' stata eseguita la query: [ UPDATE index_ddt SET year='2015' ] dall'utente di dominio [ paolo ]
Jan 19 23:57:24|PEAR_LOG_SQL[info] E' stata eseguita la query: [ UPDATE index_fattura SET year='2015' ] dall'utente di dominio [ paolo ]
Jan 19 23:57:24|PEAR_LOG_SQL[info] E' stata eseguita la query: [ UPDATE index_ddt SET year='2015' ] dall'utente di dominio [ paolo ]
Jan 19 23:57:37|PEAR_LOG_SQL[info] E' stata eseguita la query: [ UPDATE index_fattura SET year='2015' ] dall'utente di dominio [ paolo ]
Jan 19 23:57:37|PEAR_LOG_SQL[info] E' stata eseguita la query: [ UPDATE index_ddt SET year='2015' ] dall'utente di dominio [ paolo ]
Jan 19 23:57:37|PEAR_LOG_SQL[info] E' stata eseguita la query: [ UPDATE index_fattura SET year='2015' ] dall'utente di dominio [ paolo ]
Jan 19 23:57:37|PEAR_LOG_SQL[info] E' stata eseguita la query: [ UPDATE index_ddt SET year='2015' ] dall'utente di dominio [ paolo ]
Jan 19 23:57:49|PEAR_LOG_SQL[info] E' stata eseguita la query: [ UPDATE index_fattura SET year='2015' ] dall'utente di dominio [ paolo ]
Jan 19 23:57:49|PEAR_LOG_SQL[info] E' stata eseguita la query: [ UPDATE index_ddt SET year='2015' ] dall'utente di dominio [ paolo ]
Jan 19 23:57:49|PEAR_LOG_SQL[info] E' stata eseguita la query: [ UPDATE index_fattura SET year='2015' ] dall'utente di dominio [ paolo ]
Jan 19 23:57:49|PEAR_LOG_SQL[info] E' stata eseguita la query: [ UPDATE index_ddt SET year='2015' ] dall'utente di dominio [ paolo ]
Jan 19 23:59:37|PEAR_LOG_SQL[info] E' stata eseguita la query: [ UPDATE index_fattura SET year='2015' ] dall'utente di dominio [ paolo ]
Jan 19 23:59:37|PEAR_LOG_SQL[info] E' stata eseguita la query: [ UPDATE index_ddt SET year='2015' ] dall'utente di dominio [ paolo ]
Jan 19 23:59:40|PEAR_LOG_SQL[info] E' stata eseguita la query: [ UPDATE index_fattura SET year='2015' ] dall'utente di dominio [ paolo ]
Jan 19 23:59:40|PEAR_LOG_SQL[info] E' stata eseguita la query: [ UPDATE index_ddt SET year='2015' ] dall'utente di dominio [ paolo ]
Jan 19 23:59:43|PEAR_LOG_SQL[info] E' stata eseguita la query: [ UPDATE index_fattura SET year='2015' ] dall'utente di dominio [ paolo ]
Jan 19 23:59:43|PEAR_LOG_SQL[info] E' stata eseguita la query: [ UPDATE index_ddt SET year='2015' ] dall'utente di dominio [ paolo ]
Jan 19 23:59:46|PEAR_LOG_SQL[info] E' stata eseguita la query: [ UPDATE index_fattura SET year='2015' ] dall'utente di dominio [ paolo ]
Jan 19 23:59:46|PEAR_LOG_SQL[info] E' stata eseguita la query: [ UPDATE index_ddt SET year='2015' ] dall'utente di dominio [ paolo ]
Jan 19 23:59:47|PEAR_LOG_SQL[info] E' stata eseguita la query: [ UPDATE index_fattura SET year='2015' ] dall'utente di dominio [ paolo ]
Jan 19 23:59:47|PEAR_LOG_SQL[info] E' stata eseguita la query: [ UPDATE index_ddt SET year='2015' ] dall'utente di dominio [ paolo ]
Jan 19 23:59:47|PEAR_LOG_SQL[info] E' stata eseguita la query: [ UPDATE index_fattura SET year='2015' ] dall'utente di dominio [ paolo ]
Jan 19 23:59:47|PEAR_LOG_SQL[info] E' stata eseguita la query: [ UPDATE index_ddt SET year='2015' ] dall'utente di dominio [ paolo ]
Jan 19 23:59:50|PEAR_LOG_SQL[info] E' stata eseguita la query: [ UPDATE index_fattura SET year='2015' ] dall'utente di dominio [ paolo ]
Jan 19 23:59:50|PEAR_LOG_SQL[info] E' stata eseguita la query: [ UPDATE index_ddt SET year='2015' ] dall'utente di dominio [ paolo ]
Jan 19 23:59:58|PEAR_LOG_SQL[info] E' stata eseguita la query: [ UPDATE index_fattura SET year='2015' ] dall'utente di dominio [ paolo ]
Jan 19 23:59:58|PEAR_LOG_SQL[info] E' stata eseguita la query: [ UPDATE index_ddt SET year='2015' ] dall'utente di dominio [ paolo ]
