Jan 21 00:35:31|PEAR_LOG_SQL[info] E' stata eseguita la query: [ UPDATE index_fattura SET year='2015' ] dall'utente di dominio [  ]
Jan 21 00:35:31|PEAR_LOG_SQL[info] E' stata eseguita la query: [ UPDATE index_ddt SET year='2015' ] dall'utente di dominio [  ]
Jan 21 00:35:38|PEAR_LOG_SQL[info] E' stata eseguita la query: [ UPDATE index_fattura SET year='2015' ] dall'utente di dominio [  ]
Jan 21 00:35:38|PEAR_LOG_SQL[info] E' stata eseguita la query: [ UPDATE index_ddt SET year='2015' ] dall'utente di dominio [  ]
Jan 21 00:35:38|PEAR_LOG_SQL[info] E' stata eseguita la query: [ UPDATE users SET id_type = 1,id_anag = 7037,id_customer = 35,sconto_fornitori_nl = NULL,sconto_fornitori_de = NULL,username = 'paolo',password = 'e45db853fb2e1caa77398c3a16867d19a2afr24tg56r4r65wg',secret_question = 'Nome?',secret_response = 'Alessandro',confirmation_code = NULL,last_access = '2015-01-21 00:35:38',data_inserimento_riga = '2014-04-09',data_modifica_riga = '2015-01-21',is_newsletter_subscribed = '1',is_t_c_accepted = '1',is_active = 1,operatore = 'paolo' WHERE id = 7210 ] dall'utente di dominio [  ] Utente di dominio: [  ] REMOTE PORT: [ 52890 ] REMOTE IP: [ 87.8.194.65 ] FULL DATE [ 21-01-2015 ]
Jan 21 00:35:38|PEAR_LOG_SQL[info] E' stata eseguita la query: [ UPDATE index_fattura SET year='2015' ] dall'utente di dominio [ paolo ]
Jan 21 00:35:38|PEAR_LOG_SQL[info] E' stata eseguita la query: [ UPDATE index_ddt SET year='2015' ] dall'utente di dominio [ paolo ]
Jan 21 00:35:49|PEAR_LOG_SQL[info] E' stata eseguita la query: [ UPDATE index_fattura SET year='2015' ] dall'utente di dominio [ paolo ]
Jan 21 00:35:49|PEAR_LOG_SQL[info] E' stata eseguita la query: [ UPDATE index_ddt SET year='2015' ] dall'utente di dominio [ paolo ]
Jan 21 00:35:55|PEAR_LOG_SQL[info] E' stata eseguita la query: [ UPDATE index_fattura SET year='2015' ] dall'utente di dominio [ paolo ]
Jan 21 00:35:55|PEAR_LOG_SQL[info] E' stata eseguita la query: [ UPDATE index_ddt SET year='2015' ] dall'utente di dominio [ paolo ]
Jan 21 00:36:04|PEAR_LOG_SQL[info] E' stata eseguita la query: [ UPDATE index_fattura SET year='2015' ] dall'utente di dominio [ paolo ]
Jan 21 00:36:04|PEAR_LOG_SQL[info] E' stata eseguita la query: [ UPDATE index_ddt SET year='2015' ] dall'utente di dominio [ paolo ]
Jan 21 00:36:08|PEAR_LOG_SQL[info] E' stata eseguita la query: [ UPDATE index_fattura SET year='2015' ] dall'utente di dominio [ paolo ]
Jan 21 00:36:08|PEAR_LOG_SQL[info] E' stata eseguita la query: [ UPDATE index_ddt SET year='2015' ] dall'utente di dominio [ paolo ]
Jan 21 00:36:12|PEAR_LOG_SQL[info] E' stata eseguita la query: [ UPDATE index_fattura SET year='2015' ] dall'utente di dominio [ paolo ]
Jan 21 00:36:12|PEAR_LOG_SQL[info] E' stata eseguita la query: [ UPDATE index_ddt SET year='2015' ] dall'utente di dominio [ paolo ]
Jan 21 00:36:12|PEAR_LOG_SQL[info] E' stata eseguita la query: [ DELETE FROM images WHERE id = 167 ] dall'utente di dominio [ paolo ]
Jan 21 00:36:12|PEAR_LOG_SQL[info] E' stata eseguita la query: [ UPDATE index_fattura SET year='2015' ] dall'utente di dominio [ paolo ]
Jan 21 00:36:12|PEAR_LOG_SQL[info] E' stata eseguita la query: [ UPDATE index_ddt SET year='2015' ] dall'utente di dominio [ paolo ]
Jan 21 00:36:21|PEAR_LOG_SQL[info] E' stata eseguita la query: [ UPDATE index_fattura SET year='2015' ] dall'utente di dominio [ paolo ]
Jan 21 00:36:21|PEAR_LOG_SQL[info] E' stata eseguita la query: [ UPDATE index_ddt SET year='2015' ] dall'utente di dominio [ paolo ]
Jan 21 00:36:21|PEAR_LOG_SQL[info] E' stata eseguita la query: [ UPDATE content SET id_gm = 17,id_famiglia = NULL,nome_it = 'DECO TNT ROSSO SCURO',descrizione_it = '<p>Rotolo da 50m - h. 50cm</p>\r\n',nome_en = '',descrizione_en = '',vbn = NULL,note = '<p>Rotolo da 50m - h. 50cm</p>\r\n',peso = NULL,C1 = NULL,C2 = NULL,C3 = NULL,C4 = NULL,C5 = NULL,tipo_colore = NULL,prezzo_0 = '8.90',prezzo_1 = NULL,prezzo_2 = NULL,prezzo_3 = NULL,prezzo_4 = NULL,prezzo_5 = NULL,prezzo_6 = NULL,prezzo_7 = NULL,prezzo_8 = NULL,prezzo_9 = NULL,cod_iva = 22,have_image = NULL,vbn_image = NULL,data_inserimento_riga = '2015-01-21 00:36:21',data_modifica_riga = '2015-01-21 00:36:21',is_active = 1,is_vbn_updated = NULL,operatore = 'paolo',codice_articolo = NULL WHERE id = 19 ] dall'utente di dominio [ paolo ]
Jan 21 00:36:21|PEAR_LOG_SQL[info] E' stata eseguita la query: [ UPDATE giacenze SET id_gm = 17,bar_code = '42001',id_content = 19,id_fornitore = 400,C1 = NULL,C2 = NULL,C3 = NULL,C4 = NULL,C5 = NULL,prezzo_0 = '8.90',prezzo_1 = NULL,prezzo_2 = NULL,prezzo_3 = NULL,prezzo_4 = NULL,prezzo_5 = NULL,prezzo_6 = NULL,prezzo_7 = NULL,prezzo_8 = NULL,prezzo_9 = NULL,quantita = 1,quantita_mazzo = 1,disponibilita = 0,stato = 'N',promo = NULL,dimensione = NULL,scelta = NULL,fusto = NULL,produttore = '',openstage = NULL,data_inserimento_riga = '2015-01-21 00:36:21',data_modifica_riga = '2015-01-21 00:36:21',is_active = 1,operatore = 'paolo',prezzo_acquisto = '5.00',visibile = '1',in_home = '1',qta_minima = '1',qta_pianale = '80',qta_carrello = '400',qta_min_ordine = '1' WHERE id = 19 ] dall'utente di dominio [ paolo ]
Jan 21 00:36:21|PEAR_LOG_SQL[info] E' stata eseguita la query: [ INSERT INTO images (id,ext,id_content,name,local_path,www_path) VALUES (291,'.jpg',19,'42001_1','/var/www/vhosts/shop-oddone.biz/httpdocs/FlorSysIntegration/img/','http://shop-oddone.biz/FlorSysIntegration/img/') ] dall'utente di dominio [ paolo ] Utente di dominio: [ paolo ] REMOTE PORT: [ 52927 ] REMOTE IP: [ 87.8.194.65 ] FULL DATE [ 21-01-2015 ]
Jan 21 00:36:24|PEAR_LOG_SQL[info] E' stata eseguita la query: [ UPDATE index_fattura SET year='2015' ] dall'utente di dominio [ paolo ]
Jan 21 00:36:24|PEAR_LOG_SQL[info] E' stata eseguita la query: [ UPDATE index_ddt SET year='2015' ] dall'utente di dominio [ paolo ]
Jan 21 00:36:34|PEAR_LOG_SQL[info] E' stata eseguita la query: [ UPDATE index_fattura SET year='2015' ] dall'utente di dominio [ paolo ]
Jan 21 00:36:34|PEAR_LOG_SQL[info] E' stata eseguita la query: [ UPDATE index_ddt SET year='2015' ] dall'utente di dominio [ paolo ]
Jan 21 00:36:34|PEAR_LOG_SQL[info] E' stata eseguita la query: [ UPDATE index_fattura SET year='2015' ] dall'utente di dominio [ paolo ]
Jan 21 00:36:34|PEAR_LOG_SQL[info] E' stata eseguita la query: [ UPDATE index_ddt SET year='2015' ] dall'utente di dominio [ paolo ]
Jan 21 00:36:44|PEAR_LOG_SQL[info] E' stata eseguita la query: [ UPDATE index_fattura SET year='2015' ] dall'utente di dominio [ paolo ]
Jan 21 00:36:44|PEAR_LOG_SQL[info] E' stata eseguita la query: [ UPDATE index_ddt SET year='2015' ] dall'utente di dominio [ paolo ]
Jan 21 00:36:44|PEAR_LOG_SQL[info] E' stata eseguita la query: [ UPDATE index_fattura SET year='2015' ] dall'utente di dominio [ paolo ]
Jan 21 00:36:44|PEAR_LOG_SQL[info] E' stata eseguita la query: [ UPDATE index_ddt SET year='2015' ] dall'utente di dominio [ paolo ]
Jan 21 00:36:55|PEAR_LOG_SQL[info] E' stata eseguita la query: [ UPDATE index_fattura SET year='2015' ] dall'utente di dominio [ paolo ]
Jan 21 00:36:55|PEAR_LOG_SQL[info] E' stata eseguita la query: [ UPDATE index_ddt SET year='2015' ] dall'utente di dominio [ paolo ]
Jan 21 00:36:55|PEAR_LOG_SQL[info] E' stata eseguita la query: [ UPDATE index_fattura SET year='2015' ] dall'utente di dominio [ paolo ]
Jan 21 00:36:55|PEAR_LOG_SQL[info] E' stata eseguita la query: [ UPDATE index_ddt SET year='2015' ] dall'utente di dominio [ paolo ]
Jan 21 00:37:03|PEAR_LOG_SQL[info] E' stata eseguita la query: [ UPDATE index_fattura SET year='2015' ] dall'utente di dominio [ paolo ]
Jan 21 00:37:03|PEAR_LOG_SQL[info] E' stata eseguita la query: [ UPDATE index_ddt SET year='2015' ] dall'utente di dominio [ paolo ]
Jan 21 00:37:14|PEAR_LOG_SQL[info] E' stata eseguita la query: [ UPDATE index_fattura SET year='2015' ] dall'utente di dominio [ paolo ]
Jan 21 00:37:14|PEAR_LOG_SQL[info] E' stata eseguita la query: [ UPDATE index_ddt SET year='2015' ] dall'utente di dominio [ paolo ]
Jan 21 00:37:18|PEAR_LOG_SQL[info] E' stata eseguita la query: [ UPDATE index_fattura SET year='2015' ] dall'utente di dominio [ paolo ]
Jan 21 00:37:18|PEAR_LOG_SQL[info] E' stata eseguita la query: [ UPDATE index_ddt SET year='2015' ] dall'utente di dominio [ paolo ]
Jan 21 00:37:26|PEAR_LOG_SQL[info] E' stata eseguita la query: [ UPDATE index_fattura SET year='2015' ] dall'utente di dominio [ paolo ]
Jan 21 00:37:26|PEAR_LOG_SQL[info] E' stata eseguita la query: [ UPDATE index_ddt SET year='2015' ] dall'utente di dominio [ paolo ]
Jan 21 00:37:29|PEAR_LOG_SQL[info] E' stata eseguita la query: [ UPDATE index_fattura SET year='2015' ] dall'utente di dominio [ paolo ]
Jan 21 00:37:29|PEAR_LOG_SQL[info] E' stata eseguita la query: [ UPDATE index_ddt SET year='2015' ] dall'utente di dominio [ paolo ]
Jan 21 00:37:32|PEAR_LOG_SQL[info] E' stata eseguita la query: [ UPDATE index_fattura SET year='2015' ] dall'utente di dominio [ paolo ]
Jan 21 00:37:32|PEAR_LOG_SQL[info] E' stata eseguita la query: [ UPDATE index_ddt SET year='2015' ] dall'utente di dominio [ paolo ]
Jan 21 00:37:36|PEAR_LOG_SQL[info] E' stata eseguita la query: [ UPDATE index_fattura SET year='2015' ] dall'utente di dominio [ paolo ]
Jan 21 00:37:36|PEAR_LOG_SQL[info] E' stata eseguita la query: [ UPDATE index_ddt SET year='2015' ] dall'utente di dominio [ paolo ]
Jan 21 00:37:48|PEAR_LOG_SQL[info] E' stata eseguita la query: [ UPDATE index_fattura SET year='2015' ] dall'utente di dominio [ paolo ]
Jan 21 00:37:48|PEAR_LOG_SQL[info] E' stata eseguita la query: [ UPDATE index_ddt SET year='2015' ] dall'utente di dominio [ paolo ]
Jan 21 00:37:48|PEAR_LOG_SQL[info] E' stata eseguita la query: [ UPDATE giacenze SET id_gm = 17,bar_code = '42001',id_content = 19,id_fornitore = 400,C1 = NULL,C2 = NULL,C3 = NULL,C4 = NULL,C5 = NULL,prezzo_0 = '8.90',prezzo_1 = NULL,prezzo_2 = NULL,prezzo_3 = NULL,prezzo_4 = NULL,prezzo_5 = NULL,prezzo_6 = NULL,prezzo_7 = NULL,prezzo_8 = NULL,prezzo_9 = NULL,quantita = 1,quantita_mazzo = 1,disponibilita = 0,stato = 'N',promo = NULL,dimensione = NULL,scelta = NULL,fusto = NULL,produttore = '',openstage = NULL,data_inserimento_riga = '2015-01-21',data_modifica_riga = '2015-01-21',is_active = 1,operatore = 'paolo',prezzo_acquisto = '5.00',visibile = '0',in_home = '1',qta_minima = '1',qta_pianale = '80',qta_carrello = '400',qta_min_ordine = '1' WHERE id = 19 ] dall'utente di dominio [ paolo ]
Jan 21 00:37:49|PEAR_LOG_SQL[info] E' stata eseguita la query: [ UPDATE index_fattura SET year='2015' ] dall'utente di dominio [ paolo ]
Jan 21 00:37:49|PEAR_LOG_SQL[info] E' stata eseguita la query: [ UPDATE index_ddt SET year='2015' ] dall'utente di dominio [ paolo ]
Jan 21 00:37:49|PEAR_LOG_SQL[info] E' stata eseguita la query: [ UPDATE giacenze SET id_gm = 17,bar_code = '42001',id_content = 19,id_fornitore = 400,C1 = NULL,C2 = NULL,C3 = NULL,C4 = NULL,C5 = NULL,prezzo_0 = '8.90',prezzo_1 = NULL,prezzo_2 = NULL,prezzo_3 = NULL,prezzo_4 = NULL,prezzo_5 = NULL,prezzo_6 = NULL,prezzo_7 = NULL,prezzo_8 = NULL,prezzo_9 = NULL,quantita = 1,quantita_mazzo = 1,disponibilita = 0,stato = 'N',promo = NULL,dimensione = NULL,scelta = NULL,fusto = NULL,produttore = '',openstage = NULL,data_inserimento_riga = '2015-01-21',data_modifica_riga = '2015-01-21',is_active = 1,operatore = 'paolo',prezzo_acquisto = '5.00',visibile = '1',in_home = '1',qta_minima = '1',qta_pianale = '80',qta_carrello = '400',qta_min_ordine = '1' WHERE id = 19 ] dall'utente di dominio [ paolo ]
Jan 21 00:39:13|PEAR_LOG_SQL[info] E' stata eseguita la query: [ UPDATE index_fattura SET year='2015' ] dall'utente di dominio [ paolo ]
Jan 21 00:39:13|PEAR_LOG_SQL[info] E' stata eseguita la query: [ UPDATE index_ddt SET year='2015' ] dall'utente di dominio [ paolo ]
Jan 21 09:13:28|PEAR_LOG_SQL[info] E' stata eseguita la query: [ UPDATE index_fattura SET year='2015' ] dall'utente di dominio [  ]
Jan 21 09:13:28|PEAR_LOG_SQL[info] E' stata eseguita la query: [ UPDATE index_ddt SET year='2015' ] dall'utente di dominio [  ]
Jan 21 09:13:33|PEAR_LOG_SQL[info] E' stata eseguita la query: [ UPDATE index_fattura SET year='2015' ] dall'utente di dominio [  ]
Jan 21 09:13:33|PEAR_LOG_SQL[info] E' stata eseguita la query: [ UPDATE index_ddt SET year='2015' ] dall'utente di dominio [  ]
Jan 21 09:13:33|PEAR_LOG_SQL[info] E' stata eseguita la query: [ UPDATE users SET id_type = 1,id_anag = 7037,id_customer = 35,sconto_fornitori_nl = NULL,sconto_fornitori_de = NULL,username = 'paolo',password = 'e45db853fb2e1caa77398c3a16867d19a2afr24tg56r4r65wg',secret_question = 'Nome?',secret_response = 'Alessandro',confirmation_code = NULL,last_access = '2015-01-21 09:13:33',data_inserimento_riga = '2014-04-09',data_modifica_riga = '2015-01-21',is_newsletter_subscribed = '1',is_t_c_accepted = '1',is_active = 1,operatore = 'paolo' WHERE id = 7210 ] dall'utente di dominio [  ] Utente di dominio: [  ] REMOTE PORT: [ 49314 ] REMOTE IP: [ 95.225.163.88 ] FULL DATE [ 21-01-2015 ]
Jan 21 09:13:33|PEAR_LOG_SQL[info] E' stata eseguita la query: [ UPDATE index_fattura SET year='2015' ] dall'utente di dominio [ paolo ]
Jan 21 09:13:33|PEAR_LOG_SQL[info] E' stata eseguita la query: [ UPDATE index_ddt SET year='2015' ] dall'utente di dominio [ paolo ]
Jan 21 09:13:49|PEAR_LOG_SQL[info] E' stata eseguita la query: [ UPDATE index_fattura SET year='2015' ] dall'utente di dominio [ paolo ]
Jan 21 09:13:49|PEAR_LOG_SQL[info] E' stata eseguita la query: [ UPDATE index_ddt SET year='2015' ] dall'utente di dominio [ paolo ]
Jan 21 09:13:51|PEAR_LOG_SQL[info] E' stata eseguita la query: [ UPDATE index_fattura SET year='2015' ] dall'utente di dominio [ paolo ]
Jan 21 09:13:51|PEAR_LOG_SQL[info] E' stata eseguita la query: [ UPDATE index_ddt SET year='2015' ] dall'utente di dominio [ paolo ]
Jan 21 09:13:51|PEAR_LOG_SQL[info] E' stata eseguita la query: [ UPDATE index_fattura SET year='2015' ] dall'utente di dominio [ paolo ]
Jan 21 09:13:51|PEAR_LOG_SQL[info] E' stata eseguita la query: [ UPDATE index_ddt SET year='2015' ] dall'utente di dominio [ paolo ]
Jan 21 09:14:02|PEAR_LOG_SQL[info] E' stata eseguita la query: [ UPDATE index_fattura SET year='2015' ] dall'utente di dominio [ paolo ]
Jan 21 09:14:03|PEAR_LOG_SQL[info] E' stata eseguita la query: [ UPDATE index_ddt SET year='2015' ] dall'utente di dominio [ paolo ]
Jan 21 09:14:53|PEAR_LOG_SQL[info] E' stata eseguita la query: [ UPDATE index_fattura SET year='2015' ] dall'utente di dominio [ paolo ]
Jan 21 09:14:53|PEAR_LOG_SQL[info] E' stata eseguita la query: [ UPDATE index_ddt SET year='2015' ] dall'utente di dominio [ paolo ]
Jan 21 09:14:58|PEAR_LOG_SQL[info] E' stata eseguita la query: [ UPDATE index_fattura SET year='2015' ] dall'utente di dominio [ paolo ]
Jan 21 09:14:58|PEAR_LOG_SQL[info] E' stata eseguita la query: [ UPDATE index_ddt SET year='2015' ] dall'utente di dominio [ paolo ]
Jan 21 09:15:14|PEAR_LOG_SQL[info] E' stata eseguita la query: [ UPDATE index_fattura SET year='2015' ] dall'utente di dominio [ paolo ]
Jan 21 09:15:14|PEAR_LOG_SQL[info] E' stata eseguita la query: [ UPDATE index_ddt SET year='2015' ] dall'utente di dominio [ paolo ]
Jan 21 09:15:20|PEAR_LOG_SQL[info] E' stata eseguita la query: [ UPDATE index_fattura SET year='2015' ] dall'utente di dominio [ paolo ]
Jan 21 09:15:20|PEAR_LOG_SQL[info] E' stata eseguita la query: [ UPDATE index_ddt SET year='2015' ] dall'utente di dominio [ paolo ]
Jan 21 09:15:20|PEAR_LOG_SQL[info] E' stata eseguita la query: [ DELETE FROM images WHERE id = 290 ] dall'utente di dominio [ paolo ]
Jan 21 09:15:20|PEAR_LOG_SQL[info] E' stata eseguita la query: [ UPDATE index_fattura SET year='2015' ] dall'utente di dominio [ paolo ]
Jan 21 09:15:20|PEAR_LOG_SQL[info] E' stata eseguita la query: [ UPDATE index_ddt SET year='2015' ] dall'utente di dominio [ paolo ]
Jan 21 09:15:47|PEAR_LOG_SQL[info] E' stata eseguita la query: [ UPDATE index_fattura SET year='2015' ] dall'utente di dominio [ paolo ]
Jan 21 09:15:47|PEAR_LOG_SQL[info] E' stata eseguita la query: [ UPDATE index_ddt SET year='2015' ] dall'utente di dominio [ paolo ]
Jan 21 09:15:47|PEAR_LOG_SQL[info] E' stata eseguita la query: [ UPDATE content SET id_gm = 14,id_famiglia = NULL,nome_it = 'Cymbidium midi vaso 16 - 2 steli ',descrizione_it = '<p>4 colori, produzione italiana - molto robusti</p>\r\n',nome_en = '',descrizione_en = '',vbn = NULL,note = '<p>4 colori, produzione italiana - molto robusti</p>\r\n',peso = NULL,C1 = NULL,C2 = NULL,C3 = NULL,C4 = NULL,C5 = NULL,tipo_colore = NULL,prezzo_0 = '16.50',prezzo_1 = NULL,prezzo_2 = NULL,prezzo_3 = NULL,prezzo_4 = NULL,prezzo_5 = NULL,prezzo_6 = NULL,prezzo_7 = NULL,prezzo_8 = NULL,prezzo_9 = NULL,cod_iva = 10,have_image = NULL,vbn_image = NULL,data_inserimento_riga = '2015-01-21 09:15:47',data_modifica_riga = '2015-01-21 09:15:47',is_active = 1,is_vbn_updated = NULL,operatore = 'paolo',codice_articolo = NULL WHERE id = 23 ] dall'utente di dominio [ paolo ]
Jan 21 09:15:47|PEAR_LOG_SQL[info] E' stata eseguita la query: [ UPDATE giacenze SET id_gm = 14,bar_code = 'CYMB162ST',id_content = 23,id_fornitore = 117,C1 = NULL,C2 = NULL,C3 = NULL,C4 = NULL,C5 = NULL,prezzo_0 = '16.50',prezzo_1 = NULL,prezzo_2 = NULL,prezzo_3 = NULL,prezzo_4 = NULL,prezzo_5 = NULL,prezzo_6 = NULL,prezzo_7 = NULL,prezzo_8 = NULL,prezzo_9 = NULL,quantita = 2,quantita_mazzo = 6,disponibilita = 0,stato = 'E',promo = NULL,dimensione = NULL,scelta = NULL,fusto = NULL,produttore = '',openstage = NULL,data_inserimento_riga = '2015-01-21 09:15:47',data_modifica_riga = '2015-01-21 09:15:47',is_active = 1,operatore = 'paolo',prezzo_acquisto = '10.50',visibile = '1',in_home = '0',qta_minima = '6',qta_pianale = '24',qta_carrello = '48',qta_min_ordine = '2' WHERE id = 23 ] dall'utente di dominio [ paolo ]
Jan 21 09:15:48|PEAR_LOG_SQL[info] E' stata eseguita la query: [ INSERT INTO images (id,ext,id_content,name,local_path,www_path) VALUES (292,'.jpg',23,'CYMB162ST_1','/var/www/vhosts/shop-oddone.biz/httpdocs/FlorSysIntegration/img/','http://shop-oddone.biz/FlorSysIntegration/img/') ] dall'utente di dominio [ paolo ] Utente di dominio: [ paolo ] REMOTE PORT: [ 49387 ] REMOTE IP: [ 95.225.163.88 ] FULL DATE [ 21-01-2015 ]
Jan 21 09:16:55|PEAR_LOG_SQL[info] E' stata eseguita la query: [ UPDATE index_fattura SET year='2015' ] dall'utente di dominio [ paolo ]
Jan 21 09:16:55|PEAR_LOG_SQL[info] E' stata eseguita la query: [ UPDATE index_ddt SET year='2015' ] dall'utente di dominio [ paolo ]
Jan 21 09:16:58|PEAR_LOG_SQL[info] E' stata eseguita la query: [ UPDATE index_fattura SET year='2015' ] dall'utente di dominio [ paolo ]
Jan 21 09:16:58|PEAR_LOG_SQL[info] E' stata eseguita la query: [ UPDATE index_ddt SET year='2015' ] dall'utente di dominio [ paolo ]
Jan 21 09:17:04|PEAR_LOG_SQL[info] E' stata eseguita la query: [ UPDATE index_fattura SET year='2015' ] dall'utente di dominio [ paolo ]
Jan 21 09:17:04|PEAR_LOG_SQL[info] E' stata eseguita la query: [ UPDATE index_ddt SET year='2015' ] dall'utente di dominio [ paolo ]
Jan 21 09:17:09|PEAR_LOG_SQL[info] E' stata eseguita la query: [ UPDATE index_fattura SET year='2015' ] dall'utente di dominio [ paolo ]
Jan 21 09:17:09|PEAR_LOG_SQL[info] E' stata eseguita la query: [ UPDATE index_ddt SET year='2015' ] dall'utente di dominio [ paolo ]
Jan 21 09:17:09|PEAR_LOG_SQL[info] E' stata eseguita la query: [ DELETE FROM images WHERE id = 89 ] dall'utente di dominio [ paolo ]
Jan 21 09:17:09|PEAR_LOG_SQL[info] E' stata eseguita la query: [ UPDATE index_fattura SET year='2015' ] dall'utente di dominio [ paolo ]
Jan 21 09:17:09|PEAR_LOG_SQL[info] E' stata eseguita la query: [ UPDATE index_ddt SET year='2015' ] dall'utente di dominio [ paolo ]
Jan 21 09:17:36|PEAR_LOG_SQL[info] E' stata eseguita la query: [ UPDATE index_fattura SET year='2015' ] dall'utente di dominio [ paolo ]
Jan 21 09:17:36|PEAR_LOG_SQL[info] E' stata eseguita la query: [ UPDATE index_ddt SET year='2015' ] dall'utente di dominio [ paolo ]
Jan 21 09:17:36|PEAR_LOG_SQL[info] E' stata eseguita la query: [ UPDATE content SET id_gm = 15,id_famiglia = NULL,nome_it = 'BRASSICA OLERACEA VASO 13',descrizione_it = '<p>Nagoya a foglia riccia - ben colorata adesso!</p>\r\n',nome_en = '',descrizione_en = '',vbn = NULL,note = '<p>Nagoya a foglia riccia - ben colorata adesso!</p>\r\n',peso = NULL,C1 = NULL,C2 = NULL,C3 = NULL,C4 = NULL,C5 = NULL,tipo_colore = NULL,prezzo_0 = '1.00',prezzo_1 = NULL,prezzo_2 = NULL,prezzo_3 = NULL,prezzo_4 = NULL,prezzo_5 = NULL,prezzo_6 = NULL,prezzo_7 = NULL,prezzo_8 = NULL,prezzo_9 = NULL,cod_iva = 10,have_image = NULL,vbn_image = NULL,data_inserimento_riga = '2015-01-21 09:17:36',data_modifica_riga = '2015-01-21 09:17:36',is_active = 1,is_vbn_updated = NULL,operatore = 'paolo',codice_articolo = NULL WHERE id = 13 ] dall'utente di dominio [ paolo ]
Jan 21 09:17:36|PEAR_LOG_SQL[info] E' stata eseguita la query: [ UPDATE giacenze SET id_gm = 15,bar_code = 'BRAS13',id_content = 13,id_fornitore = 397,C1 = NULL,C2 = NULL,C3 = NULL,C4 = NULL,C5 = NULL,prezzo_0 = '1.00',prezzo_1 = NULL,prezzo_2 = NULL,prezzo_3 = NULL,prezzo_4 = NULL,prezzo_5 = NULL,prezzo_6 = NULL,prezzo_7 = NULL,prezzo_8 = NULL,prezzo_9 = NULL,quantita = 3,quantita_mazzo = 6,disponibilita = 0,stato = 'O',promo = NULL,dimensione = NULL,scelta = NULL,fusto = NULL,produttore = '',openstage = NULL,data_inserimento_riga = '2015-01-21 09:17:36',data_modifica_riga = '2015-01-21 09:17:36',is_active = 1,operatore = 'paolo',prezzo_acquisto = '0.75',visibile = '1',in_home = '0',qta_minima = '6',qta_pianale = '36',qta_carrello = '324',qta_min_ordine = '3' WHERE id = 13 ] dall'utente di dominio [ paolo ]
Jan 21 09:17:36|PEAR_LOG_SQL[info] E' stata eseguita la query: [ INSERT INTO images (id,ext,id_content,name,local_path,www_path) VALUES (293,'.jpg',13,'BRAS13_1','/var/www/vhosts/shop-oddone.biz/httpdocs/FlorSysIntegration/img/','http://shop-oddone.biz/FlorSysIntegration/img/') ] dall'utente di dominio [ paolo ] Utente di dominio: [ paolo ] REMOTE PORT: [ 49455 ] REMOTE IP: [ 95.225.163.88 ] FULL DATE [ 21-01-2015 ]
Jan 21 09:19:00|PEAR_LOG_SQL[info] E' stata eseguita la query: [ UPDATE index_fattura SET year='2015' ] dall'utente di dominio [ paolo ]
Jan 21 09:19:00|PEAR_LOG_SQL[info] E' stata eseguita la query: [ UPDATE index_ddt SET year='2015' ] dall'utente di dominio [ paolo ]
Jan 21 09:19:07|PEAR_LOG_SQL[info] E' stata eseguita la query: [ UPDATE index_fattura SET year='2015' ] dall'utente di dominio [ paolo ]
Jan 21 09:19:07|PEAR_LOG_SQL[info] E' stata eseguita la query: [ UPDATE index_ddt SET year='2015' ] dall'utente di dominio [ paolo ]
Jan 21 09:19:12|PEAR_LOG_SQL[info] E' stata eseguita la query: [ UPDATE index_fattura SET year='2015' ] dall'utente di dominio [ paolo ]
Jan 21 09:19:12|PEAR_LOG_SQL[info] E' stata eseguita la query: [ UPDATE index_ddt SET year='2015' ] dall'utente di dominio [ paolo ]
Jan 21 09:19:12|PEAR_LOG_SQL[info] E' stata eseguita la query: [ UPDATE giacenze SET id_gm = 15,bar_code = 'CICL14MI',id_content = 17,id_fornitore = 44,C1 = NULL,C2 = NULL,C3 = NULL,C4 = NULL,C5 = NULL,prezzo_0 = '2.15',prezzo_1 = NULL,prezzo_2 = NULL,prezzo_3 = NULL,prezzo_4 = NULL,prezzo_5 = NULL,prezzo_6 = NULL,prezzo_7 = NULL,prezzo_8 = NULL,prezzo_9 = NULL,quantita = 3,quantita_mazzo = 6,disponibilita = 0,stato = 'E',promo = NULL,dimensione = NULL,scelta = NULL,fusto = NULL,produttore = '',openstage = NULL,data_inserimento_riga = '2015-01-06',data_modifica_riga = '2015-01-06',is_active = 1,operatore = 'paolo',prezzo_acquisto = '1.50',visibile = '0',in_home = '1',qta_minima = '6',qta_pianale = '36',qta_carrello = '216',qta_min_ordine = '3' WHERE id = 17 ] dall'utente di dominio [ paolo ]
Jan 21 09:19:13|PEAR_LOG_SQL[info] E' stata eseguita la query: [ UPDATE index_fattura SET year='2015' ] dall'utente di dominio [ paolo ]
Jan 21 09:19:13|PEAR_LOG_SQL[info] E' stata eseguita la query: [ UPDATE index_ddt SET year='2015' ] dall'utente di dominio [ paolo ]
Jan 21 09:19:13|PEAR_LOG_SQL[info] E' stata eseguita la query: [ UPDATE giacenze SET id_gm = 15,bar_code = 'CICL26',id_content = 30,id_fornitore = 82,C1 = NULL,C2 = NULL,C3 = NULL,C4 = NULL,C5 = NULL,prezzo_0 = '6.90',prezzo_1 = NULL,prezzo_2 = NULL,prezzo_3 = NULL,prezzo_4 = NULL,prezzo_5 = NULL,prezzo_6 = NULL,prezzo_7 = NULL,prezzo_8 = NULL,prezzo_9 = NULL,quantita = 5,quantita_mazzo = 1,disponibilita = 539974,stato = 'E',promo = NULL,dimensione = NULL,scelta = NULL,fusto = NULL,produttore = '',openstage = NULL,data_inserimento_riga = '2014-12-05',data_modifica_riga = '2014-12-05',is_active = 1,operatore = 'paolo',prezzo_acquisto = '4.60',visibile = '0',in_home = '1',qta_minima = '1',qta_pianale = '10',qta_carrello = '40',qta_min_ordine = '5' WHERE id = 30 ] dall'utente di dominio [ paolo ]
Jan 21 09:19:19|PEAR_LOG_SQL[info] E' stata eseguita la query: [ UPDATE index_fattura SET year='2015' ] dall'utente di dominio [ paolo ]
Jan 21 09:19:19|PEAR_LOG_SQL[info] E' stata eseguita la query: [ UPDATE index_ddt SET year='2015' ] dall'utente di dominio [ paolo ]
Jan 21 09:19:27|PEAR_LOG_SQL[info] E' stata eseguita la query: [ UPDATE index_fattura SET year='2015' ] dall'utente di dominio [ paolo ]
Jan 21 09:19:27|PEAR_LOG_SQL[info] E' stata eseguita la query: [ UPDATE index_ddt SET year='2015' ] dall'utente di dominio [ paolo ]
Jan 21 09:19:27|PEAR_LOG_SQL[info] E' stata eseguita la query: [ UPDATE content SET id_gm = 15,id_famiglia = NULL,nome_it = 'CICLAMINO MIDI V14',descrizione_it = '<p>Latinia - con vaso bianco - EXTRA QUALITA!</p>\r\n',nome_en = '',descrizione_en = '',vbn = NULL,note = '<p>Latinia - con vaso bianco - EXTRA QUALITA!</p>\r\n',peso = NULL,C1 = NULL,C2 = NULL,C3 = NULL,C4 = NULL,C5 = NULL,tipo_colore = NULL,prezzo_0 = '2.15',prezzo_1 = NULL,prezzo_2 = NULL,prezzo_3 = NULL,prezzo_4 = NULL,prezzo_5 = NULL,prezzo_6 = NULL,prezzo_7 = NULL,prezzo_8 = NULL,prezzo_9 = NULL,cod_iva = 10,have_image = NULL,vbn_image = NULL,data_inserimento_riga = '2015-01-21 09:19:27',data_modifica_riga = '2015-01-21 09:19:27',is_active = 1,is_vbn_updated = NULL,operatore = 'paolo',codice_articolo = NULL WHERE id = 17 ] dall'utente di dominio [ paolo ]
Jan 21 09:19:27|PEAR_LOG_SQL[info] E' stata eseguita la query: [ UPDATE giacenze SET id_gm = 15,bar_code = 'CICL14MI',id_content = 17,id_fornitore = 44,C1 = NULL,C2 = NULL,C3 = NULL,C4 = NULL,C5 = NULL,prezzo_0 = '2.15',prezzo_1 = NULL,prezzo_2 = NULL,prezzo_3 = NULL,prezzo_4 = NULL,prezzo_5 = NULL,prezzo_6 = NULL,prezzo_7 = NULL,prezzo_8 = NULL,prezzo_9 = NULL,quantita = 3,quantita_mazzo = 6,disponibilita = 0,stato = 'E',promo = NULL,dimensione = NULL,scelta = NULL,fusto = NULL,produttore = '',openstage = NULL,data_inserimento_riga = '2015-01-21 09:19:27',data_modifica_riga = '2015-01-21 09:19:27',is_active = 1,operatore = 'paolo',prezzo_acquisto = '1.50',visibile = '0',in_home = '0',qta_minima = '6',qta_pianale = '36',qta_carrello = '216',qta_min_ordine = '3' WHERE id = 17 ] dall'utente di dominio [ paolo ]
Jan 21 09:19:34|PEAR_LOG_SQL[info] E' stata eseguita la query: [ UPDATE index_fattura SET year='2015' ] dall'utente di dominio [ paolo ]
Jan 21 09:19:34|PEAR_LOG_SQL[info] E' stata eseguita la query: [ UPDATE index_ddt SET year='2015' ] dall'utente di dominio [ paolo ]
Jan 21 09:19:37|PEAR_LOG_SQL[info] E' stata eseguita la query: [ UPDATE index_fattura SET year='2015' ] dall'utente di dominio [ paolo ]
Jan 21 09:19:37|PEAR_LOG_SQL[info] E' stata eseguita la query: [ UPDATE index_ddt SET year='2015' ] dall'utente di dominio [ paolo ]
Jan 21 09:19:45|PEAR_LOG_SQL[info] E' stata eseguita la query: [ UPDATE index_fattura SET year='2015' ] dall'utente di dominio [ paolo ]
Jan 21 09:19:45|PEAR_LOG_SQL[info] E' stata eseguita la query: [ UPDATE index_ddt SET year='2015' ] dall'utente di dominio [ paolo ]
Jan 21 09:19:45|PEAR_LOG_SQL[info] E' stata eseguita la query: [ UPDATE content SET id_gm = 15,id_famiglia = NULL,nome_it = 'CICLAMINO MIDI V14',descrizione_it = '<p>Latinia - con vaso bianco - EXTRA QUALITA!</p>\r\n',nome_en = '',descrizione_en = '',vbn = NULL,note = '<p>Latinia - con vaso bianco - EXTRA QUALITA!</p>\r\n',peso = NULL,C1 = NULL,C2 = NULL,C3 = NULL,C4 = NULL,C5 = NULL,tipo_colore = NULL,prezzo_0 = '2.15',prezzo_1 = NULL,prezzo_2 = NULL,prezzo_3 = NULL,prezzo_4 = NULL,prezzo_5 = NULL,prezzo_6 = NULL,prezzo_7 = NULL,prezzo_8 = NULL,prezzo_9 = NULL,cod_iva = 10,have_image = NULL,vbn_image = NULL,data_inserimento_riga = '2015-01-21 09:19:45',data_modifica_riga = '2015-01-21 09:19:45',is_active = 1,is_vbn_updated = NULL,operatore = 'paolo',codice_articolo = NULL WHERE id = 17 ] dall'utente di dominio [ paolo ]
Jan 21 09:19:45|PEAR_LOG_SQL[info] E' stata eseguita la query: [ UPDATE giacenze SET id_gm = 15,bar_code = 'CICL14MI',id_content = 17,id_fornitore = 44,C1 = NULL,C2 = NULL,C3 = NULL,C4 = NULL,C5 = NULL,prezzo_0 = '2.15',prezzo_1 = NULL,prezzo_2 = NULL,prezzo_3 = NULL,prezzo_4 = NULL,prezzo_5 = NULL,prezzo_6 = NULL,prezzo_7 = NULL,prezzo_8 = NULL,prezzo_9 = NULL,quantita = 3,quantita_mazzo = 6,disponibilita = 0,stato = 'E',promo = NULL,dimensione = NULL,scelta = NULL,fusto = NULL,produttore = '',openstage = NULL,data_inserimento_riga = '2015-01-21 09:19:45',data_modifica_riga = '2015-01-21 09:19:45',is_active = 1,operatore = 'paolo',prezzo_acquisto = '1.50',visibile = '0',in_home = '0',qta_minima = '6',qta_pianale = '36',qta_carrello = '216',qta_min_ordine = '3' WHERE id = 17 ] dall'utente di dominio [ paolo ]
Jan 21 09:20:40|PEAR_LOG_SQL[info] E' stata eseguita la query: [ UPDATE index_fattura SET year='2015' ] dall'utente di dominio [ paolo ]
Jan 21 09:20:40|PEAR_LOG_SQL[info] E' stata eseguita la query: [ UPDATE index_ddt SET year='2015' ] dall'utente di dominio [ paolo ]
Jan 21 09:20:54|PEAR_LOG_SQL[info] E' stata eseguita la query: [ UPDATE index_fattura SET year='2015' ] dall'utente di dominio [ paolo ]
Jan 21 09:20:54|PEAR_LOG_SQL[info] E' stata eseguita la query: [ UPDATE index_ddt SET year='2015' ] dall'utente di dominio [ paolo ]
Jan 21 09:20:59|PEAR_LOG_SQL[info] E' stata eseguita la query: [ UPDATE index_fattura SET year='2015' ] dall'utente di dominio [ paolo ]
Jan 21 09:20:59|PEAR_LOG_SQL[info] E' stata eseguita la query: [ UPDATE index_ddt SET year='2015' ] dall'utente di dominio [ paolo ]
Jan 21 09:21:06|PEAR_LOG_SQL[info] E' stata eseguita la query: [ UPDATE index_fattura SET year='2015' ] dall'utente di dominio [ paolo ]
Jan 21 09:21:06|PEAR_LOG_SQL[info] E' stata eseguita la query: [ UPDATE index_ddt SET year='2015' ] dall'utente di dominio [ paolo ]
Jan 21 09:21:26|PEAR_LOG_SQL[info] E' stata eseguita la query: [ UPDATE index_fattura SET year='2015' ] dall'utente di dominio [ paolo ]
Jan 21 09:21:26|PEAR_LOG_SQL[info] E' stata eseguita la query: [ UPDATE index_ddt SET year='2015' ] dall'utente di dominio [ paolo ]
Jan 21 09:21:33|PEAR_LOG_SQL[info] E' stata eseguita la query: [ UPDATE index_fattura SET year='2015' ] dall'utente di dominio [ paolo ]
Jan 21 09:21:33|PEAR_LOG_SQL[info] E' stata eseguita la query: [ UPDATE index_ddt SET year='2015' ] dall'utente di dominio [ paolo ]
Jan 21 09:23:23|PEAR_LOG_SQL[info] E' stata eseguita la query: [ UPDATE index_fattura SET year='2015' ] dall'utente di dominio [ paolo ]
Jan 21 09:23:23|PEAR_LOG_SQL[info] E' stata eseguita la query: [ UPDATE index_ddt SET year='2015' ] dall'utente di dominio [ paolo ]
Jan 21 09:23:23|PEAR_LOG_SQL[info] E' stata eseguita la query: [ INSERT INTO content (id,id_gm,id_famiglia,nome_it,descrizione_it,nome_en,descrizione_en,vbn,note,peso,C1,C2,C3,C4,C5,tipo_colore,prezzo_0,prezzo_1,prezzo_2,prezzo_3,prezzo_4,prezzo_5,prezzo_6,prezzo_7,prezzo_8,prezzo_9,cod_iva,have_image,vbn_image,data_inserimento_riga,data_modifica_riga,is_active,is_vbn_updated,operatore,codice_articolo) VALUES (55,37,NULL,'SALVIA OFFICINALIS VASO 18','<p>Variet&agrave; a foglia verde allungata, sopporta meglio il gelo.</p>\r\n','','',NULL,'<p>Variet&agrave; a foglia verde allungata, sopporta meglio il gelo.</p>\r\n',NULL,NULL,NULL,NULL,NULL,NULL,NULL,'',NULL,NULL,NULL,NULL,NULL,NULL,NULL,NULL,NULL,10,NULL,NULL,'2015-01-21 09:23:23','2015-01-21 09:23:23',1,NULL,'paolo',NULL) ] dall'utente di dominio [ paolo ]
Jan 21 09:23:23|PEAR_LOG_SQL[info] E' stata eseguita la query: [ INSERT INTO giacenze (id,id_gm,bar_code,id_content,id_fornitore,C1,C2,C3,C4,C5,prezzo_0,prezzo_1,prezzo_2,prezzo_3,prezzo_4,prezzo_5,prezzo_6,prezzo_7,prezzo_8,prezzo_9,quantita,quantita_mazzo,disponibilita,stato,promo,dimensione,scelta,fusto,produttore,openstage,data_inserimento_riga,data_modifica_riga,is_active,operatore,prezzo_acquisto,visibile,in_home,qta_minima,qta_pianale,qta_carrello,qta_min_ordine) VALUES (979,37,'SALV18',55,142,NULL,NULL,NULL,NULL,NULL,'',NULL,NULL,NULL,NULL,NULL,NULL,NULL,NULL,NULL,10,1,0,'E',NULL,NULL,NULL,NULL,'',NULL,'2015-01-21 09:23:23','2015-01-21 09:23:23',1,'paolo','','1','0','1','21','105','10') ] dall'utente di dominio [ paolo ] Utente di dominio: [ paolo ] REMOTE PORT: [ 49646 ] REMOTE IP: [ 95.225.163.88 ] FULL DATE [ 21-01-2015 ]
Jan 21 09:23:23|PEAR_LOG_SQL[info] E' stata eseguita la query: [ INSERT INTO images (id,ext,id_content,name,local_path,www_path) VALUES (294,NULL,55,'default.jpg','/var/www/vhosts/shop-oddone.biz/httpdocs/admin/img/web/product','http://shop-oddone.biz/admin//img/web/product') ] dall'utente di dominio [ paolo ]
Jan 21 09:23:23|PEAR_LOG_SQL[info] E' stata eseguita la query: [ INSERT INTO images (id,ext,id_content,name,local_path,www_path) VALUES (295,NULL,55,'default.jpg','/var/www/vhosts/shop-oddone.biz/httpdocs/admin/img/web/product','http://shop-oddone.biz/admin//img/web/product') ] dall'utente di dominio [ paolo ]
Jan 21 09:23:23|PEAR_LOG_SQL[info] E' stata eseguita la query: [ INSERT INTO images (id,ext,id_content,name,local_path,www_path) VALUES (296,NULL,55,'default.jpg','/var/www/vhosts/shop-oddone.biz/httpdocs/admin/img/web/product','http://shop-oddone.biz/admin//img/web/product') ] dall'utente di dominio [ paolo ]
Jan 21 09:23:23|PEAR_LOG_SQL[info] E' stata eseguita la query: [ INSERT INTO images (id,ext,id_content,name,local_path,www_path) VALUES (297,NULL,55,'default.jpg','/var/www/vhosts/shop-oddone.biz/httpdocs/admin/img/web/product','http://shop-oddone.biz/admin//img/web/product') ] dall'utente di dominio [ paolo ]
Jan 21 09:23:37|PEAR_LOG_SQL[info] E' stata eseguita la query: [ UPDATE index_fattura SET year='2015' ] dall'utente di dominio [ paolo ]
Jan 21 09:23:37|PEAR_LOG_SQL[info] E' stata eseguita la query: [ UPDATE index_ddt SET year='2015' ] dall'utente di dominio [ paolo ]
Jan 21 09:23:37|PEAR_LOG_SQL[info] E' stata eseguita la query: [ UPDATE content SET id_gm = 37,id_famiglia = NULL,nome_it = 'SALVIA OFFICINALIS VASO 18',descrizione_it = '<p>Variet&agrave; a foglia verde allungata, sopporta meglio il gelo.</p>\r\n',nome_en = '',descrizione_en = '',vbn = NULL,note = '<p>Variet&agrave; a foglia verde allungata, sopporta meglio il gelo.</p>\r\n',peso = NULL,C1 = NULL,C2 = NULL,C3 = NULL,C4 = NULL,C5 = NULL,tipo_colore = NULL,prezzo_0 = '0.00',prezzo_1 = NULL,prezzo_2 = NULL,prezzo_3 = NULL,prezzo_4 = NULL,prezzo_5 = NULL,prezzo_6 = NULL,prezzo_7 = NULL,prezzo_8 = NULL,prezzo_9 = NULL,cod_iva = 10,have_image = NULL,vbn_image = NULL,data_inserimento_riga = '2015-01-21 09:23:37',data_modifica_riga = '2015-01-21 09:23:37',is_active = 1,is_vbn_updated = NULL,operatore = 'paolo',codice_articolo = NULL WHERE id = 55 ] dall'utente di dominio [ paolo ]
Jan 21 09:23:37|PEAR_LOG_SQL[info] E' stata eseguita la query: [ UPDATE giacenze SET id_gm = 37,bar_code = 'SALV18',id_content = 55,id_fornitore = 142,C1 = NULL,C2 = NULL,C3 = NULL,C4 = NULL,C5 = NULL,prezzo_0 = '0.00',prezzo_1 = NULL,prezzo_2 = NULL,prezzo_3 = NULL,prezzo_4 = NULL,prezzo_5 = NULL,prezzo_6 = NULL,prezzo_7 = NULL,prezzo_8 = NULL,prezzo_9 = NULL,quantita = 10,quantita_mazzo = 1,disponibilita = 0,stato = 'E',promo = NULL,dimensione = NULL,scelta = NULL,fusto = NULL,produttore = '',openstage = NULL,data_inserimento_riga = '2015-01-21 09:23:37',data_modifica_riga = '2015-01-21 09:23:37',is_active = 1,operatore = 'paolo',prezzo_acquisto = '0.00',visibile = '1',in_home = '0',qta_minima = '1',qta_pianale = '21',qta_carrello = '105',qta_min_ordine = '10' WHERE id = 979 ] dall'utente di dominio [ paolo ]
Jan 21 09:23:38|PEAR_LOG_SQL[info] E' stata eseguita la query: [ INSERT INTO images (id,ext,id_content,name,local_path,www_path) VALUES (298,'.jpg',55,'SALV18_1','/var/www/vhosts/shop-oddone.biz/httpdocs/FlorSysIntegration/img/','http://shop-oddone.biz/FlorSysIntegration/img/') ] dall'utente di dominio [ paolo ] Utente di dominio: [ paolo ] REMOTE PORT: [ 49652 ] REMOTE IP: [ 95.225.163.88 ] FULL DATE [ 21-01-2015 ]
Jan 21 09:26:10|PEAR_LOG_SQL[info] E' stata eseguita la query: [ UPDATE index_fattura SET year='2015' ] dall'utente di dominio [ paolo ]
Jan 21 09:26:10|PEAR_LOG_SQL[info] E' stata eseguita la query: [ UPDATE index_ddt SET year='2015' ] dall'utente di dominio [ paolo ]
Jan 21 09:26:10|PEAR_LOG_SQL[info] E' stata eseguita la query: [ UPDATE content SET id_gm = 37,id_famiglia = NULL,nome_it = 'SALVIA OFFICINALIS VASO 18',descrizione_it = '<p>Variet&agrave; a foglia verde allungata, sopporta meglio il gelo.</p>\r\n',nome_en = '',descrizione_en = '',vbn = NULL,note = '<p>Variet&agrave; a foglia verde allungata, sopporta meglio il gelo.</p>\r\n',peso = NULL,C1 = NULL,C2 = NULL,C3 = NULL,C4 = NULL,C5 = NULL,tipo_colore = NULL,prezzo_0 = '2.85',prezzo_1 = NULL,prezzo_2 = NULL,prezzo_3 = NULL,prezzo_4 = NULL,prezzo_5 = NULL,prezzo_6 = NULL,prezzo_7 = NULL,prezzo_8 = NULL,prezzo_9 = NULL,cod_iva = 10,have_image = NULL,vbn_image = NULL,data_inserimento_riga = '2015-01-21 09:26:10',data_modifica_riga = '2015-01-21 09:26:10',is_active = 1,is_vbn_updated = NULL,operatore = 'paolo',codice_articolo = NULL WHERE id = 55 ] dall'utente di dominio [ paolo ]
Jan 21 09:26:10|PEAR_LOG_SQL[info] E' stata eseguita la query: [ UPDATE giacenze SET id_gm = 37,bar_code = 'SALV18',id_content = 55,id_fornitore = 142,C1 = NULL,C2 = NULL,C3 = NULL,C4 = NULL,C5 = NULL,prezzo_0 = '2.85',prezzo_1 = NULL,prezzo_2 = NULL,prezzo_3 = NULL,prezzo_4 = NULL,prezzo_5 = NULL,prezzo_6 = NULL,prezzo_7 = NULL,prezzo_8 = NULL,prezzo_9 = NULL,quantita = 10,quantita_mazzo = 1,disponibilita = 0,stato = 'E',promo = NULL,dimensione = NULL,scelta = NULL,fusto = NULL,produttore = '',openstage = NULL,data_inserimento_riga = '2015-01-21 09:26:10',data_modifica_riga = '2015-01-21 09:26:10',is_active = 1,operatore = 'paolo',prezzo_acquisto = '1.85',visibile = '1',in_home = '0',qta_minima = '1',qta_pianale = '21',qta_carrello = '105',qta_min_ordine = '10' WHERE id = 979 ] dall'utente di dominio [ paolo ]
Jan 21 10:44:21|PEAR_LOG_SQL[info] E' stata eseguita la query: [ UPDATE index_fattura SET year='2015' ] dall'utente di dominio [  ]
Jan 21 10:44:21|PEAR_LOG_SQL[info] E' stata eseguita la query: [ UPDATE index_ddt SET year='2015' ] dall'utente di dominio [  ]
Jan 21 10:44:27|PEAR_LOG_SQL[info] E' stata eseguita la query: [ UPDATE index_fattura SET year='2015' ] dall'utente di dominio [  ]
Jan 21 10:44:27|PEAR_LOG_SQL[info] E' stata eseguita la query: [ UPDATE index_ddt SET year='2015' ] dall'utente di dominio [  ]
Jan 21 10:44:57|PEAR_LOG_SQL[info] E' stata eseguita la query: [ UPDATE index_fattura SET year='2015' ] dall'utente di dominio [  ]
Jan 21 10:44:57|PEAR_LOG_SQL[info] E' stata eseguita la query: [ UPDATE index_ddt SET year='2015' ] dall'utente di dominio [  ]
Jan 21 10:44:57|PEAR_LOG_SQL[info] E' stata eseguita la query: [ UPDATE users SET id_type = 1,id_anag = 7037,id_customer = 35,sconto_fornitori_nl = NULL,sconto_fornitori_de = NULL,username = 'paolo',password = 'e45db853fb2e1caa77398c3a16867d19a2afr24tg56r4r65wg',secret_question = 'Nome?',secret_response = 'Alessandro',confirmation_code = NULL,last_access = '2015-01-21 10:44:57',data_inserimento_riga = '2014-04-09',data_modifica_riga = '2015-01-21',is_newsletter_subscribed = '1',is_t_c_accepted = '1',is_active = 1,operatore = 'paolo' WHERE id = 7210 ] dall'utente di dominio [  ] Utente di dominio: [  ] REMOTE PORT: [ 50084 ] REMOTE IP: [ 95.225.163.88 ] FULL DATE [ 21-01-2015 ]
Jan 21 10:44:57|PEAR_LOG_SQL[info] E' stata eseguita la query: [ UPDATE index_fattura SET year='2015' ] dall'utente di dominio [ paolo ]
Jan 21 10:44:57|PEAR_LOG_SQL[info] E' stata eseguita la query: [ UPDATE index_ddt SET year='2015' ] dall'utente di dominio [ paolo ]
Jan 21 10:45:02|PEAR_LOG_SQL[info] E' stata eseguita la query: [ UPDATE index_fattura SET year='2015' ] dall'utente di dominio [ paolo ]
Jan 21 10:45:02|PEAR_LOG_SQL[info] E' stata eseguita la query: [ UPDATE index_ddt SET year='2015' ] dall'utente di dominio [ paolo ]
Jan 21 10:47:00|PEAR_LOG_SQL[info] E' stata eseguita la query: [ UPDATE index_fattura SET year='2015' ] dall'utente di dominio [ paolo ]
Jan 21 10:47:00|PEAR_LOG_SQL[info] E' stata eseguita la query: [ UPDATE index_ddt SET year='2015' ] dall'utente di dominio [ paolo ]
Jan 21 10:47:01|PEAR_LOG_SQL[info] E' stata eseguita la query: [ INSERT INTO content (id,id_gm,id_famiglia,nome_it,descrizione_it,nome_en,descrizione_en,vbn,note,peso,C1,C2,C3,C4,C5,tipo_colore,prezzo_0,prezzo_1,prezzo_2,prezzo_3,prezzo_4,prezzo_5,prezzo_6,prezzo_7,prezzo_8,prezzo_9,cod_iva,have_image,vbn_image,data_inserimento_riga,data_modifica_riga,is_active,is_vbn_updated,operatore,codice_articolo) VALUES (56,37,NULL,'LAVANDA \\\"DENTATA\\\" ALBERELLO VASO 18','<p>H. 100 - pronta per la vendita - prima scelta.</p>\r\n','','',NULL,'<p>H. 100 - pronta per la vendita - prima scelta.</p>\r\n',NULL,NULL,NULL,NULL,NULL,NULL,NULL,'6.50',NULL,NULL,NULL,NULL,NULL,NULL,NULL,NULL,NULL,10,NULL,NULL,'2015-01-21 10:47:00','2015-01-21 10:47:00',1,NULL,'paolo',NULL) ] dall'utente di dominio [ paolo ]
Jan 21 10:47:01|PEAR_LOG_SQL[info] E' stata eseguita la query: [ INSERT INTO giacenze (id,id_gm,bar_code,id_content,id_fornitore,C1,C2,C3,C4,C5,prezzo_0,prezzo_1,prezzo_2,prezzo_3,prezzo_4,prezzo_5,prezzo_6,prezzo_7,prezzo_8,prezzo_9,quantita,quantita_mazzo,disponibilita,stato,promo,dimensione,scelta,fusto,produttore,openstage,data_inserimento_riga,data_modifica_riga,is_active,operatore,prezzo_acquisto,visibile,in_home,qta_minima,qta_pianale,qta_carrello,qta_min_ordine) VALUES (980,37,'LAVA18DEAL',56,153,NULL,NULL,NULL,NULL,NULL,'6.50',NULL,NULL,NULL,NULL,NULL,NULL,NULL,NULL,NULL,10,1,0,'E',NULL,NULL,NULL,NULL,'',NULL,'2015-01-21 10:47:01','2015-01-21 10:47:01',1,'paolo','4.20','1','1','1','21','66','10') ] dall'utente di dominio [ paolo ] Utente di dominio: [ paolo ] REMOTE PORT: [ 50106 ] REMOTE IP: [ 95.225.163.88 ] FULL DATE [ 21-01-2015 ]
Jan 21 10:47:01|PEAR_LOG_SQL[info] E' stata eseguita la query: [ INSERT INTO images (id,ext,id_content,name,local_path,www_path) VALUES (299,NULL,56,'default.jpg','/var/www/vhosts/shop-oddone.biz/httpdocs/admin/img/web/product','http://shop-oddone.biz/admin//img/web/product') ] dall'utente di dominio [ paolo ]
Jan 21 10:47:01|PEAR_LOG_SQL[info] E' stata eseguita la query: [ INSERT INTO images (id,ext,id_content,name,local_path,www_path) VALUES (300,NULL,56,'default.jpg','/var/www/vhosts/shop-oddone.biz/httpdocs/admin/img/web/product','http://shop-oddone.biz/admin//img/web/product') ] dall'utente di dominio [ paolo ]
Jan 21 10:47:01|PEAR_LOG_SQL[info] E' stata eseguita la query: [ INSERT INTO images (id,ext,id_content,name,local_path,www_path) VALUES (301,NULL,56,'default.jpg','/var/www/vhosts/shop-oddone.biz/httpdocs/admin/img/web/product','http://shop-oddone.biz/admin//img/web/product') ] dall'utente di dominio [ paolo ]
Jan 21 10:47:01|PEAR_LOG_SQL[info] E' stata eseguita la query: [ INSERT INTO images (id,ext,id_content,name,local_path,www_path) VALUES (302,NULL,56,'default.jpg','/var/www/vhosts/shop-oddone.biz/httpdocs/admin/img/web/product','http://shop-oddone.biz/admin//img/web/product') ] dall'utente di dominio [ paolo ]
Jan 21 10:47:30|PEAR_LOG_SQL[info] E' stata eseguita la query: [ UPDATE index_fattura SET year='2015' ] dall'utente di dominio [ paolo ]
Jan 21 10:47:30|PEAR_LOG_SQL[info] E' stata eseguita la query: [ UPDATE index_ddt SET year='2015' ] dall'utente di dominio [ paolo ]
Jan 21 10:47:30|PEAR_LOG_SQL[info] E' stata eseguita la query: [ UPDATE content SET id_gm = 37,id_famiglia = NULL,nome_it = 'LAVANDA \\\\',descrizione_it = '<p>H. 100 - pronta per la vendita - prima scelta.</p>\r\n',nome_en = '',descrizione_en = '',vbn = NULL,note = '<p>H. 100 - pronta per la vendita - prima scelta.</p>\r\n',peso = NULL,C1 = NULL,C2 = NULL,C3 = NULL,C4 = NULL,C5 = NULL,tipo_colore = NULL,prezzo_0 = '6.50',prezzo_1 = NULL,prezzo_2 = NULL,prezzo_3 = NULL,prezzo_4 = NULL,prezzo_5 = NULL,prezzo_6 = NULL,prezzo_7 = NULL,prezzo_8 = NULL,prezzo_9 = NULL,cod_iva = 10,have_image = NULL,vbn_image = NULL,data_inserimento_riga = '2015-01-21 10:47:30',data_modifica_riga = '2015-01-21 10:47:30',is_active = 1,is_vbn_updated = NULL,operatore = 'paolo',codice_articolo = NULL WHERE id = 56 ] dall'utente di dominio [ paolo ]
Jan 21 10:47:30|PEAR_LOG_SQL[info] E' stata eseguita la query: [ UPDATE giacenze SET id_gm = 37,bar_code = 'LAVA18DEAL',id_content = 56,id_fornitore = 153,C1 = NULL,C2 = NULL,C3 = NULL,C4 = NULL,C5 = NULL,prezzo_0 = '6.50',prezzo_1 = NULL,prezzo_2 = NULL,prezzo_3 = NULL,prezzo_4 = NULL,prezzo_5 = NULL,prezzo_6 = NULL,prezzo_7 = NULL,prezzo_8 = NULL,prezzo_9 = NULL,quantita = 10,quantita_mazzo = 1,disponibilita = 0,stato = 'E',promo = NULL,dimensione = NULL,scelta = NULL,fusto = NULL,produttore = '',openstage = NULL,data_inserimento_riga = '2015-01-21 10:47:30',data_modifica_riga = '2015-01-21 10:47:30',is_active = 1,operatore = 'paolo',prezzo_acquisto = '4.20',visibile = '1',in_home = '1',qta_minima = '1',qta_pianale = '21',qta_carrello = '66',qta_min_ordine = '10' WHERE id = 980 ] dall'utente di dominio [ paolo ]
Jan 21 10:47:30|PEAR_LOG_SQL[info] E' stata eseguita la query: [ INSERT INTO images (id,ext,id_content,name,local_path,www_path) VALUES (303,'.jpg',56,'LAVA18DEAL_1','/var/www/vhosts/shop-oddone.biz/httpdocs/FlorSysIntegration/img/','http://shop-oddone.biz/FlorSysIntegration/img/') ] dall'utente di dominio [ paolo ] Utente di dominio: [ paolo ] REMOTE PORT: [ 50112 ] REMOTE IP: [ 95.225.163.88 ] FULL DATE [ 21-01-2015 ]
Jan 21 10:48:02|PEAR_LOG_SQL[info] E' stata eseguita la query: [ UPDATE index_fattura SET year='2015' ] dall'utente di dominio [ paolo ]
Jan 21 10:48:02|PEAR_LOG_SQL[info] E' stata eseguita la query: [ UPDATE index_ddt SET year='2015' ] dall'utente di dominio [ paolo ]
Jan 21 10:48:02|PEAR_LOG_SQL[info] E' stata eseguita la query: [ UPDATE content SET id_gm = 37,id_famiglia = NULL,nome_it = 'LAVANDA DENTATA ALBERELLO VASO 18',descrizione_it = '<p>H. 100 - pronta per la vendita - prima scelta.</p>\r\n',nome_en = '',descrizione_en = '',vbn = NULL,note = '<p>H. 100 - pronta per la vendita - prima scelta.</p>\r\n',peso = NULL,C1 = NULL,C2 = NULL,C3 = NULL,C4 = NULL,C5 = NULL,tipo_colore = NULL,prezzo_0 = '6.50',prezzo_1 = NULL,prezzo_2 = NULL,prezzo_3 = NULL,prezzo_4 = NULL,prezzo_5 = NULL,prezzo_6 = NULL,prezzo_7 = NULL,prezzo_8 = NULL,prezzo_9 = NULL,cod_iva = 10,have_image = NULL,vbn_image = NULL,data_inserimento_riga = '2015-01-21 10:48:02',data_modifica_riga = '2015-01-21 10:48:02',is_active = 1,is_vbn_updated = NULL,operatore = 'paolo',codice_articolo = NULL WHERE id = 56 ] dall'utente di dominio [ paolo ]
Jan 21 10:48:02|PEAR_LOG_SQL[info] E' stata eseguita la query: [ UPDATE giacenze SET id_gm = 37,bar_code = 'LAVA18DEAL',id_content = 56,id_fornitore = 153,C1 = NULL,C2 = NULL,C3 = NULL,C4 = NULL,C5 = NULL,prezzo_0 = '6.50',prezzo_1 = NULL,prezzo_2 = NULL,prezzo_3 = NULL,prezzo_4 = NULL,prezzo_5 = NULL,prezzo_6 = NULL,prezzo_7 = NULL,prezzo_8 = NULL,prezzo_9 = NULL,quantita = 10,quantita_mazzo = 1,disponibilita = 0,stato = 'E',promo = NULL,dimensione = NULL,scelta = NULL,fusto = NULL,produttore = '',openstage = NULL,data_inserimento_riga = '2015-01-21 10:48:02',data_modifica_riga = '2015-01-21 10:48:02',is_active = 1,operatore = 'paolo',prezzo_acquisto = '4.20',visibile = '1',in_home = '1',qta_minima = '1',qta_pianale = '21',qta_carrello = '66',qta_min_ordine = '10' WHERE id = 980 ] dall'utente di dominio [ paolo ]
Jan 21 10:49:09|PEAR_LOG_SQL[info] E' stata eseguita la query: [ UPDATE index_fattura SET year='2015' ] dall'utente di dominio [ paolo ]
Jan 21 10:49:09|PEAR_LOG_SQL[info] E' stata eseguita la query: [ UPDATE index_ddt SET year='2015' ] dall'utente di dominio [ paolo ]
Jan 21 10:50:59|PEAR_LOG_SQL[info] E' stata eseguita la query: [ UPDATE index_fattura SET year='2015' ] dall'utente di dominio [ paolo ]
Jan 21 10:50:59|PEAR_LOG_SQL[info] E' stata eseguita la query: [ UPDATE index_ddt SET year='2015' ] dall'utente di dominio [ paolo ]
Jan 21 10:50:59|PEAR_LOG_SQL[info] E' stata eseguita la query: [ INSERT INTO content (id,id_gm,id_famiglia,nome_it,descrizione_it,nome_en,descrizione_en,vbn,note,peso,C1,C2,C3,C4,C5,tipo_colore,prezzo_0,prezzo_1,prezzo_2,prezzo_3,prezzo_4,prezzo_5,prezzo_6,prezzo_7,prezzo_8,prezzo_9,cod_iva,have_image,vbn_image,data_inserimento_riga,data_modifica_riga,is_active,is_vbn_updated,operatore,codice_articolo) VALUES (57,36,NULL,'ROSMARINO OFFICINALIS VASO 14 ALBERELLO','<p>Ottima qualit&agrave;, buona disponibilit&agrave; adesso.</p>\r\n','','',NULL,'<p>Ottima qualit&agrave;, buona disponibilit&agrave; adesso.</p>\r\n',NULL,NULL,NULL,NULL,NULL,NULL,NULL,'2.95',NULL,NULL,NULL,NULL,NULL,NULL,NULL,NULL,NULL,10,NULL,NULL,'2015-01-21 10:50:59','2015-01-21 10:50:59',1,NULL,'paolo',NULL) ] dall'utente di dominio [ paolo ]
Jan 21 10:50:59|PEAR_LOG_SQL[info] E' stata eseguita la query: [ INSERT INTO giacenze (id,id_gm,bar_code,id_content,id_fornitore,C1,C2,C3,C4,C5,prezzo_0,prezzo_1,prezzo_2,prezzo_3,prezzo_4,prezzo_5,prezzo_6,prezzo_7,prezzo_8,prezzo_9,quantita,quantita_mazzo,disponibilita,stato,promo,dimensione,scelta,fusto,produttore,openstage,data_inserimento_riga,data_modifica_riga,is_active,operatore,prezzo_acquisto,visibile,in_home,qta_minima,qta_pianale,qta_carrello,qta_min_ordine) VALUES (981,36,'ROSM14AL',57,153,NULL,NULL,NULL,NULL,NULL,'2.95',NULL,NULL,NULL,NULL,NULL,NULL,NULL,NULL,NULL,3,6,0,'E',NULL,NULL,NULL,NULL,'',NULL,'2015-01-21 10:50:59','2015-01-21 10:50:59',1,'paolo','1.90','1','1','6','36','180','3') ] dall'utente di dominio [ paolo ] Utente di dominio: [ paolo ] REMOTE PORT: [ 50178 ] REMOTE IP: [ 95.225.163.88 ] FULL DATE [ 21-01-2015 ]
Jan 21 10:50:59|PEAR_LOG_SQL[info] E' stata eseguita la query: [ INSERT INTO images (id,ext,id_content,name,local_path,www_path) VALUES (304,NULL,57,'default.jpg','/var/www/vhosts/shop-oddone.biz/httpdocs/admin/img/web/product','http://shop-oddone.biz/admin//img/web/product') ] dall'utente di dominio [ paolo ]
Jan 21 10:50:59|PEAR_LOG_SQL[info] E' stata eseguita la query: [ INSERT INTO images (id,ext,id_content,name,local_path,www_path) VALUES (305,NULL,57,'default.jpg','/var/www/vhosts/shop-oddone.biz/httpdocs/admin/img/web/product','http://shop-oddone.biz/admin//img/web/product') ] dall'utente di dominio [ paolo ]
Jan 21 10:50:59|PEAR_LOG_SQL[info] E' stata eseguita la query: [ INSERT INTO images (id,ext,id_content,name,local_path,www_path) VALUES (306,NULL,57,'default.jpg','/var/www/vhosts/shop-oddone.biz/httpdocs/admin/img/web/product','http://shop-oddone.biz/admin//img/web/product') ] dall'utente di dominio [ paolo ]
Jan 21 10:50:59|PEAR_LOG_SQL[info] E' stata eseguita la query: [ INSERT INTO images (id,ext,id_content,name,local_path,www_path) VALUES (307,NULL,57,'default.jpg','/var/www/vhosts/shop-oddone.biz/httpdocs/admin/img/web/product','http://shop-oddone.biz/admin//img/web/product') ] dall'utente di dominio [ paolo ]
Jan 21 10:51:08|PEAR_LOG_SQL[info] E' stata eseguita la query: [ UPDATE index_fattura SET year='2015' ] dall'utente di dominio [ paolo ]
Jan 21 10:51:08|PEAR_LOG_SQL[info] E' stata eseguita la query: [ UPDATE index_ddt SET year='2015' ] dall'utente di dominio [ paolo ]
Jan 21 10:51:08|PEAR_LOG_SQL[info] E' stata eseguita la query: [ UPDATE content SET id_gm = 36,id_famiglia = NULL,nome_it = 'ROSMARINO OFFICINALIS VASO 14 ALBERELLO',descrizione_it = '<p>Ottima qualit&agrave;, buona disponibilit&agrave; adesso.</p>\r\n',nome_en = '',descrizione_en = '',vbn = NULL,note = '<p>Ottima qualit&agrave;, buona disponibilit&agrave; adesso.</p>\r\n',peso = NULL,C1 = NULL,C2 = NULL,C3 = NULL,C4 = NULL,C5 = NULL,tipo_colore = NULL,prezzo_0 = '2.95',prezzo_1 = NULL,prezzo_2 = NULL,prezzo_3 = NULL,prezzo_4 = NULL,prezzo_5 = NULL,prezzo_6 = NULL,prezzo_7 = NULL,prezzo_8 = NULL,prezzo_9 = NULL,cod_iva = 10,have_image = NULL,vbn_image = NULL,data_inserimento_riga = '2015-01-21 10:51:08',data_modifica_riga = '2015-01-21 10:51:08',is_active = 1,is_vbn_updated = NULL,operatore = 'paolo',codice_articolo = NULL WHERE id = 57 ] dall'utente di dominio [ paolo ]
Jan 21 10:51:08|PEAR_LOG_SQL[info] E' stata eseguita la query: [ UPDATE giacenze SET id_gm = 36,bar_code = 'ROSM14AL',id_content = 57,id_fornitore = 153,C1 = NULL,C2 = NULL,C3 = NULL,C4 = NULL,C5 = NULL,prezzo_0 = '2.95',prezzo_1 = NULL,prezzo_2 = NULL,prezzo_3 = NULL,prezzo_4 = NULL,prezzo_5 = NULL,prezzo_6 = NULL,prezzo_7 = NULL,prezzo_8 = NULL,prezzo_9 = NULL,quantita = 3,quantita_mazzo = 6,disponibilita = 0,stato = 'E',promo = NULL,dimensione = NULL,scelta = NULL,fusto = NULL,produttore = '',openstage = NULL,data_inserimento_riga = '2015-01-21 10:51:08',data_modifica_riga = '2015-01-21 10:51:08',is_active = 1,operatore = 'paolo',prezzo_acquisto = '1.90',visibile = '1',in_home = '1',qta_minima = '6',qta_pianale = '36',qta_carrello = '180',qta_min_ordine = '3' WHERE id = 981 ] dall'utente di dominio [ paolo ]
Jan 21 10:51:08|PEAR_LOG_SQL[info] E' stata eseguita la query: [ INSERT INTO images (id,ext,id_content,name,local_path,www_path) VALUES (308,'.jpg',57,'ROSM14AL_1','/var/www/vhosts/shop-oddone.biz/httpdocs/FlorSysIntegration/img/','http://shop-oddone.biz/FlorSysIntegration/img/') ] dall'utente di dominio [ paolo ] Utente di dominio: [ paolo ] REMOTE PORT: [ 50184 ] REMOTE IP: [ 95.225.163.88 ] FULL DATE [ 21-01-2015 ]
Jan 21 11:22:42|PEAR_LOG_SQL[info] E' stata eseguita la query: [ UPDATE index_fattura SET year='2015' ] dall'utente di dominio [  ]
Jan 21 11:22:42|PEAR_LOG_SQL[info] E' stata eseguita la query: [ UPDATE index_ddt SET year='2015' ] dall'utente di dominio [  ]
Jan 21 11:22:48|PEAR_LOG_SQL[info] E' stata eseguita la query: [ UPDATE index_fattura SET year='2015' ] dall'utente di dominio [  ]
Jan 21 11:22:48|PEAR_LOG_SQL[info] E' stata eseguita la query: [ UPDATE index_ddt SET year='2015' ] dall'utente di dominio [  ]
Jan 21 11:22:48|PEAR_LOG_SQL[info] E' stata eseguita la query: [ UPDATE users SET id_type = 1,id_anag = 7037,id_customer = 35,sconto_fornitori_nl = NULL,sconto_fornitori_de = NULL,username = 'paolo',password = 'e45db853fb2e1caa77398c3a16867d19a2afr24tg56r4r65wg',secret_question = 'Nome?',secret_response = 'Alessandro',confirmation_code = NULL,last_access = '2015-01-21 11:22:48',data_inserimento_riga = '2014-04-09',data_modifica_riga = '2015-01-21',is_newsletter_subscribed = '1',is_t_c_accepted = '1',is_active = 1,operatore = 'paolo' WHERE id = 7210 ] dall'utente di dominio [  ] Utente di dominio: [  ] REMOTE PORT: [ 51036 ] REMOTE IP: [ 95.225.163.88 ] FULL DATE [ 21-01-2015 ]
Jan 21 11:22:49|PEAR_LOG_SQL[info] E' stata eseguita la query: [ UPDATE index_fattura SET year='2015' ] dall'utente di dominio [ paolo ]
Jan 21 11:22:49|PEAR_LOG_SQL[info] E' stata eseguita la query: [ UPDATE index_ddt SET year='2015' ] dall'utente di dominio [ paolo ]
Jan 21 11:23:45|PEAR_LOG_SQL[info] E' stata eseguita la query: [ UPDATE index_fattura SET year='2015' ] dall'utente di dominio [ paolo ]
Jan 21 11:23:45|PEAR_LOG_SQL[info] E' stata eseguita la query: [ UPDATE index_ddt SET year='2015' ] dall'utente di dominio [ paolo ]
Jan 21 11:23:50|PEAR_LOG_SQL[info] E' stata eseguita la query: [ UPDATE index_fattura SET year='2015' ] dall'utente di dominio [ paolo ]
Jan 21 11:23:50|PEAR_LOG_SQL[info] E' stata eseguita la query: [ UPDATE index_ddt SET year='2015' ] dall'utente di dominio [ paolo ]
Jan 21 11:23:53|PEAR_LOG_SQL[info] E' stata eseguita la query: [ UPDATE index_fattura SET year='2015' ] dall'utente di dominio [ paolo ]
Jan 21 11:23:53|PEAR_LOG_SQL[info] E' stata eseguita la query: [ UPDATE index_ddt SET year='2015' ] dall'utente di dominio [ paolo ]
Jan 21 11:23:56|PEAR_LOG_SQL[info] E' stata eseguita la query: [ UPDATE index_fattura SET year='2015' ] dall'utente di dominio [ paolo ]
Jan 21 11:23:56|PEAR_LOG_SQL[info] E' stata eseguita la query: [ UPDATE index_ddt SET year='2015' ] dall'utente di dominio [ paolo ]
Jan 21 11:23:56|PEAR_LOG_SQL[info] E' stata eseguita la query: [ DELETE FROM images WHERE id = 192 ] dall'utente di dominio [ paolo ]
Jan 21 11:23:56|PEAR_LOG_SQL[info] E' stata eseguita la query: [ UPDATE index_fattura SET year='2015' ] dall'utente di dominio [ paolo ]
Jan 21 11:23:56|PEAR_LOG_SQL[info] E' stata eseguita la query: [ UPDATE index_ddt SET year='2015' ] dall'utente di dominio [ paolo ]
Jan 21 11:24:24|PEAR_LOG_SQL[info] E' stata eseguita la query: [ UPDATE index_fattura SET year='2015' ] dall'utente di dominio [ paolo ]
Jan 21 11:24:24|PEAR_LOG_SQL[info] E' stata eseguita la query: [ UPDATE index_ddt SET year='2015' ] dall'utente di dominio [ paolo ]
Jan 21 11:24:24|PEAR_LOG_SQL[info] E' stata eseguita la query: [ UPDATE content SET id_gm = 43,id_famiglia = NULL,nome_it = 'AZALEA INDICA VASO 24 ALBERELLO',descrizione_it = '<p>&quot;Helmut Vogel&quot;, inzio colorazione. <span style=\"color:#FF0000\"><strong>OTTIMO PREZZO!</strong></span></p>\r\n',nome_en = '',descrizione_en = '',vbn = NULL,note = '<p>&quot;Helmut Vogel&quot;, inzio colorazione. <span style=\"color:#FF0000\"><strong>OTTIMO PREZZO!</strong></span></p>\r\n',peso = NULL,C1 = NULL,C2 = NULL,C3 = NULL,C4 = NULL,C5 = NULL,tipo_colore = NULL,prezzo_0 = '12.90',prezzo_1 = NULL,prezzo_2 = NULL,prezzo_3 = NULL,prezzo_4 = NULL,prezzo_5 = NULL,prezzo_6 = NULL,prezzo_7 = NULL,prezzo_8 = NULL,prezzo_9 = NULL,cod_iva = 10,have_image = NULL,vbn_image = NULL,data_inserimento_riga = '2015-01-21 11:24:24',data_modifica_riga = '2015-01-21 11:24:24',is_active = 1,is_vbn_updated = NULL,operatore = 'paolo',codice_articolo = NULL WHERE id = 28 ] dall'utente di dominio [ paolo ]
Jan 21 11:24:24|PEAR_LOG_SQL[info] E' stata eseguita la query: [ UPDATE giacenze SET id_gm = 43,bar_code = 'AZAL24AL',id_content = 28,id_fornitore = 400,C1 = NULL,C2 = NULL,C3 = NULL,C4 = NULL,C5 = NULL,prezzo_0 = '12.90',prezzo_1 = NULL,prezzo_2 = NULL,prezzo_3 = NULL,prezzo_4 = NULL,prezzo_5 = NULL,prezzo_6 = NULL,prezzo_7 = NULL,prezzo_8 = NULL,prezzo_9 = NULL,quantita = 6,quantita_mazzo = 1,disponibilita = 0,stato = 'O',promo = NULL,dimensione = NULL,scelta = NULL,fusto = NULL,produttore = '',openstage = NULL,data_inserimento_riga = '2015-01-21 11:24:24',data_modifica_riga = '2015-01-21 11:24:24',is_active = 1,operatore = 'paolo',prezzo_acquisto = '8.00',visibile = '1',in_home = '0',qta_minima = '1',qta_pianale = '12',qta_carrello = '24',qta_min_ordine = '6' WHERE id = 28 ] dall'utente di dominio [ paolo ]
Jan 21 11:24:24|PEAR_LOG_SQL[info] E' stata eseguita la query: [ INSERT INTO images (id,ext,id_content,name,local_path,www_path) VALUES (309,'.jpg',28,'AZAL24AL_1','/var/www/vhosts/shop-oddone.biz/httpdocs/FlorSysIntegration/img/','http://shop-oddone.biz/FlorSysIntegration/img/') ] dall'utente di dominio [ paolo ] Utente di dominio: [ paolo ] REMOTE PORT: [ 51079 ] REMOTE IP: [ 95.225.163.88 ] FULL DATE [ 21-01-2015 ]
Jan 21 11:25:37|PEAR_LOG_SQL[info] E' stata eseguita la query: [ UPDATE index_fattura SET year='2015' ] dall'utente di dominio [ paolo ]
Jan 21 11:25:37|PEAR_LOG_SQL[info] E' stata eseguita la query: [ UPDATE index_ddt SET year='2015' ] dall'utente di dominio [ paolo ]
Jan 21 11:25:40|PEAR_LOG_SQL[info] E' stata eseguita la query: [ UPDATE index_fattura SET year='2015' ] dall'utente di dominio [ paolo ]
Jan 21 11:25:40|PEAR_LOG_SQL[info] E' stata eseguita la query: [ UPDATE index_ddt SET year='2015' ] dall'utente di dominio [ paolo ]
Jan 21 11:25:54|PEAR_LOG_SQL[info] E' stata eseguita la query: [ UPDATE index_fattura SET year='2015' ] dall'utente di dominio [ paolo ]
Jan 21 11:25:54|PEAR_LOG_SQL[info] E' stata eseguita la query: [ UPDATE index_ddt SET year='2015' ] dall'utente di dominio [ paolo ]
Jan 21 11:26:15|PEAR_LOG_SQL[info] E' stata eseguita la query: [ UPDATE index_fattura SET year='2015' ] dall'utente di dominio [ paolo ]
Jan 21 11:26:15|PEAR_LOG_SQL[info] E' stata eseguita la query: [ UPDATE index_ddt SET year='2015' ] dall'utente di dominio [ paolo ]
Jan 21 11:26:19|PEAR_LOG_SQL[info] E' stata eseguita la query: [ UPDATE index_fattura SET year='2015' ] dall'utente di dominio [ paolo ]
Jan 21 11:26:19|PEAR_LOG_SQL[info] E' stata eseguita la query: [ UPDATE index_ddt SET year='2015' ] dall'utente di dominio [ paolo ]
Jan 21 11:26:19|PEAR_LOG_SQL[info] E' stata eseguita la query: [ DELETE FROM images WHERE id = 253 ] dall'utente di dominio [ paolo ]
Jan 21 11:26:19|PEAR_LOG_SQL[info] E' stata eseguita la query: [ UPDATE index_fattura SET year='2015' ] dall'utente di dominio [ paolo ]
Jan 21 11:26:19|PEAR_LOG_SQL[info] E' stata eseguita la query: [ UPDATE index_ddt SET year='2015' ] dall'utente di dominio [ paolo ]
Jan 21 11:26:48|PEAR_LOG_SQL[info] E' stata eseguita la query: [ UPDATE index_fattura SET year='2015' ] dall'utente di dominio [ paolo ]
Jan 21 11:26:48|PEAR_LOG_SQL[info] E' stata eseguita la query: [ UPDATE index_ddt SET year='2015' ] dall'utente di dominio [ paolo ]
Jan 21 11:26:48|PEAR_LOG_SQL[info] E' stata eseguita la query: [ UPDATE content SET id_gm = 15,id_famiglia = NULL,nome_it = 'CALLA ZANTEDESCHIA BIANCA VASO 18',descrizione_it = '<p>1/2 fiori, ottima qualit&agrave;, robuste.</p>\r\n',nome_en = '',descrizione_en = '',vbn = NULL,note = '<p>1/2 fiori, ottima qualit&agrave;, robuste.</p>\r\n',peso = NULL,C1 = NULL,C2 = NULL,C3 = NULL,C4 = NULL,C5 = NULL,tipo_colore = NULL,prezzo_0 = '6.95',prezzo_1 = NULL,prezzo_2 = NULL,prezzo_3 = NULL,prezzo_4 = NULL,prezzo_5 = NULL,prezzo_6 = NULL,prezzo_7 = NULL,prezzo_8 = NULL,prezzo_9 = NULL,cod_iva = 10,have_image = NULL,vbn_image = NULL,data_inserimento_riga = '2015-01-21 11:26:48',data_modifica_riga = '2015-01-21 11:26:48',is_active = 1,is_vbn_updated = NULL,operatore = 'paolo',codice_articolo = NULL WHERE id = 46 ] dall'utente di dominio [ paolo ]
Jan 21 11:26:48|PEAR_LOG_SQL[info] E' stata eseguita la query: [ UPDATE giacenze SET id_gm = 15,bar_code = 'CALLA18',id_content = 46,id_fornitore = 162,C1 = NULL,C2 = NULL,C3 = NULL,C4 = NULL,C5 = NULL,prezzo_0 = '6.95',prezzo_1 = NULL,prezzo_2 = NULL,prezzo_3 = NULL,prezzo_4 = NULL,prezzo_5 = NULL,prezzo_6 = NULL,prezzo_7 = NULL,prezzo_8 = NULL,prezzo_9 = NULL,quantita = 10,quantita_mazzo = 1,disponibilita = 0,stato = 'E',promo = NULL,dimensione = NULL,scelta = NULL,fusto = NULL,produttore = '',openstage = NULL,data_inserimento_riga = '2015-01-21 11:26:48',data_modifica_riga = '2015-01-21 11:26:48',is_active = 1,operatore = 'paolo',prezzo_acquisto = '4.50',visibile = '1',in_home = '0',qta_minima = '1',qta_pianale = '21',qta_carrello = '66',qta_min_ordine = '10' WHERE id = 970 ] dall'utente di dominio [ paolo ]
Jan 21 11:26:48|PEAR_LOG_SQL[info] E' stata eseguita la query: [ INSERT INTO images (id,ext,id_content,name,local_path,www_path) VALUES (310,'.jpg',46,'CALLA18_1','/var/www/vhosts/shop-oddone.biz/httpdocs/FlorSysIntegration/img/','http://shop-oddone.biz/FlorSysIntegration/img/') ] dall'utente di dominio [ paolo ] Utente di dominio: [ paolo ] REMOTE PORT: [ 51148 ] REMOTE IP: [ 95.225.163.88 ] FULL DATE [ 21-01-2015 ]
Jan 21 11:26:55|PEAR_LOG_SQL[info] E' stata eseguita la query: [ UPDATE index_fattura SET year='2015' ] dall'utente di dominio [ paolo ]
Jan 21 11:26:55|PEAR_LOG_SQL[info] E' stata eseguita la query: [ UPDATE index_ddt SET year='2015' ] dall'utente di dominio [ paolo ]
Jan 21 11:26:55|PEAR_LOG_SQL[info] E' stata eseguita la query: [ UPDATE content SET id_gm = 15,id_famiglia = NULL,nome_it = 'CALLA ZANTEDESCHIA BIANCA VASO 18',descrizione_it = '<p>1/2 fiori, ottima qualit&agrave;, robuste.</p>\r\n',nome_en = '',descrizione_en = '',vbn = NULL,note = '<p>1/2 fiori, ottima qualit&agrave;, robuste.</p>\r\n',peso = NULL,C1 = NULL,C2 = NULL,C3 = NULL,C4 = NULL,C5 = NULL,tipo_colore = NULL,prezzo_0 = '6.95',prezzo_1 = NULL,prezzo_2 = NULL,prezzo_3 = NULL,prezzo_4 = NULL,prezzo_5 = NULL,prezzo_6 = NULL,prezzo_7 = NULL,prezzo_8 = NULL,prezzo_9 = NULL,cod_iva = 10,have_image = NULL,vbn_image = NULL,data_inserimento_riga = '2015-01-21 11:26:55',data_modifica_riga = '2015-01-21 11:26:55',is_active = 1,is_vbn_updated = NULL,operatore = 'paolo',codice_articolo = NULL WHERE id = 46 ] dall'utente di dominio [ paolo ]
Jan 21 11:26:55|PEAR_LOG_SQL[info] E' stata eseguita la query: [ UPDATE giacenze SET id_gm = 15,bar_code = 'CALLA18',id_content = 46,id_fornitore = 162,C1 = NULL,C2 = NULL,C3 = NULL,C4 = NULL,C5 = NULL,prezzo_0 = '6.95',prezzo_1 = NULL,prezzo_2 = NULL,prezzo_3 = NULL,prezzo_4 = NULL,prezzo_5 = NULL,prezzo_6 = NULL,prezzo_7 = NULL,prezzo_8 = NULL,prezzo_9 = NULL,quantita = 10,quantita_mazzo = 1,disponibilita = 0,stato = 'E',promo = NULL,dimensione = NULL,scelta = NULL,fusto = NULL,produttore = '',openstage = NULL,data_inserimento_riga = '2015-01-21 11:26:55',data_modifica_riga = '2015-01-21 11:26:55',is_active = 1,operatore = 'paolo',prezzo_acquisto = '4.50',visibile = '1',in_home = '0',qta_minima = '1',qta_pianale = '21',qta_carrello = '66',qta_min_ordine = '10' WHERE id = 970 ] dall'utente di dominio [ paolo ]
Jan 21 11:38:55|PEAR_LOG_SQL[info] E' stata eseguita la query: [ UPDATE index_fattura SET year='2015' ] dall'utente di dominio [ paolo ]
Jan 21 11:38:55|PEAR_LOG_SQL[info] E' stata eseguita la query: [ UPDATE index_ddt SET year='2015' ] dall'utente di dominio [ paolo ]
Jan 21 11:43:57|PEAR_LOG_SQL[info] E' stata eseguita la query: [ UPDATE index_fattura SET year='2015' ] dall'utente di dominio [ paolo ]
Jan 21 11:43:57|PEAR_LOG_SQL[info] E' stata eseguita la query: [ UPDATE index_ddt SET year='2015' ] dall'utente di dominio [ paolo ]
Jan 21 11:44:03|PEAR_LOG_SQL[info] E' stata eseguita la query: [ UPDATE index_fattura SET year='2015' ] dall'utente di dominio [ paolo ]
Jan 21 11:44:03|PEAR_LOG_SQL[info] E' stata eseguita la query: [ UPDATE index_ddt SET year='2015' ] dall'utente di dominio [ paolo ]
Jan 21 11:59:06|PEAR_LOG_SQL[info] E' stata eseguita la query: [ UPDATE index_fattura SET year='2015' ] dall'utente di dominio [ paolo ]
Jan 21 11:59:06|PEAR_LOG_SQL[info] E' stata eseguita la query: [ UPDATE index_ddt SET year='2015' ] dall'utente di dominio [ paolo ]
Jan 21 11:59:10|PEAR_LOG_SQL[info] E' stata eseguita la query: [ UPDATE index_fattura SET year='2015' ] dall'utente di dominio [ paolo ]
Jan 21 11:59:10|PEAR_LOG_SQL[info] E' stata eseguita la query: [ UPDATE index_ddt SET year='2015' ] dall'utente di dominio [ paolo ]
Jan 21 12:00:03|PEAR_LOG_SQL[info] E' stata eseguita la query: [ UPDATE index_fattura SET year='2015' ] dall'utente di dominio [ paolo ]
Jan 21 12:00:03|PEAR_LOG_SQL[info] E' stata eseguita la query: [ UPDATE index_ddt SET year='2015' ] dall'utente di dominio [ paolo ]
Jan 21 12:00:03|PEAR_LOG_SQL[info] E' stata eseguita la query: [ UPDATE content SET id_gm = 15,id_famiglia = NULL,nome_it = 'CICLAMINO STANDARD VASO 26',descrizione_it = '<p><span style=\"color:#FF0000\"><strong>Extra</strong></span> - Vaso deco tono su tono - 2 piante per vaso, coltivati in vaso. 50% rosso, 50% bianco</p>\r\n',nome_en = '',descrizione_en = '',vbn = NULL,note = '<p><span style=\"color:#FF0000\"><strong>Extra</strong></span> - Vaso deco tono su tono - 2 piante per vaso, coltivati in vaso. 50% rosso, 50% bianco</p>\r\n',peso = NULL,C1 = NULL,C2 = NULL,C3 = NULL,C4 = NULL,C5 = NULL,tipo_colore = NULL,prezzo_0 = '6.90',prezzo_1 = NULL,prezzo_2 = NULL,prezzo_3 = NULL,prezzo_4 = NULL,prezzo_5 = NULL,prezzo_6 = NULL,prezzo_7 = NULL,prezzo_8 = NULL,prezzo_9 = NULL,cod_iva = 10,have_image = NULL,vbn_image = NULL,data_inserimento_riga = '2015-01-21 12:00:03',data_modifica_riga = '2015-01-21 12:00:03',is_active = 1,is_vbn_updated = NULL,operatore = 'paolo',codice_articolo = NULL WHERE id = 30 ] dall'utente di dominio [ paolo ]
Jan 21 12:00:03|PEAR_LOG_SQL[info] E' stata eseguita la query: [ UPDATE giacenze SET id_gm = 15,bar_code = 'CICL26',id_content = 30,id_fornitore = 82,C1 = NULL,C2 = NULL,C3 = NULL,C4 = NULL,C5 = NULL,prezzo_0 = '6.90',prezzo_1 = NULL,prezzo_2 = NULL,prezzo_3 = NULL,prezzo_4 = NULL,prezzo_5 = NULL,prezzo_6 = NULL,prezzo_7 = NULL,prezzo_8 = NULL,prezzo_9 = NULL,quantita = 5,quantita_mazzo = 1,disponibilita = 0,stato = 'E',promo = NULL,dimensione = NULL,scelta = NULL,fusto = NULL,produttore = '',openstage = NULL,data_inserimento_riga = '2015-01-21 12:00:03',data_modifica_riga = '2015-01-21 12:00:03',is_active = 1,operatore = 'paolo',prezzo_acquisto = '4.60',visibile = '0',in_home = '0',qta_minima = '1',qta_pianale = '10',qta_carrello = '40',qta_min_ordine = '5' WHERE id = 30 ] dall'utente di dominio [ paolo ]
Jan 21 12:00:39|PEAR_LOG_SQL[info] E' stata eseguita la query: [ UPDATE index_fattura SET year='2015' ] dall'utente di dominio [ paolo ]
Jan 21 12:00:39|PEAR_LOG_SQL[info] E' stata eseguita la query: [ UPDATE index_ddt SET year='2015' ] dall'utente di dominio [ paolo ]
Jan 21 12:00:44|PEAR_LOG_SQL[info] E' stata eseguita la query: [ UPDATE index_fattura SET year='2015' ] dall'utente di dominio [ paolo ]
Jan 21 12:00:44|PEAR_LOG_SQL[info] E' stata eseguita la query: [ UPDATE index_ddt SET year='2015' ] dall'utente di dominio [ paolo ]
Jan 21 12:00:49|PEAR_LOG_SQL[info] E' stata eseguita la query: [ UPDATE index_fattura SET year='2015' ] dall'utente di dominio [ paolo ]
Jan 21 12:00:49|PEAR_LOG_SQL[info] E' stata eseguita la query: [ UPDATE index_ddt SET year='2015' ] dall'utente di dominio [ paolo ]
Jan 21 12:01:05|PEAR_LOG_SQL[info] E' stata eseguita la query: [ UPDATE index_fattura SET year='2015' ] dall'utente di dominio [ paolo ]
Jan 21 12:01:05|PEAR_LOG_SQL[info] E' stata eseguita la query: [ UPDATE index_ddt SET year='2015' ] dall'utente di dominio [ paolo ]
Jan 21 12:01:12|PEAR_LOG_SQL[info] E' stata eseguita la query: [ UPDATE index_fattura SET year='2015' ] dall'utente di dominio [ paolo ]
Jan 21 12:01:12|PEAR_LOG_SQL[info] E' stata eseguita la query: [ UPDATE index_ddt SET year='2015' ] dall'utente di dominio [ paolo ]
Jan 21 12:01:30|PEAR_LOG_SQL[info] E' stata eseguita la query: [ UPDATE index_fattura SET year='2015' ] dall'utente di dominio [ paolo ]
Jan 21 12:01:30|PEAR_LOG_SQL[info] E' stata eseguita la query: [ UPDATE index_ddt SET year='2015' ] dall'utente di dominio [ paolo ]
Jan 21 12:01:42|PEAR_LOG_SQL[info] E' stata eseguita la query: [ UPDATE index_fattura SET year='2015' ] dall'utente di dominio [ paolo ]
Jan 21 12:01:42|PEAR_LOG_SQL[info] E' stata eseguita la query: [ UPDATE index_ddt SET year='2015' ] dall'utente di dominio [ paolo ]
Jan 21 12:01:46|PEAR_LOG_SQL[info] E' stata eseguita la query: [ UPDATE index_fattura SET year='2015' ] dall'utente di dominio [ paolo ]
Jan 21 12:01:46|PEAR_LOG_SQL[info] E' stata eseguita la query: [ UPDATE index_ddt SET year='2015' ] dall'utente di dominio [ paolo ]
Jan 21 12:01:51|PEAR_LOG_SQL[info] E' stata eseguita la query: [ UPDATE index_fattura SET year='2015' ] dall'utente di dominio [ paolo ]
Jan 21 12:01:51|PEAR_LOG_SQL[info] E' stata eseguita la query: [ UPDATE index_ddt SET year='2015' ] dall'utente di dominio [ paolo ]
Jan 21 12:03:24|PEAR_LOG_SQL[info] E' stata eseguita la query: [ UPDATE index_fattura SET year='2015' ] dall'utente di dominio [ paolo ]
Jan 21 12:03:24|PEAR_LOG_SQL[info] E' stata eseguita la query: [ UPDATE index_ddt SET year='2015' ] dall'utente di dominio [ paolo ]
Jan 21 12:03:24|PEAR_LOG_SQL[info] E' stata eseguita la query: [ UPDATE content SET id_gm = 43,id_famiglia = NULL,nome_it = 'RHODODENDRON *Christmas Cheer* VASO 22',descrizione_it = '<p>Chioma 40/50 cm, colore rosa chiaro tendente al bianco<strong>. Fioriti al punto giusto. Disponibili 200 pezzi pronti,&nbsp; <span style=\"color:#FF0000\">OFFERTA LIMITATA</span></strong><span style=\"color:#FF0000\">!!!</span></p>\r\n',nome_en = '',descrizione_en = '',vbn = NULL,note = '<p>Chioma 40/50 cm, colore rosa chiaro tendente al bianco<strong>. Fioriti al punto giusto. Disponibili 200 pezzi pronti,&nbsp; <span style=\"color:#FF0000\">OFFERTA LIMITATA</span></strong><span style=\"color:#FF0000\">!!!</span></p>\r\n',peso = NULL,C1 = NULL,C2 = NULL,C3 = NULL,C4 = NULL,C5 = NULL,tipo_colore = NULL,prezzo_0 = '8.50',prezzo_1 = NULL,prezzo_2 = NULL,prezzo_3 = NULL,prezzo_4 = NULL,prezzo_5 = NULL,prezzo_6 = NULL,prezzo_7 = NULL,prezzo_8 = NULL,prezzo_9 = NULL,cod_iva = 10,have_image = NULL,vbn_image = NULL,data_inserimento_riga = '2015-01-21 12:03:24',data_modifica_riga = '2015-01-21 12:03:24',is_active = 1,is_vbn_updated = NULL,operatore = 'paolo',codice_articolo = NULL WHERE id = 41 ] dall'utente di dominio [ paolo ]
Jan 21 12:03:24|PEAR_LOG_SQL[info] E' stata eseguita la query: [ UPDATE giacenze SET id_gm = 43,bar_code = 'RHODO22CR',id_content = 41,id_fornitore = 400,C1 = NULL,C2 = NULL,C3 = NULL,C4 = NULL,C5 = NULL,prezzo_0 = '8.50',prezzo_1 = NULL,prezzo_2 = NULL,prezzo_3 = NULL,prezzo_4 = NULL,prezzo_5 = NULL,prezzo_6 = NULL,prezzo_7 = NULL,prezzo_8 = NULL,prezzo_9 = NULL,quantita = 7,quantita_mazzo = 1,disponibilita = 0,stato = 'O',promo = NULL,dimensione = NULL,scelta = NULL,fusto = NULL,produttore = 'sonneville',openstage = NULL,data_inserimento_riga = '2015-01-21 12:03:24',data_modifica_riga = '2015-01-21 12:03:24',is_active = 1,operatore = 'paolo',prezzo_acquisto = '6.00',visibile = '1',in_home = '1',qta_minima = '1',qta_pianale = '14',qta_carrello = '42',qta_min_ordine = '7' WHERE id = 796 ] dall'utente di dominio [ paolo ]
Jan 21 12:03:36|PEAR_LOG_SQL[info] E' stata eseguita la query: [ UPDATE index_fattura SET year='2015' ] dall'utente di dominio [ paolo ]
Jan 21 12:03:36|PEAR_LOG_SQL[info] E' stata eseguita la query: [ UPDATE index_ddt SET year='2015' ] dall'utente di dominio [ paolo ]
Jan 21 12:03:36|PEAR_LOG_SQL[info] E' stata eseguita la query: [ DELETE FROM images WHERE id = 240 ] dall'utente di dominio [ paolo ]
Jan 21 12:03:36|PEAR_LOG_SQL[info] E' stata eseguita la query: [ UPDATE index_fattura SET year='2015' ] dall'utente di dominio [ paolo ]
Jan 21 12:03:36|PEAR_LOG_SQL[info] E' stata eseguita la query: [ UPDATE index_ddt SET year='2015' ] dall'utente di dominio [ paolo ]
Jan 21 12:04:05|PEAR_LOG_SQL[info] E' stata eseguita la query: [ UPDATE index_fattura SET year='2015' ] dall'utente di dominio [ paolo ]
Jan 21 12:04:05|PEAR_LOG_SQL[info] E' stata eseguita la query: [ UPDATE index_ddt SET year='2015' ] dall'utente di dominio [ paolo ]
Jan 21 12:04:05|PEAR_LOG_SQL[info] E' stata eseguita la query: [ UPDATE content SET id_gm = 43,id_famiglia = NULL,nome_it = 'RHODODENDRON *Christmas Cheer* VASO 22',descrizione_it = '<p>Chioma 40/50 cm, colore rosa chiaro tendente al bianco<strong>. Fioriti al punto giusto. Disponibili 200 pezzi pronti,&nbsp; <span style=\"color:#FF0000\">OFFERTA LIMITATA</span></strong><span style=\"color:#FF0000\">!!!</span></p>\r\n',nome_en = '',descrizione_en = '',vbn = NULL,note = '<p>Chioma 40/50 cm, colore rosa chiaro tendente al bianco<strong>. Fioriti al punto giusto. Disponibili 200 pezzi pronti,&nbsp; <span style=\"color:#FF0000\">OFFERTA LIMITATA</span></strong><span style=\"color:#FF0000\">!!!</span></p>\r\n',peso = NULL,C1 = NULL,C2 = NULL,C3 = NULL,C4 = NULL,C5 = NULL,tipo_colore = NULL,prezzo_0 = '8.50',prezzo_1 = NULL,prezzo_2 = NULL,prezzo_3 = NULL,prezzo_4 = NULL,prezzo_5 = NULL,prezzo_6 = NULL,prezzo_7 = NULL,prezzo_8 = NULL,prezzo_9 = NULL,cod_iva = 10,have_image = NULL,vbn_image = NULL,data_inserimento_riga = '2015-01-21 12:04:05',data_modifica_riga = '2015-01-21 12:04:05',is_active = 1,is_vbn_updated = NULL,operatore = 'paolo',codice_articolo = NULL WHERE id = 41 ] dall'utente di dominio [ paolo ]
Jan 21 12:04:05|PEAR_LOG_SQL[info] E' stata eseguita la query: [ UPDATE giacenze SET id_gm = 43,bar_code = 'RHODO22CR',id_content = 41,id_fornitore = 400,C1 = NULL,C2 = NULL,C3 = NULL,C4 = NULL,C5 = NULL,prezzo_0 = '8.50',prezzo_1 = NULL,prezzo_2 = NULL,prezzo_3 = NULL,prezzo_4 = NULL,prezzo_5 = NULL,prezzo_6 = NULL,prezzo_7 = NULL,prezzo_8 = NULL,prezzo_9 = NULL,quantita = 7,quantita_mazzo = 1,disponibilita = 0,stato = 'O',promo = NULL,dimensione = NULL,scelta = NULL,fusto = NULL,produttore = 'sonneville',openstage = NULL,data_inserimento_riga = '2015-01-21 12:04:05',data_modifica_riga = '2015-01-21 12:04:05',is_active = 1,operatore = 'paolo',prezzo_acquisto = '6.00',visibile = '1',in_home = '1',qta_minima = '1',qta_pianale = '14',qta_carrello = '42',qta_min_ordine = '7' WHERE id = 796 ] dall'utente di dominio [ paolo ]
Jan 21 12:04:05|PEAR_LOG_SQL[info] E' stata eseguita la query: [ INSERT INTO images (id,ext,id_content,name,local_path,www_path) VALUES (311,'.jpg',41,'RHODO22CR_1','/var/www/vhosts/shop-oddone.biz/httpdocs/FlorSysIntegration/img/','http://shop-oddone.biz/FlorSysIntegration/img/') ] dall'utente di dominio [ paolo ] Utente di dominio: [ paolo ] REMOTE PORT: [ 51961 ] REMOTE IP: [ 95.225.163.88 ] FULL DATE [ 21-01-2015 ]
Jan 21 12:08:35|PEAR_LOG_SQL[info] E' stata eseguita la query: [ UPDATE index_fattura SET year='2015' ] dall'utente di dominio [ paolo ]
Jan 21 12:08:35|PEAR_LOG_SQL[info] E' stata eseguita la query: [ UPDATE index_ddt SET year='2015' ] dall'utente di dominio [ paolo ]
Jan 21 12:08:35|PEAR_LOG_SQL[info] E' stata eseguita la query: [ UPDATE content SET id_gm = 43,id_famiglia = NULL,nome_it = 'RHODODENDRON *Christmas Cheer* VASO 22',descrizione_it = '<p>Chioma 40/50 cm, colore rosa chiaro tendente al bianco<strong>. Fioriti al punto giusto. Disponibili 200 pezzi pronti,&nbsp; <span style=\"color:#FF0000\">OFFERTA LIMITATA</span></strong><span style=\"color:#FF0000\">!!!</span></p>\r\n',nome_en = '',descrizione_en = '',vbn = NULL,note = '<p>Chioma 40/50 cm, colore rosa chiaro tendente al bianco<strong>. Fioriti al punto giusto. Disponibili 200 pezzi pronti,&nbsp; <span style=\"color:#FF0000\">OFFERTA LIMITATA</span></strong><span style=\"color:#FF0000\">!!!</span></p>\r\n',peso = NULL,C1 = NULL,C2 = NULL,C3 = NULL,C4 = NULL,C5 = NULL,tipo_colore = NULL,prezzo_0 = '8.50',prezzo_1 = NULL,prezzo_2 = NULL,prezzo_3 = NULL,prezzo_4 = NULL,prezzo_5 = NULL,prezzo_6 = NULL,prezzo_7 = NULL,prezzo_8 = NULL,prezzo_9 = NULL,cod_iva = 10,have_image = NULL,vbn_image = NULL,data_inserimento_riga = '2015-01-21 12:08:35',data_modifica_riga = '2015-01-21 12:08:35',is_active = 1,is_vbn_updated = NULL,operatore = 'paolo',codice_articolo = NULL WHERE id = 41 ] dall'utente di dominio [ paolo ]
Jan 21 12:08:35|PEAR_LOG_SQL[info] E' stata eseguita la query: [ UPDATE giacenze SET id_gm = 43,bar_code = 'RHODO22CR',id_content = 41,id_fornitore = 400,C1 = NULL,C2 = NULL,C3 = NULL,C4 = NULL,C5 = NULL,prezzo_0 = '8.50',prezzo_1 = NULL,prezzo_2 = NULL,prezzo_3 = NULL,prezzo_4 = NULL,prezzo_5 = NULL,prezzo_6 = NULL,prezzo_7 = NULL,prezzo_8 = NULL,prezzo_9 = NULL,quantita = 7,quantita_mazzo = 1,disponibilita = 0,stato = 'O',promo = NULL,dimensione = NULL,scelta = NULL,fusto = NULL,produttore = 'sonneville',openstage = NULL,data_inserimento_riga = '2015-01-21 12:08:35',data_modifica_riga = '2015-01-21 12:08:35',is_active = 1,operatore = 'paolo',prezzo_acquisto = '6.00',visibile = '1',in_home = '0',qta_minima = '1',qta_pianale = '14',qta_carrello = '42',qta_min_ordine = '7' WHERE id = 796 ] dall'utente di dominio [ paolo ]
Jan 21 12:08:38|PEAR_LOG_SQL[info] E' stata eseguita la query: [ UPDATE index_fattura SET year='2015' ] dall'utente di dominio [ paolo ]
Jan 21 12:08:38|PEAR_LOG_SQL[info] E' stata eseguita la query: [ UPDATE index_ddt SET year='2015' ] dall'utente di dominio [ paolo ]
Jan 21 12:08:48|PEAR_LOG_SQL[info] E' stata eseguita la query: [ UPDATE index_fattura SET year='2015' ] dall'utente di dominio [ paolo ]
Jan 21 12:08:48|PEAR_LOG_SQL[info] E' stata eseguita la query: [ UPDATE index_ddt SET year='2015' ] dall'utente di dominio [ paolo ]
Jan 21 12:08:48|PEAR_LOG_SQL[info] E' stata eseguita la query: [ UPDATE index_fattura SET year='2015' ] dall'utente di dominio [ paolo ]
Jan 21 12:08:48|PEAR_LOG_SQL[info] E' stata eseguita la query: [ UPDATE index_ddt SET year='2015' ] dall'utente di dominio [ paolo ]
Jan 21 12:08:59|PEAR_LOG_SQL[info] E' stata eseguita la query: [ UPDATE index_fattura SET year='2015' ] dall'utente di dominio [ paolo ]
Jan 21 12:08:59|PEAR_LOG_SQL[info] E' stata eseguita la query: [ UPDATE index_ddt SET year='2015' ] dall'utente di dominio [ paolo ]
Jan 21 12:08:59|PEAR_LOG_SQL[info] E' stata eseguita la query: [ UPDATE index_fattura SET year='2015' ] dall'utente di dominio [ paolo ]
Jan 21 12:08:59|PEAR_LOG_SQL[info] E' stata eseguita la query: [ UPDATE index_ddt SET year='2015' ] dall'utente di dominio [ paolo ]
Jan 21 12:09:09|PEAR_LOG_SQL[info] E' stata eseguita la query: [ UPDATE index_fattura SET year='2015' ] dall'utente di dominio [ paolo ]
Jan 21 12:09:09|PEAR_LOG_SQL[info] E' stata eseguita la query: [ UPDATE index_ddt SET year='2015' ] dall'utente di dominio [ paolo ]
Jan 21 12:09:09|PEAR_LOG_SQL[info] E' stata eseguita la query: [ UPDATE index_fattura SET year='2015' ] dall'utente di dominio [ paolo ]
Jan 21 12:09:09|PEAR_LOG_SQL[info] E' stata eseguita la query: [ UPDATE index_ddt SET year='2015' ] dall'utente di dominio [ paolo ]
Jan 21 12:09:19|PEAR_LOG_SQL[info] E' stata eseguita la query: [ UPDATE index_fattura SET year='2015' ] dall'utente di dominio [ paolo ]
Jan 21 12:09:19|PEAR_LOG_SQL[info] E' stata eseguita la query: [ UPDATE index_ddt SET year='2015' ] dall'utente di dominio [ paolo ]
Jan 21 12:09:19|PEAR_LOG_SQL[info] E' stata eseguita la query: [ UPDATE index_fattura SET year='2015' ] dall'utente di dominio [ paolo ]
Jan 21 12:09:19|PEAR_LOG_SQL[info] E' stata eseguita la query: [ UPDATE index_ddt SET year='2015' ] dall'utente di dominio [ paolo ]
Jan 21 12:09:29|PEAR_LOG_SQL[info] E' stata eseguita la query: [ UPDATE index_fattura SET year='2015' ] dall'utente di dominio [ paolo ]
Jan 21 12:09:29|PEAR_LOG_SQL[info] E' stata eseguita la query: [ UPDATE index_ddt SET year='2015' ] dall'utente di dominio [ paolo ]
Jan 21 12:09:30|PEAR_LOG_SQL[info] E' stata eseguita la query: [ UPDATE index_fattura SET year='2015' ] dall'utente di dominio [ paolo ]
Jan 21 12:09:30|PEAR_LOG_SQL[info] E' stata eseguita la query: [ UPDATE index_ddt SET year='2015' ] dall'utente di dominio [ paolo ]
Jan 21 12:09:40|PEAR_LOG_SQL[info] E' stata eseguita la query: [ UPDATE index_fattura SET year='2015' ] dall'utente di dominio [ paolo ]
Jan 21 12:09:40|PEAR_LOG_SQL[info] E' stata eseguita la query: [ UPDATE index_ddt SET year='2015' ] dall'utente di dominio [ paolo ]
Jan 21 12:09:40|PEAR_LOG_SQL[info] E' stata eseguita la query: [ UPDATE index_fattura SET year='2015' ] dall'utente di dominio [ paolo ]
Jan 21 12:09:40|PEAR_LOG_SQL[info] E' stata eseguita la query: [ UPDATE index_ddt SET year='2015' ] dall'utente di dominio [ paolo ]
Jan 21 12:09:44|PEAR_LOG_SQL[info] E' stata eseguita la query: [ UPDATE index_fattura SET year='2015' ] dall'utente di dominio [ paolo ]
Jan 21 12:09:44|PEAR_LOG_SQL[info] E' stata eseguita la query: [ UPDATE index_ddt SET year='2015' ] dall'utente di dominio [ paolo ]
Jan 21 12:09:47|PEAR_LOG_SQL[info] E' stata eseguita la query: [ UPDATE index_fattura SET year='2015' ] dall'utente di dominio [ paolo ]
Jan 21 12:09:47|PEAR_LOG_SQL[info] E' stata eseguita la query: [ UPDATE index_ddt SET year='2015' ] dall'utente di dominio [ paolo ]
Jan 21 12:10:27|PEAR_LOG_SQL[info] E' stata eseguita la query: [ UPDATE index_fattura SET year='2015' ] dall'utente di dominio [ paolo ]
Jan 21 12:10:27|PEAR_LOG_SQL[info] E' stata eseguita la query: [ UPDATE index_ddt SET year='2015' ] dall'utente di dominio [ paolo ]
Jan 21 12:10:27|PEAR_LOG_SQL[info] E' stata eseguita la query: [ DELETE FROM images WHERE id = 311 ] dall'utente di dominio [ paolo ]
Jan 21 12:10:27|PEAR_LOG_SQL[info] E' stata eseguita la query: [ UPDATE index_fattura SET year='2015' ] dall'utente di dominio [ paolo ]
Jan 21 12:10:27|PEAR_LOG_SQL[info] E' stata eseguita la query: [ UPDATE index_ddt SET year='2015' ] dall'utente di dominio [ paolo ]
Jan 21 12:11:03|PEAR_LOG_SQL[info] E' stata eseguita la query: [ UPDATE index_fattura SET year='2015' ] dall'utente di dominio [ paolo ]
Jan 21 12:11:03|PEAR_LOG_SQL[info] E' stata eseguita la query: [ UPDATE index_ddt SET year='2015' ] dall'utente di dominio [ paolo ]
Jan 21 12:11:03|PEAR_LOG_SQL[info] E' stata eseguita la query: [ UPDATE content SET id_gm = 43,id_famiglia = NULL,nome_it = 'RHODODENDRON *Christmas Cheer* VASO 22',descrizione_it = '<p>Chioma 40/50 cm, colore rosa chiaro tendente al bianco<strong>. Fioriti al punto giusto. Disponibili 200 pezzi pronti,&nbsp; <span style=\"color:#FF0000\">OFFERTA LIMITATA</span></strong><span style=\"color:#FF0000\">!!!</span></p>\r\n',nome_en = '',descrizione_en = '',vbn = NULL,note = '<p>Chioma 40/50 cm, colore rosa chiaro tendente al bianco<strong>. Fioriti al punto giusto. Disponibili 200 pezzi pronti,&nbsp; <span style=\"color:#FF0000\">OFFERTA LIMITATA</span></strong><span style=\"color:#FF0000\">!!!</span></p>\r\n',peso = NULL,C1 = NULL,C2 = NULL,C3 = NULL,C4 = NULL,C5 = NULL,tipo_colore = NULL,prezzo_0 = '8.50',prezzo_1 = NULL,prezzo_2 = NULL,prezzo_3 = NULL,prezzo_4 = NULL,prezzo_5 = NULL,prezzo_6 = NULL,prezzo_7 = NULL,prezzo_8 = NULL,prezzo_9 = NULL,cod_iva = 10,have_image = NULL,vbn_image = NULL,data_inserimento_riga = '2015-01-21 12:11:03',data_modifica_riga = '2015-01-21 12:11:03',is_active = 1,is_vbn_updated = NULL,operatore = 'paolo',codice_articolo = NULL WHERE id = 41 ] dall'utente di dominio [ paolo ]
Jan 21 12:11:03|PEAR_LOG_SQL[info] E' stata eseguita la query: [ UPDATE giacenze SET id_gm = 43,bar_code = 'RHODO22CR',id_content = 41,id_fornitore = 400,C1 = NULL,C2 = NULL,C3 = NULL,C4 = NULL,C5 = NULL,prezzo_0 = '8.50',prezzo_1 = NULL,prezzo_2 = NULL,prezzo_3 = NULL,prezzo_4 = NULL,prezzo_5 = NULL,prezzo_6 = NULL,prezzo_7 = NULL,prezzo_8 = NULL,prezzo_9 = NULL,quantita = 7,quantita_mazzo = 1,disponibilita = 0,stato = 'O',promo = NULL,dimensione = NULL,scelta = NULL,fusto = NULL,produttore = 'sonneville',openstage = NULL,data_inserimento_riga = '2015-01-21 12:11:03',data_modifica_riga = '2015-01-21 12:11:03',is_active = 1,operatore = 'paolo',prezzo_acquisto = '6.00',visibile = '1',in_home = '0',qta_minima = '1',qta_pianale = '14',qta_carrello = '42',qta_min_ordine = '7' WHERE id = 796 ] dall'utente di dominio [ paolo ]
Jan 21 12:11:03|PEAR_LOG_SQL[info] E' stata eseguita la query: [ INSERT INTO images (id,ext,id_content,name,local_path,www_path) VALUES (312,'.jpg',41,'RHODO22CR_1','/var/www/vhosts/shop-oddone.biz/httpdocs/FlorSysIntegration/img/','http://shop-oddone.biz/FlorSysIntegration/img/') ] dall'utente di dominio [ paolo ] Utente di dominio: [ paolo ] REMOTE PORT: [ 52226 ] REMOTE IP: [ 95.225.163.88 ] FULL DATE [ 21-01-2015 ]
Jan 21 14:27:20|PEAR_LOG_SQL[info] E' stata eseguita la query: [ UPDATE index_fattura SET year='2015' ] dall'utente di dominio [  ]
Jan 21 14:27:20|PEAR_LOG_SQL[info] E' stata eseguita la query: [ UPDATE index_ddt SET year='2015' ] dall'utente di dominio [  ]
Jan 21 23:19:06|PEAR_LOG_SQL[info] E' stata eseguita la query: [ UPDATE index_fattura SET year='2015' ] dall'utente di dominio [  ]
Jan 21 23:19:06|PEAR_LOG_SQL[info] E' stata eseguita la query: [ UPDATE index_ddt SET year='2015' ] dall'utente di dominio [  ]
Jan 21 23:19:13|PEAR_LOG_SQL[info] E' stata eseguita la query: [ UPDATE index_fattura SET year='2015' ] dall'utente di dominio [  ]
Jan 21 23:19:13|PEAR_LOG_SQL[info] E' stata eseguita la query: [ UPDATE index_ddt SET year='2015' ] dall'utente di dominio [  ]
Jan 21 23:19:13|PEAR_LOG_SQL[info] E' stata eseguita la query: [ UPDATE users SET id_type = 1,id_anag = 7037,id_customer = 35,sconto_fornitori_nl = NULL,sconto_fornitori_de = NULL,username = 'paolo',password = 'e45db853fb2e1caa77398c3a16867d19a2afr24tg56r4r65wg',secret_question = 'Nome?',secret_response = 'Alessandro',confirmation_code = NULL,last_access = '2015-01-21 23:19:13',data_inserimento_riga = '2014-04-09',data_modifica_riga = '2015-01-21',is_newsletter_subscribed = '1',is_t_c_accepted = '1',is_active = 1,operatore = 'paolo' WHERE id = 7210 ] dall'utente di dominio [  ] Utente di dominio: [  ] REMOTE PORT: [ 49717 ] REMOTE IP: [ 79.20.198.80 ] FULL DATE [ 21-01-2015 ]
Jan 21 23:19:13|PEAR_LOG_SQL[info] E' stata eseguita la query: [ UPDATE index_fattura SET year='2015' ] dall'utente di dominio [ paolo ]
Jan 21 23:19:13|PEAR_LOG_SQL[info] E' stata eseguita la query: [ UPDATE index_ddt SET year='2015' ] dall'utente di dominio [ paolo ]
Jan 21 23:19:25|PEAR_LOG_SQL[info] E' stata eseguita la query: [ UPDATE index_fattura SET year='2015' ] dall'utente di dominio [ paolo ]
Jan 21 23:19:25|PEAR_LOG_SQL[info] E' stata eseguita la query: [ UPDATE index_ddt SET year='2015' ] dall'utente di dominio [ paolo ]
Jan 21 23:19:25|PEAR_LOG_SQL[info] E' stata eseguita la query: [ UPDATE index_fattura SET year='2015' ] dall'utente di dominio [ paolo ]
Jan 21 23:19:25|PEAR_LOG_SQL[info] E' stata eseguita la query: [ UPDATE index_ddt SET year='2015' ] dall'utente di dominio [ paolo ]
Jan 21 23:19:28|PEAR_LOG_SQL[info] E' stata eseguita la query: [ UPDATE index_fattura SET year='2015' ] dall'utente di dominio [ paolo ]
Jan 21 23:19:28|PEAR_LOG_SQL[info] E' stata eseguita la query: [ UPDATE index_ddt SET year='2015' ] dall'utente di dominio [ paolo ]
Jan 21 23:19:32|PEAR_LOG_SQL[info] E' stata eseguita la query: [ UPDATE index_fattura SET year='2015' ] dall'utente di dominio [ paolo ]
Jan 21 23:19:32|PEAR_LOG_SQL[info] E' stata eseguita la query: [ UPDATE index_ddt SET year='2015' ] dall'utente di dominio [ paolo ]
Jan 21 23:19:36|PEAR_LOG_SQL[info] E' stata eseguita la query: [ UPDATE index_fattura SET year='2015' ] dall'utente di dominio [ paolo ]
Jan 21 23:19:36|PEAR_LOG_SQL[info] E' stata eseguita la query: [ UPDATE index_ddt SET year='2015' ] dall'utente di dominio [ paolo ]
Jan 21 23:19:44|PEAR_LOG_SQL[info] E' stata eseguita la query: [ UPDATE index_fattura SET year='2015' ] dall'utente di dominio [ paolo ]
Jan 21 23:19:44|PEAR_LOG_SQL[info] E' stata eseguita la query: [ UPDATE index_ddt SET year='2015' ] dall'utente di dominio [ paolo ]
Jan 21 23:19:49|PEAR_LOG_SQL[info] E' stata eseguita la query: [ UPDATE index_fattura SET year='2015' ] dall'utente di dominio [ paolo ]
Jan 21 23:19:49|PEAR_LOG_SQL[info] E' stata eseguita la query: [ UPDATE index_ddt SET year='2015' ] dall'utente di dominio [ paolo ]
Jan 21 23:44:20|PEAR_LOG_SQL[info] E' stata eseguita la query: [ UPDATE index_fattura SET year='2015' ] dall'utente di dominio [ paolo ]
Jan 21 23:44:20|PEAR_LOG_SQL[info] E' stata eseguita la query: [ UPDATE index_ddt SET year='2015' ] dall'utente di dominio [ paolo ]
Jan 21 23:44:23|PEAR_LOG_SQL[info] E' stata eseguita la query: [ UPDATE index_fattura SET year='2015' ] dall'utente di dominio [ paolo ]
Jan 21 23:44:23|PEAR_LOG_SQL[info] E' stata eseguita la query: [ UPDATE index_ddt SET year='2015' ] dall'utente di dominio [ paolo ]
Jan 21 23:44:34|PEAR_LOG_SQL[info] E' stata eseguita la query: [ UPDATE index_fattura SET year='2015' ] dall'utente di dominio [ paolo ]
Jan 21 23:44:34|PEAR_LOG_SQL[info] E' stata eseguita la query: [ UPDATE index_ddt SET year='2015' ] dall'utente di dominio [ paolo ]
Jan 21 23:44:34|PEAR_LOG_SQL[info] E' stata eseguita la query: [ UPDATE index_fattura SET year='2015' ] dall'utente di dominio [ paolo ]
Jan 21 23:44:34|PEAR_LOG_SQL[info] E' stata eseguita la query: [ UPDATE index_ddt SET year='2015' ] dall'utente di dominio [ paolo ]
Jan 21 23:44:42|PEAR_LOG_SQL[info] E' stata eseguita la query: [ UPDATE index_fattura SET year='2015' ] dall'utente di dominio [ paolo ]
Jan 21 23:44:42|PEAR_LOG_SQL[info] E' stata eseguita la query: [ UPDATE index_ddt SET year='2015' ] dall'utente di dominio [ paolo ]
Jan 21 23:44:44|PEAR_LOG_SQL[info] E' stata eseguita la query: [ UPDATE index_fattura SET year='2015' ] dall'utente di dominio [ paolo ]
Jan 21 23:44:44|PEAR_LOG_SQL[info] E' stata eseguita la query: [ UPDATE index_ddt SET year='2015' ] dall'utente di dominio [ paolo ]
Jan 21 23:44:48|PEAR_LOG_SQL[info] E' stata eseguita la query: [ UPDATE index_fattura SET year='2015' ] dall'utente di dominio [ paolo ]
Jan 21 23:44:48|PEAR_LOG_SQL[info] E' stata eseguita la query: [ UPDATE index_ddt SET year='2015' ] dall'utente di dominio [ paolo ]
Jan 21 23:44:58|PEAR_LOG_SQL[info] E' stata eseguita la query: [ UPDATE index_fattura SET year='2015' ] dall'utente di dominio [ paolo ]
Jan 21 23:44:58|PEAR_LOG_SQL[info] E' stata eseguita la query: [ UPDATE index_ddt SET year='2015' ] dall'utente di dominio [ paolo ]
Jan 21 23:45:00|PEAR_LOG_SQL[info] E' stata eseguita la query: [ UPDATE index_fattura SET year='2015' ] dall'utente di dominio [ paolo ]
Jan 21 23:45:00|PEAR_LOG_SQL[info] E' stata eseguita la query: [ UPDATE index_ddt SET year='2015' ] dall'utente di dominio [ paolo ]
