Jan 27 10:01:53|PEAR_LOG_SQL[info] E' stata eseguita la query: [ UPDATE index_fattura SET year='2015' ] dall'utente di dominio [  ]
Jan 27 10:01:53|PEAR_LOG_SQL[info] E' stata eseguita la query: [ UPDATE index_ddt SET year='2015' ] dall'utente di dominio [  ]
Jan 27 18:08:02|PEAR_LOG_SQL[info] E' stata eseguita la query: [ UPDATE index_fattura SET year='2015' ] dall'utente di dominio [  ]
Jan 27 18:08:02|PEAR_LOG_SQL[info] E' stata eseguita la query: [ UPDATE index_ddt SET year='2015' ] dall'utente di dominio [  ]
Jan 27 22:43:05|PEAR_LOG_SQL[info] E' stata eseguita la query: [ UPDATE index_fattura SET year='2015' ] dall'utente di dominio [  ]
Jan 27 22:43:05|PEAR_LOG_SQL[info] E' stata eseguita la query: [ UPDATE index_ddt SET year='2015' ] dall'utente di dominio [  ]
Jan 27 22:43:15|PEAR_LOG_SQL[info] E' stata eseguita la query: [ UPDATE index_fattura SET year='2015' ] dall'utente di dominio [  ]
Jan 27 22:43:15|PEAR_LOG_SQL[info] E' stata eseguita la query: [ UPDATE index_ddt SET year='2015' ] dall'utente di dominio [  ]
Jan 27 22:43:15|PEAR_LOG_SQL[info] E' stata eseguita la query: [ UPDATE users SET id_type = 1,id_anag = 7037,id_customer = 35,sconto_fornitori_nl = NULL,sconto_fornitori_de = NULL,username = 'paolo',password = 'e45db853fb2e1caa77398c3a16867d19a2afr24tg56r4r65wg',secret_question = 'Nome?',secret_response = 'Alessandro',confirmation_code = NULL,last_access = '2015-01-27 22:43:15',data_inserimento_riga = '2014-04-09',data_modifica_riga = '2015-01-27',is_newsletter_subscribed = '1',is_t_c_accepted = '1',is_active = 1,operatore = 'paolo' WHERE id = 7210 ] dall'utente di dominio [  ] Utente di dominio: [  ] REMOTE PORT: [ 53532 ] REMOTE IP: [ 82.56.134.156 ] FULL DATE [ 27-01-2015 ]
Jan 27 22:43:15|PEAR_LOG_SQL[info] E' stata eseguita la query: [ UPDATE index_fattura SET year='2015' ] dall'utente di dominio [ paolo ]
Jan 27 22:43:15|PEAR_LOG_SQL[info] E' stata eseguita la query: [ UPDATE index_ddt SET year='2015' ] dall'utente di dominio [ paolo ]
Jan 27 22:43:25|PEAR_LOG_SQL[info] E' stata eseguita la query: [ UPDATE index_fattura SET year='2015' ] dall'utente di dominio [ paolo ]
Jan 27 22:43:25|PEAR_LOG_SQL[info] E' stata eseguita la query: [ UPDATE index_ddt SET year='2015' ] dall'utente di dominio [ paolo ]
Jan 27 22:43:33|PEAR_LOG_SQL[info] E' stata eseguita la query: [ UPDATE index_fattura SET year='2015' ] dall'utente di dominio [ paolo ]
Jan 27 22:43:33|PEAR_LOG_SQL[info] E' stata eseguita la query: [ UPDATE index_ddt SET year='2015' ] dall'utente di dominio [ paolo ]
Jan 27 22:49:06|PEAR_LOG_SQL[info] E' stata eseguita la query: [ UPDATE index_fattura SET year='2015' ] dall'utente di dominio [ paolo ]
Jan 27 22:49:06|PEAR_LOG_SQL[info] E' stata eseguita la query: [ UPDATE index_ddt SET year='2015' ] dall'utente di dominio [ paolo ]
Jan 27 22:49:07|PEAR_LOG_SQL[info] E' stata eseguita la query: [ INSERT INTO content (id,id_gm,id_famiglia,nome_it,descrizione_it,nome_en,descrizione_en,vbn,note,peso,C1,C2,C3,C4,C5,tipo_colore,prezzo_0,prezzo_1,prezzo_2,prezzo_3,prezzo_4,prezzo_5,prezzo_6,prezzo_7,prezzo_8,prezzo_9,cod_iva,have_image,vbn_image,data_inserimento_riga,data_modifica_riga,is_active,is_vbn_updated,operatore,codice_articolo) VALUES (59,16,NULL,'LUNA MIRIAM MORABITO','<p>Bella bambina ma un po&#39; monella!</p>\r\n','','',NULL,'<p>Bella bambina ma un po&#39; monella!</p>\r\n',NULL,NULL,NULL,NULL,NULL,NULL,NULL,'',NULL,NULL,NULL,NULL,NULL,NULL,NULL,NULL,NULL,22,NULL,NULL,'2015-01-27 22:49:06','2015-01-27 22:49:06',1,NULL,'paolo',NULL) ] dall'utente di dominio [ paolo ]
Jan 27 22:49:07|PEAR_LOG_SQL[info] E' stata eseguita la query: [ INSERT INTO giacenze (id,id_gm,bar_code,id_content,id_fornitore,C1,C2,C3,C4,C5,prezzo_0,prezzo_1,prezzo_2,prezzo_3,prezzo_4,prezzo_5,prezzo_6,prezzo_7,prezzo_8,prezzo_9,quantita,quantita_mazzo,disponibilita,stato,promo,dimensione,scelta,fusto,produttore,openstage,data_inserimento_riga,data_modifica_riga,is_active,operatore,prezzo_acquisto,visibile,in_home,qta_minima,qta_pianale,qta_carrello,qta_min_ordine) VALUES (983,16,'LUNA',59,402,NULL,NULL,NULL,NULL,NULL,'',NULL,NULL,NULL,NULL,NULL,NULL,NULL,NULL,NULL,0,0,0,NULL,NULL,NULL,NULL,NULL,'',NULL,'2015-01-27 22:49:07','2015-01-27 22:49:07',1,'paolo','','0','0','','','','') ] dall'utente di dominio [ paolo ] Utente di dominio: [ paolo ] REMOTE PORT: [ 53611 ] REMOTE IP: [ 82.56.134.156 ] FULL DATE [ 27-01-2015 ]
Jan 27 22:49:08|PEAR_LOG_SQL[info] E' stata eseguita la query: [ INSERT INTO images (id,ext,id_content,name,local_path,www_path) VALUES (315,'.jpg',59,'LUNA_1','/var/www/vhosts/shop-oddone.biz/httpdocs/FlorSysIntegration/img/','http://shop-oddone.biz/FlorSysIntegration/img/') ] dall'utente di dominio [ paolo ] Utente di dominio: [ paolo ] REMOTE PORT: [ 53611 ] REMOTE IP: [ 82.56.134.156 ] FULL DATE [ 27-01-2015 ]
Jan 27 22:49:20|PEAR_LOG_SQL[info] E' stata eseguita la query: [ UPDATE index_fattura SET year='2015' ] dall'utente di dominio [ paolo ]
Jan 27 22:49:20|PEAR_LOG_SQL[info] E' stata eseguita la query: [ UPDATE index_ddt SET year='2015' ] dall'utente di dominio [ paolo ]
Jan 27 22:49:20|PEAR_LOG_SQL[info] E' stata eseguita la query: [ UPDATE content SET id_gm = 16,id_famiglia = NULL,nome_it = 'LUNA MIRIAM MORABITO',descrizione_it = '<p>Bella bambina ma un po&#39; monella!</p>\r\n',nome_en = '',descrizione_en = '',vbn = NULL,note = '<p>Bella bambina ma un po&#39; monella!</p>\r\n',peso = NULL,C1 = NULL,C2 = NULL,C3 = NULL,C4 = NULL,C5 = NULL,tipo_colore = NULL,prezzo_0 = '0.00',prezzo_1 = NULL,prezzo_2 = NULL,prezzo_3 = NULL,prezzo_4 = NULL,prezzo_5 = NULL,prezzo_6 = NULL,prezzo_7 = NULL,prezzo_8 = NULL,prezzo_9 = NULL,cod_iva = 22,have_image = NULL,vbn_image = NULL,data_inserimento_riga = '2015-01-27 22:49:20',data_modifica_riga = '2015-01-27 22:49:20',is_active = 1,is_vbn_updated = NULL,operatore = 'paolo',codice_articolo = NULL WHERE id = 59 ] dall'utente di dominio [ paolo ]
Jan 27 22:49:20|PEAR_LOG_SQL[info] E' stata eseguita la query: [ UPDATE giacenze SET id_gm = 16,bar_code = 'LUNA',id_content = 59,id_fornitore = 402,C1 = NULL,C2 = NULL,C3 = NULL,C4 = NULL,C5 = NULL,prezzo_0 = '0.00',prezzo_1 = NULL,prezzo_2 = NULL,prezzo_3 = NULL,prezzo_4 = NULL,prezzo_5 = NULL,prezzo_6 = NULL,prezzo_7 = NULL,prezzo_8 = NULL,prezzo_9 = NULL,quantita = 0,quantita_mazzo = 0,disponibilita = 0,stato = NULL,promo = NULL,dimensione = NULL,scelta = NULL,fusto = NULL,produttore = '',openstage = NULL,data_inserimento_riga = '2015-01-27 22:49:20',data_modifica_riga = '2015-01-27 22:49:20',is_active = 1,operatore = 'paolo',prezzo_acquisto = '0.00',visibile = '0',in_home = '0',qta_minima = '0',qta_pianale = '0',qta_carrello = '0',qta_min_ordine = '0' WHERE id = 983 ] dall'utente di dominio [ paolo ]
Jan 27 22:50:00|PEAR_LOG_SQL[info] E' stata eseguita la query: [ UPDATE index_fattura SET year='2015' ] dall'utente di dominio [ paolo ]
Jan 27 22:50:00|PEAR_LOG_SQL[info] E' stata eseguita la query: [ UPDATE index_ddt SET year='2015' ] dall'utente di dominio [ paolo ]
Jan 27 22:50:05|PEAR_LOG_SQL[info] E' stata eseguita la query: [ UPDATE index_fattura SET year='2015' ] dall'utente di dominio [ paolo ]
Jan 27 22:50:05|PEAR_LOG_SQL[info] E' stata eseguita la query: [ UPDATE index_ddt SET year='2015' ] dall'utente di dominio [ paolo ]
Jan 27 22:50:09|PEAR_LOG_SQL[info] E' stata eseguita la query: [ UPDATE index_fattura SET year='2015' ] dall'utente di dominio [ paolo ]
Jan 27 22:50:09|PEAR_LOG_SQL[info] E' stata eseguita la query: [ UPDATE index_ddt SET year='2015' ] dall'utente di dominio [ paolo ]
Jan 27 22:50:09|PEAR_LOG_SQL[info] E' stata eseguita la query: [ INSERT INTO content (id,id_gm,id_famiglia,nome_it,descrizione_it,nome_en,descrizione_en,vbn,note,peso,C1,C2,C3,C4,C5,tipo_colore,prezzo_0,prezzo_1,prezzo_2,prezzo_3,prezzo_4,prezzo_5,prezzo_6,prezzo_7,prezzo_8,prezzo_9,cod_iva,have_image,vbn_image,data_inserimento_riga,data_modifica_riga,is_active,is_vbn_updated,operatore,codice_articolo) VALUES (60,16,NULL,'LUNA MIRIAM MORABITO','<p>Bella bambina ma un po&#39; monella!</p>\r\n','','',NULL,'<p>Bella bambina ma un po&#39; monella!</p>\r\n',NULL,NULL,NULL,NULL,NULL,NULL,NULL,'',NULL,NULL,NULL,NULL,NULL,NULL,NULL,NULL,NULL,22,NULL,NULL,'2015-01-27 22:50:09','2015-01-27 22:50:09',1,NULL,'paolo',NULL) ] dall'utente di dominio [ paolo ]
Jan 27 22:50:09|PEAR_LOG_SQL[info] E' stata eseguita la query: [ INSERT INTO giacenze (id,id_gm,bar_code,id_content,id_fornitore,C1,C2,C3,C4,C5,prezzo_0,prezzo_1,prezzo_2,prezzo_3,prezzo_4,prezzo_5,prezzo_6,prezzo_7,prezzo_8,prezzo_9,quantita,quantita_mazzo,disponibilita,stato,promo,dimensione,scelta,fusto,produttore,openstage,data_inserimento_riga,data_modifica_riga,is_active,operatore,prezzo_acquisto,visibile,in_home,qta_minima,qta_pianale,qta_carrello,qta_min_ordine) VALUES (984,16,'LUNA',60,402,NULL,NULL,NULL,NULL,NULL,'',NULL,NULL,NULL,NULL,NULL,NULL,NULL,NULL,NULL,0,0,0,NULL,NULL,NULL,NULL,NULL,'',NULL,'2015-01-27 22:50:09','2015-01-27 22:50:09',1,'paolo','','0','0','','','','') ] dall'utente di dominio [ paolo ] Utente di dominio: [ paolo ] REMOTE PORT: [ 53850 ] REMOTE IP: [ 82.56.134.156 ] FULL DATE [ 27-01-2015 ]
Jan 27 22:50:18|PEAR_LOG_SQL[info] E' stata eseguita la query: [ UPDATE index_fattura SET year='2015' ] dall'utente di dominio [ paolo ]
Jan 27 22:50:18|PEAR_LOG_SQL[info] E' stata eseguita la query: [ UPDATE index_ddt SET year='2015' ] dall'utente di dominio [ paolo ]
Jan 27 22:50:20|PEAR_LOG_SQL[info] E' stata eseguita la query: [ UPDATE index_fattura SET year='2015' ] dall'utente di dominio [ paolo ]
Jan 27 22:50:20|PEAR_LOG_SQL[info] E' stata eseguita la query: [ UPDATE index_ddt SET year='2015' ] dall'utente di dominio [ paolo ]
Jan 27 22:50:54|PEAR_LOG_SQL[info] E' stata eseguita la query: [ UPDATE index_fattura SET year='2015' ] dall'utente di dominio [ paolo ]
Jan 27 22:50:54|PEAR_LOG_SQL[info] E' stata eseguita la query: [ UPDATE index_ddt SET year='2015' ] dall'utente di dominio [ paolo ]
Jan 27 22:50:54|PEAR_LOG_SQL[info] E' stata eseguita la query: [ UPDATE content SET id_gm = 16,id_famiglia = NULL,nome_it = 'LUNA MIRIAM MORABITO',descrizione_it = '<p>Bella bambina ma un po&#39; monella!</p>\r\n',nome_en = '',descrizione_en = '',vbn = NULL,note = '<p>Bella bambina ma un po&#39; monella!</p>\r\n',peso = NULL,C1 = NULL,C2 = NULL,C3 = NULL,C4 = NULL,C5 = NULL,tipo_colore = NULL,prezzo_0 = '10000.00',prezzo_1 = NULL,prezzo_2 = NULL,prezzo_3 = NULL,prezzo_4 = NULL,prezzo_5 = NULL,prezzo_6 = NULL,prezzo_7 = NULL,prezzo_8 = NULL,prezzo_9 = NULL,cod_iva = 22,have_image = NULL,vbn_image = NULL,data_inserimento_riga = '2015-01-27 22:50:54',data_modifica_riga = '2015-01-27 22:50:54',is_active = 1,is_vbn_updated = NULL,operatore = 'paolo',codice_articolo = NULL WHERE id = 59 ] dall'utente di dominio [ paolo ]
Jan 27 22:50:54|PEAR_LOG_SQL[info] E' stata eseguita la query: [ UPDATE giacenze SET id_gm = 16,bar_code = 'LUNA',id_content = 59,id_fornitore = 402,C1 = NULL,C2 = NULL,C3 = NULL,C4 = NULL,C5 = NULL,prezzo_0 = '10000.00',prezzo_1 = NULL,prezzo_2 = NULL,prezzo_3 = NULL,prezzo_4 = NULL,prezzo_5 = NULL,prezzo_6 = NULL,prezzo_7 = NULL,prezzo_8 = NULL,prezzo_9 = NULL,quantita = 1,quantita_mazzo = 1,disponibilita = 0,stato = 'N',promo = NULL,dimensione = NULL,scelta = NULL,fusto = NULL,produttore = '',openstage = NULL,data_inserimento_riga = '2015-01-27 22:50:54',data_modifica_riga = '2015-01-27 22:50:54',is_active = 1,operatore = 'paolo',prezzo_acquisto = '8000.00',visibile = '1',in_home = '1',qta_minima = '1',qta_pianale = '1',qta_carrello = '1',qta_min_ordine = '1' WHERE id = 983 ] dall'utente di dominio [ paolo ]
Jan 27 22:52:39|PEAR_LOG_SQL[info] E' stata eseguita la query: [ UPDATE index_fattura SET year='2015' ] dall'utente di dominio [ paolo ]
Jan 27 22:52:39|PEAR_LOG_SQL[info] E' stata eseguita la query: [ UPDATE index_ddt SET year='2015' ] dall'utente di dominio [ paolo ]
Jan 27 22:52:39|PEAR_LOG_SQL[info] E' stata eseguita la query: [ UPDATE content SET id_gm = 17,id_famiglia = NULL,nome_it = 'LUNA MIRIAM MORABITO',descrizione_it = '<p>Bella bambina ma un po&#39; monella!</p>\r\n',nome_en = '',descrizione_en = '',vbn = NULL,note = '<p>Bella bambina ma un po&#39; monella!</p>\r\n',peso = NULL,C1 = NULL,C2 = NULL,C3 = NULL,C4 = NULL,C5 = NULL,tipo_colore = NULL,prezzo_0 = '10000.00',prezzo_1 = NULL,prezzo_2 = NULL,prezzo_3 = NULL,prezzo_4 = NULL,prezzo_5 = NULL,prezzo_6 = NULL,prezzo_7 = NULL,prezzo_8 = NULL,prezzo_9 = NULL,cod_iva = 22,have_image = NULL,vbn_image = NULL,data_inserimento_riga = '2015-01-27 22:52:39',data_modifica_riga = '2015-01-27 22:52:39',is_active = 1,is_vbn_updated = NULL,operatore = 'paolo',codice_articolo = NULL WHERE id = 59 ] dall'utente di dominio [ paolo ]
Jan 27 22:52:39|PEAR_LOG_SQL[info] E' stata eseguita la query: [ UPDATE giacenze SET id_gm = 17,bar_code = 'LUNA',id_content = 59,id_fornitore = 402,C1 = NULL,C2 = NULL,C3 = NULL,C4 = NULL,C5 = NULL,prezzo_0 = '10000.00',prezzo_1 = NULL,prezzo_2 = NULL,prezzo_3 = NULL,prezzo_4 = NULL,prezzo_5 = NULL,prezzo_6 = NULL,prezzo_7 = NULL,prezzo_8 = NULL,prezzo_9 = NULL,quantita = 1,quantita_mazzo = 1,disponibilita = 0,stato = 'N',promo = NULL,dimensione = NULL,scelta = NULL,fusto = NULL,produttore = '',openstage = NULL,data_inserimento_riga = '2015-01-27 22:52:39',data_modifica_riga = '2015-01-27 22:52:39',is_active = 1,operatore = 'paolo',prezzo_acquisto = '8000.00',visibile = '1',in_home = '1',qta_minima = '1',qta_pianale = '1',qta_carrello = '1',qta_min_ordine = '1' WHERE id = 983 ] dall'utente di dominio [ paolo ]
Jan 27 22:55:37|PEAR_LOG_SQL[info] E' stata eseguita la query: [ UPDATE index_fattura SET year='2015' ] dall'utente di dominio [ paolo ]
Jan 27 22:55:37|PEAR_LOG_SQL[info] E' stata eseguita la query: [ UPDATE index_ddt SET year='2015' ] dall'utente di dominio [ paolo ]
Jan 27 22:55:37|PEAR_LOG_SQL[info] E' stata eseguita la query: [ UPDATE content SET id_gm = 16,id_famiglia = NULL,nome_it = 'LUNA MIRIAM MORABITO',descrizione_it = '<p>Bella bambina ma un po&#39; monella!</p>\r\n',nome_en = '',descrizione_en = '',vbn = NULL,note = '<p>Bella bambina ma un po&#39; monella!</p>\r\n',peso = NULL,C1 = NULL,C2 = NULL,C3 = NULL,C4 = NULL,C5 = NULL,tipo_colore = NULL,prezzo_0 = '10000.00',prezzo_1 = NULL,prezzo_2 = NULL,prezzo_3 = NULL,prezzo_4 = NULL,prezzo_5 = NULL,prezzo_6 = NULL,prezzo_7 = NULL,prezzo_8 = NULL,prezzo_9 = NULL,cod_iva = 22,have_image = NULL,vbn_image = NULL,data_inserimento_riga = '2015-01-27 22:55:37',data_modifica_riga = '2015-01-27 22:55:37',is_active = 1,is_vbn_updated = NULL,operatore = 'paolo',codice_articolo = NULL WHERE id = 59 ] dall'utente di dominio [ paolo ]
Jan 27 22:55:37|PEAR_LOG_SQL[info] E' stata eseguita la query: [ UPDATE giacenze SET id_gm = 16,bar_code = 'LUNA',id_content = 59,id_fornitore = 402,C1 = NULL,C2 = NULL,C3 = NULL,C4 = NULL,C5 = NULL,prezzo_0 = '10000.00',prezzo_1 = NULL,prezzo_2 = NULL,prezzo_3 = NULL,prezzo_4 = NULL,prezzo_5 = NULL,prezzo_6 = NULL,prezzo_7 = NULL,prezzo_8 = NULL,prezzo_9 = NULL,quantita = 1,quantita_mazzo = 1,disponibilita = 0,stato = 'N',promo = NULL,dimensione = NULL,scelta = NULL,fusto = NULL,produttore = '',openstage = NULL,data_inserimento_riga = '2015-01-27 22:55:37',data_modifica_riga = '2015-01-27 22:55:37',is_active = 1,operatore = 'paolo',prezzo_acquisto = '8000.00',visibile = '1',in_home = '1',qta_minima = '1',qta_pianale = '1',qta_carrello = '1',qta_min_ordine = '1' WHERE id = 983 ] dall'utente di dominio [ paolo ]
Jan 27 22:55:44|PEAR_LOG_SQL[info] E' stata eseguita la query: [ UPDATE index_fattura SET year='2015' ] dall'utente di dominio [ paolo ]
Jan 27 22:55:44|PEAR_LOG_SQL[info] E' stata eseguita la query: [ UPDATE index_ddt SET year='2015' ] dall'utente di dominio [ paolo ]
Jan 27 22:55:52|PEAR_LOG_SQL[info] E' stata eseguita la query: [ UPDATE index_fattura SET year='2015' ] dall'utente di dominio [ paolo ]
Jan 27 22:55:52|PEAR_LOG_SQL[info] E' stata eseguita la query: [ UPDATE index_ddt SET year='2015' ] dall'utente di dominio [ paolo ]
Jan 27 22:55:54|PEAR_LOG_SQL[info] E' stata eseguita la query: [ UPDATE index_fattura SET year='2015' ] dall'utente di dominio [ paolo ]
Jan 27 22:55:54|PEAR_LOG_SQL[info] E' stata eseguita la query: [ UPDATE index_ddt SET year='2015' ] dall'utente di dominio [ paolo ]
Jan 27 22:56:01|PEAR_LOG_SQL[info] E' stata eseguita la query: [ UPDATE index_fattura SET year='2015' ] dall'utente di dominio [ paolo ]
Jan 27 22:56:01|PEAR_LOG_SQL[info] E' stata eseguita la query: [ UPDATE index_ddt SET year='2015' ] dall'utente di dominio [ paolo ]
Jan 27 22:56:07|PEAR_LOG_SQL[info] E' stata eseguita la query: [ UPDATE index_fattura SET year='2015' ] dall'utente di dominio [ paolo ]
Jan 27 22:56:07|PEAR_LOG_SQL[info] E' stata eseguita la query: [ UPDATE index_ddt SET year='2015' ] dall'utente di dominio [ paolo ]
Jan 27 22:56:07|PEAR_LOG_SQL[info] E' stata eseguita la query: [ UPDATE content SET is_active = 0 WHERE id = 60 ] dall'utente di dominio [ paolo ] Utente di dominio: [ paolo ] REMOTE PORT: [ 54203 ] REMOTE IP: [ 82.56.134.156 ] FULL DATE [ 27-01-2015 ]
Jan 27 22:56:12|PEAR_LOG_SQL[info] E' stata eseguita la query: [ UPDATE index_fattura SET year='2015' ] dall'utente di dominio [ paolo ]
Jan 27 22:56:12|PEAR_LOG_SQL[info] E' stata eseguita la query: [ UPDATE index_ddt SET year='2015' ] dall'utente di dominio [ paolo ]
Jan 27 22:56:12|PEAR_LOG_SQL[info] E' stata eseguita la query: [ UPDATE content SET is_active = 0 WHERE id = 59 ] dall'utente di dominio [ paolo ] Utente di dominio: [ paolo ] REMOTE PORT: [ 54209 ] REMOTE IP: [ 82.56.134.156 ] FULL DATE [ 27-01-2015 ]
Jan 27 22:56:21|PEAR_LOG_SQL[info] E' stata eseguita la query: [ UPDATE index_fattura SET year='2015' ] dall'utente di dominio [ paolo ]
Jan 27 22:56:21|PEAR_LOG_SQL[info] E' stata eseguita la query: [ UPDATE index_ddt SET year='2015' ] dall'utente di dominio [ paolo ]
Jan 27 22:56:32|PEAR_LOG_SQL[info] E' stata eseguita la query: [ UPDATE index_fattura SET year='2015' ] dall'utente di dominio [ paolo ]
Jan 27 22:56:32|PEAR_LOG_SQL[info] E' stata eseguita la query: [ UPDATE index_ddt SET year='2015' ] dall'utente di dominio [ paolo ]
Jan 27 22:56:32|PEAR_LOG_SQL[info] E' stata eseguita la query: [ UPDATE index_fattura SET year='2015' ] dall'utente di dominio [ paolo ]
Jan 27 22:56:32|PEAR_LOG_SQL[info] E' stata eseguita la query: [ UPDATE index_ddt SET year='2015' ] dall'utente di dominio [ paolo ]
Jan 27 22:56:42|PEAR_LOG_SQL[info] E' stata eseguita la query: [ UPDATE index_fattura SET year='2015' ] dall'utente di dominio [ paolo ]
Jan 27 22:56:42|PEAR_LOG_SQL[info] E' stata eseguita la query: [ UPDATE index_ddt SET year='2015' ] dall'utente di dominio [ paolo ]
Jan 27 22:56:42|PEAR_LOG_SQL[info] E' stata eseguita la query: [ UPDATE index_fattura SET year='2015' ] dall'utente di dominio [ paolo ]
Jan 27 22:56:42|PEAR_LOG_SQL[info] E' stata eseguita la query: [ UPDATE index_ddt SET year='2015' ] dall'utente di dominio [ paolo ]
Jan 27 22:56:53|PEAR_LOG_SQL[info] E' stata eseguita la query: [ UPDATE index_fattura SET year='2015' ] dall'utente di dominio [ paolo ]
Jan 27 22:56:53|PEAR_LOG_SQL[info] E' stata eseguita la query: [ UPDATE index_ddt SET year='2015' ] dall'utente di dominio [ paolo ]
Jan 27 22:56:53|PEAR_LOG_SQL[info] E' stata eseguita la query: [ UPDATE index_fattura SET year='2015' ] dall'utente di dominio [ paolo ]
Jan 27 22:56:53|PEAR_LOG_SQL[info] E' stata eseguita la query: [ UPDATE index_ddt SET year='2015' ] dall'utente di dominio [ paolo ]
Jan 27 22:57:03|PEAR_LOG_SQL[info] E' stata eseguita la query: [ UPDATE index_fattura SET year='2015' ] dall'utente di dominio [ paolo ]
Jan 27 22:57:03|PEAR_LOG_SQL[info] E' stata eseguita la query: [ UPDATE index_ddt SET year='2015' ] dall'utente di dominio [ paolo ]
Jan 27 22:57:03|PEAR_LOG_SQL[info] E' stata eseguita la query: [ UPDATE index_fattura SET year='2015' ] dall'utente di dominio [ paolo ]
Jan 27 22:57:03|PEAR_LOG_SQL[info] E' stata eseguita la query: [ UPDATE index_ddt SET year='2015' ] dall'utente di dominio [ paolo ]
Jan 27 22:57:13|PEAR_LOG_SQL[info] E' stata eseguita la query: [ UPDATE index_fattura SET year='2015' ] dall'utente di dominio [ paolo ]
Jan 27 22:57:13|PEAR_LOG_SQL[info] E' stata eseguita la query: [ UPDATE index_ddt SET year='2015' ] dall'utente di dominio [ paolo ]
Jan 27 22:57:13|PEAR_LOG_SQL[info] E' stata eseguita la query: [ UPDATE index_fattura SET year='2015' ] dall'utente di dominio [ paolo ]
Jan 27 22:57:13|PEAR_LOG_SQL[info] E' stata eseguita la query: [ UPDATE index_ddt SET year='2015' ] dall'utente di dominio [ paolo ]
Jan 27 22:57:24|PEAR_LOG_SQL[info] E' stata eseguita la query: [ UPDATE index_fattura SET year='2015' ] dall'utente di dominio [ paolo ]
Jan 27 22:57:24|PEAR_LOG_SQL[info] E' stata eseguita la query: [ UPDATE index_ddt SET year='2015' ] dall'utente di dominio [ paolo ]
Jan 27 22:57:24|PEAR_LOG_SQL[info] E' stata eseguita la query: [ UPDATE index_fattura SET year='2015' ] dall'utente di dominio [ paolo ]
Jan 27 22:57:24|PEAR_LOG_SQL[info] E' stata eseguita la query: [ UPDATE index_ddt SET year='2015' ] dall'utente di dominio [ paolo ]
Jan 27 22:57:34|PEAR_LOG_SQL[info] E' stata eseguita la query: [ UPDATE index_fattura SET year='2015' ] dall'utente di dominio [ paolo ]
Jan 27 22:57:34|PEAR_LOG_SQL[info] E' stata eseguita la query: [ UPDATE index_ddt SET year='2015' ] dall'utente di dominio [ paolo ]
Jan 27 22:57:34|PEAR_LOG_SQL[info] E' stata eseguita la query: [ UPDATE index_fattura SET year='2015' ] dall'utente di dominio [ paolo ]
Jan 27 22:57:34|PEAR_LOG_SQL[info] E' stata eseguita la query: [ UPDATE index_ddt SET year='2015' ] dall'utente di dominio [ paolo ]
Jan 27 22:57:44|PEAR_LOG_SQL[info] E' stata eseguita la query: [ UPDATE index_fattura SET year='2015' ] dall'utente di dominio [ paolo ]
Jan 27 22:57:44|PEAR_LOG_SQL[info] E' stata eseguita la query: [ UPDATE index_ddt SET year='2015' ] dall'utente di dominio [ paolo ]
Jan 27 22:57:44|PEAR_LOG_SQL[info] E' stata eseguita la query: [ UPDATE index_fattura SET year='2015' ] dall'utente di dominio [ paolo ]
Jan 27 22:57:44|PEAR_LOG_SQL[info] E' stata eseguita la query: [ UPDATE index_ddt SET year='2015' ] dall'utente di dominio [ paolo ]
Jan 27 22:57:55|PEAR_LOG_SQL[info] E' stata eseguita la query: [ UPDATE index_fattura SET year='2015' ] dall'utente di dominio [ paolo ]
Jan 27 22:57:55|PEAR_LOG_SQL[info] E' stata eseguita la query: [ UPDATE index_ddt SET year='2015' ] dall'utente di dominio [ paolo ]
Jan 27 22:57:55|PEAR_LOG_SQL[info] E' stata eseguita la query: [ UPDATE index_fattura SET year='2015' ] dall'utente di dominio [ paolo ]
Jan 27 22:57:55|PEAR_LOG_SQL[info] E' stata eseguita la query: [ UPDATE index_ddt SET year='2015' ] dall'utente di dominio [ paolo ]
Jan 27 22:58:05|PEAR_LOG_SQL[info] E' stata eseguita la query: [ UPDATE index_fattura SET year='2015' ] dall'utente di dominio [ paolo ]
Jan 27 22:58:05|PEAR_LOG_SQL[info] E' stata eseguita la query: [ UPDATE index_ddt SET year='2015' ] dall'utente di dominio [ paolo ]
Jan 27 22:58:05|PEAR_LOG_SQL[info] E' stata eseguita la query: [ UPDATE index_fattura SET year='2015' ] dall'utente di dominio [ paolo ]
Jan 27 22:58:05|PEAR_LOG_SQL[info] E' stata eseguita la query: [ UPDATE index_ddt SET year='2015' ] dall'utente di dominio [ paolo ]
Jan 27 22:58:16|PEAR_LOG_SQL[info] E' stata eseguita la query: [ UPDATE index_fattura SET year='2015' ] dall'utente di dominio [ paolo ]
Jan 27 22:58:16|PEAR_LOG_SQL[info] E' stata eseguita la query: [ UPDATE index_ddt SET year='2015' ] dall'utente di dominio [ paolo ]
Jan 27 22:58:16|PEAR_LOG_SQL[info] E' stata eseguita la query: [ UPDATE index_fattura SET year='2015' ] dall'utente di dominio [ paolo ]
Jan 27 22:58:16|PEAR_LOG_SQL[info] E' stata eseguita la query: [ UPDATE index_ddt SET year='2015' ] dall'utente di dominio [ paolo ]
Jan 27 22:58:26|PEAR_LOG_SQL[info] E' stata eseguita la query: [ UPDATE index_fattura SET year='2015' ] dall'utente di dominio [ paolo ]
Jan 27 22:58:26|PEAR_LOG_SQL[info] E' stata eseguita la query: [ UPDATE index_ddt SET year='2015' ] dall'utente di dominio [ paolo ]
Jan 27 22:58:27|PEAR_LOG_SQL[info] E' stata eseguita la query: [ UPDATE index_fattura SET year='2015' ] dall'utente di dominio [ paolo ]
Jan 27 22:58:27|PEAR_LOG_SQL[info] E' stata eseguita la query: [ UPDATE index_ddt SET year='2015' ] dall'utente di dominio [ paolo ]
Jan 27 22:58:36|PEAR_LOG_SQL[info] E' stata eseguita la query: [ UPDATE index_fattura SET year='2015' ] dall'utente di dominio [ paolo ]
Jan 27 22:58:36|PEAR_LOG_SQL[info] E' stata eseguita la query: [ UPDATE index_ddt SET year='2015' ] dall'utente di dominio [ paolo ]
Jan 27 22:58:37|PEAR_LOG_SQL[info] E' stata eseguita la query: [ UPDATE index_fattura SET year='2015' ] dall'utente di dominio [ paolo ]
Jan 27 22:58:37|PEAR_LOG_SQL[info] E' stata eseguita la query: [ UPDATE index_ddt SET year='2015' ] dall'utente di dominio [ paolo ]
Jan 27 22:58:47|PEAR_LOG_SQL[info] E' stata eseguita la query: [ UPDATE index_fattura SET year='2015' ] dall'utente di dominio [ paolo ]
Jan 27 22:58:47|PEAR_LOG_SQL[info] E' stata eseguita la query: [ UPDATE index_ddt SET year='2015' ] dall'utente di dominio [ paolo ]
Jan 27 22:58:48|PEAR_LOG_SQL[info] E' stata eseguita la query: [ UPDATE index_fattura SET year='2015' ] dall'utente di dominio [ paolo ]
Jan 27 22:58:48|PEAR_LOG_SQL[info] E' stata eseguita la query: [ UPDATE index_ddt SET year='2015' ] dall'utente di dominio [ paolo ]
Jan 27 22:58:58|PEAR_LOG_SQL[info] E' stata eseguita la query: [ UPDATE index_fattura SET year='2015' ] dall'utente di dominio [ paolo ]
Jan 27 22:58:58|PEAR_LOG_SQL[info] E' stata eseguita la query: [ UPDATE index_ddt SET year='2015' ] dall'utente di dominio [ paolo ]
Jan 27 22:58:58|PEAR_LOG_SQL[info] E' stata eseguita la query: [ UPDATE index_fattura SET year='2015' ] dall'utente di dominio [ paolo ]
Jan 27 22:58:58|PEAR_LOG_SQL[info] E' stata eseguita la query: [ UPDATE index_ddt SET year='2015' ] dall'utente di dominio [ paolo ]
Jan 27 22:59:08|PEAR_LOG_SQL[info] E' stata eseguita la query: [ UPDATE index_fattura SET year='2015' ] dall'utente di dominio [ paolo ]
Jan 27 22:59:08|PEAR_LOG_SQL[info] E' stata eseguita la query: [ UPDATE index_ddt SET year='2015' ] dall'utente di dominio [ paolo ]
Jan 27 22:59:08|PEAR_LOG_SQL[info] E' stata eseguita la query: [ UPDATE index_fattura SET year='2015' ] dall'utente di dominio [ paolo ]
Jan 27 22:59:08|PEAR_LOG_SQL[info] E' stata eseguita la query: [ UPDATE index_ddt SET year='2015' ] dall'utente di dominio [ paolo ]
Jan 27 22:59:18|PEAR_LOG_SQL[info] E' stata eseguita la query: [ UPDATE index_fattura SET year='2015' ] dall'utente di dominio [ paolo ]
Jan 27 22:59:18|PEAR_LOG_SQL[info] E' stata eseguita la query: [ UPDATE index_ddt SET year='2015' ] dall'utente di dominio [ paolo ]
Jan 27 22:59:18|PEAR_LOG_SQL[info] E' stata eseguita la query: [ UPDATE index_fattura SET year='2015' ] dall'utente di dominio [ paolo ]
Jan 27 22:59:18|PEAR_LOG_SQL[info] E' stata eseguita la query: [ UPDATE index_ddt SET year='2015' ] dall'utente di dominio [ paolo ]
Jan 27 22:59:28|PEAR_LOG_SQL[info] E' stata eseguita la query: [ UPDATE index_fattura SET year='2015' ] dall'utente di dominio [ paolo ]
Jan 27 22:59:28|PEAR_LOG_SQL[info] E' stata eseguita la query: [ UPDATE index_ddt SET year='2015' ] dall'utente di dominio [ paolo ]
Jan 27 22:59:28|PEAR_LOG_SQL[info] E' stata eseguita la query: [ UPDATE index_fattura SET year='2015' ] dall'utente di dominio [ paolo ]
Jan 27 22:59:28|PEAR_LOG_SQL[info] E' stata eseguita la query: [ UPDATE index_ddt SET year='2015' ] dall'utente di dominio [ paolo ]
Jan 27 22:59:39|PEAR_LOG_SQL[info] E' stata eseguita la query: [ UPDATE index_fattura SET year='2015' ] dall'utente di dominio [ paolo ]
Jan 27 22:59:39|PEAR_LOG_SQL[info] E' stata eseguita la query: [ UPDATE index_ddt SET year='2015' ] dall'utente di dominio [ paolo ]
Jan 27 22:59:39|PEAR_LOG_SQL[info] E' stata eseguita la query: [ UPDATE index_fattura SET year='2015' ] dall'utente di dominio [ paolo ]
Jan 27 22:59:39|PEAR_LOG_SQL[info] E' stata eseguita la query: [ UPDATE index_ddt SET year='2015' ] dall'utente di dominio [ paolo ]
